2024-11-02 23:54:53,797 - {'optimizer': {'name': 'adam', 'lr': 0.001, 'weight_decay': 0}, 'train': {'epoch': 3000, 'batch_size': 4096, 'save_model': False, 'loss': 'pairwise', 'test_step': 3, 'reproducible': True, 'seed': 2024, 'patience': 5}, 'test': {'metrics': ['recall', 'ndcg'], 'k': [5, 10, 20], 'batch_size': 1024}, 'data': {'type': 'general_cf', 'name': 'movies', 'user_num': 16994, 'item_num': 9370}, 'model': {'name': 'gccf_plus', 'keep_rate': 0.8, 'embedding_size': 32, 'layer_num': 2, 'reg_weight': 1e-06, 'kd_weight': 0.01, 'kd_temperature': 0.5, 'steam': {'easyrec-roberta-large': {'layer_num': 3, 'reg_weight': 1e-06, 'kd_weight': 0.001, 'kd_temperature': 0.1}}}}
2024-11-02 23:54:54,330 - Hyper Parameters: {'name': 'gccf_plus', 'keep_rate': 0.8, 'embedding_size': 32, 'layer_num': 2, 'reg_weight': 1e-06, 'kd_weight': 0.01, 'kd_temperature': 0.5, 'steam': {'easyrec-roberta-large': {'layer_num': 3, 'reg_weight': 1e-06, 'kd_weight': 0.001, 'kd_temperature': 0.1}}}
2024-11-02 23:54:58,243 - Epoch   0 Validation set [recall@5: 0.0019 recall@10: 0.0036 recall@20: 0.0059 ] [ndcg@5: 0.0012 ndcg@10: 0.0019 ndcg@20: 0.0025 ] 
2024-11-02 23:55:05,411 - Epoch   3 Validation set [recall@5: 0.0064 recall@10: 0.0107 recall@20: 0.0177 ] [ndcg@5: 0.0048 ndcg@10: 0.0062 ndcg@20: 0.0082 ] 
2024-11-02 23:55:12,493 - Epoch   6 Validation set [recall@5: 0.0197 recall@10: 0.0280 recall@20: 0.0384 ] [ndcg@5: 0.0161 ndcg@10: 0.0189 ndcg@20: 0.0218 ] 
2024-11-02 23:55:19,649 - Epoch   9 Validation set [recall@5: 0.0320 recall@10: 0.0465 recall@20: 0.0663 ] [ndcg@5: 0.0266 ndcg@10: 0.0317 ndcg@20: 0.0372 ] 
2024-11-02 23:55:26,773 - Epoch  12 Validation set [recall@5: 0.0387 recall@10: 0.0550 recall@20: 0.0782 ] [ndcg@5: 0.0304 ndcg@10: 0.0362 ndcg@20: 0.0427 ] 
2024-11-02 23:55:33,848 - Epoch  15 Validation set [recall@5: 0.0403 recall@10: 0.0587 recall@20: 0.0863 ] [ndcg@5: 0.0318 ndcg@10: 0.0383 ndcg@20: 0.0459 ] 
2024-11-02 23:55:41,122 - Epoch  18 Validation set [recall@5: 0.0422 recall@10: 0.0632 recall@20: 0.0941 ] [ndcg@5: 0.0328 ndcg@10: 0.0403 ndcg@20: 0.0488 ] 
2024-11-02 23:55:48,189 - Epoch  21 Validation set [recall@5: 0.0451 recall@10: 0.0652 recall@20: 0.0982 ] [ndcg@5: 0.0348 ndcg@10: 0.0419 ndcg@20: 0.0510 ] 
2024-11-02 23:55:55,327 - Epoch  24 Validation set [recall@5: 0.0461 recall@10: 0.0670 recall@20: 0.1003 ] [ndcg@5: 0.0354 ndcg@10: 0.0428 ndcg@20: 0.0520 ] 
2024-11-02 23:56:02,411 - Epoch  27 Validation set [recall@5: 0.0468 recall@10: 0.0674 recall@20: 0.1027 ] [ndcg@5: 0.0363 ndcg@10: 0.0437 ndcg@20: 0.0535 ] 
2024-11-02 23:56:09,547 - Epoch  30 Validation set [recall@5: 0.0473 recall@10: 0.0689 recall@20: 0.1037 ] [ndcg@5: 0.0368 ndcg@10: 0.0443 ndcg@20: 0.0541 ] 
2024-11-02 23:56:16,694 - Epoch  33 Validation set [recall@5: 0.0488 recall@10: 0.0715 recall@20: 0.1072 ] [ndcg@5: 0.0376 ndcg@10: 0.0455 ndcg@20: 0.0555 ] 
2024-11-02 23:56:23,747 - Epoch  36 Validation set [recall@5: 0.0488 recall@10: 0.0724 recall@20: 0.1094 ] [ndcg@5: 0.0379 ndcg@10: 0.0462 ndcg@20: 0.0565 ] 
2024-11-02 23:56:30,908 - Epoch  39 Validation set [recall@5: 0.0493 recall@10: 0.0736 recall@20: 0.1111 ] [ndcg@5: 0.0383 ndcg@10: 0.0467 ndcg@20: 0.0572 ] 
2024-11-02 23:56:38,075 - Epoch  42 Validation set [recall@5: 0.0494 recall@10: 0.0753 recall@20: 0.1125 ] [ndcg@5: 0.0385 ndcg@10: 0.0475 ndcg@20: 0.0580 ] 
2024-11-02 23:56:45,180 - Epoch  45 Validation set [recall@5: 0.0497 recall@10: 0.0765 recall@20: 0.1140 ] [ndcg@5: 0.0390 ndcg@10: 0.0483 ndcg@20: 0.0588 ] 
2024-11-02 23:56:52,299 - Epoch  48 Validation set [recall@5: 0.0506 recall@10: 0.0771 recall@20: 0.1155 ] [ndcg@5: 0.0394 ndcg@10: 0.0487 ndcg@20: 0.0594 ] 
2024-11-02 23:56:59,271 - Epoch  51 Validation set [recall@5: 0.0524 recall@10: 0.0773 recall@20: 0.1173 ] [ndcg@5: 0.0406 ndcg@10: 0.0494 ndcg@20: 0.0606 ] 
2024-11-02 23:57:06,300 - Epoch  54 Validation set [recall@5: 0.0523 recall@10: 0.0786 recall@20: 0.1178 ] [ndcg@5: 0.0408 ndcg@10: 0.0500 ndcg@20: 0.0609 ] 
2024-11-02 23:57:13,316 - Epoch  57 Validation set [recall@5: 0.0528 recall@10: 0.0790 recall@20: 0.1188 ] [ndcg@5: 0.0409 ndcg@10: 0.0501 ndcg@20: 0.0612 ] 
2024-11-02 23:57:20,243 - Epoch  60 Validation set [recall@5: 0.0528 recall@10: 0.0787 recall@20: 0.1191 ] [ndcg@5: 0.0410 ndcg@10: 0.0501 ndcg@20: 0.0614 ] 
2024-11-02 23:57:27,487 - Epoch  63 Validation set [recall@5: 0.0540 recall@10: 0.0789 recall@20: 0.1197 ] [ndcg@5: 0.0417 ndcg@10: 0.0505 ndcg@20: 0.0619 ] 
2024-11-02 23:57:34,518 - Epoch  66 Validation set [recall@5: 0.0535 recall@10: 0.0808 recall@20: 0.1213 ] [ndcg@5: 0.0416 ndcg@10: 0.0512 ndcg@20: 0.0624 ] 
2024-11-02 23:57:41,502 - Epoch  69 Validation set [recall@5: 0.0545 recall@10: 0.0812 recall@20: 0.1218 ] [ndcg@5: 0.0418 ndcg@10: 0.0512 ndcg@20: 0.0625 ] 
2024-11-02 23:57:48,532 - Epoch  72 Validation set [recall@5: 0.0546 recall@10: 0.0815 recall@20: 0.1222 ] [ndcg@5: 0.0420 ndcg@10: 0.0515 ndcg@20: 0.0628 ] 
2024-11-02 23:57:55,497 - Epoch  75 Validation set [recall@5: 0.0563 recall@10: 0.0830 recall@20: 0.1236 ] [ndcg@5: 0.0428 ndcg@10: 0.0521 ndcg@20: 0.0635 ] 
2024-11-02 23:58:02,564 - Epoch  78 Validation set [recall@5: 0.0562 recall@10: 0.0829 recall@20: 0.1237 ] [ndcg@5: 0.0427 ndcg@10: 0.0521 ndcg@20: 0.0636 ] 
2024-11-02 23:58:09,518 - Epoch  81 Validation set [recall@5: 0.0564 recall@10: 0.0837 recall@20: 0.1245 ] [ndcg@5: 0.0431 ndcg@10: 0.0527 ndcg@20: 0.0641 ] 
2024-11-02 23:58:16,813 - Epoch  84 Validation set [recall@5: 0.0567 recall@10: 0.0844 recall@20: 0.1245 ] [ndcg@5: 0.0433 ndcg@10: 0.0532 ndcg@20: 0.0644 ] 
2024-11-02 23:58:24,132 - Epoch  87 Validation set [recall@5: 0.0558 recall@10: 0.0850 recall@20: 0.1240 ] [ndcg@5: 0.0431 ndcg@10: 0.0534 ndcg@20: 0.0643 ] 
2024-11-02 23:58:31,584 - Epoch  90 Validation set [recall@5: 0.0567 recall@10: 0.0852 recall@20: 0.1252 ] [ndcg@5: 0.0436 ndcg@10: 0.0536 ndcg@20: 0.0648 ] 
2024-11-02 23:58:38,712 - Epoch  93 Validation set [recall@5: 0.0574 recall@10: 0.0860 recall@20: 0.1261 ] [ndcg@5: 0.0440 ndcg@10: 0.0541 ndcg@20: 0.0653 ] 
2024-11-02 23:58:45,642 - Epoch  96 Validation set [recall@5: 0.0583 recall@10: 0.0863 recall@20: 0.1260 ] [ndcg@5: 0.0445 ndcg@10: 0.0543 ndcg@20: 0.0654 ] 
2024-11-02 23:58:52,742 - Epoch  99 Validation set [recall@5: 0.0585 recall@10: 0.0868 recall@20: 0.1276 ] [ndcg@5: 0.0446 ndcg@10: 0.0546 ndcg@20: 0.0660 ] 
2024-11-02 23:59:00,089 - Epoch 102 Validation set [recall@5: 0.0592 recall@10: 0.0867 recall@20: 0.1290 ] [ndcg@5: 0.0448 ndcg@10: 0.0544 ndcg@20: 0.0663 ] 
2024-11-02 23:59:07,224 - Epoch 105 Validation set [recall@5: 0.0592 recall@10: 0.0866 recall@20: 0.1300 ] [ndcg@5: 0.0451 ndcg@10: 0.0547 ndcg@20: 0.0668 ] 
2024-11-02 23:59:14,239 - Epoch 108 Validation set [recall@5: 0.0597 recall@10: 0.0878 recall@20: 0.1300 ] [ndcg@5: 0.0453 ndcg@10: 0.0551 ndcg@20: 0.0669 ] 
2024-11-02 23:59:21,562 - Epoch 111 Validation set [recall@5: 0.0600 recall@10: 0.0882 recall@20: 0.1310 ] [ndcg@5: 0.0453 ndcg@10: 0.0552 ndcg@20: 0.0671 ] 
2024-11-02 23:59:28,567 - Epoch 114 Validation set [recall@5: 0.0609 recall@10: 0.0894 recall@20: 0.1317 ] [ndcg@5: 0.0459 ndcg@10: 0.0558 ndcg@20: 0.0677 ] 
2024-11-02 23:59:35,774 - Epoch 117 Validation set [recall@5: 0.0603 recall@10: 0.0904 recall@20: 0.1326 ] [ndcg@5: 0.0458 ndcg@10: 0.0562 ndcg@20: 0.0680 ] 
2024-11-02 23:59:42,757 - Epoch 120 Validation set [recall@5: 0.0599 recall@10: 0.0906 recall@20: 0.1332 ] [ndcg@5: 0.0455 ndcg@10: 0.0563 ndcg@20: 0.0682 ] 
2024-11-02 23:59:49,824 - Epoch 123 Validation set [recall@5: 0.0602 recall@10: 0.0911 recall@20: 0.1353 ] [ndcg@5: 0.0458 ndcg@10: 0.0565 ndcg@20: 0.0688 ] 
2024-11-02 23:59:56,819 - Epoch 126 Validation set [recall@5: 0.0602 recall@10: 0.0918 recall@20: 0.1348 ] [ndcg@5: 0.0461 ndcg@10: 0.0570 ndcg@20: 0.0691 ] 
2024-11-03 00:00:04,176 - Epoch 129 Validation set [recall@5: 0.0605 recall@10: 0.0914 recall@20: 0.1347 ] [ndcg@5: 0.0462 ndcg@10: 0.0569 ndcg@20: 0.0690 ] 
2024-11-03 00:00:11,249 - Epoch 132 Validation set [recall@5: 0.0612 recall@10: 0.0909 recall@20: 0.1349 ] [ndcg@5: 0.0462 ndcg@10: 0.0566 ndcg@20: 0.0689 ] 
2024-11-03 00:00:18,215 - Epoch 135 Validation set [recall@5: 0.0613 recall@10: 0.0908 recall@20: 0.1358 ] [ndcg@5: 0.0465 ndcg@10: 0.0567 ndcg@20: 0.0693 ] 
2024-11-03 00:00:25,325 - Epoch 138 Validation set [recall@5: 0.0612 recall@10: 0.0915 recall@20: 0.1363 ] [ndcg@5: 0.0462 ndcg@10: 0.0568 ndcg@20: 0.0694 ] 
2024-11-03 00:00:32,643 - Epoch 141 Validation set [recall@5: 0.0616 recall@10: 0.0925 recall@20: 0.1361 ] [ndcg@5: 0.0468 ndcg@10: 0.0576 ndcg@20: 0.0698 ] 
2024-11-03 00:00:39,740 - Epoch 144 Validation set [recall@5: 0.0620 recall@10: 0.0914 recall@20: 0.1363 ] [ndcg@5: 0.0471 ndcg@10: 0.0574 ndcg@20: 0.0700 ] 
2024-11-03 00:00:47,067 - Epoch 147 Validation set [recall@5: 0.0621 recall@10: 0.0924 recall@20: 0.1373 ] [ndcg@5: 0.0472 ndcg@10: 0.0577 ndcg@20: 0.0703 ] 
2024-11-03 00:00:54,166 - Epoch 150 Validation set [recall@5: 0.0621 recall@10: 0.0917 recall@20: 0.1375 ] [ndcg@5: 0.0471 ndcg@10: 0.0574 ndcg@20: 0.0702 ] 
2024-11-03 00:01:01,480 - Epoch 153 Validation set [recall@5: 0.0627 recall@10: 0.0929 recall@20: 0.1378 ] [ndcg@5: 0.0476 ndcg@10: 0.0580 ndcg@20: 0.0706 ] 
2024-11-03 00:01:08,526 - Epoch 156 Validation set [recall@5: 0.0630 recall@10: 0.0923 recall@20: 0.1381 ] [ndcg@5: 0.0474 ndcg@10: 0.0576 ndcg@20: 0.0704 ] 
2024-11-03 00:01:15,497 - Epoch 159 Validation set [recall@5: 0.0629 recall@10: 0.0930 recall@20: 0.1387 ] [ndcg@5: 0.0476 ndcg@10: 0.0580 ndcg@20: 0.0708 ] 
2024-11-03 00:01:22,635 - Epoch 162 Validation set [recall@5: 0.0627 recall@10: 0.0936 recall@20: 0.1390 ] [ndcg@5: 0.0479 ndcg@10: 0.0588 ndcg@20: 0.0714 ] 
2024-11-03 00:01:29,612 - Epoch 165 Validation set [recall@5: 0.0628 recall@10: 0.0940 recall@20: 0.1391 ] [ndcg@5: 0.0481 ndcg@10: 0.0591 ndcg@20: 0.0717 ] 
2024-11-03 00:01:36,650 - Epoch 168 Validation set [recall@5: 0.0637 recall@10: 0.0948 recall@20: 0.1393 ] [ndcg@5: 0.0482 ndcg@10: 0.0591 ndcg@20: 0.0716 ] 
2024-11-03 00:01:43,637 - Epoch 171 Validation set [recall@5: 0.0639 recall@10: 0.0954 recall@20: 0.1390 ] [ndcg@5: 0.0486 ndcg@10: 0.0597 ndcg@20: 0.0719 ] 
2024-11-03 00:01:50,936 - Epoch 174 Validation set [recall@5: 0.0637 recall@10: 0.0955 recall@20: 0.1400 ] [ndcg@5: 0.0483 ndcg@10: 0.0595 ndcg@20: 0.0719 ] 
2024-11-03 00:01:58,020 - Epoch 177 Validation set [recall@5: 0.0643 recall@10: 0.0960 recall@20: 0.1404 ] [ndcg@5: 0.0489 ndcg@10: 0.0600 ndcg@20: 0.0724 ] 
2024-11-03 00:02:05,331 - Epoch 180 Validation set [recall@5: 0.0646 recall@10: 0.0959 recall@20: 0.1410 ] [ndcg@5: 0.0491 ndcg@10: 0.0602 ndcg@20: 0.0727 ] 
2024-11-03 00:02:12,412 - Epoch 183 Validation set [recall@5: 0.0641 recall@10: 0.0967 recall@20: 0.1406 ] [ndcg@5: 0.0486 ndcg@10: 0.0601 ndcg@20: 0.0724 ] 
2024-11-03 00:02:19,709 - Epoch 186 Validation set [recall@5: 0.0648 recall@10: 0.0976 recall@20: 0.1412 ] [ndcg@5: 0.0490 ndcg@10: 0.0604 ndcg@20: 0.0727 ] 
2024-11-03 00:02:26,782 - Epoch 189 Validation set [recall@5: 0.0661 recall@10: 0.0982 recall@20: 0.1408 ] [ndcg@5: 0.0495 ndcg@10: 0.0607 ndcg@20: 0.0727 ] 
2024-11-03 00:02:34,293 - Epoch 192 Validation set [recall@5: 0.0657 recall@10: 0.0975 recall@20: 0.1415 ] [ndcg@5: 0.0493 ndcg@10: 0.0605 ndcg@20: 0.0728 ] 
2024-11-03 00:02:41,349 - Epoch 195 Validation set [recall@5: 0.0657 recall@10: 0.0980 recall@20: 0.1420 ] [ndcg@5: 0.0494 ndcg@10: 0.0608 ndcg@20: 0.0731 ] 
2024-11-03 00:02:48,362 - Epoch 198 Validation set [recall@5: 0.0658 recall@10: 0.0986 recall@20: 0.1423 ] [ndcg@5: 0.0495 ndcg@10: 0.0611 ndcg@20: 0.0733 ] 
2024-11-03 00:02:55,530 - Epoch 201 Validation set [recall@5: 0.0661 recall@10: 0.0996 recall@20: 0.1429 ] [ndcg@5: 0.0494 ndcg@10: 0.0612 ndcg@20: 0.0733 ] 
2024-11-03 00:03:02,512 - Epoch 204 Validation set [recall@5: 0.0673 recall@10: 0.0984 recall@20: 0.1432 ] [ndcg@5: 0.0499 ndcg@10: 0.0609 ndcg@20: 0.0735 ] 
2024-11-03 00:03:09,529 - Epoch 207 Validation set [recall@5: 0.0667 recall@10: 0.0979 recall@20: 0.1443 ] [ndcg@5: 0.0499 ndcg@10: 0.0610 ndcg@20: 0.0740 ] 
2024-11-03 00:03:16,490 - Epoch 210 Validation set [recall@5: 0.0670 recall@10: 0.0983 recall@20: 0.1436 ] [ndcg@5: 0.0498 ndcg@10: 0.0609 ndcg@20: 0.0737 ] 
2024-11-03 00:03:23,654 - Epoch 213 Validation set [recall@5: 0.0662 recall@10: 0.0996 recall@20: 0.1442 ] [ndcg@5: 0.0495 ndcg@10: 0.0614 ndcg@20: 0.0738 ] 
2024-11-03 00:03:30,614 - Epoch 216 Validation set [recall@5: 0.0667 recall@10: 0.0996 recall@20: 0.1453 ] [ndcg@5: 0.0501 ndcg@10: 0.0618 ndcg@20: 0.0745 ] 
2024-11-03 00:03:37,624 - Epoch 219 Validation set [recall@5: 0.0671 recall@10: 0.1000 recall@20: 0.1452 ] [ndcg@5: 0.0505 ndcg@10: 0.0621 ndcg@20: 0.0747 ] 
2024-11-03 00:03:44,616 - Epoch 222 Validation set [recall@5: 0.0677 recall@10: 0.1007 recall@20: 0.1451 ] [ndcg@5: 0.0508 ndcg@10: 0.0626 ndcg@20: 0.0750 ] 
2024-11-03 00:03:51,605 - Epoch 225 Validation set [recall@5: 0.0668 recall@10: 0.1015 recall@20: 0.1449 ] [ndcg@5: 0.0505 ndcg@10: 0.0628 ndcg@20: 0.0750 ] 
2024-11-03 00:03:58,710 - Epoch 228 Validation set [recall@5: 0.0678 recall@10: 0.1014 recall@20: 0.1455 ] [ndcg@5: 0.0509 ndcg@10: 0.0628 ndcg@20: 0.0751 ] 
2024-11-03 00:04:05,726 - Epoch 231 Validation set [recall@5: 0.0671 recall@10: 0.1013 recall@20: 0.1462 ] [ndcg@5: 0.0507 ndcg@10: 0.0628 ndcg@20: 0.0753 ] 
2024-11-03 00:04:12,760 - Epoch 234 Validation set [recall@5: 0.0682 recall@10: 0.1011 recall@20: 0.1465 ] [ndcg@5: 0.0508 ndcg@10: 0.0624 ndcg@20: 0.0751 ] 
2024-11-03 00:04:20,116 - Epoch 237 Validation set [recall@5: 0.0675 recall@10: 0.1009 recall@20: 0.1475 ] [ndcg@5: 0.0505 ndcg@10: 0.0623 ndcg@20: 0.0753 ] 
2024-11-03 00:04:27,435 - Epoch 240 Validation set [recall@5: 0.0677 recall@10: 0.1012 recall@20: 0.1472 ] [ndcg@5: 0.0511 ndcg@10: 0.0629 ndcg@20: 0.0757 ] 
2024-11-03 00:04:34,727 - Epoch 243 Validation set [recall@5: 0.0677 recall@10: 0.1018 recall@20: 0.1467 ] [ndcg@5: 0.0512 ndcg@10: 0.0633 ndcg@20: 0.0758 ] 
2024-11-03 00:04:42,050 - Epoch 246 Validation set [recall@5: 0.0680 recall@10: 0.1019 recall@20: 0.1474 ] [ndcg@5: 0.0514 ndcg@10: 0.0634 ndcg@20: 0.0761 ] 
2024-11-03 00:04:49,291 - Epoch 249 Validation set [recall@5: 0.0680 recall@10: 0.1030 recall@20: 0.1473 ] [ndcg@5: 0.0513 ndcg@10: 0.0636 ndcg@20: 0.0760 ] 
2024-11-03 00:04:56,354 - Epoch 252 Validation set [recall@5: 0.0671 recall@10: 0.1026 recall@20: 0.1474 ] [ndcg@5: 0.0510 ndcg@10: 0.0635 ndcg@20: 0.0760 ] 
2024-11-03 00:04:57,346 - [recall@5: 0.0675 recall@10: 0.1009 recall@20: 0.1475 ] [ndcg@5: 0.0505 ndcg@10: 0.0623 ndcg@20: 0.0753 ] 
2024-11-03 00:04:58,341 - [recall@5: 0.0702 recall@10: 0.1022 recall@20: 0.1487 ] [ndcg@5: 0.0534 ndcg@10: 0.0644 ndcg@20: 0.0774 ] 
2024-11-03 00:04:58,342 - Best Epoch 237. Final test result: {'recall': array([0.070173  , 0.10218584, 0.1486598 ]), 'ndcg': array([0.05337852, 0.064391  , 0.07739627])}.
