2024-11-04 16:07:01,854 - {'optimizer': {'name': 'adam', 'lr': 0.001, 'weight_decay': 0}, 'train': {'epoch': 3000, 'batch_size': 4096, 'save_model': False, 'loss': 'pairwise', 'test_step': 3, 'reproducible': True, 'seed': 2024, 'patience': 5}, 'test': {'metrics': ['recall', 'ndcg'], 'k': [5, 10, 20], 'batch_size': 1024}, 'data': {'type': 'general_cf', 'name': 'movies', 'user_num': 16994, 'item_num': 9370}, 'model': {'name': 'gccf_plus', 'keep_rate': 0.8, 'embedding_size': 32, 'layer_num': 2, 'reg_weight': 1e-06, 'kd_weight': 0.01, 'kd_temperature': 0.5, 'steam': {'easyrec-roberta-large': {'layer_num': 3, 'reg_weight': 1e-06, 'kd_weight': 0.001, 'kd_temperature': 0.1}}}}
2024-11-04 16:07:02,428 - Hyper Parameters: {'name': 'gccf_plus', 'keep_rate': 0.8, 'embedding_size': 32, 'layer_num': 2, 'reg_weight': 1e-06, 'kd_weight': 0.01, 'kd_temperature': 0.5, 'steam': {'easyrec-roberta-large': {'layer_num': 3, 'reg_weight': 1e-06, 'kd_weight': 0.001, 'kd_temperature': 0.1}}}
2024-11-04 16:07:06,099 - Epoch   0 Validation set [recall@5: 0.0237 recall@10: 0.0390 recall@20: 0.0602 ] [ndcg@5: 0.0176 ndcg@10: 0.0230 ndcg@20: 0.0289 ] 
2024-11-04 16:07:13,288 - Epoch   3 Validation set [recall@5: 0.0422 recall@10: 0.0618 recall@20: 0.0914 ] [ndcg@5: 0.0329 ndcg@10: 0.0398 ndcg@20: 0.0480 ] 
2024-11-04 16:07:20,342 - Epoch   6 Validation set [recall@5: 0.0486 recall@10: 0.0678 recall@20: 0.0991 ] [ndcg@5: 0.0368 ndcg@10: 0.0436 ndcg@20: 0.0523 ] 
2024-11-04 16:07:27,501 - Epoch   9 Validation set [recall@5: 0.0483 recall@10: 0.0708 recall@20: 0.1017 ] [ndcg@5: 0.0368 ndcg@10: 0.0447 ndcg@20: 0.0534 ] 
2024-11-04 16:07:34,676 - Epoch  12 Validation set [recall@5: 0.0472 recall@10: 0.0723 recall@20: 0.1057 ] [ndcg@5: 0.0367 ndcg@10: 0.0455 ndcg@20: 0.0549 ] 
2024-11-04 16:07:41,895 - Epoch  15 Validation set [recall@5: 0.0478 recall@10: 0.0750 recall@20: 0.1094 ] [ndcg@5: 0.0371 ndcg@10: 0.0466 ndcg@20: 0.0562 ] 
2024-11-04 16:07:48,906 - Epoch  18 Validation set [recall@5: 0.0488 recall@10: 0.0755 recall@20: 0.1112 ] [ndcg@5: 0.0374 ndcg@10: 0.0468 ndcg@20: 0.0569 ] 
2024-11-04 16:07:55,997 - Epoch  21 Validation set [recall@5: 0.0506 recall@10: 0.0765 recall@20: 0.1143 ] [ndcg@5: 0.0384 ndcg@10: 0.0475 ndcg@20: 0.0581 ] 
2024-11-04 16:08:03,031 - Epoch  24 Validation set [recall@5: 0.0517 recall@10: 0.0770 recall@20: 0.1157 ] [ndcg@5: 0.0391 ndcg@10: 0.0480 ndcg@20: 0.0588 ] 
2024-11-04 16:08:09,961 - Epoch  27 Validation set [recall@5: 0.0520 recall@10: 0.0782 recall@20: 0.1174 ] [ndcg@5: 0.0393 ndcg@10: 0.0485 ndcg@20: 0.0595 ] 
2024-11-04 16:08:17,151 - Epoch  30 Validation set [recall@5: 0.0520 recall@10: 0.0784 recall@20: 0.1185 ] [ndcg@5: 0.0395 ndcg@10: 0.0488 ndcg@20: 0.0601 ] 
2024-11-04 16:08:24,048 - Epoch  33 Validation set [recall@5: 0.0523 recall@10: 0.0792 recall@20: 0.1204 ] [ndcg@5: 0.0396 ndcg@10: 0.0491 ndcg@20: 0.0606 ] 
2024-11-04 16:08:31,080 - Epoch  36 Validation set [recall@5: 0.0522 recall@10: 0.0808 recall@20: 0.1225 ] [ndcg@5: 0.0396 ndcg@10: 0.0496 ndcg@20: 0.0612 ] 
2024-11-04 16:08:37,989 - Epoch  39 Validation set [recall@5: 0.0529 recall@10: 0.0808 recall@20: 0.1227 ] [ndcg@5: 0.0399 ndcg@10: 0.0496 ndcg@20: 0.0614 ] 
2024-11-04 16:08:45,123 - Epoch  42 Validation set [recall@5: 0.0534 recall@10: 0.0823 recall@20: 0.1231 ] [ndcg@5: 0.0401 ndcg@10: 0.0502 ndcg@20: 0.0616 ] 
2024-11-04 16:08:52,100 - Epoch  45 Validation set [recall@5: 0.0542 recall@10: 0.0819 recall@20: 0.1243 ] [ndcg@5: 0.0405 ndcg@10: 0.0503 ndcg@20: 0.0621 ] 
2024-11-04 16:08:59,089 - Epoch  48 Validation set [recall@5: 0.0548 recall@10: 0.0827 recall@20: 0.1245 ] [ndcg@5: 0.0408 ndcg@10: 0.0506 ndcg@20: 0.0624 ] 
2024-11-04 16:09:06,130 - Epoch  51 Validation set [recall@5: 0.0548 recall@10: 0.0831 recall@20: 0.1256 ] [ndcg@5: 0.0409 ndcg@10: 0.0508 ndcg@20: 0.0628 ] 
2024-11-04 16:09:13,544 - Epoch  54 Validation set [recall@5: 0.0546 recall@10: 0.0841 recall@20: 0.1259 ] [ndcg@5: 0.0412 ndcg@10: 0.0516 ndcg@20: 0.0632 ] 
2024-11-04 16:09:20,616 - Epoch  57 Validation set [recall@5: 0.0550 recall@10: 0.0848 recall@20: 0.1275 ] [ndcg@5: 0.0416 ndcg@10: 0.0521 ndcg@20: 0.0639 ] 
2024-11-04 16:09:27,790 - Epoch  60 Validation set [recall@5: 0.0562 recall@10: 0.0857 recall@20: 0.1271 ] [ndcg@5: 0.0420 ndcg@10: 0.0524 ndcg@20: 0.0639 ] 
2024-11-04 16:09:35,233 - Epoch  63 Validation set [recall@5: 0.0570 recall@10: 0.0852 recall@20: 0.1277 ] [ndcg@5: 0.0424 ndcg@10: 0.0523 ndcg@20: 0.0642 ] 
2024-11-04 16:09:42,309 - Epoch  66 Validation set [recall@5: 0.0579 recall@10: 0.0859 recall@20: 0.1304 ] [ndcg@5: 0.0428 ndcg@10: 0.0526 ndcg@20: 0.0650 ] 
2024-11-04 16:09:49,521 - Epoch  69 Validation set [recall@5: 0.0574 recall@10: 0.0864 recall@20: 0.1305 ] [ndcg@5: 0.0426 ndcg@10: 0.0527 ndcg@20: 0.0650 ] 
2024-11-04 16:09:56,888 - Epoch  72 Validation set [recall@5: 0.0576 recall@10: 0.0859 recall@20: 0.1299 ] [ndcg@5: 0.0428 ndcg@10: 0.0528 ndcg@20: 0.0651 ] 
2024-11-04 16:10:03,990 - Epoch  75 Validation set [recall@5: 0.0586 recall@10: 0.0870 recall@20: 0.1304 ] [ndcg@5: 0.0436 ndcg@10: 0.0535 ndcg@20: 0.0658 ] 
2024-11-04 16:10:11,072 - Epoch  78 Validation set [recall@5: 0.0588 recall@10: 0.0871 recall@20: 0.1323 ] [ndcg@5: 0.0438 ndcg@10: 0.0538 ndcg@20: 0.0665 ] 
2024-11-04 16:10:18,140 - Epoch  81 Validation set [recall@5: 0.0589 recall@10: 0.0882 recall@20: 0.1326 ] [ndcg@5: 0.0437 ndcg@10: 0.0540 ndcg@20: 0.0665 ] 
2024-11-04 16:10:25,117 - Epoch  84 Validation set [recall@5: 0.0591 recall@10: 0.0885 recall@20: 0.1333 ] [ndcg@5: 0.0441 ndcg@10: 0.0544 ndcg@20: 0.0670 ] 
2024-11-04 16:10:32,125 - Epoch  87 Validation set [recall@5: 0.0603 recall@10: 0.0894 recall@20: 0.1341 ] [ndcg@5: 0.0449 ndcg@10: 0.0550 ndcg@20: 0.0676 ] 
2024-11-04 16:10:39,192 - Epoch  90 Validation set [recall@5: 0.0605 recall@10: 0.0902 recall@20: 0.1350 ] [ndcg@5: 0.0449 ndcg@10: 0.0552 ndcg@20: 0.0678 ] 
2024-11-04 16:10:46,305 - Epoch  93 Validation set [recall@5: 0.0604 recall@10: 0.0903 recall@20: 0.1349 ] [ndcg@5: 0.0449 ndcg@10: 0.0553 ndcg@20: 0.0679 ] 
2024-11-04 16:10:53,354 - Epoch  96 Validation set [recall@5: 0.0601 recall@10: 0.0913 recall@20: 0.1365 ] [ndcg@5: 0.0446 ndcg@10: 0.0556 ndcg@20: 0.0682 ] 
2024-11-04 16:11:00,389 - Epoch  99 Validation set [recall@5: 0.0608 recall@10: 0.0916 recall@20: 0.1386 ] [ndcg@5: 0.0454 ndcg@10: 0.0561 ndcg@20: 0.0692 ] 
2024-11-04 16:11:07,318 - Epoch 102 Validation set [recall@5: 0.0618 recall@10: 0.0927 recall@20: 0.1388 ] [ndcg@5: 0.0462 ndcg@10: 0.0569 ndcg@20: 0.0698 ] 
2024-11-04 16:11:14,362 - Epoch 105 Validation set [recall@5: 0.0625 recall@10: 0.0923 recall@20: 0.1388 ] [ndcg@5: 0.0466 ndcg@10: 0.0570 ndcg@20: 0.0700 ] 
2024-11-04 16:11:21,380 - Epoch 108 Validation set [recall@5: 0.0616 recall@10: 0.0928 recall@20: 0.1401 ] [ndcg@5: 0.0462 ndcg@10: 0.0571 ndcg@20: 0.0704 ] 
2024-11-04 16:11:28,914 - Epoch 111 Validation set [recall@5: 0.0625 recall@10: 0.0940 recall@20: 0.1407 ] [ndcg@5: 0.0468 ndcg@10: 0.0578 ndcg@20: 0.0708 ] 
2024-11-04 16:11:36,552 - Epoch 114 Validation set [recall@5: 0.0624 recall@10: 0.0949 recall@20: 0.1415 ] [ndcg@5: 0.0470 ndcg@10: 0.0583 ndcg@20: 0.0713 ] 
2024-11-04 16:11:43,817 - Epoch 117 Validation set [recall@5: 0.0624 recall@10: 0.0972 recall@20: 0.1422 ] [ndcg@5: 0.0467 ndcg@10: 0.0588 ndcg@20: 0.0714 ] 
2024-11-04 16:11:50,904 - Epoch 120 Validation set [recall@5: 0.0632 recall@10: 0.0959 recall@20: 0.1423 ] [ndcg@5: 0.0473 ndcg@10: 0.0588 ndcg@20: 0.0718 ] 
2024-11-04 16:11:57,979 - Epoch 123 Validation set [recall@5: 0.0633 recall@10: 0.0957 recall@20: 0.1434 ] [ndcg@5: 0.0473 ndcg@10: 0.0586 ndcg@20: 0.0720 ] 
2024-11-04 16:12:05,066 - Epoch 126 Validation set [recall@5: 0.0631 recall@10: 0.0967 recall@20: 0.1428 ] [ndcg@5: 0.0471 ndcg@10: 0.0588 ndcg@20: 0.0718 ] 
2024-11-04 16:12:12,174 - Epoch 129 Validation set [recall@5: 0.0639 recall@10: 0.0978 recall@20: 0.1421 ] [ndcg@5: 0.0474 ndcg@10: 0.0592 ndcg@20: 0.0717 ] 
2024-11-04 16:12:19,153 - Epoch 132 Validation set [recall@5: 0.0639 recall@10: 0.0984 recall@20: 0.1431 ] [ndcg@5: 0.0474 ndcg@10: 0.0594 ndcg@20: 0.0720 ] 
2024-11-04 16:12:26,237 - Epoch 135 Validation set [recall@5: 0.0638 recall@10: 0.0984 recall@20: 0.1439 ] [ndcg@5: 0.0475 ndcg@10: 0.0595 ndcg@20: 0.0724 ] 
2024-11-04 16:12:33,319 - Epoch 138 Validation set [recall@5: 0.0640 recall@10: 0.0991 recall@20: 0.1447 ] [ndcg@5: 0.0475 ndcg@10: 0.0597 ndcg@20: 0.0726 ] 
2024-11-04 16:12:40,376 - Epoch 141 Validation set [recall@5: 0.0636 recall@10: 0.0998 recall@20: 0.1455 ] [ndcg@5: 0.0477 ndcg@10: 0.0603 ndcg@20: 0.0731 ] 
2024-11-04 16:12:47,458 - Epoch 144 Validation set [recall@5: 0.0644 recall@10: 0.0997 recall@20: 0.1443 ] [ndcg@5: 0.0480 ndcg@10: 0.0603 ndcg@20: 0.0729 ] 
2024-11-04 16:12:54,682 - Epoch 147 Validation set [recall@5: 0.0655 recall@10: 0.1002 recall@20: 0.1459 ] [ndcg@5: 0.0486 ndcg@10: 0.0607 ndcg@20: 0.0736 ] 
2024-11-04 16:13:01,653 - Epoch 150 Validation set [recall@5: 0.0656 recall@10: 0.0997 recall@20: 0.1464 ] [ndcg@5: 0.0489 ndcg@10: 0.0608 ndcg@20: 0.0739 ] 
2024-11-04 16:13:08,774 - Epoch 153 Validation set [recall@5: 0.0658 recall@10: 0.1002 recall@20: 0.1460 ] [ndcg@5: 0.0491 ndcg@10: 0.0611 ndcg@20: 0.0739 ] 
2024-11-04 16:13:16,071 - Epoch 156 Validation set [recall@5: 0.0656 recall@10: 0.1005 recall@20: 0.1460 ] [ndcg@5: 0.0489 ndcg@10: 0.0610 ndcg@20: 0.0737 ] 
2024-11-04 16:13:23,141 - Epoch 159 Validation set [recall@5: 0.0660 recall@10: 0.0996 recall@20: 0.1468 ] [ndcg@5: 0.0491 ndcg@10: 0.0609 ndcg@20: 0.0741 ] 
2024-11-04 16:13:30,151 - Epoch 162 Validation set [recall@5: 0.0662 recall@10: 0.1011 recall@20: 0.1469 ] [ndcg@5: 0.0498 ndcg@10: 0.0619 ndcg@20: 0.0748 ] 
2024-11-04 16:13:37,590 - Epoch 165 Validation set [recall@5: 0.0665 recall@10: 0.1016 recall@20: 0.1474 ] [ndcg@5: 0.0497 ndcg@10: 0.0620 ndcg@20: 0.0748 ] 
2024-11-04 16:13:44,720 - Epoch 168 Validation set [recall@5: 0.0671 recall@10: 0.1019 recall@20: 0.1484 ] [ndcg@5: 0.0501 ndcg@10: 0.0623 ndcg@20: 0.0753 ] 
2024-11-04 16:13:51,750 - Epoch 171 Validation set [recall@5: 0.0672 recall@10: 0.1016 recall@20: 0.1484 ] [ndcg@5: 0.0504 ndcg@10: 0.0624 ndcg@20: 0.0756 ] 
2024-11-04 16:13:59,013 - Epoch 174 Validation set [recall@5: 0.0675 recall@10: 0.1017 recall@20: 0.1484 ] [ndcg@5: 0.0504 ndcg@10: 0.0624 ndcg@20: 0.0755 ] 
2024-11-04 16:14:06,022 - Epoch 177 Validation set [recall@5: 0.0680 recall@10: 0.1023 recall@20: 0.1486 ] [ndcg@5: 0.0506 ndcg@10: 0.0626 ndcg@20: 0.0757 ] 
2024-11-04 16:14:13,042 - Epoch 180 Validation set [recall@5: 0.0681 recall@10: 0.1015 recall@20: 0.1487 ] [ndcg@5: 0.0506 ndcg@10: 0.0624 ndcg@20: 0.0757 ] 
2024-11-04 16:14:19,955 - Epoch 183 Validation set [recall@5: 0.0681 recall@10: 0.1030 recall@20: 0.1481 ] [ndcg@5: 0.0504 ndcg@10: 0.0627 ndcg@20: 0.0753 ] 
2024-11-04 16:14:26,965 - Epoch 186 Validation set [recall@5: 0.0688 recall@10: 0.1044 recall@20: 0.1480 ] [ndcg@5: 0.0507 ndcg@10: 0.0631 ndcg@20: 0.0754 ] 
2024-11-04 16:14:34,030 - Epoch 189 Validation set [recall@5: 0.0684 recall@10: 0.1034 recall@20: 0.1489 ] [ndcg@5: 0.0508 ndcg@10: 0.0630 ndcg@20: 0.0758 ] 
2024-11-04 16:14:41,156 - Epoch 192 Validation set [recall@5: 0.0685 recall@10: 0.1041 recall@20: 0.1485 ] [ndcg@5: 0.0511 ndcg@10: 0.0635 ndcg@20: 0.0760 ] 
2024-11-04 16:14:48,121 - Epoch 195 Validation set [recall@5: 0.0683 recall@10: 0.1035 recall@20: 0.1500 ] [ndcg@5: 0.0511 ndcg@10: 0.0635 ndcg@20: 0.0765 ] 
2024-11-04 16:14:55,275 - Epoch 198 Validation set [recall@5: 0.0686 recall@10: 0.1037 recall@20: 0.1501 ] [ndcg@5: 0.0514 ndcg@10: 0.0638 ndcg@20: 0.0768 ] 
2024-11-04 16:15:02,370 - Epoch 201 Validation set [recall@5: 0.0680 recall@10: 0.1040 recall@20: 0.1508 ] [ndcg@5: 0.0513 ndcg@10: 0.0640 ndcg@20: 0.0771 ] 
2024-11-04 16:15:09,398 - Epoch 204 Validation set [recall@5: 0.0683 recall@10: 0.1048 recall@20: 0.1506 ] [ndcg@5: 0.0516 ndcg@10: 0.0643 ndcg@20: 0.0772 ] 
2024-11-04 16:15:16,502 - Epoch 207 Validation set [recall@5: 0.0693 recall@10: 0.1057 recall@20: 0.1518 ] [ndcg@5: 0.0518 ndcg@10: 0.0646 ndcg@20: 0.0774 ] 
2024-11-04 16:15:23,575 - Epoch 210 Validation set [recall@5: 0.0677 recall@10: 0.1050 recall@20: 0.1516 ] [ndcg@5: 0.0511 ndcg@10: 0.0641 ndcg@20: 0.0772 ] 
2024-11-04 16:15:30,588 - Epoch 213 Validation set [recall@5: 0.0689 recall@10: 0.1053 recall@20: 0.1511 ] [ndcg@5: 0.0518 ndcg@10: 0.0646 ndcg@20: 0.0775 ] 
2024-11-04 16:15:37,687 - Epoch 216 Validation set [recall@5: 0.0690 recall@10: 0.1057 recall@20: 0.1523 ] [ndcg@5: 0.0523 ndcg@10: 0.0651 ndcg@20: 0.0782 ] 
2024-11-04 16:15:44,714 - Epoch 219 Validation set [recall@5: 0.0696 recall@10: 0.1060 recall@20: 0.1527 ] [ndcg@5: 0.0524 ndcg@10: 0.0651 ndcg@20: 0.0783 ] 
2024-11-04 16:15:51,797 - Epoch 222 Validation set [recall@5: 0.0700 recall@10: 0.1065 recall@20: 0.1528 ] [ndcg@5: 0.0526 ndcg@10: 0.0654 ndcg@20: 0.0784 ] 
2024-11-04 16:15:58,845 - Epoch 225 Validation set [recall@5: 0.0700 recall@10: 0.1070 recall@20: 0.1539 ] [ndcg@5: 0.0527 ndcg@10: 0.0656 ndcg@20: 0.0787 ] 
2024-11-04 16:16:05,878 - Epoch 228 Validation set [recall@5: 0.0707 recall@10: 0.1063 recall@20: 0.1525 ] [ndcg@5: 0.0531 ndcg@10: 0.0655 ndcg@20: 0.0785 ] 
2024-11-04 16:16:13,208 - Epoch 231 Validation set [recall@5: 0.0706 recall@10: 0.1070 recall@20: 0.1534 ] [ndcg@5: 0.0533 ndcg@10: 0.0660 ndcg@20: 0.0790 ] 
2024-11-04 16:16:20,160 - Epoch 234 Validation set [recall@5: 0.0696 recall@10: 0.1074 recall@20: 0.1533 ] [ndcg@5: 0.0525 ndcg@10: 0.0656 ndcg@20: 0.0785 ] 
2024-11-04 16:16:27,156 - Epoch 237 Validation set [recall@5: 0.0701 recall@10: 0.1074 recall@20: 0.1539 ] [ndcg@5: 0.0525 ndcg@10: 0.0655 ndcg@20: 0.0785 ] 
2024-11-04 16:16:34,246 - Epoch 240 Validation set [recall@5: 0.0694 recall@10: 0.1081 recall@20: 0.1534 ] [ndcg@5: 0.0524 ndcg@10: 0.0659 ndcg@20: 0.0786 ] 
2024-11-04 16:16:35,257 - [recall@5: 0.0700 recall@10: 0.1070 recall@20: 0.1539 ] [ndcg@5: 0.0527 ndcg@10: 0.0656 ndcg@20: 0.0787 ] 
2024-11-04 16:16:36,311 - [recall@5: 0.0707 recall@10: 0.1075 recall@20: 0.1544 ] [ndcg@5: 0.0525 ndcg@10: 0.0653 ndcg@20: 0.0783 ] 
2024-11-04 16:16:36,312 - Best Epoch 225. Final test result: {'recall': array([0.07073849, 0.10750278, 0.15444604]), 'ndcg': array([0.05253198, 0.06529147, 0.0783444 ])}.
