2024-11-03 00:55:08,275 - {'optimizer': {'name': 'adam', 'lr': 0.001, 'weight_decay': 0}, 'train': {'epoch': 3000, 'batch_size': 4096, 'save_model': False, 'loss': 'pairwise', 'test_step': 3, 'reproducible': True, 'seed': 2024, 'patience': 5}, 'test': {'metrics': ['recall', 'ndcg'], 'k': [5, 10, 20], 'batch_size': 1024}, 'data': {'type': 'general_cf', 'name': 'movies', 'user_num': 16994, 'item_num': 9370}, 'model': {'name': 'lightgcn_plus', 'keep_rate': 0.8, 'embedding_size': 32, 'layer_num': 3, 'reg_weight': 1e-08, 'kd_weight': 0.001, 'kd_temperature': 0.1, 'steam': {'easyrec-roberta-large': {'layer_num': 3, 'reg_weight': 1e-08, 'kd_weight': 0.01, 'kd_temperature': 0.5}}}}
2024-11-03 00:55:08,824 - Hyper Parameters: {'name': 'lightgcn_plus', 'keep_rate': 0.8, 'embedding_size': 32, 'layer_num': 3, 'reg_weight': 1e-08, 'kd_weight': 0.001, 'kd_temperature': 0.1, 'steam': {'easyrec-roberta-large': {'layer_num': 3, 'reg_weight': 1e-08, 'kd_weight': 0.01, 'kd_temperature': 0.5}}}
2024-11-03 00:55:12,194 - Epoch   0 Validation set [recall@5: 0.0341 recall@10: 0.0529 recall@20: 0.0789 ] [ndcg@5: 0.0266 ndcg@10: 0.0331 ndcg@20: 0.0403 ] 
2024-11-03 00:55:18,885 - Epoch   3 Validation set [recall@5: 0.0251 recall@10: 0.0409 recall@20: 0.0629 ] [ndcg@5: 0.0207 ndcg@10: 0.0262 ndcg@20: 0.0323 ] 
2024-11-03 00:55:25,519 - Epoch   6 Validation set [recall@5: 0.0298 recall@10: 0.0480 recall@20: 0.0771 ] [ndcg@5: 0.0241 ndcg@10: 0.0305 ndcg@20: 0.0386 ] 
2024-11-03 00:55:32,255 - Epoch   9 Validation set [recall@5: 0.0334 recall@10: 0.0548 recall@20: 0.0868 ] [ndcg@5: 0.0267 ndcg@10: 0.0342 ndcg@20: 0.0431 ] 
2024-11-03 00:55:38,965 - Epoch  12 Validation set [recall@5: 0.0367 recall@10: 0.0586 recall@20: 0.0952 ] [ndcg@5: 0.0286 ndcg@10: 0.0363 ndcg@20: 0.0465 ] 
2024-11-03 00:55:45,614 - Epoch  15 Validation set [recall@5: 0.0391 recall@10: 0.0625 recall@20: 0.0981 ] [ndcg@5: 0.0303 ndcg@10: 0.0386 ndcg@20: 0.0485 ] 
2024-11-03 00:55:52,369 - Epoch  18 Validation set [recall@5: 0.0418 recall@10: 0.0657 recall@20: 0.1014 ] [ndcg@5: 0.0323 ndcg@10: 0.0406 ndcg@20: 0.0506 ] 
2024-11-03 00:55:58,991 - Epoch  21 Validation set [recall@5: 0.0426 recall@10: 0.0694 recall@20: 0.1056 ] [ndcg@5: 0.0335 ndcg@10: 0.0429 ndcg@20: 0.0529 ] 
2024-11-03 00:56:05,674 - Epoch  24 Validation set [recall@5: 0.0444 recall@10: 0.0718 recall@20: 0.1109 ] [ndcg@5: 0.0347 ndcg@10: 0.0444 ndcg@20: 0.0552 ] 
2024-11-03 00:56:12,330 - Epoch  27 Validation set [recall@5: 0.0467 recall@10: 0.0740 recall@20: 0.1147 ] [ndcg@5: 0.0361 ndcg@10: 0.0457 ndcg@20: 0.0570 ] 
2024-11-03 00:56:19,026 - Epoch  30 Validation set [recall@5: 0.0487 recall@10: 0.0770 recall@20: 0.1179 ] [ndcg@5: 0.0379 ndcg@10: 0.0479 ndcg@20: 0.0592 ] 
2024-11-03 00:56:25,701 - Epoch  33 Validation set [recall@5: 0.0516 recall@10: 0.0791 recall@20: 0.1209 ] [ndcg@5: 0.0401 ndcg@10: 0.0497 ndcg@20: 0.0614 ] 
2024-11-03 00:56:32,216 - Epoch  36 Validation set [recall@5: 0.0524 recall@10: 0.0817 recall@20: 0.1237 ] [ndcg@5: 0.0408 ndcg@10: 0.0509 ndcg@20: 0.0627 ] 
2024-11-03 00:56:38,940 - Epoch  39 Validation set [recall@5: 0.0543 recall@10: 0.0851 recall@20: 0.1263 ] [ndcg@5: 0.0422 ndcg@10: 0.0528 ndcg@20: 0.0643 ] 
2024-11-03 00:56:45,566 - Epoch  42 Validation set [recall@5: 0.0558 recall@10: 0.0872 recall@20: 0.1281 ] [ndcg@5: 0.0433 ndcg@10: 0.0541 ndcg@20: 0.0657 ] 
2024-11-03 00:56:52,098 - Epoch  45 Validation set [recall@5: 0.0571 recall@10: 0.0895 recall@20: 0.1310 ] [ndcg@5: 0.0444 ndcg@10: 0.0557 ndcg@20: 0.0673 ] 
2024-11-03 00:56:58,683 - Epoch  48 Validation set [recall@5: 0.0589 recall@10: 0.0917 recall@20: 0.1328 ] [ndcg@5: 0.0458 ndcg@10: 0.0571 ndcg@20: 0.0686 ] 
2024-11-03 00:57:05,274 - Epoch  51 Validation set [recall@5: 0.0599 recall@10: 0.0933 recall@20: 0.1357 ] [ndcg@5: 0.0466 ndcg@10: 0.0582 ndcg@20: 0.0701 ] 
2024-11-03 00:57:11,993 - Epoch  54 Validation set [recall@5: 0.0618 recall@10: 0.0946 recall@20: 0.1363 ] [ndcg@5: 0.0475 ndcg@10: 0.0589 ndcg@20: 0.0705 ] 
2024-11-03 00:57:18,580 - Epoch  57 Validation set [recall@5: 0.0635 recall@10: 0.0953 recall@20: 0.1381 ] [ndcg@5: 0.0488 ndcg@10: 0.0599 ndcg@20: 0.0719 ] 
2024-11-03 00:57:25,260 - Epoch  60 Validation set [recall@5: 0.0646 recall@10: 0.0964 recall@20: 0.1388 ] [ndcg@5: 0.0496 ndcg@10: 0.0607 ndcg@20: 0.0727 ] 
2024-11-03 00:57:32,104 - Epoch  63 Validation set [recall@5: 0.0662 recall@10: 0.0992 recall@20: 0.1407 ] [ndcg@5: 0.0508 ndcg@10: 0.0622 ndcg@20: 0.0739 ] 
2024-11-03 00:57:38,704 - Epoch  66 Validation set [recall@5: 0.0672 recall@10: 0.1005 recall@20: 0.1409 ] [ndcg@5: 0.0516 ndcg@10: 0.0632 ndcg@20: 0.0746 ] 
2024-11-03 00:57:45,369 - Epoch  69 Validation set [recall@5: 0.0670 recall@10: 0.1025 recall@20: 0.1440 ] [ndcg@5: 0.0519 ndcg@10: 0.0643 ndcg@20: 0.0760 ] 
2024-11-03 00:57:51,944 - Epoch  72 Validation set [recall@5: 0.0689 recall@10: 0.1023 recall@20: 0.1452 ] [ndcg@5: 0.0528 ndcg@10: 0.0645 ndcg@20: 0.0765 ] 
2024-11-03 00:57:58,488 - Epoch  75 Validation set [recall@5: 0.0701 recall@10: 0.1042 recall@20: 0.1467 ] [ndcg@5: 0.0539 ndcg@10: 0.0657 ndcg@20: 0.0776 ] 
2024-11-03 00:58:05,075 - Epoch  78 Validation set [recall@5: 0.0709 recall@10: 0.1051 recall@20: 0.1473 ] [ndcg@5: 0.0544 ndcg@10: 0.0663 ndcg@20: 0.0781 ] 
2024-11-03 00:58:11,703 - Epoch  81 Validation set [recall@5: 0.0714 recall@10: 0.1047 recall@20: 0.1488 ] [ndcg@5: 0.0552 ndcg@10: 0.0668 ndcg@20: 0.0792 ] 
2024-11-03 00:58:18,260 - Epoch  84 Validation set [recall@5: 0.0720 recall@10: 0.1052 recall@20: 0.1501 ] [ndcg@5: 0.0556 ndcg@10: 0.0673 ndcg@20: 0.0798 ] 
2024-11-03 00:58:24,874 - Epoch  87 Validation set [recall@5: 0.0721 recall@10: 0.1065 recall@20: 0.1510 ] [ndcg@5: 0.0556 ndcg@10: 0.0676 ndcg@20: 0.0801 ] 
2024-11-03 00:58:31,629 - Epoch  90 Validation set [recall@5: 0.0726 recall@10: 0.1075 recall@20: 0.1527 ] [ndcg@5: 0.0560 ndcg@10: 0.0682 ndcg@20: 0.0809 ] 
2024-11-03 00:58:38,370 - Epoch  93 Validation set [recall@5: 0.0727 recall@10: 0.1091 recall@20: 0.1533 ] [ndcg@5: 0.0563 ndcg@10: 0.0690 ndcg@20: 0.0813 ] 
2024-11-03 00:58:44,969 - Epoch  96 Validation set [recall@5: 0.0735 recall@10: 0.1093 recall@20: 0.1541 ] [ndcg@5: 0.0572 ndcg@10: 0.0698 ndcg@20: 0.0822 ] 
2024-11-03 00:58:51,619 - Epoch  99 Validation set [recall@5: 0.0743 recall@10: 0.1101 recall@20: 0.1555 ] [ndcg@5: 0.0579 ndcg@10: 0.0704 ndcg@20: 0.0830 ] 
2024-11-03 00:58:58,426 - Epoch 102 Validation set [recall@5: 0.0759 recall@10: 0.1111 recall@20: 0.1572 ] [ndcg@5: 0.0588 ndcg@10: 0.0711 ndcg@20: 0.0838 ] 
2024-11-03 00:59:05,288 - Epoch 105 Validation set [recall@5: 0.0758 recall@10: 0.1096 recall@20: 0.1575 ] [ndcg@5: 0.0587 ndcg@10: 0.0706 ndcg@20: 0.0839 ] 
2024-11-03 00:59:12,055 - Epoch 108 Validation set [recall@5: 0.0757 recall@10: 0.1111 recall@20: 0.1581 ] [ndcg@5: 0.0587 ndcg@10: 0.0711 ndcg@20: 0.0841 ] 
2024-11-03 00:59:18,757 - Epoch 111 Validation set [recall@5: 0.0767 recall@10: 0.1107 recall@20: 0.1597 ] [ndcg@5: 0.0591 ndcg@10: 0.0711 ndcg@20: 0.0847 ] 
2024-11-03 00:59:25,623 - Epoch 114 Validation set [recall@5: 0.0769 recall@10: 0.1124 recall@20: 0.1595 ] [ndcg@5: 0.0596 ndcg@10: 0.0721 ndcg@20: 0.0852 ] 
2024-11-03 00:59:32,346 - Epoch 117 Validation set [recall@5: 0.0781 recall@10: 0.1135 recall@20: 0.1598 ] [ndcg@5: 0.0607 ndcg@10: 0.0731 ndcg@20: 0.0860 ] 
2024-11-03 00:59:39,101 - Epoch 120 Validation set [recall@5: 0.0790 recall@10: 0.1138 recall@20: 0.1590 ] [ndcg@5: 0.0613 ndcg@10: 0.0735 ndcg@20: 0.0862 ] 
2024-11-03 00:59:45,927 - Epoch 123 Validation set [recall@5: 0.0792 recall@10: 0.1138 recall@20: 0.1593 ] [ndcg@5: 0.0615 ndcg@10: 0.0737 ndcg@20: 0.0865 ] 
2024-11-03 00:59:52,638 - Epoch 126 Validation set [recall@5: 0.0794 recall@10: 0.1150 recall@20: 0.1596 ] [ndcg@5: 0.0618 ndcg@10: 0.0743 ndcg@20: 0.0868 ] 
2024-11-03 00:59:59,471 - Epoch 129 Validation set [recall@5: 0.0793 recall@10: 0.1142 recall@20: 0.1602 ] [ndcg@5: 0.0619 ndcg@10: 0.0741 ndcg@20: 0.0870 ] 
2024-11-03 01:00:06,171 - Epoch 132 Validation set [recall@5: 0.0785 recall@10: 0.1147 recall@20: 0.1610 ] [ndcg@5: 0.0617 ndcg@10: 0.0744 ndcg@20: 0.0874 ] 
2024-11-03 01:00:12,949 - Epoch 135 Validation set [recall@5: 0.0793 recall@10: 0.1155 recall@20: 0.1603 ] [ndcg@5: 0.0623 ndcg@10: 0.0750 ndcg@20: 0.0876 ] 
2024-11-03 01:00:19,835 - Epoch 138 Validation set [recall@5: 0.0801 recall@10: 0.1153 recall@20: 0.1604 ] [ndcg@5: 0.0626 ndcg@10: 0.0750 ndcg@20: 0.0877 ] 
2024-11-03 01:00:26,769 - Epoch 141 Validation set [recall@5: 0.0799 recall@10: 0.1157 recall@20: 0.1620 ] [ndcg@5: 0.0628 ndcg@10: 0.0754 ndcg@20: 0.0884 ] 
2024-11-03 01:00:33,599 - Epoch 144 Validation set [recall@5: 0.0805 recall@10: 0.1156 recall@20: 0.1624 ] [ndcg@5: 0.0632 ndcg@10: 0.0755 ndcg@20: 0.0886 ] 
2024-11-03 01:00:40,398 - Epoch 147 Validation set [recall@5: 0.0804 recall@10: 0.1150 recall@20: 0.1638 ] [ndcg@5: 0.0634 ndcg@10: 0.0755 ndcg@20: 0.0892 ] 
2024-11-03 01:00:47,189 - Epoch 150 Validation set [recall@5: 0.0804 recall@10: 0.1144 recall@20: 0.1634 ] [ndcg@5: 0.0635 ndcg@10: 0.0754 ndcg@20: 0.0892 ] 
2024-11-03 01:00:53,801 - Epoch 153 Validation set [recall@5: 0.0810 recall@10: 0.1147 recall@20: 0.1637 ] [ndcg@5: 0.0637 ndcg@10: 0.0755 ndcg@20: 0.0892 ] 
2024-11-03 01:01:00,758 - Epoch 156 Validation set [recall@5: 0.0814 recall@10: 0.1157 recall@20: 0.1637 ] [ndcg@5: 0.0640 ndcg@10: 0.0759 ndcg@20: 0.0894 ] 
2024-11-03 01:01:07,602 - Epoch 159 Validation set [recall@5: 0.0818 recall@10: 0.1164 recall@20: 0.1643 ] [ndcg@5: 0.0644 ndcg@10: 0.0765 ndcg@20: 0.0900 ] 
2024-11-03 01:01:14,357 - Epoch 162 Validation set [recall@5: 0.0826 recall@10: 0.1177 recall@20: 0.1645 ] [ndcg@5: 0.0644 ndcg@10: 0.0767 ndcg@20: 0.0899 ] 
2024-11-03 01:01:21,013 - Epoch 165 Validation set [recall@5: 0.0828 recall@10: 0.1186 recall@20: 0.1632 ] [ndcg@5: 0.0648 ndcg@10: 0.0773 ndcg@20: 0.0899 ] 
2024-11-03 01:01:27,717 - Epoch 168 Validation set [recall@5: 0.0828 recall@10: 0.1192 recall@20: 0.1644 ] [ndcg@5: 0.0649 ndcg@10: 0.0776 ndcg@20: 0.0903 ] 
2024-11-03 01:01:34,522 - Epoch 171 Validation set [recall@5: 0.0838 recall@10: 0.1191 recall@20: 0.1646 ] [ndcg@5: 0.0656 ndcg@10: 0.0778 ndcg@20: 0.0906 ] 
2024-11-03 01:01:41,333 - Epoch 174 Validation set [recall@5: 0.0834 recall@10: 0.1195 recall@20: 0.1637 ] [ndcg@5: 0.0649 ndcg@10: 0.0775 ndcg@20: 0.0900 ] 
2024-11-03 01:01:48,201 - Epoch 177 Validation set [recall@5: 0.0843 recall@10: 0.1203 recall@20: 0.1646 ] [ndcg@5: 0.0656 ndcg@10: 0.0781 ndcg@20: 0.0905 ] 
2024-11-03 01:01:54,999 - Epoch 180 Validation set [recall@5: 0.0834 recall@10: 0.1187 recall@20: 0.1645 ] [ndcg@5: 0.0654 ndcg@10: 0.0778 ndcg@20: 0.0907 ] 
2024-11-03 01:02:01,816 - Epoch 183 Validation set [recall@5: 0.0835 recall@10: 0.1180 recall@20: 0.1652 ] [ndcg@5: 0.0653 ndcg@10: 0.0774 ndcg@20: 0.0907 ] 
2024-11-03 01:02:08,558 - Epoch 186 Validation set [recall@5: 0.0849 recall@10: 0.1179 recall@20: 0.1639 ] [ndcg@5: 0.0654 ndcg@10: 0.0770 ndcg@20: 0.0900 ] 
2024-11-03 01:02:15,385 - Epoch 189 Validation set [recall@5: 0.0839 recall@10: 0.1183 recall@20: 0.1647 ] [ndcg@5: 0.0653 ndcg@10: 0.0775 ndcg@20: 0.0905 ] 
2024-11-03 01:02:22,091 - Epoch 192 Validation set [recall@5: 0.0850 recall@10: 0.1193 recall@20: 0.1650 ] [ndcg@5: 0.0659 ndcg@10: 0.0779 ndcg@20: 0.0908 ] 
2024-11-03 01:02:29,078 - Epoch 195 Validation set [recall@5: 0.0852 recall@10: 0.1196 recall@20: 0.1650 ] [ndcg@5: 0.0661 ndcg@10: 0.0782 ndcg@20: 0.0910 ] 
2024-11-03 01:02:36,336 - Epoch 198 Validation set [recall@5: 0.0852 recall@10: 0.1212 recall@20: 0.1643 ] [ndcg@5: 0.0663 ndcg@10: 0.0789 ndcg@20: 0.0911 ] 
2024-11-03 01:02:37,475 - [recall@5: 0.0835 recall@10: 0.1180 recall@20: 0.1652 ] [ndcg@5: 0.0653 ndcg@10: 0.0774 ndcg@20: 0.0907 ] 
2024-11-03 01:02:38,591 - [recall@5: 0.0832 recall@10: 0.1188 recall@20: 0.1651 ] [ndcg@5: 0.0646 ndcg@10: 0.0771 ndcg@20: 0.0900 ] 
2024-11-03 01:02:38,592 - Best Epoch 183. Final test result: {'recall': array([0.08324592, 0.11880643, 0.16511668]), 'ndcg': array([0.06464569, 0.07707914, 0.09001719])}.
