2024-11-04 15:57:30,039 - {'optimizer': {'name': 'adam', 'lr': 0.001, 'weight_decay': 0}, 'train': {'epoch': 3000, 'batch_size': 4096, 'save_model': False, 'loss': 'pairwise', 'test_step': 3, 'reproducible': True, 'seed': 2024, 'patience': 5}, 'test': {'metrics': ['recall', 'ndcg'], 'k': [5, 10, 20], 'batch_size': 1024}, 'data': {'type': 'general_cf', 'name': 'movies', 'user_num': 16994, 'item_num': 9370}, 'model': {'name': 'gccf_plus', 'keep_rate': 0.8, 'embedding_size': 32, 'layer_num': 2, 'reg_weight': 1e-06, 'kd_weight': 0.01, 'kd_temperature': 0.5, 'steam': {'easyrec-roberta-large': {'layer_num': 3, 'reg_weight': 1e-06, 'kd_weight': 0.001, 'kd_temperature': 0.1}}}}
2024-11-04 15:57:30,571 - Hyper Parameters: {'name': 'gccf_plus', 'keep_rate': 0.8, 'embedding_size': 32, 'layer_num': 2, 'reg_weight': 1e-06, 'kd_weight': 0.01, 'kd_temperature': 0.5, 'steam': {'easyrec-roberta-large': {'layer_num': 3, 'reg_weight': 1e-06, 'kd_weight': 0.001, 'kd_temperature': 0.1}}}
2024-11-04 15:57:33,954 - Epoch   0 Validation set [recall@5: 0.0200 recall@10: 0.0293 recall@20: 0.0427 ] [ndcg@5: 0.0160 ndcg@10: 0.0193 ndcg@20: 0.0231 ] 
2024-11-04 15:57:40,631 - Epoch   3 Validation set [recall@5: 0.0340 recall@10: 0.0511 recall@20: 0.0774 ] [ndcg@5: 0.0271 ndcg@10: 0.0330 ndcg@20: 0.0404 ] 
2024-11-04 15:57:47,330 - Epoch   6 Validation set [recall@5: 0.0421 recall@10: 0.0607 recall@20: 0.0905 ] [ndcg@5: 0.0328 ndcg@10: 0.0392 ndcg@20: 0.0476 ] 
2024-11-04 15:57:54,087 - Epoch   9 Validation set [recall@5: 0.0424 recall@10: 0.0645 recall@20: 0.0958 ] [ndcg@5: 0.0329 ndcg@10: 0.0406 ndcg@20: 0.0494 ] 
2024-11-04 15:58:00,973 - Epoch  12 Validation set [recall@5: 0.0429 recall@10: 0.0670 recall@20: 0.0994 ] [ndcg@5: 0.0328 ndcg@10: 0.0412 ndcg@20: 0.0504 ] 
2024-11-04 15:58:07,815 - Epoch  15 Validation set [recall@5: 0.0449 recall@10: 0.0675 recall@20: 0.1028 ] [ndcg@5: 0.0344 ndcg@10: 0.0422 ndcg@20: 0.0521 ] 
2024-11-04 15:58:14,527 - Epoch  18 Validation set [recall@5: 0.0444 recall@10: 0.0686 recall@20: 0.1051 ] [ndcg@5: 0.0339 ndcg@10: 0.0423 ndcg@20: 0.0525 ] 
2024-11-04 15:58:21,372 - Epoch  21 Validation set [recall@5: 0.0440 recall@10: 0.0691 recall@20: 0.1075 ] [ndcg@5: 0.0337 ndcg@10: 0.0424 ndcg@20: 0.0532 ] 
2024-11-04 15:58:28,421 - Epoch  24 Validation set [recall@5: 0.0449 recall@10: 0.0696 recall@20: 0.1098 ] [ndcg@5: 0.0346 ndcg@10: 0.0432 ndcg@20: 0.0544 ] 
2024-11-04 15:58:35,457 - Epoch  27 Validation set [recall@5: 0.0449 recall@10: 0.0719 recall@20: 0.1103 ] [ndcg@5: 0.0345 ndcg@10: 0.0439 ndcg@20: 0.0547 ] 
2024-11-04 15:58:42,593 - Epoch  30 Validation set [recall@5: 0.0459 recall@10: 0.0724 recall@20: 0.1124 ] [ndcg@5: 0.0350 ndcg@10: 0.0442 ndcg@20: 0.0554 ] 
2024-11-04 15:58:49,706 - Epoch  33 Validation set [recall@5: 0.0462 recall@10: 0.0722 recall@20: 0.1139 ] [ndcg@5: 0.0351 ndcg@10: 0.0443 ndcg@20: 0.0559 ] 
2024-11-04 15:58:56,857 - Epoch  36 Validation set [recall@5: 0.0464 recall@10: 0.0732 recall@20: 0.1149 ] [ndcg@5: 0.0352 ndcg@10: 0.0445 ndcg@20: 0.0562 ] 
2024-11-04 15:59:03,885 - Epoch  39 Validation set [recall@5: 0.0473 recall@10: 0.0744 recall@20: 0.1165 ] [ndcg@5: 0.0356 ndcg@10: 0.0450 ndcg@20: 0.0568 ] 
2024-11-04 15:59:10,960 - Epoch  42 Validation set [recall@5: 0.0474 recall@10: 0.0765 recall@20: 0.1178 ] [ndcg@5: 0.0357 ndcg@10: 0.0458 ndcg@20: 0.0574 ] 
2024-11-04 15:59:17,995 - Epoch  45 Validation set [recall@5: 0.0480 recall@10: 0.0779 recall@20: 0.1186 ] [ndcg@5: 0.0362 ndcg@10: 0.0465 ndcg@20: 0.0579 ] 
2024-11-04 15:59:25,109 - Epoch  48 Validation set [recall@5: 0.0491 recall@10: 0.0772 recall@20: 0.1211 ] [ndcg@5: 0.0368 ndcg@10: 0.0466 ndcg@20: 0.0588 ] 
2024-11-04 15:59:32,214 - Epoch  51 Validation set [recall@5: 0.0494 recall@10: 0.0776 recall@20: 0.1216 ] [ndcg@5: 0.0370 ndcg@10: 0.0469 ndcg@20: 0.0592 ] 
2024-11-04 15:59:39,458 - Epoch  54 Validation set [recall@5: 0.0501 recall@10: 0.0768 recall@20: 0.1218 ] [ndcg@5: 0.0376 ndcg@10: 0.0469 ndcg@20: 0.0596 ] 
2024-11-04 15:59:46,537 - Epoch  57 Validation set [recall@5: 0.0509 recall@10: 0.0779 recall@20: 0.1229 ] [ndcg@5: 0.0379 ndcg@10: 0.0474 ndcg@20: 0.0599 ] 
2024-11-04 15:59:53,550 - Epoch  60 Validation set [recall@5: 0.0505 recall@10: 0.0781 recall@20: 0.1239 ] [ndcg@5: 0.0381 ndcg@10: 0.0477 ndcg@20: 0.0605 ] 
2024-11-04 16:00:00,505 - Epoch  63 Validation set [recall@5: 0.0517 recall@10: 0.0792 recall@20: 0.1246 ] [ndcg@5: 0.0387 ndcg@10: 0.0483 ndcg@20: 0.0610 ] 
2024-11-04 16:00:07,530 - Epoch  66 Validation set [recall@5: 0.0520 recall@10: 0.0802 recall@20: 0.1252 ] [ndcg@5: 0.0390 ndcg@10: 0.0488 ndcg@20: 0.0614 ] 
2024-11-04 16:00:14,447 - Epoch  69 Validation set [recall@5: 0.0529 recall@10: 0.0812 recall@20: 0.1266 ] [ndcg@5: 0.0394 ndcg@10: 0.0493 ndcg@20: 0.0619 ] 
2024-11-04 16:00:21,503 - Epoch  72 Validation set [recall@5: 0.0527 recall@10: 0.0820 recall@20: 0.1275 ] [ndcg@5: 0.0394 ndcg@10: 0.0497 ndcg@20: 0.0624 ] 
2024-11-04 16:00:28,547 - Epoch  75 Validation set [recall@5: 0.0542 recall@10: 0.0831 recall@20: 0.1280 ] [ndcg@5: 0.0402 ndcg@10: 0.0503 ndcg@20: 0.0628 ] 
2024-11-04 16:00:35,519 - Epoch  78 Validation set [recall@5: 0.0546 recall@10: 0.0827 recall@20: 0.1289 ] [ndcg@5: 0.0405 ndcg@10: 0.0504 ndcg@20: 0.0633 ] 
2024-11-04 16:00:42,617 - Epoch  81 Validation set [recall@5: 0.0545 recall@10: 0.0829 recall@20: 0.1302 ] [ndcg@5: 0.0407 ndcg@10: 0.0506 ndcg@20: 0.0638 ] 
2024-11-04 16:00:49,559 - Epoch  84 Validation set [recall@5: 0.0546 recall@10: 0.0839 recall@20: 0.1308 ] [ndcg@5: 0.0408 ndcg@10: 0.0511 ndcg@20: 0.0641 ] 
2024-11-04 16:00:56,735 - Epoch  87 Validation set [recall@5: 0.0555 recall@10: 0.0847 recall@20: 0.1314 ] [ndcg@5: 0.0415 ndcg@10: 0.0517 ndcg@20: 0.0648 ] 
2024-11-04 16:01:03,793 - Epoch  90 Validation set [recall@5: 0.0555 recall@10: 0.0857 recall@20: 0.1319 ] [ndcg@5: 0.0414 ndcg@10: 0.0519 ndcg@20: 0.0647 ] 
2024-11-04 16:01:10,946 - Epoch  93 Validation set [recall@5: 0.0553 recall@10: 0.0858 recall@20: 0.1326 ] [ndcg@5: 0.0416 ndcg@10: 0.0521 ndcg@20: 0.0652 ] 
2024-11-04 16:01:17,959 - Epoch  96 Validation set [recall@5: 0.0560 recall@10: 0.0867 recall@20: 0.1335 ] [ndcg@5: 0.0420 ndcg@10: 0.0527 ndcg@20: 0.0658 ] 
2024-11-04 16:01:24,973 - Epoch  99 Validation set [recall@5: 0.0566 recall@10: 0.0879 recall@20: 0.1352 ] [ndcg@5: 0.0425 ndcg@10: 0.0534 ndcg@20: 0.0665 ] 
2024-11-04 16:01:31,923 - Epoch 102 Validation set [recall@5: 0.0578 recall@10: 0.0887 recall@20: 0.1354 ] [ndcg@5: 0.0433 ndcg@10: 0.0539 ndcg@20: 0.0669 ] 
2024-11-04 16:01:39,005 - Epoch 105 Validation set [recall@5: 0.0584 recall@10: 0.0893 recall@20: 0.1353 ] [ndcg@5: 0.0438 ndcg@10: 0.0544 ndcg@20: 0.0673 ] 
2024-11-04 16:01:46,272 - Epoch 108 Validation set [recall@5: 0.0580 recall@10: 0.0905 recall@20: 0.1374 ] [ndcg@5: 0.0439 ndcg@10: 0.0551 ndcg@20: 0.0682 ] 
2024-11-04 16:01:53,288 - Epoch 111 Validation set [recall@5: 0.0582 recall@10: 0.0906 recall@20: 0.1379 ] [ndcg@5: 0.0442 ndcg@10: 0.0555 ndcg@20: 0.0687 ] 
2024-11-04 16:02:00,491 - Epoch 114 Validation set [recall@5: 0.0589 recall@10: 0.0923 recall@20: 0.1390 ] [ndcg@5: 0.0445 ndcg@10: 0.0561 ndcg@20: 0.0691 ] 
2024-11-04 16:02:07,527 - Epoch 117 Validation set [recall@5: 0.0594 recall@10: 0.0923 recall@20: 0.1394 ] [ndcg@5: 0.0448 ndcg@10: 0.0562 ndcg@20: 0.0694 ] 
2024-11-04 16:02:14,711 - Epoch 120 Validation set [recall@5: 0.0592 recall@10: 0.0918 recall@20: 0.1390 ] [ndcg@5: 0.0447 ndcg@10: 0.0561 ndcg@20: 0.0693 ] 
2024-11-04 16:02:21,682 - Epoch 123 Validation set [recall@5: 0.0596 recall@10: 0.0921 recall@20: 0.1400 ] [ndcg@5: 0.0450 ndcg@10: 0.0563 ndcg@20: 0.0697 ] 
2024-11-04 16:02:28,710 - Epoch 126 Validation set [recall@5: 0.0602 recall@10: 0.0922 recall@20: 0.1397 ] [ndcg@5: 0.0455 ndcg@10: 0.0567 ndcg@20: 0.0700 ] 
2024-11-04 16:02:35,789 - Epoch 129 Validation set [recall@5: 0.0601 recall@10: 0.0932 recall@20: 0.1401 ] [ndcg@5: 0.0454 ndcg@10: 0.0569 ndcg@20: 0.0701 ] 
2024-11-04 16:02:42,749 - Epoch 132 Validation set [recall@5: 0.0604 recall@10: 0.0940 recall@20: 0.1405 ] [ndcg@5: 0.0454 ndcg@10: 0.0571 ndcg@20: 0.0702 ] 
2024-11-04 16:02:49,855 - Epoch 135 Validation set [recall@5: 0.0602 recall@10: 0.0947 recall@20: 0.1408 ] [ndcg@5: 0.0453 ndcg@10: 0.0573 ndcg@20: 0.0703 ] 
2024-11-04 16:02:56,785 - Epoch 138 Validation set [recall@5: 0.0613 recall@10: 0.0955 recall@20: 0.1404 ] [ndcg@5: 0.0458 ndcg@10: 0.0577 ndcg@20: 0.0704 ] 
2024-11-04 16:03:03,814 - Epoch 141 Validation set [recall@5: 0.0621 recall@10: 0.0964 recall@20: 0.1422 ] [ndcg@5: 0.0464 ndcg@10: 0.0583 ndcg@20: 0.0711 ] 
2024-11-04 16:03:10,871 - Epoch 144 Validation set [recall@5: 0.0618 recall@10: 0.0964 recall@20: 0.1428 ] [ndcg@5: 0.0463 ndcg@10: 0.0584 ndcg@20: 0.0713 ] 
2024-11-04 16:03:18,010 - Epoch 147 Validation set [recall@5: 0.0627 recall@10: 0.0965 recall@20: 0.1437 ] [ndcg@5: 0.0469 ndcg@10: 0.0587 ndcg@20: 0.0720 ] 
2024-11-04 16:03:25,043 - Epoch 150 Validation set [recall@5: 0.0637 recall@10: 0.0966 recall@20: 0.1447 ] [ndcg@5: 0.0475 ndcg@10: 0.0591 ndcg@20: 0.0725 ] 
2024-11-04 16:03:32,281 - Epoch 153 Validation set [recall@5: 0.0635 recall@10: 0.0968 recall@20: 0.1447 ] [ndcg@5: 0.0476 ndcg@10: 0.0593 ndcg@20: 0.0727 ] 
2024-11-04 16:03:39,168 - Epoch 156 Validation set [recall@5: 0.0643 recall@10: 0.0974 recall@20: 0.1446 ] [ndcg@5: 0.0482 ndcg@10: 0.0597 ndcg@20: 0.0729 ] 
2024-11-04 16:03:46,200 - Epoch 159 Validation set [recall@5: 0.0639 recall@10: 0.0970 recall@20: 0.1451 ] [ndcg@5: 0.0481 ndcg@10: 0.0596 ndcg@20: 0.0731 ] 
2024-11-04 16:03:53,191 - Epoch 162 Validation set [recall@5: 0.0637 recall@10: 0.0978 recall@20: 0.1459 ] [ndcg@5: 0.0481 ndcg@10: 0.0600 ndcg@20: 0.0735 ] 
2024-11-04 16:04:00,209 - Epoch 165 Validation set [recall@5: 0.0639 recall@10: 0.0989 recall@20: 0.1464 ] [ndcg@5: 0.0485 ndcg@10: 0.0607 ndcg@20: 0.0740 ] 
2024-11-04 16:04:07,159 - Epoch 168 Validation set [recall@5: 0.0644 recall@10: 0.0998 recall@20: 0.1466 ] [ndcg@5: 0.0485 ndcg@10: 0.0608 ndcg@20: 0.0739 ] 
2024-11-04 16:04:14,206 - Epoch 171 Validation set [recall@5: 0.0646 recall@10: 0.1006 recall@20: 0.1465 ] [ndcg@5: 0.0484 ndcg@10: 0.0609 ndcg@20: 0.0738 ] 
2024-11-04 16:04:21,160 - Epoch 174 Validation set [recall@5: 0.0642 recall@10: 0.1002 recall@20: 0.1481 ] [ndcg@5: 0.0483 ndcg@10: 0.0608 ndcg@20: 0.0742 ] 
2024-11-04 16:04:28,127 - Epoch 177 Validation set [recall@5: 0.0641 recall@10: 0.1007 recall@20: 0.1480 ] [ndcg@5: 0.0480 ndcg@10: 0.0608 ndcg@20: 0.0741 ] 
2024-11-04 16:04:35,184 - Epoch 180 Validation set [recall@5: 0.0640 recall@10: 0.1008 recall@20: 0.1477 ] [ndcg@5: 0.0482 ndcg@10: 0.0611 ndcg@20: 0.0743 ] 
2024-11-04 16:04:42,155 - Epoch 183 Validation set [recall@5: 0.0650 recall@10: 0.0998 recall@20: 0.1486 ] [ndcg@5: 0.0487 ndcg@10: 0.0610 ndcg@20: 0.0747 ] 
2024-11-04 16:04:49,296 - Epoch 186 Validation set [recall@5: 0.0650 recall@10: 0.1009 recall@20: 0.1484 ] [ndcg@5: 0.0487 ndcg@10: 0.0613 ndcg@20: 0.0746 ] 
2024-11-04 16:04:56,384 - Epoch 189 Validation set [recall@5: 0.0650 recall@10: 0.1012 recall@20: 0.1492 ] [ndcg@5: 0.0489 ndcg@10: 0.0615 ndcg@20: 0.0750 ] 
2024-11-04 16:05:03,706 - Epoch 192 Validation set [recall@5: 0.0651 recall@10: 0.1015 recall@20: 0.1499 ] [ndcg@5: 0.0491 ndcg@10: 0.0619 ndcg@20: 0.0754 ] 
2024-11-04 16:05:10,707 - Epoch 195 Validation set [recall@5: 0.0653 recall@10: 0.1019 recall@20: 0.1498 ] [ndcg@5: 0.0490 ndcg@10: 0.0618 ndcg@20: 0.0752 ] 
2024-11-04 16:05:17,855 - Epoch 198 Validation set [recall@5: 0.0661 recall@10: 0.1021 recall@20: 0.1489 ] [ndcg@5: 0.0494 ndcg@10: 0.0620 ndcg@20: 0.0752 ] 
2024-11-04 16:05:25,197 - Epoch 201 Validation set [recall@5: 0.0650 recall@10: 0.1023 recall@20: 0.1492 ] [ndcg@5: 0.0491 ndcg@10: 0.0621 ndcg@20: 0.0753 ] 
2024-11-04 16:05:32,244 - Epoch 204 Validation set [recall@5: 0.0655 recall@10: 0.1035 recall@20: 0.1501 ] [ndcg@5: 0.0494 ndcg@10: 0.0626 ndcg@20: 0.0757 ] 
2024-11-04 16:05:39,270 - Epoch 207 Validation set [recall@5: 0.0663 recall@10: 0.1039 recall@20: 0.1510 ] [ndcg@5: 0.0497 ndcg@10: 0.0627 ndcg@20: 0.0760 ] 
2024-11-04 16:05:46,178 - Epoch 210 Validation set [recall@5: 0.0665 recall@10: 0.1035 recall@20: 0.1520 ] [ndcg@5: 0.0499 ndcg@10: 0.0627 ndcg@20: 0.0763 ] 
2024-11-04 16:05:53,197 - Epoch 213 Validation set [recall@5: 0.0669 recall@10: 0.1028 recall@20: 0.1520 ] [ndcg@5: 0.0501 ndcg@10: 0.0626 ndcg@20: 0.0764 ] 
2024-11-04 16:06:00,166 - Epoch 216 Validation set [recall@5: 0.0661 recall@10: 0.1039 recall@20: 0.1517 ] [ndcg@5: 0.0497 ndcg@10: 0.0629 ndcg@20: 0.0763 ] 
2024-11-04 16:06:07,167 - Epoch 219 Validation set [recall@5: 0.0658 recall@10: 0.1051 recall@20: 0.1519 ] [ndcg@5: 0.0500 ndcg@10: 0.0638 ndcg@20: 0.0769 ] 
2024-11-04 16:06:14,191 - Epoch 222 Validation set [recall@5: 0.0670 recall@10: 0.1057 recall@20: 0.1526 ] [ndcg@5: 0.0503 ndcg@10: 0.0638 ndcg@20: 0.0769 ] 
2024-11-04 16:06:21,282 - Epoch 225 Validation set [recall@5: 0.0678 recall@10: 0.1046 recall@20: 0.1528 ] [ndcg@5: 0.0507 ndcg@10: 0.0636 ndcg@20: 0.0770 ] 
2024-11-04 16:06:28,650 - Epoch 228 Validation set [recall@5: 0.0669 recall@10: 0.1041 recall@20: 0.1524 ] [ndcg@5: 0.0504 ndcg@10: 0.0635 ndcg@20: 0.0771 ] 
2024-11-04 16:06:35,890 - Epoch 231 Validation set [recall@5: 0.0671 recall@10: 0.1037 recall@20: 0.1524 ] [ndcg@5: 0.0504 ndcg@10: 0.0632 ndcg@20: 0.0769 ] 
2024-11-04 16:06:43,009 - Epoch 234 Validation set [recall@5: 0.0670 recall@10: 0.1046 recall@20: 0.1523 ] [ndcg@5: 0.0504 ndcg@10: 0.0635 ndcg@20: 0.0769 ] 
2024-11-04 16:06:50,350 - Epoch 237 Validation set [recall@5: 0.0665 recall@10: 0.1039 recall@20: 0.1518 ] [ndcg@5: 0.0501 ndcg@10: 0.0633 ndcg@20: 0.0767 ] 
2024-11-04 16:06:57,409 - Epoch 240 Validation set [recall@5: 0.0673 recall@10: 0.1043 recall@20: 0.1523 ] [ndcg@5: 0.0505 ndcg@10: 0.0634 ndcg@20: 0.0768 ] 
2024-11-04 16:06:58,402 - [recall@5: 0.0678 recall@10: 0.1046 recall@20: 0.1528 ] [ndcg@5: 0.0507 ndcg@10: 0.0636 ndcg@20: 0.0770 ] 
2024-11-04 16:06:59,541 - [recall@5: 0.0709 recall@10: 0.1064 recall@20: 0.1521 ] [ndcg@5: 0.0538 ndcg@10: 0.0662 ndcg@20: 0.0789 ] 
2024-11-04 16:06:59,542 - Best Epoch 225. Final test result: {'recall': array([0.07087752, 0.10637922, 0.15208354]), 'ndcg': array([0.05382714, 0.0662053 , 0.07888289])}.
