2024-11-04 00:42:09,798 - ModelArguments(model_name_or_path='./baseline_embedders/roberta-small', temp=0.05, pooler_type='cls', do_mlm=True, mlm_weight=0.1, mlp_only_train=False, cache_dir=None, use_auth_token=False, model_revision='main', use_fast_tokenizer=True)
2024-11-04 00:42:09,798 - DataArguments(data_path='./data/', trn_dataset='arts-games-home-electronics-sports-tools', val_dataset='arts-games-home-electronics-sports-tools', used_diverse_profile_num=3, total_diverse_profile_num=3, add_item_raw_meta=True, max_seq_length=64, mlm_probability=0.15)
2024-11-04 00:42:09,799 - TrainingArguments(
_n_gpu=1,
accelerator_config={'split_batches': False, 'dispatch_batches': None, 'even_batches': True, 'use_seedable_sampler': True, 'non_blocking': False, 'gradient_accumulation_kwargs': None, 'use_configured_state': False},
adafactor=False,
adam_beta1=0.9,
adam_beta2=0.999,
adam_epsilon=1e-08,
auto_find_batch_size=False,
batch_eval_metrics=False,
bf16=True,
bf16_full_eval=False,
bits=16,
data_seed=None,
dataloader_drop_last=False,
dataloader_num_workers=0,
dataloader_persistent_workers=False,
dataloader_pin_memory=True,
dataloader_prefetch_factor=None,
ddp_backend=None,
ddp_broadcast_buffers=None,
ddp_bucket_cap_mb=None,
ddp_find_unused_parameters=False,
ddp_timeout=1800,
debug=[],
deepspeed=None,
disable_tqdm=False,
dispatch_batches=None,
do_eval=True,
do_predict=False,
do_train=True,
eval_accumulation_steps=None,
eval_delay=0,
eval_do_concat_batches=True,
eval_on_start=False,
eval_steps=1000,
eval_strategy=IntervalStrategy.STEPS,
eval_use_gather_object=False,
evaluation_strategy=steps,
fp16=False,
fp16_backend=auto,
fp16_full_eval=False,
fp16_opt_level=O1,
fsdp=[],
fsdp_config={'min_num_params': 0, 'xla': False, 'xla_fsdp_v2': False, 'xla_fsdp_grad_ckpt': False},
fsdp_min_num_params=0,
fsdp_transformer_layer_cls_to_wrap=None,
full_determinism=False,
gradient_accumulation_steps=1,
gradient_checkpointing=False,
gradient_checkpointing_kwargs=None,
greater_is_better=True,
group_by_length=False,
half_precision_backend=auto,
hub_always_push=False,
hub_model_id=None,
hub_private_repo=False,
hub_strategy=HubStrategy.EVERY_SAVE,
hub_token=<HUB_TOKEN>,
ignore_data_skip=False,
include_for_metrics=[],
include_inputs_for_metrics=False,
include_num_input_tokens_seen=False,
include_tokens_per_second=False,
jit_mode_eval=False,
label_names=None,
label_smoothing_factor=0.0,
learning_rate=5e-05,
length_column_name=length,
load_best_model_at_end=True,
local_rank=0,
log_level=passive,
log_level_replica=warning,
log_on_each_node=True,
logging_dir=./checkpoints/easyrec-roberta-small/runs/Nov04_00-42-09_MAINFRAME,
logging_first_step=False,
logging_nan_inf_filter=True,
logging_steps=500,
logging_strategy=IntervalStrategy.STEPS,
lr_scheduler_kwargs={},
lr_scheduler_type=SchedulerType.LINEAR,
max_grad_norm=1.0,
max_steps=-1,
metric_for_best_model=recall@10,
mp_parameters=,
neftune_noise_alpha=None,
no_cuda=False,
num_train_epochs=3.0,
optim=OptimizerNames.ADAMW_TORCH,
optim_args=None,
optim_target_modules=None,
output_dir=./checkpoints/easyrec-roberta-small,
overwrite_output_dir=True,
past_index=-1,
per_device_eval_batch_size=8,
per_device_train_batch_size=16,
prediction_loss_only=False,
push_to_hub=False,
push_to_hub_model_id=None,
push_to_hub_organization=None,
push_to_hub_token=<PUSH_TO_HUB_TOKEN>,
ray_scope=last,
remove_unused_columns=True,
report_to=[],
restore_callback_states_from_checkpoint=False,
resume_from_checkpoint=None,
run_name=./checkpoints/easyrec-roberta-small,
save_on_each_node=False,
save_only_model=False,
save_safetensors=False,
save_steps=1000,
save_strategy=IntervalStrategy.STEPS,
save_total_limit=None,
seed=42,
skip_memory_metrics=True,
split_batches=None,
tf32=None,
torch_compile=False,
torch_compile_backend=None,
torch_compile_mode=None,
torch_empty_cache_steps=None,
torchdynamo=None,
tpu_metrics_debug=False,
tpu_num_cores=None,
use_cpu=False,
use_ipex=False,
use_legacy_prediction_loop=False,
use_liger_kernel=False,
use_mps_device=False,
warmup_ratio=0.0,
warmup_steps=0,
weight_decay=0.0,
)
2024-11-04 00:53:07,688 - Step   1000 [eval_arts_recall@10: 0.0133 eval_arts_diverse_0_recall@10: 0.0138 eval_arts_diverse_1_recall@10: 0.0118 eval_arts_diverse_2_recall@10: 0.0116 eval_games_recall@10: 0.0079 eval_games_diverse_0_recall@10: 0.0071 eval_games_diverse_1_recall@10: 0.0077 eval_games_diverse_2_recall@10: 0.0078 eval_home_recall@10: 0.0039 eval_home_diverse_0_recall@10: 0.0041 eval_home_diverse_1_recall@10: 0.0032 eval_home_diverse_2_recall@10: 0.0030 eval_electronics_recall@10: 0.0050 eval_electronics_diverse_0_recall@10: 0.0048 eval_electronics_diverse_1_recall@10: 0.0042 eval_electronics_diverse_2_recall@10: 0.0038 eval_sports_recall@10: 0.0179 eval_sports_diverse_0_recall@10: 0.0151 eval_sports_diverse_1_recall@10: 0.0163 eval_sports_diverse_2_recall@10: 0.0145 eval_tools_recall@10: 0.0061 eval_tools_diverse_0_recall@10: 0.0065 eval_tools_diverse_1_recall@10: 0.0052 eval_tools_diverse_2_recall@10: 0.0058 ] 
2024-11-04 00:53:07,689 - mean_metric_value: 0.008353314968217987
2024-11-04 00:53:07,689 - Better Results! Now Saving...
2024-11-04 01:03:36,867 - Step   2000 [eval_arts_recall@10: 0.0132 eval_arts_diverse_0_recall@10: 0.0156 eval_arts_diverse_1_recall@10: 0.0126 eval_arts_diverse_2_recall@10: 0.0130 eval_games_recall@10: 0.0094 eval_games_diverse_0_recall@10: 0.0088 eval_games_diverse_1_recall@10: 0.0094 eval_games_diverse_2_recall@10: 0.0094 eval_home_recall@10: 0.0037 eval_home_diverse_0_recall@10: 0.0039 eval_home_diverse_1_recall@10: 0.0035 eval_home_diverse_2_recall@10: 0.0035 eval_electronics_recall@10: 0.0061 eval_electronics_diverse_0_recall@10: 0.0058 eval_electronics_diverse_1_recall@10: 0.0054 eval_electronics_diverse_2_recall@10: 0.0050 eval_sports_recall@10: 0.0192 eval_sports_diverse_0_recall@10: 0.0180 eval_sports_diverse_1_recall@10: 0.0200 eval_sports_diverse_2_recall@10: 0.0174 eval_tools_recall@10: 0.0057 eval_tools_diverse_0_recall@10: 0.0052 eval_tools_diverse_1_recall@10: 0.0054 eval_tools_diverse_2_recall@10: 0.0058 ] 
2024-11-04 01:03:36,868 - mean_metric_value: 0.009370442950402175
2024-11-04 01:03:36,869 - Better Results! Now Saving...
2024-11-04 01:14:01,360 - Step   3000 [eval_arts_recall@10: 0.0146 eval_arts_diverse_0_recall@10: 0.0136 eval_arts_diverse_1_recall@10: 0.0147 eval_arts_diverse_2_recall@10: 0.0138 eval_games_recall@10: 0.0098 eval_games_diverse_0_recall@10: 0.0095 eval_games_diverse_1_recall@10: 0.0088 eval_games_diverse_2_recall@10: 0.0098 eval_home_recall@10: 0.0035 eval_home_diverse_0_recall@10: 0.0035 eval_home_diverse_1_recall@10: 0.0031 eval_home_diverse_2_recall@10: 0.0042 eval_electronics_recall@10: 0.0063 eval_electronics_diverse_0_recall@10: 0.0058 eval_electronics_diverse_1_recall@10: 0.0054 eval_electronics_diverse_2_recall@10: 0.0054 eval_sports_recall@10: 0.0224 eval_sports_diverse_0_recall@10: 0.0204 eval_sports_diverse_1_recall@10: 0.0212 eval_sports_diverse_2_recall@10: 0.0202 eval_tools_recall@10: 0.0063 eval_tools_diverse_0_recall@10: 0.0060 eval_tools_diverse_1_recall@10: 0.0060 eval_tools_diverse_2_recall@10: 0.0054 ] 
2024-11-04 01:14:01,361 - mean_metric_value: 0.009981123271859422
2024-11-04 01:14:01,362 - Better Results! Now Saving...
2024-11-04 01:24:25,140 - Step   4000 [eval_arts_recall@10: 0.0130 eval_arts_diverse_0_recall@10: 0.0129 eval_arts_diverse_1_recall@10: 0.0137 eval_arts_diverse_2_recall@10: 0.0162 eval_games_recall@10: 0.0103 eval_games_diverse_0_recall@10: 0.0101 eval_games_diverse_1_recall@10: 0.0096 eval_games_diverse_2_recall@10: 0.0100 eval_home_recall@10: 0.0039 eval_home_diverse_0_recall@10: 0.0045 eval_home_diverse_1_recall@10: 0.0035 eval_home_diverse_2_recall@10: 0.0040 eval_electronics_recall@10: 0.0061 eval_electronics_diverse_0_recall@10: 0.0060 eval_electronics_diverse_1_recall@10: 0.0056 eval_electronics_diverse_2_recall@10: 0.0054 eval_sports_recall@10: 0.0230 eval_sports_diverse_0_recall@10: 0.0202 eval_sports_diverse_1_recall@10: 0.0210 eval_sports_diverse_2_recall@10: 0.0208 eval_tools_recall@10: 0.0062 eval_tools_diverse_0_recall@10: 0.0062 eval_tools_diverse_1_recall@10: 0.0053 eval_tools_diverse_2_recall@10: 0.0055 ] 
2024-11-04 01:24:25,141 - mean_metric_value: 0.010123266832246047
2024-11-04 01:24:25,142 - Better Results! Now Saving...
2024-11-04 01:34:46,801 - Step   5000 [eval_arts_recall@10: 0.0163 eval_arts_diverse_0_recall@10: 0.0148 eval_arts_diverse_1_recall@10: 0.0146 eval_arts_diverse_2_recall@10: 0.0159 eval_games_recall@10: 0.0109 eval_games_diverse_0_recall@10: 0.0116 eval_games_diverse_1_recall@10: 0.0118 eval_games_diverse_2_recall@10: 0.0125 eval_home_recall@10: 0.0041 eval_home_diverse_0_recall@10: 0.0040 eval_home_diverse_1_recall@10: 0.0037 eval_home_diverse_2_recall@10: 0.0037 eval_electronics_recall@10: 0.0071 eval_electronics_diverse_0_recall@10: 0.0069 eval_electronics_diverse_1_recall@10: 0.0065 eval_electronics_diverse_2_recall@10: 0.0060 eval_sports_recall@10: 0.0244 eval_sports_diverse_0_recall@10: 0.0218 eval_sports_diverse_1_recall@10: 0.0235 eval_sports_diverse_2_recall@10: 0.0214 eval_tools_recall@10: 0.0066 eval_tools_diverse_0_recall@10: 0.0057 eval_tools_diverse_1_recall@10: 0.0059 eval_tools_diverse_2_recall@10: 0.0058 ] 
2024-11-04 01:34:46,802 - mean_metric_value: 0.01106516106425886
2024-11-04 01:34:46,803 - Better Results! Now Saving...
2024-11-04 01:45:09,423 - Step   6000 [eval_arts_recall@10: 0.0143 eval_arts_diverse_0_recall@10: 0.0151 eval_arts_diverse_1_recall@10: 0.0140 eval_arts_diverse_2_recall@10: 0.0145 eval_games_recall@10: 0.0104 eval_games_diverse_0_recall@10: 0.0113 eval_games_diverse_1_recall@10: 0.0130 eval_games_diverse_2_recall@10: 0.0128 eval_home_recall@10: 0.0039 eval_home_diverse_0_recall@10: 0.0042 eval_home_diverse_1_recall@10: 0.0035 eval_home_diverse_2_recall@10: 0.0043 eval_electronics_recall@10: 0.0072 eval_electronics_diverse_0_recall@10: 0.0071 eval_electronics_diverse_1_recall@10: 0.0064 eval_electronics_diverse_2_recall@10: 0.0059 eval_sports_recall@10: 0.0238 eval_sports_diverse_0_recall@10: 0.0225 eval_sports_diverse_1_recall@10: 0.0232 eval_sports_diverse_2_recall@10: 0.0223 eval_tools_recall@10: 0.0067 eval_tools_diverse_0_recall@10: 0.0060 eval_tools_diverse_1_recall@10: 0.0063 eval_tools_diverse_2_recall@10: 0.0061 ] 
2024-11-04 01:55:28,287 - Step   7000 [eval_arts_recall@10: 0.0178 eval_arts_diverse_0_recall@10: 0.0150 eval_arts_diverse_1_recall@10: 0.0151 eval_arts_diverse_2_recall@10: 0.0143 eval_games_recall@10: 0.0110 eval_games_diverse_0_recall@10: 0.0124 eval_games_diverse_1_recall@10: 0.0119 eval_games_diverse_2_recall@10: 0.0111 eval_home_recall@10: 0.0041 eval_home_diverse_0_recall@10: 0.0043 eval_home_diverse_1_recall@10: 0.0038 eval_home_diverse_2_recall@10: 0.0039 eval_electronics_recall@10: 0.0066 eval_electronics_diverse_0_recall@10: 0.0066 eval_electronics_diverse_1_recall@10: 0.0062 eval_electronics_diverse_2_recall@10: 0.0059 eval_sports_recall@10: 0.0258 eval_sports_diverse_0_recall@10: 0.0234 eval_sports_diverse_1_recall@10: 0.0256 eval_sports_diverse_2_recall@10: 0.0238 eval_tools_recall@10: 0.0071 eval_tools_diverse_0_recall@10: 0.0059 eval_tools_diverse_1_recall@10: 0.0065 eval_tools_diverse_2_recall@10: 0.0057 ] 
2024-11-04 01:55:28,288 - mean_metric_value: 0.011407507598921715
2024-11-04 01:55:28,289 - Better Results! Now Saving...
2024-11-04 02:05:51,091 - Step   8000 [eval_arts_recall@10: 0.0159 eval_arts_diverse_0_recall@10: 0.0174 eval_arts_diverse_1_recall@10: 0.0164 eval_arts_diverse_2_recall@10: 0.0174 eval_games_recall@10: 0.0112 eval_games_diverse_0_recall@10: 0.0126 eval_games_diverse_1_recall@10: 0.0117 eval_games_diverse_2_recall@10: 0.0126 eval_home_recall@10: 0.0044 eval_home_diverse_0_recall@10: 0.0046 eval_home_diverse_1_recall@10: 0.0038 eval_home_diverse_2_recall@10: 0.0044 eval_electronics_recall@10: 0.0064 eval_electronics_diverse_0_recall@10: 0.0064 eval_electronics_diverse_1_recall@10: 0.0060 eval_electronics_diverse_2_recall@10: 0.0058 eval_sports_recall@10: 0.0275 eval_sports_diverse_0_recall@10: 0.0251 eval_sports_diverse_1_recall@10: 0.0245 eval_sports_diverse_2_recall@10: 0.0245 eval_tools_recall@10: 0.0074 eval_tools_diverse_0_recall@10: 0.0062 eval_tools_diverse_1_recall@10: 0.0060 eval_tools_diverse_2_recall@10: 0.0067 ] 
2024-11-04 02:05:51,092 - mean_metric_value: 0.01186801857823609
2024-11-04 02:05:51,092 - Better Results! Now Saving...
2024-11-04 02:16:12,263 - Step   9000 [eval_arts_recall@10: 0.0150 eval_arts_diverse_0_recall@10: 0.0159 eval_arts_diverse_1_recall@10: 0.0142 eval_arts_diverse_2_recall@10: 0.0154 eval_games_recall@10: 0.0104 eval_games_diverse_0_recall@10: 0.0121 eval_games_diverse_1_recall@10: 0.0117 eval_games_diverse_2_recall@10: 0.0127 eval_home_recall@10: 0.0042 eval_home_diverse_0_recall@10: 0.0046 eval_home_diverse_1_recall@10: 0.0041 eval_home_diverse_2_recall@10: 0.0042 eval_electronics_recall@10: 0.0070 eval_electronics_diverse_0_recall@10: 0.0063 eval_electronics_diverse_1_recall@10: 0.0054 eval_electronics_diverse_2_recall@10: 0.0060 eval_sports_recall@10: 0.0262 eval_sports_diverse_0_recall@10: 0.0243 eval_sports_diverse_1_recall@10: 0.0264 eval_sports_diverse_2_recall@10: 0.0247 eval_tools_recall@10: 0.0074 eval_tools_diverse_0_recall@10: 0.0065 eval_tools_diverse_1_recall@10: 0.0061 eval_tools_diverse_2_recall@10: 0.0068 ] 
2024-11-04 02:26:30,502 - Step  10000 [eval_arts_recall@10: 0.0177 eval_arts_diverse_0_recall@10: 0.0152 eval_arts_diverse_1_recall@10: 0.0145 eval_arts_diverse_2_recall@10: 0.0154 eval_games_recall@10: 0.0118 eval_games_diverse_0_recall@10: 0.0127 eval_games_diverse_1_recall@10: 0.0128 eval_games_diverse_2_recall@10: 0.0138 eval_home_recall@10: 0.0043 eval_home_diverse_0_recall@10: 0.0046 eval_home_diverse_1_recall@10: 0.0046 eval_home_diverse_2_recall@10: 0.0046 eval_electronics_recall@10: 0.0067 eval_electronics_diverse_0_recall@10: 0.0070 eval_electronics_diverse_1_recall@10: 0.0058 eval_electronics_diverse_2_recall@10: 0.0061 eval_sports_recall@10: 0.0276 eval_sports_diverse_0_recall@10: 0.0254 eval_sports_diverse_1_recall@10: 0.0275 eval_sports_diverse_2_recall@10: 0.0244 eval_tools_recall@10: 0.0074 eval_tools_diverse_0_recall@10: 0.0067 eval_tools_diverse_1_recall@10: 0.0069 eval_tools_diverse_2_recall@10: 0.0069 ] 
2024-11-04 02:26:30,504 - mean_metric_value: 0.012102256305929706
2024-11-04 02:26:30,504 - Better Results! Now Saving...
2024-11-04 02:36:53,596 - Step  11000 [eval_arts_recall@10: 0.0187 eval_arts_diverse_0_recall@10: 0.0176 eval_arts_diverse_1_recall@10: 0.0153 eval_arts_diverse_2_recall@10: 0.0163 eval_games_recall@10: 0.0110 eval_games_diverse_0_recall@10: 0.0124 eval_games_diverse_1_recall@10: 0.0130 eval_games_diverse_2_recall@10: 0.0129 eval_home_recall@10: 0.0043 eval_home_diverse_0_recall@10: 0.0049 eval_home_diverse_1_recall@10: 0.0046 eval_home_diverse_2_recall@10: 0.0044 eval_electronics_recall@10: 0.0067 eval_electronics_diverse_0_recall@10: 0.0062 eval_electronics_diverse_1_recall@10: 0.0057 eval_electronics_diverse_2_recall@10: 0.0059 eval_sports_recall@10: 0.0276 eval_sports_diverse_0_recall@10: 0.0261 eval_sports_diverse_1_recall@10: 0.0259 eval_sports_diverse_2_recall@10: 0.0260 eval_tools_recall@10: 0.0074 eval_tools_diverse_0_recall@10: 0.0073 eval_tools_diverse_1_recall@10: 0.0066 eval_tools_diverse_2_recall@10: 0.0068 ] 
2024-11-04 02:36:53,596 - mean_metric_value: 0.012235290594995502
2024-11-04 02:36:53,597 - Better Results! Now Saving...
2024-11-04 02:47:20,143 - Step  12000 [eval_arts_recall@10: 0.0165 eval_arts_diverse_0_recall@10: 0.0171 eval_arts_diverse_1_recall@10: 0.0141 eval_arts_diverse_2_recall@10: 0.0152 eval_games_recall@10: 0.0107 eval_games_diverse_0_recall@10: 0.0114 eval_games_diverse_1_recall@10: 0.0122 eval_games_diverse_2_recall@10: 0.0135 eval_home_recall@10: 0.0046 eval_home_diverse_0_recall@10: 0.0046 eval_home_diverse_1_recall@10: 0.0049 eval_home_diverse_2_recall@10: 0.0042 eval_electronics_recall@10: 0.0065 eval_electronics_diverse_0_recall@10: 0.0064 eval_electronics_diverse_1_recall@10: 0.0058 eval_electronics_diverse_2_recall@10: 0.0058 eval_sports_recall@10: 0.0274 eval_sports_diverse_0_recall@10: 0.0256 eval_sports_diverse_1_recall@10: 0.0261 eval_sports_diverse_2_recall@10: 0.0260 eval_tools_recall@10: 0.0071 eval_tools_diverse_0_recall@10: 0.0072 eval_tools_diverse_1_recall@10: 0.0065 eval_tools_diverse_2_recall@10: 0.0066 ] 
2024-11-04 02:57:39,475 - Step  13000 [eval_arts_recall@10: 0.0160 eval_arts_diverse_0_recall@10: 0.0169 eval_arts_diverse_1_recall@10: 0.0159 eval_arts_diverse_2_recall@10: 0.0161 eval_games_recall@10: 0.0115 eval_games_diverse_0_recall@10: 0.0128 eval_games_diverse_1_recall@10: 0.0128 eval_games_diverse_2_recall@10: 0.0128 eval_home_recall@10: 0.0047 eval_home_diverse_0_recall@10: 0.0047 eval_home_diverse_1_recall@10: 0.0039 eval_home_diverse_2_recall@10: 0.0047 eval_electronics_recall@10: 0.0067 eval_electronics_diverse_0_recall@10: 0.0071 eval_electronics_diverse_1_recall@10: 0.0061 eval_electronics_diverse_2_recall@10: 0.0063 eval_sports_recall@10: 0.0280 eval_sports_diverse_0_recall@10: 0.0255 eval_sports_diverse_1_recall@10: 0.0261 eval_sports_diverse_2_recall@10: 0.0247 eval_tools_recall@10: 0.0075 eval_tools_diverse_0_recall@10: 0.0068 eval_tools_diverse_1_recall@10: 0.0062 eval_tools_diverse_2_recall@10: 0.0070 ] 
2024-11-04 03:07:59,216 - Step  14000 [eval_arts_recall@10: 0.0177 eval_arts_diverse_0_recall@10: 0.0163 eval_arts_diverse_1_recall@10: 0.0169 eval_arts_diverse_2_recall@10: 0.0171 eval_games_recall@10: 0.0110 eval_games_diverse_0_recall@10: 0.0126 eval_games_diverse_1_recall@10: 0.0120 eval_games_diverse_2_recall@10: 0.0136 eval_home_recall@10: 0.0044 eval_home_diverse_0_recall@10: 0.0049 eval_home_diverse_1_recall@10: 0.0047 eval_home_diverse_2_recall@10: 0.0047 eval_electronics_recall@10: 0.0076 eval_electronics_diverse_0_recall@10: 0.0065 eval_electronics_diverse_1_recall@10: 0.0056 eval_electronics_diverse_2_recall@10: 0.0066 eval_sports_recall@10: 0.0284 eval_sports_diverse_0_recall@10: 0.0266 eval_sports_diverse_1_recall@10: 0.0267 eval_sports_diverse_2_recall@10: 0.0264 eval_tools_recall@10: 0.0073 eval_tools_diverse_0_recall@10: 0.0071 eval_tools_diverse_1_recall@10: 0.0070 eval_tools_diverse_2_recall@10: 0.0070 ] 
2024-11-04 03:07:59,217 - mean_metric_value: 0.01243716301208047
2024-11-04 03:07:59,217 - Better Results! Now Saving...
2024-11-04 03:18:26,756 - Step  15000 [eval_arts_recall@10: 0.0177 eval_arts_diverse_0_recall@10: 0.0150 eval_arts_diverse_1_recall@10: 0.0158 eval_arts_diverse_2_recall@10: 0.0171 eval_games_recall@10: 0.0109 eval_games_diverse_0_recall@10: 0.0136 eval_games_diverse_1_recall@10: 0.0126 eval_games_diverse_2_recall@10: 0.0138 eval_home_recall@10: 0.0045 eval_home_diverse_0_recall@10: 0.0050 eval_home_diverse_1_recall@10: 0.0044 eval_home_diverse_2_recall@10: 0.0043 eval_electronics_recall@10: 0.0065 eval_electronics_diverse_0_recall@10: 0.0068 eval_electronics_diverse_1_recall@10: 0.0057 eval_electronics_diverse_2_recall@10: 0.0062 eval_sports_recall@10: 0.0282 eval_sports_diverse_0_recall@10: 0.0265 eval_sports_diverse_1_recall@10: 0.0262 eval_sports_diverse_2_recall@10: 0.0252 eval_tools_recall@10: 0.0076 eval_tools_diverse_0_recall@10: 0.0067 eval_tools_diverse_1_recall@10: 0.0067 eval_tools_diverse_2_recall@10: 0.0073 ] 
2024-11-04 03:28:47,287 - Step  16000 [eval_arts_recall@10: 0.0156 eval_arts_diverse_0_recall@10: 0.0163 eval_arts_diverse_1_recall@10: 0.0170 eval_arts_diverse_2_recall@10: 0.0161 eval_games_recall@10: 0.0108 eval_games_diverse_0_recall@10: 0.0131 eval_games_diverse_1_recall@10: 0.0122 eval_games_diverse_2_recall@10: 0.0136 eval_home_recall@10: 0.0047 eval_home_diverse_0_recall@10: 0.0047 eval_home_diverse_1_recall@10: 0.0042 eval_home_diverse_2_recall@10: 0.0044 eval_electronics_recall@10: 0.0072 eval_electronics_diverse_0_recall@10: 0.0067 eval_electronics_diverse_1_recall@10: 0.0058 eval_electronics_diverse_2_recall@10: 0.0055 eval_sports_recall@10: 0.0283 eval_sports_diverse_0_recall@10: 0.0259 eval_sports_diverse_1_recall@10: 0.0278 eval_sports_diverse_2_recall@10: 0.0253 eval_tools_recall@10: 0.0076 eval_tools_diverse_0_recall@10: 0.0064 eval_tools_diverse_1_recall@10: 0.0070 eval_tools_diverse_2_recall@10: 0.0070 ] 
2024-11-04 03:39:09,275 - Step  17000 [eval_arts_recall@10: 0.0166 eval_arts_diverse_0_recall@10: 0.0153 eval_arts_diverse_1_recall@10: 0.0160 eval_arts_diverse_2_recall@10: 0.0157 eval_games_recall@10: 0.0100 eval_games_diverse_0_recall@10: 0.0128 eval_games_diverse_1_recall@10: 0.0125 eval_games_diverse_2_recall@10: 0.0134 eval_home_recall@10: 0.0048 eval_home_diverse_0_recall@10: 0.0051 eval_home_diverse_1_recall@10: 0.0045 eval_home_diverse_2_recall@10: 0.0044 eval_electronics_recall@10: 0.0069 eval_electronics_diverse_0_recall@10: 0.0071 eval_electronics_diverse_1_recall@10: 0.0061 eval_electronics_diverse_2_recall@10: 0.0062 eval_sports_recall@10: 0.0289 eval_sports_diverse_0_recall@10: 0.0259 eval_sports_diverse_1_recall@10: 0.0264 eval_sports_diverse_2_recall@10: 0.0262 eval_tools_recall@10: 0.0074 eval_tools_diverse_0_recall@10: 0.0064 eval_tools_diverse_1_recall@10: 0.0067 eval_tools_diverse_2_recall@10: 0.0066 ] 
2024-11-04 03:49:35,820 - Step  18000 [eval_arts_recall@10: 0.0171 eval_arts_diverse_0_recall@10: 0.0169 eval_arts_diverse_1_recall@10: 0.0147 eval_arts_diverse_2_recall@10: 0.0175 eval_games_recall@10: 0.0106 eval_games_diverse_0_recall@10: 0.0134 eval_games_diverse_1_recall@10: 0.0123 eval_games_diverse_2_recall@10: 0.0134 eval_home_recall@10: 0.0043 eval_home_diverse_0_recall@10: 0.0049 eval_home_diverse_1_recall@10: 0.0041 eval_home_diverse_2_recall@10: 0.0043 eval_electronics_recall@10: 0.0075 eval_electronics_diverse_0_recall@10: 0.0067 eval_electronics_diverse_1_recall@10: 0.0059 eval_electronics_diverse_2_recall@10: 0.0062 eval_sports_recall@10: 0.0279 eval_sports_diverse_0_recall@10: 0.0266 eval_sports_diverse_1_recall@10: 0.0272 eval_sports_diverse_2_recall@10: 0.0251 eval_tools_recall@10: 0.0078 eval_tools_diverse_0_recall@10: 0.0066 eval_tools_diverse_1_recall@10: 0.0066 eval_tools_diverse_2_recall@10: 0.0068 ] 
2024-11-04 03:59:57,832 - Step  19000 [eval_arts_recall@10: 0.0173 eval_arts_diverse_0_recall@10: 0.0163 eval_arts_diverse_1_recall@10: 0.0156 eval_arts_diverse_2_recall@10: 0.0167 eval_games_recall@10: 0.0110 eval_games_diverse_0_recall@10: 0.0127 eval_games_diverse_1_recall@10: 0.0123 eval_games_diverse_2_recall@10: 0.0138 eval_home_recall@10: 0.0045 eval_home_diverse_0_recall@10: 0.0052 eval_home_diverse_1_recall@10: 0.0045 eval_home_diverse_2_recall@10: 0.0039 eval_electronics_recall@10: 0.0076 eval_electronics_diverse_0_recall@10: 0.0073 eval_electronics_diverse_1_recall@10: 0.0060 eval_electronics_diverse_2_recall@10: 0.0063 eval_sports_recall@10: 0.0290 eval_sports_diverse_0_recall@10: 0.0254 eval_sports_diverse_1_recall@10: 0.0268 eval_sports_diverse_2_recall@10: 0.0258 eval_tools_recall@10: 0.0079 eval_tools_diverse_0_recall@10: 0.0067 eval_tools_diverse_1_recall@10: 0.0073 eval_tools_diverse_2_recall@10: 0.0070 ] 
2024-11-04 04:10:18,537 - Step  20000 [eval_arts_recall@10: 0.0172 eval_arts_diverse_0_recall@10: 0.0160 eval_arts_diverse_1_recall@10: 0.0145 eval_arts_diverse_2_recall@10: 0.0166 eval_games_recall@10: 0.0110 eval_games_diverse_0_recall@10: 0.0131 eval_games_diverse_1_recall@10: 0.0126 eval_games_diverse_2_recall@10: 0.0134 eval_home_recall@10: 0.0044 eval_home_diverse_0_recall@10: 0.0052 eval_home_diverse_1_recall@10: 0.0046 eval_home_diverse_2_recall@10: 0.0043 eval_electronics_recall@10: 0.0075 eval_electronics_diverse_0_recall@10: 0.0071 eval_electronics_diverse_1_recall@10: 0.0059 eval_electronics_diverse_2_recall@10: 0.0065 eval_sports_recall@10: 0.0278 eval_sports_diverse_0_recall@10: 0.0260 eval_sports_diverse_1_recall@10: 0.0271 eval_sports_diverse_2_recall@10: 0.0253 eval_tools_recall@10: 0.0075 eval_tools_diverse_0_recall@10: 0.0067 eval_tools_diverse_1_recall@10: 0.0071 eval_tools_diverse_2_recall@10: 0.0070 ] 
2024-11-04 04:20:40,051 - Step  21000 [eval_arts_recall@10: 0.0185 eval_arts_diverse_0_recall@10: 0.0179 eval_arts_diverse_1_recall@10: 0.0150 eval_arts_diverse_2_recall@10: 0.0163 eval_games_recall@10: 0.0109 eval_games_diverse_0_recall@10: 0.0126 eval_games_diverse_1_recall@10: 0.0126 eval_games_diverse_2_recall@10: 0.0131 eval_home_recall@10: 0.0041 eval_home_diverse_0_recall@10: 0.0052 eval_home_diverse_1_recall@10: 0.0047 eval_home_diverse_2_recall@10: 0.0042 eval_electronics_recall@10: 0.0074 eval_electronics_diverse_0_recall@10: 0.0068 eval_electronics_diverse_1_recall@10: 0.0060 eval_electronics_diverse_2_recall@10: 0.0062 eval_sports_recall@10: 0.0279 eval_sports_diverse_0_recall@10: 0.0267 eval_sports_diverse_1_recall@10: 0.0270 eval_sports_diverse_2_recall@10: 0.0260 eval_tools_recall@10: 0.0074 eval_tools_diverse_0_recall@10: 0.0067 eval_tools_diverse_1_recall@10: 0.0070 eval_tools_diverse_2_recall@10: 0.0070 ] 
2024-11-04 04:30:59,020 - Step  22000 [eval_arts_recall@10: 0.0187 eval_arts_diverse_0_recall@10: 0.0163 eval_arts_diverse_1_recall@10: 0.0153 eval_arts_diverse_2_recall@10: 0.0164 eval_games_recall@10: 0.0113 eval_games_diverse_0_recall@10: 0.0126 eval_games_diverse_1_recall@10: 0.0131 eval_games_diverse_2_recall@10: 0.0135 eval_home_recall@10: 0.0044 eval_home_diverse_0_recall@10: 0.0052 eval_home_diverse_1_recall@10: 0.0043 eval_home_diverse_2_recall@10: 0.0047 eval_electronics_recall@10: 0.0074 eval_electronics_diverse_0_recall@10: 0.0070 eval_electronics_diverse_1_recall@10: 0.0061 eval_electronics_diverse_2_recall@10: 0.0061 eval_sports_recall@10: 0.0277 eval_sports_diverse_0_recall@10: 0.0254 eval_sports_diverse_1_recall@10: 0.0269 eval_sports_diverse_2_recall@10: 0.0253 eval_tools_recall@10: 0.0080 eval_tools_diverse_0_recall@10: 0.0067 eval_tools_diverse_1_recall@10: 0.0071 eval_tools_diverse_2_recall@10: 0.0066 ] 
2024-11-04 04:41:18,487 - Step  23000 [eval_arts_recall@10: 0.0167 eval_arts_diverse_0_recall@10: 0.0183 eval_arts_diverse_1_recall@10: 0.0156 eval_arts_diverse_2_recall@10: 0.0155 eval_games_recall@10: 0.0113 eval_games_diverse_0_recall@10: 0.0129 eval_games_diverse_1_recall@10: 0.0130 eval_games_diverse_2_recall@10: 0.0136 eval_home_recall@10: 0.0044 eval_home_diverse_0_recall@10: 0.0049 eval_home_diverse_1_recall@10: 0.0043 eval_home_diverse_2_recall@10: 0.0043 eval_electronics_recall@10: 0.0074 eval_electronics_diverse_0_recall@10: 0.0069 eval_electronics_diverse_1_recall@10: 0.0062 eval_electronics_diverse_2_recall@10: 0.0056 eval_sports_recall@10: 0.0277 eval_sports_diverse_0_recall@10: 0.0256 eval_sports_diverse_1_recall@10: 0.0273 eval_sports_diverse_2_recall@10: 0.0253 eval_tools_recall@10: 0.0079 eval_tools_diverse_0_recall@10: 0.0069 eval_tools_diverse_1_recall@10: 0.0070 eval_tools_diverse_2_recall@10: 0.0071 ] 
2024-11-04 04:51:37,906 - Step  24000 [eval_arts_recall@10: 0.0188 eval_arts_diverse_0_recall@10: 0.0176 eval_arts_diverse_1_recall@10: 0.0146 eval_arts_diverse_2_recall@10: 0.0169 eval_games_recall@10: 0.0114 eval_games_diverse_0_recall@10: 0.0130 eval_games_diverse_1_recall@10: 0.0127 eval_games_diverse_2_recall@10: 0.0136 eval_home_recall@10: 0.0042 eval_home_diverse_0_recall@10: 0.0048 eval_home_diverse_1_recall@10: 0.0042 eval_home_diverse_2_recall@10: 0.0042 eval_electronics_recall@10: 0.0076 eval_electronics_diverse_0_recall@10: 0.0069 eval_electronics_diverse_1_recall@10: 0.0060 eval_electronics_diverse_2_recall@10: 0.0062 eval_sports_recall@10: 0.0280 eval_sports_diverse_0_recall@10: 0.0259 eval_sports_diverse_1_recall@10: 0.0275 eval_sports_diverse_2_recall@10: 0.0254 eval_tools_recall@10: 0.0078 eval_tools_diverse_0_recall@10: 0.0068 eval_tools_diverse_1_recall@10: 0.0069 eval_tools_diverse_2_recall@10: 0.0070 ] 
