2024-11-03 01:02:41,048 - {'optimizer': {'name': 'adam', 'lr': 0.001, 'weight_decay': 0}, 'train': {'epoch': 3000, 'batch_size': 4096, 'save_model': False, 'loss': 'pairwise', 'test_step': 3, 'reproducible': True, 'seed': 2024, 'patience': 5}, 'test': {'metrics': ['recall', 'ndcg'], 'k': [5, 10, 20], 'batch_size': 1024}, 'data': {'type': 'general_cf', 'name': 'movies', 'user_num': 16994, 'item_num': 9370}, 'model': {'name': 'lightgcn_plus', 'keep_rate': 0.8, 'embedding_size': 32, 'layer_num': 3, 'reg_weight': 1e-08, 'kd_weight': 0.001, 'kd_temperature': 0.1, 'steam': {'easyrec-roberta-large': {'layer_num': 3, 'reg_weight': 1e-08, 'kd_weight': 0.01, 'kd_temperature': 0.5}}}}
2024-11-03 01:02:41,653 - Hyper Parameters: {'name': 'lightgcn_plus', 'keep_rate': 0.8, 'embedding_size': 32, 'layer_num': 3, 'reg_weight': 1e-08, 'kd_weight': 0.001, 'kd_temperature': 0.1, 'steam': {'easyrec-roberta-large': {'layer_num': 3, 'reg_weight': 1e-08, 'kd_weight': 0.01, 'kd_temperature': 0.5}}}
2024-11-03 01:02:45,220 - Epoch   0 Validation set [recall@5: 0.0375 recall@10: 0.0554 recall@20: 0.0831 ] [ndcg@5: 0.0290 ndcg@10: 0.0353 ndcg@20: 0.0428 ] 
2024-11-03 01:02:51,890 - Epoch   3 Validation set [recall@5: 0.0246 recall@10: 0.0409 recall@20: 0.0646 ] [ndcg@5: 0.0200 ndcg@10: 0.0257 ndcg@20: 0.0322 ] 
2024-11-03 01:02:58,393 - Epoch   6 Validation set [recall@5: 0.0294 recall@10: 0.0464 recall@20: 0.0751 ] [ndcg@5: 0.0235 ndcg@10: 0.0295 ndcg@20: 0.0375 ] 
2024-11-03 01:03:04,879 - Epoch   9 Validation set [recall@5: 0.0325 recall@10: 0.0538 recall@20: 0.0850 ] [ndcg@5: 0.0263 ndcg@10: 0.0337 ndcg@20: 0.0423 ] 
2024-11-03 01:03:11,545 - Epoch  12 Validation set [recall@5: 0.0358 recall@10: 0.0589 recall@20: 0.0927 ] [ndcg@5: 0.0284 ndcg@10: 0.0365 ndcg@20: 0.0459 ] 
2024-11-03 01:03:18,101 - Epoch  15 Validation set [recall@5: 0.0397 recall@10: 0.0639 recall@20: 0.0988 ] [ndcg@5: 0.0309 ndcg@10: 0.0393 ndcg@20: 0.0490 ] 
2024-11-03 01:03:24,829 - Epoch  18 Validation set [recall@5: 0.0424 recall@10: 0.0667 recall@20: 0.1034 ] [ndcg@5: 0.0329 ndcg@10: 0.0413 ndcg@20: 0.0515 ] 
2024-11-03 01:03:31,262 - Epoch  21 Validation set [recall@5: 0.0437 recall@10: 0.0699 recall@20: 0.1077 ] [ndcg@5: 0.0343 ndcg@10: 0.0433 ndcg@20: 0.0539 ] 
2024-11-03 01:03:37,817 - Epoch  24 Validation set [recall@5: 0.0464 recall@10: 0.0738 recall@20: 0.1124 ] [ndcg@5: 0.0360 ndcg@10: 0.0454 ndcg@20: 0.0562 ] 
2024-11-03 01:03:44,206 - Epoch  27 Validation set [recall@5: 0.0492 recall@10: 0.0763 recall@20: 0.1175 ] [ndcg@5: 0.0380 ndcg@10: 0.0474 ndcg@20: 0.0589 ] 
2024-11-03 01:03:50,673 - Epoch  30 Validation set [recall@5: 0.0502 recall@10: 0.0807 recall@20: 0.1203 ] [ndcg@5: 0.0392 ndcg@10: 0.0499 ndcg@20: 0.0609 ] 
2024-11-03 01:03:57,227 - Epoch  33 Validation set [recall@5: 0.0530 recall@10: 0.0839 recall@20: 0.1238 ] [ndcg@5: 0.0407 ndcg@10: 0.0515 ndcg@20: 0.0627 ] 
2024-11-03 01:04:03,997 - Epoch  36 Validation set [recall@5: 0.0544 recall@10: 0.0858 recall@20: 0.1268 ] [ndcg@5: 0.0419 ndcg@10: 0.0528 ndcg@20: 0.0644 ] 
2024-11-03 01:04:10,318 - Epoch  39 Validation set [recall@5: 0.0557 recall@10: 0.0884 recall@20: 0.1297 ] [ndcg@5: 0.0431 ndcg@10: 0.0545 ndcg@20: 0.0661 ] 
2024-11-03 01:04:16,487 - Epoch  42 Validation set [recall@5: 0.0568 recall@10: 0.0925 recall@20: 0.1324 ] [ndcg@5: 0.0441 ndcg@10: 0.0566 ndcg@20: 0.0677 ] 
2024-11-03 01:04:22,591 - Epoch  45 Validation set [recall@5: 0.0585 recall@10: 0.0921 recall@20: 0.1354 ] [ndcg@5: 0.0451 ndcg@10: 0.0570 ndcg@20: 0.0690 ] 
2024-11-03 01:04:28,944 - Epoch  48 Validation set [recall@5: 0.0602 recall@10: 0.0945 recall@20: 0.1372 ] [ndcg@5: 0.0461 ndcg@10: 0.0583 ndcg@20: 0.0702 ] 
2024-11-03 01:04:35,158 - Epoch  51 Validation set [recall@5: 0.0620 recall@10: 0.0959 recall@20: 0.1384 ] [ndcg@5: 0.0473 ndcg@10: 0.0593 ndcg@20: 0.0712 ] 
2024-11-03 01:04:41,415 - Epoch  54 Validation set [recall@5: 0.0638 recall@10: 0.0970 recall@20: 0.1388 ] [ndcg@5: 0.0482 ndcg@10: 0.0600 ndcg@20: 0.0717 ] 
2024-11-03 01:04:47,847 - Epoch  57 Validation set [recall@5: 0.0648 recall@10: 0.0979 recall@20: 0.1397 ] [ndcg@5: 0.0492 ndcg@10: 0.0609 ndcg@20: 0.0726 ] 
2024-11-03 01:04:53,894 - Epoch  60 Validation set [recall@5: 0.0658 recall@10: 0.0996 recall@20: 0.1429 ] [ndcg@5: 0.0501 ndcg@10: 0.0620 ndcg@20: 0.0742 ] 
2024-11-03 01:05:00,197 - Epoch  63 Validation set [recall@5: 0.0686 recall@10: 0.1011 recall@20: 0.1444 ] [ndcg@5: 0.0520 ndcg@10: 0.0635 ndcg@20: 0.0756 ] 
2024-11-03 01:05:06,528 - Epoch  66 Validation set [recall@5: 0.0698 recall@10: 0.1032 recall@20: 0.1458 ] [ndcg@5: 0.0526 ndcg@10: 0.0644 ndcg@20: 0.0763 ] 
2024-11-03 01:05:12,599 - Epoch  69 Validation set [recall@5: 0.0705 recall@10: 0.1039 recall@20: 0.1480 ] [ndcg@5: 0.0533 ndcg@10: 0.0650 ndcg@20: 0.0774 ] 
2024-11-03 01:05:18,705 - Epoch  72 Validation set [recall@5: 0.0713 recall@10: 0.1048 recall@20: 0.1492 ] [ndcg@5: 0.0543 ndcg@10: 0.0660 ndcg@20: 0.0785 ] 
2024-11-03 01:05:24,878 - Epoch  75 Validation set [recall@5: 0.0725 recall@10: 0.1068 recall@20: 0.1495 ] [ndcg@5: 0.0552 ndcg@10: 0.0672 ndcg@20: 0.0792 ] 
2024-11-03 01:05:31,066 - Epoch  78 Validation set [recall@5: 0.0715 recall@10: 0.1081 recall@20: 0.1497 ] [ndcg@5: 0.0549 ndcg@10: 0.0676 ndcg@20: 0.0793 ] 
2024-11-03 01:05:37,195 - Epoch  81 Validation set [recall@5: 0.0717 recall@10: 0.1087 recall@20: 0.1517 ] [ndcg@5: 0.0549 ndcg@10: 0.0679 ndcg@20: 0.0799 ] 
2024-11-03 01:05:43,325 - Epoch  84 Validation set [recall@5: 0.0730 recall@10: 0.1091 recall@20: 0.1525 ] [ndcg@5: 0.0557 ndcg@10: 0.0683 ndcg@20: 0.0805 ] 
2024-11-03 01:05:49,470 - Epoch  87 Validation set [recall@5: 0.0732 recall@10: 0.1103 recall@20: 0.1540 ] [ndcg@5: 0.0565 ndcg@10: 0.0694 ndcg@20: 0.0816 ] 
2024-11-03 01:05:55,669 - Epoch  90 Validation set [recall@5: 0.0744 recall@10: 0.1106 recall@20: 0.1549 ] [ndcg@5: 0.0573 ndcg@10: 0.0699 ndcg@20: 0.0822 ] 
2024-11-03 01:06:01,952 - Epoch  93 Validation set [recall@5: 0.0746 recall@10: 0.1117 recall@20: 0.1547 ] [ndcg@5: 0.0574 ndcg@10: 0.0704 ndcg@20: 0.0824 ] 
2024-11-03 01:06:09,576 - Epoch  96 Validation set [recall@5: 0.0767 recall@10: 0.1127 recall@20: 0.1553 ] [ndcg@5: 0.0583 ndcg@10: 0.0708 ndcg@20: 0.0827 ] 
2024-11-03 01:06:23,525 - Epoch  99 Validation set [recall@5: 0.0768 recall@10: 0.1132 recall@20: 0.1569 ] [ndcg@5: 0.0589 ndcg@10: 0.0717 ndcg@20: 0.0838 ] 
2024-11-03 01:06:37,594 - Epoch 102 Validation set [recall@5: 0.0781 recall@10: 0.1133 recall@20: 0.1569 ] [ndcg@5: 0.0598 ndcg@10: 0.0722 ndcg@20: 0.0843 ] 
2024-11-03 01:06:51,608 - Epoch 105 Validation set [recall@5: 0.0786 recall@10: 0.1136 recall@20: 0.1585 ] [ndcg@5: 0.0602 ndcg@10: 0.0724 ndcg@20: 0.0849 ] 
2024-11-03 01:07:06,032 - Epoch 108 Validation set [recall@5: 0.0793 recall@10: 0.1141 recall@20: 0.1589 ] [ndcg@5: 0.0606 ndcg@10: 0.0727 ndcg@20: 0.0852 ] 
2024-11-03 01:07:21,544 - Epoch 111 Validation set [recall@5: 0.0796 recall@10: 0.1152 recall@20: 0.1594 ] [ndcg@5: 0.0612 ndcg@10: 0.0736 ndcg@20: 0.0859 ] 
2024-11-03 01:07:35,599 - Epoch 114 Validation set [recall@5: 0.0800 recall@10: 0.1158 recall@20: 0.1592 ] [ndcg@5: 0.0615 ndcg@10: 0.0740 ndcg@20: 0.0861 ] 
2024-11-03 01:07:50,118 - Epoch 117 Validation set [recall@5: 0.0797 recall@10: 0.1152 recall@20: 0.1586 ] [ndcg@5: 0.0615 ndcg@10: 0.0740 ndcg@20: 0.0861 ] 
2024-11-03 01:08:05,878 - Epoch 120 Validation set [recall@5: 0.0818 recall@10: 0.1155 recall@20: 0.1602 ] [ndcg@5: 0.0625 ndcg@10: 0.0743 ndcg@20: 0.0868 ] 
2024-11-03 01:08:20,348 - Epoch 123 Validation set [recall@5: 0.0816 recall@10: 0.1164 recall@20: 0.1603 ] [ndcg@5: 0.0627 ndcg@10: 0.0749 ndcg@20: 0.0871 ] 
2024-11-03 01:08:34,493 - Epoch 126 Validation set [recall@5: 0.0814 recall@10: 0.1175 recall@20: 0.1598 ] [ndcg@5: 0.0625 ndcg@10: 0.0752 ndcg@20: 0.0870 ] 
2024-11-03 01:08:49,883 - Epoch 129 Validation set [recall@5: 0.0820 recall@10: 0.1171 recall@20: 0.1608 ] [ndcg@5: 0.0629 ndcg@10: 0.0752 ndcg@20: 0.0874 ] 
2024-11-03 01:09:04,589 - Epoch 132 Validation set [recall@5: 0.0816 recall@10: 0.1180 recall@20: 0.1616 ] [ndcg@5: 0.0627 ndcg@10: 0.0754 ndcg@20: 0.0876 ] 
2024-11-03 01:09:18,635 - Epoch 135 Validation set [recall@5: 0.0816 recall@10: 0.1178 recall@20: 0.1615 ] [ndcg@5: 0.0631 ndcg@10: 0.0758 ndcg@20: 0.0880 ] 
2024-11-03 01:09:33,932 - Epoch 138 Validation set [recall@5: 0.0824 recall@10: 0.1181 recall@20: 0.1621 ] [ndcg@5: 0.0631 ndcg@10: 0.0757 ndcg@20: 0.0880 ] 
2024-11-03 01:09:48,028 - Epoch 141 Validation set [recall@5: 0.0824 recall@10: 0.1183 recall@20: 0.1623 ] [ndcg@5: 0.0634 ndcg@10: 0.0760 ndcg@20: 0.0883 ] 
2024-11-03 01:10:02,370 - Epoch 144 Validation set [recall@5: 0.0826 recall@10: 0.1182 recall@20: 0.1623 ] [ndcg@5: 0.0639 ndcg@10: 0.0763 ndcg@20: 0.0887 ] 
2024-11-03 01:10:18,105 - Epoch 147 Validation set [recall@5: 0.0822 recall@10: 0.1176 recall@20: 0.1620 ] [ndcg@5: 0.0641 ndcg@10: 0.0765 ndcg@20: 0.0890 ] 
2024-11-03 01:10:32,332 - Epoch 150 Validation set [recall@5: 0.0824 recall@10: 0.1180 recall@20: 0.1619 ] [ndcg@5: 0.0639 ndcg@10: 0.0764 ndcg@20: 0.0887 ] 
2024-11-03 01:10:46,490 - Epoch 153 Validation set [recall@5: 0.0827 recall@10: 0.1190 recall@20: 0.1620 ] [ndcg@5: 0.0641 ndcg@10: 0.0768 ndcg@20: 0.0888 ] 
2024-11-03 01:11:02,536 - Epoch 156 Validation set [recall@5: 0.0826 recall@10: 0.1193 recall@20: 0.1632 ] [ndcg@5: 0.0645 ndcg@10: 0.0773 ndcg@20: 0.0896 ] 
2024-11-03 01:11:17,121 - Epoch 159 Validation set [recall@5: 0.0823 recall@10: 0.1190 recall@20: 0.1628 ] [ndcg@5: 0.0641 ndcg@10: 0.0769 ndcg@20: 0.0892 ] 
2024-11-03 01:11:32,165 - Epoch 162 Validation set [recall@5: 0.0822 recall@10: 0.1188 recall@20: 0.1629 ] [ndcg@5: 0.0641 ndcg@10: 0.0768 ndcg@20: 0.0893 ] 
2024-11-03 01:11:46,392 - Epoch 165 Validation set [recall@5: 0.0821 recall@10: 0.1187 recall@20: 0.1632 ] [ndcg@5: 0.0638 ndcg@10: 0.0766 ndcg@20: 0.0891 ] 
2024-11-03 01:12:00,181 - Epoch 168 Validation set [recall@5: 0.0830 recall@10: 0.1185 recall@20: 0.1633 ] [ndcg@5: 0.0644 ndcg@10: 0.0768 ndcg@20: 0.0894 ] 
2024-11-03 01:12:06,495 - Epoch 171 Validation set [recall@5: 0.0831 recall@10: 0.1186 recall@20: 0.1622 ] [ndcg@5: 0.0642 ndcg@10: 0.0766 ndcg@20: 0.0889 ] 
2024-11-03 01:12:12,767 - Epoch 174 Validation set [recall@5: 0.0828 recall@10: 0.1184 recall@20: 0.1628 ] [ndcg@5: 0.0641 ndcg@10: 0.0766 ndcg@20: 0.0891 ] 
2024-11-03 01:12:19,028 - Epoch 177 Validation set [recall@5: 0.0834 recall@10: 0.1188 recall@20: 0.1631 ] [ndcg@5: 0.0643 ndcg@10: 0.0768 ndcg@20: 0.0892 ] 
2024-11-03 01:12:25,378 - Epoch 180 Validation set [recall@5: 0.0832 recall@10: 0.1189 recall@20: 0.1633 ] [ndcg@5: 0.0642 ndcg@10: 0.0767 ndcg@20: 0.0891 ] 
2024-11-03 01:12:31,542 - Epoch 183 Validation set [recall@5: 0.0839 recall@10: 0.1195 recall@20: 0.1643 ] [ndcg@5: 0.0642 ndcg@10: 0.0766 ndcg@20: 0.0891 ] 
2024-11-03 01:12:37,791 - Epoch 186 Validation set [recall@5: 0.0841 recall@10: 0.1194 recall@20: 0.1633 ] [ndcg@5: 0.0644 ndcg@10: 0.0768 ndcg@20: 0.0891 ] 
2024-11-03 01:12:44,032 - Epoch 189 Validation set [recall@5: 0.0845 recall@10: 0.1193 recall@20: 0.1637 ] [ndcg@5: 0.0648 ndcg@10: 0.0770 ndcg@20: 0.0894 ] 
2024-11-03 01:12:50,575 - Epoch 192 Validation set [recall@5: 0.0841 recall@10: 0.1197 recall@20: 0.1633 ] [ndcg@5: 0.0648 ndcg@10: 0.0774 ndcg@20: 0.0896 ] 
2024-11-03 01:12:56,892 - Epoch 195 Validation set [recall@5: 0.0852 recall@10: 0.1196 recall@20: 0.1633 ] [ndcg@5: 0.0653 ndcg@10: 0.0774 ndcg@20: 0.0897 ] 
2024-11-03 01:13:03,163 - Epoch 198 Validation set [recall@5: 0.0860 recall@10: 0.1195 recall@20: 0.1633 ] [ndcg@5: 0.0657 ndcg@10: 0.0775 ndcg@20: 0.0899 ] 
2024-11-03 01:13:04,132 - [recall@5: 0.0839 recall@10: 0.1195 recall@20: 0.1643 ] [ndcg@5: 0.0642 ndcg@10: 0.0766 ndcg@20: 0.0891 ] 
2024-11-03 01:13:05,138 - [recall@5: 0.0847 recall@10: 0.1209 recall@20: 0.1673 ] [ndcg@5: 0.0660 ndcg@10: 0.0786 ndcg@20: 0.0917 ] 
2024-11-03 01:13:05,139 - Best Epoch 183. Final test result: {'recall': array([0.08468912, 0.12088788, 0.16733094]), 'ndcg': array([0.06598112, 0.07861343, 0.09165627])}.
