2024-11-05 09:46:36,960 - {'optimizer': {'name': 'adam', 'lr': 0.001, 'weight_decay': 0}, 'train': {'epoch': 3000, 'batch_size': 4096, 'save_model': False, 'loss': 'pairwise', 'test_step': 3, 'reproducible': True, 'seed': 2024, 'patience': 5}, 'test': {'metrics': ['recall', 'ndcg'], 'k': [5, 10, 20], 'batch_size': 1024}, 'data': {'type': 'general_cf', 'name': 'movies', 'user_num': 16994, 'item_num': 9370}, 'model': {'name': 'lightgcn_plus', 'keep_rate': 0.8, 'embedding_size': 32, 'layer_num': 3, 'reg_weight': 1e-08, 'kd_weight': 0.001, 'kd_temperature': 0.1, 'steam': {'easyrec-roberta-large': {'layer_num': 3, 'reg_weight': 1e-08, 'kd_weight': 0.01, 'kd_temperature': 0.5}}}}
2024-11-05 09:46:37,529 - Hyper Parameters: {'name': 'lightgcn_plus', 'keep_rate': 0.8, 'embedding_size': 32, 'layer_num': 3, 'reg_weight': 1e-08, 'kd_weight': 0.001, 'kd_temperature': 0.1, 'steam': {'easyrec-roberta-large': {'layer_num': 3, 'reg_weight': 1e-08, 'kd_weight': 0.01, 'kd_temperature': 0.5}}}
2024-11-05 09:46:41,045 - Epoch   0 Validation set [recall@5: 0.0428 recall@10: 0.0666 recall@20: 0.1002 ] [ndcg@5: 0.0321 ndcg@10: 0.0403 ndcg@20: 0.0497 ] 
2024-11-05 09:46:48,088 - Epoch   3 Validation set [recall@5: 0.0303 recall@10: 0.0479 recall@20: 0.0765 ] [ndcg@5: 0.0236 ndcg@10: 0.0299 ndcg@20: 0.0378 ] 
2024-11-05 09:46:55,431 - Epoch   6 Validation set [recall@5: 0.0342 recall@10: 0.0537 recall@20: 0.0846 ] [ndcg@5: 0.0265 ndcg@10: 0.0334 ndcg@20: 0.0420 ] 
2024-11-05 09:47:02,835 - Epoch   9 Validation set [recall@5: 0.0366 recall@10: 0.0576 recall@20: 0.0946 ] [ndcg@5: 0.0280 ndcg@10: 0.0355 ndcg@20: 0.0457 ] 
2024-11-05 09:47:09,958 - Epoch  12 Validation set [recall@5: 0.0390 recall@10: 0.0632 recall@20: 0.0996 ] [ndcg@5: 0.0301 ndcg@10: 0.0388 ndcg@20: 0.0489 ] 
2024-11-05 09:47:17,624 - Epoch  15 Validation set [recall@5: 0.0422 recall@10: 0.0675 recall@20: 0.1049 ] [ndcg@5: 0.0321 ndcg@10: 0.0411 ndcg@20: 0.0515 ] 
2024-11-05 09:47:25,150 - Epoch  18 Validation set [recall@5: 0.0442 recall@10: 0.0704 recall@20: 0.1102 ] [ndcg@5: 0.0334 ndcg@10: 0.0427 ndcg@20: 0.0537 ] 
2024-11-05 09:47:32,730 - Epoch  21 Validation set [recall@5: 0.0466 recall@10: 0.0736 recall@20: 0.1138 ] [ndcg@5: 0.0354 ndcg@10: 0.0449 ndcg@20: 0.0560 ] 
2024-11-05 09:47:39,833 - Epoch  24 Validation set [recall@5: 0.0482 recall@10: 0.0775 recall@20: 0.1168 ] [ndcg@5: 0.0363 ndcg@10: 0.0466 ndcg@20: 0.0576 ] 
2024-11-05 09:47:47,290 - Epoch  27 Validation set [recall@5: 0.0498 recall@10: 0.0794 recall@20: 0.1202 ] [ndcg@5: 0.0377 ndcg@10: 0.0481 ndcg@20: 0.0595 ] 
2024-11-05 09:47:54,686 - Epoch  30 Validation set [recall@5: 0.0524 recall@10: 0.0830 recall@20: 0.1229 ] [ndcg@5: 0.0395 ndcg@10: 0.0501 ndcg@20: 0.0614 ] 
2024-11-05 09:48:02,054 - Epoch  33 Validation set [recall@5: 0.0535 recall@10: 0.0853 recall@20: 0.1271 ] [ndcg@5: 0.0403 ndcg@10: 0.0514 ndcg@20: 0.0631 ] 
2024-11-05 09:48:09,101 - Epoch  36 Validation set [recall@5: 0.0548 recall@10: 0.0881 recall@20: 0.1312 ] [ndcg@5: 0.0413 ndcg@10: 0.0530 ndcg@20: 0.0650 ] 
2024-11-05 09:48:16,052 - Epoch  39 Validation set [recall@5: 0.0563 recall@10: 0.0893 recall@20: 0.1334 ] [ndcg@5: 0.0424 ndcg@10: 0.0540 ndcg@20: 0.0663 ] 
2024-11-05 09:48:23,125 - Epoch  42 Validation set [recall@5: 0.0580 recall@10: 0.0920 recall@20: 0.1353 ] [ndcg@5: 0.0437 ndcg@10: 0.0557 ndcg@20: 0.0678 ] 
2024-11-05 09:48:30,619 - Epoch  45 Validation set [recall@5: 0.0592 recall@10: 0.0926 recall@20: 0.1380 ] [ndcg@5: 0.0449 ndcg@10: 0.0567 ndcg@20: 0.0695 ] 
2024-11-05 09:48:37,927 - Epoch  48 Validation set [recall@5: 0.0605 recall@10: 0.0951 recall@20: 0.1395 ] [ndcg@5: 0.0457 ndcg@10: 0.0580 ndcg@20: 0.0704 ] 
2024-11-05 09:48:44,994 - Epoch  51 Validation set [recall@5: 0.0634 recall@10: 0.0964 recall@20: 0.1404 ] [ndcg@5: 0.0473 ndcg@10: 0.0590 ndcg@20: 0.0714 ] 
2024-11-05 09:48:52,078 - Epoch  54 Validation set [recall@5: 0.0649 recall@10: 0.0976 recall@20: 0.1429 ] [ndcg@5: 0.0487 ndcg@10: 0.0603 ndcg@20: 0.0731 ] 
2024-11-05 09:48:59,295 - Epoch  57 Validation set [recall@5: 0.0671 recall@10: 0.0993 recall@20: 0.1450 ] [ndcg@5: 0.0502 ndcg@10: 0.0616 ndcg@20: 0.0745 ] 
2024-11-05 09:49:06,417 - Epoch  60 Validation set [recall@5: 0.0682 recall@10: 0.1004 recall@20: 0.1467 ] [ndcg@5: 0.0510 ndcg@10: 0.0625 ndcg@20: 0.0755 ] 
2024-11-05 09:49:13,417 - Epoch  63 Validation set [recall@5: 0.0696 recall@10: 0.1017 recall@20: 0.1480 ] [ndcg@5: 0.0521 ndcg@10: 0.0635 ndcg@20: 0.0766 ] 
2024-11-05 09:49:20,443 - Epoch  66 Validation set [recall@5: 0.0697 recall@10: 0.1040 recall@20: 0.1496 ] [ndcg@5: 0.0526 ndcg@10: 0.0647 ndcg@20: 0.0775 ] 
2024-11-05 09:49:27,641 - Epoch  69 Validation set [recall@5: 0.0703 recall@10: 0.1043 recall@20: 0.1501 ] [ndcg@5: 0.0531 ndcg@10: 0.0651 ndcg@20: 0.0780 ] 
2024-11-05 09:49:35,282 - Epoch  72 Validation set [recall@5: 0.0704 recall@10: 0.1053 recall@20: 0.1523 ] [ndcg@5: 0.0533 ndcg@10: 0.0657 ndcg@20: 0.0789 ] 
2024-11-05 09:49:42,468 - Epoch  75 Validation set [recall@5: 0.0713 recall@10: 0.1079 recall@20: 0.1538 ] [ndcg@5: 0.0539 ndcg@10: 0.0668 ndcg@20: 0.0797 ] 
2024-11-05 09:49:49,893 - Epoch  78 Validation set [recall@5: 0.0720 recall@10: 0.1081 recall@20: 0.1545 ] [ndcg@5: 0.0547 ndcg@10: 0.0675 ndcg@20: 0.0805 ] 
2024-11-05 09:49:57,337 - Epoch  81 Validation set [recall@5: 0.0733 recall@10: 0.1094 recall@20: 0.1552 ] [ndcg@5: 0.0557 ndcg@10: 0.0683 ndcg@20: 0.0812 ] 
2024-11-05 09:50:04,872 - Epoch  84 Validation set [recall@5: 0.0739 recall@10: 0.1105 recall@20: 0.1558 ] [ndcg@5: 0.0562 ndcg@10: 0.0691 ndcg@20: 0.0817 ] 
2024-11-05 09:50:12,510 - Epoch  87 Validation set [recall@5: 0.0742 recall@10: 0.1091 recall@20: 0.1565 ] [ndcg@5: 0.0563 ndcg@10: 0.0687 ndcg@20: 0.0819 ] 
2024-11-05 09:50:19,980 - Epoch  90 Validation set [recall@5: 0.0748 recall@10: 0.1101 recall@20: 0.1570 ] [ndcg@5: 0.0566 ndcg@10: 0.0691 ndcg@20: 0.0823 ] 
2024-11-05 09:50:27,715 - Epoch  93 Validation set [recall@5: 0.0753 recall@10: 0.1107 recall@20: 0.1573 ] [ndcg@5: 0.0571 ndcg@10: 0.0696 ndcg@20: 0.0826 ] 
2024-11-05 09:50:35,287 - Epoch  96 Validation set [recall@5: 0.0767 recall@10: 0.1115 recall@20: 0.1589 ] [ndcg@5: 0.0583 ndcg@10: 0.0706 ndcg@20: 0.0838 ] 
2024-11-05 09:50:42,424 - Epoch  99 Validation set [recall@5: 0.0774 recall@10: 0.1126 recall@20: 0.1605 ] [ndcg@5: 0.0587 ndcg@10: 0.0711 ndcg@20: 0.0845 ] 
2024-11-05 09:50:50,012 - Epoch 102 Validation set [recall@5: 0.0772 recall@10: 0.1138 recall@20: 0.1611 ] [ndcg@5: 0.0594 ndcg@10: 0.0722 ndcg@20: 0.0855 ] 
2024-11-05 09:50:57,282 - Epoch 105 Validation set [recall@5: 0.0787 recall@10: 0.1141 recall@20: 0.1612 ] [ndcg@5: 0.0604 ndcg@10: 0.0728 ndcg@20: 0.0860 ] 
