2024-11-03 00:40:53,473 - {'optimizer': {'name': 'adam', 'lr': 0.001, 'weight_decay': 0}, 'train': {'epoch': 3000, 'batch_size': 4096, 'save_model': False, 'loss': 'pairwise', 'test_step': 3, 'reproducible': True, 'seed': 2024, 'patience': 5}, 'test': {'metrics': ['recall', 'ndcg'], 'k': [5, 10, 20], 'batch_size': 1024}, 'data': {'type': 'general_cf', 'name': 'movies', 'user_num': 16994, 'item_num': 9370}, 'model': {'name': 'lightgcn_plus', 'keep_rate': 0.8, 'embedding_size': 32, 'layer_num': 3, 'reg_weight': 1e-08, 'kd_weight': 0.001, 'kd_temperature': 0.1, 'steam': {'easyrec-roberta-large': {'layer_num': 3, 'reg_weight': 1e-08, 'kd_weight': 0.01, 'kd_temperature': 0.5}}}}
2024-11-03 00:40:54,012 - Hyper Parameters: {'name': 'lightgcn_plus', 'keep_rate': 0.8, 'embedding_size': 32, 'layer_num': 3, 'reg_weight': 1e-08, 'kd_weight': 0.001, 'kd_temperature': 0.1, 'steam': {'easyrec-roberta-large': {'layer_num': 3, 'reg_weight': 1e-08, 'kd_weight': 0.01, 'kd_temperature': 0.5}}}
2024-11-03 00:40:57,315 - Epoch   0 Validation set [recall@5: 0.0472 recall@10: 0.0709 recall@20: 0.1053 ] [ndcg@5: 0.0359 ndcg@10: 0.0441 ndcg@20: 0.0537 ] 
2024-11-03 00:41:04,014 - Epoch   3 Validation set [recall@5: 0.0309 recall@10: 0.0496 recall@20: 0.0796 ] [ndcg@5: 0.0247 ndcg@10: 0.0313 ndcg@20: 0.0397 ] 
2024-11-03 00:41:10,727 - Epoch   6 Validation set [recall@5: 0.0332 recall@10: 0.0539 recall@20: 0.0878 ] [ndcg@5: 0.0263 ndcg@10: 0.0336 ndcg@20: 0.0431 ] 
2024-11-03 00:41:17,498 - Epoch   9 Validation set [recall@5: 0.0361 recall@10: 0.0614 recall@20: 0.0970 ] [ndcg@5: 0.0282 ndcg@10: 0.0371 ndcg@20: 0.0471 ] 
2024-11-03 00:41:24,143 - Epoch  12 Validation set [recall@5: 0.0392 recall@10: 0.0654 recall@20: 0.1034 ] [ndcg@5: 0.0304 ndcg@10: 0.0397 ndcg@20: 0.0502 ] 
2024-11-03 00:41:30,630 - Epoch  15 Validation set [recall@5: 0.0432 recall@10: 0.0700 recall@20: 0.1078 ] [ndcg@5: 0.0330 ndcg@10: 0.0425 ndcg@20: 0.0530 ] 
2024-11-03 00:41:37,218 - Epoch  18 Validation set [recall@5: 0.0452 recall@10: 0.0738 recall@20: 0.1148 ] [ndcg@5: 0.0345 ndcg@10: 0.0445 ndcg@20: 0.0559 ] 
2024-11-03 00:41:43,705 - Epoch  21 Validation set [recall@5: 0.0471 recall@10: 0.0769 recall@20: 0.1202 ] [ndcg@5: 0.0363 ndcg@10: 0.0468 ndcg@20: 0.0587 ] 
2024-11-03 00:41:50,300 - Epoch  24 Validation set [recall@5: 0.0493 recall@10: 0.0807 recall@20: 0.1224 ] [ndcg@5: 0.0377 ndcg@10: 0.0488 ndcg@20: 0.0604 ] 
2024-11-03 00:41:56,794 - Epoch  27 Validation set [recall@5: 0.0523 recall@10: 0.0837 recall@20: 0.1258 ] [ndcg@5: 0.0397 ndcg@10: 0.0507 ndcg@20: 0.0624 ] 
2024-11-03 00:42:03,354 - Epoch  30 Validation set [recall@5: 0.0543 recall@10: 0.0870 recall@20: 0.1276 ] [ndcg@5: 0.0410 ndcg@10: 0.0524 ndcg@20: 0.0638 ] 
2024-11-03 00:42:09,864 - Epoch  33 Validation set [recall@5: 0.0557 recall@10: 0.0885 recall@20: 0.1301 ] [ndcg@5: 0.0424 ndcg@10: 0.0539 ndcg@20: 0.0655 ] 
2024-11-03 00:42:16,410 - Epoch  36 Validation set [recall@5: 0.0574 recall@10: 0.0907 recall@20: 0.1336 ] [ndcg@5: 0.0434 ndcg@10: 0.0550 ndcg@20: 0.0671 ] 
2024-11-03 00:42:23,070 - Epoch  39 Validation set [recall@5: 0.0585 recall@10: 0.0935 recall@20: 0.1369 ] [ndcg@5: 0.0443 ndcg@10: 0.0565 ndcg@20: 0.0687 ] 
2024-11-03 00:42:29,743 - Epoch  42 Validation set [recall@5: 0.0613 recall@10: 0.0953 recall@20: 0.1395 ] [ndcg@5: 0.0461 ndcg@10: 0.0580 ndcg@20: 0.0703 ] 
2024-11-03 00:42:36,336 - Epoch  45 Validation set [recall@5: 0.0626 recall@10: 0.0967 recall@20: 0.1426 ] [ndcg@5: 0.0470 ndcg@10: 0.0589 ndcg@20: 0.0718 ] 
2024-11-03 00:42:42,894 - Epoch  48 Validation set [recall@5: 0.0635 recall@10: 0.0987 recall@20: 0.1444 ] [ndcg@5: 0.0482 ndcg@10: 0.0605 ndcg@20: 0.0733 ] 
2024-11-03 00:42:49,489 - Epoch  51 Validation set [recall@5: 0.0660 recall@10: 0.1001 recall@20: 0.1469 ] [ndcg@5: 0.0495 ndcg@10: 0.0613 ndcg@20: 0.0744 ] 
2024-11-03 00:42:56,177 - Epoch  54 Validation set [recall@5: 0.0676 recall@10: 0.1008 recall@20: 0.1484 ] [ndcg@5: 0.0506 ndcg@10: 0.0622 ndcg@20: 0.0755 ] 
2024-11-03 00:43:02,730 - Epoch  57 Validation set [recall@5: 0.0684 recall@10: 0.1025 recall@20: 0.1501 ] [ndcg@5: 0.0508 ndcg@10: 0.0628 ndcg@20: 0.0761 ] 
2024-11-03 00:43:09,467 - Epoch  60 Validation set [recall@5: 0.0692 recall@10: 0.1044 recall@20: 0.1516 ] [ndcg@5: 0.0518 ndcg@10: 0.0641 ndcg@20: 0.0773 ] 
2024-11-03 00:43:16,109 - Epoch  63 Validation set [recall@5: 0.0697 recall@10: 0.1051 recall@20: 0.1516 ] [ndcg@5: 0.0527 ndcg@10: 0.0650 ndcg@20: 0.0781 ] 
2024-11-03 00:43:22,606 - Epoch  66 Validation set [recall@5: 0.0709 recall@10: 0.1069 recall@20: 0.1542 ] [ndcg@5: 0.0536 ndcg@10: 0.0662 ndcg@20: 0.0795 ] 
2024-11-03 00:43:29,116 - Epoch  69 Validation set [recall@5: 0.0718 recall@10: 0.1085 recall@20: 0.1549 ] [ndcg@5: 0.0545 ndcg@10: 0.0673 ndcg@20: 0.0803 ] 
2024-11-03 00:43:35,745 - Epoch  72 Validation set [recall@5: 0.0726 recall@10: 0.1091 recall@20: 0.1556 ] [ndcg@5: 0.0553 ndcg@10: 0.0682 ndcg@20: 0.0813 ] 
2024-11-03 00:43:42,318 - Epoch  75 Validation set [recall@5: 0.0733 recall@10: 0.1095 recall@20: 0.1567 ] [ndcg@5: 0.0563 ndcg@10: 0.0691 ndcg@20: 0.0824 ] 
2024-11-03 00:43:48,899 - Epoch  78 Validation set [recall@5: 0.0745 recall@10: 0.1106 recall@20: 0.1587 ] [ndcg@5: 0.0567 ndcg@10: 0.0694 ndcg@20: 0.0829 ] 
2024-11-03 00:43:55,421 - Epoch  81 Validation set [recall@5: 0.0755 recall@10: 0.1113 recall@20: 0.1586 ] [ndcg@5: 0.0576 ndcg@10: 0.0702 ndcg@20: 0.0835 ] 
2024-11-03 00:44:01,945 - Epoch  84 Validation set [recall@5: 0.0756 recall@10: 0.1125 recall@20: 0.1600 ] [ndcg@5: 0.0579 ndcg@10: 0.0708 ndcg@20: 0.0842 ] 
2024-11-03 00:44:08,520 - Epoch  87 Validation set [recall@5: 0.0762 recall@10: 0.1131 recall@20: 0.1600 ] [ndcg@5: 0.0583 ndcg@10: 0.0712 ndcg@20: 0.0845 ] 
2024-11-03 00:44:14,977 - Epoch  90 Validation set [recall@5: 0.0770 recall@10: 0.1138 recall@20: 0.1599 ] [ndcg@5: 0.0592 ndcg@10: 0.0721 ndcg@20: 0.0851 ] 
2024-11-03 00:44:21,546 - Epoch  93 Validation set [recall@5: 0.0776 recall@10: 0.1143 recall@20: 0.1600 ] [ndcg@5: 0.0597 ndcg@10: 0.0726 ndcg@20: 0.0855 ] 
2024-11-03 00:44:28,182 - Epoch  96 Validation set [recall@5: 0.0781 recall@10: 0.1153 recall@20: 0.1611 ] [ndcg@5: 0.0601 ndcg@10: 0.0731 ndcg@20: 0.0860 ] 
2024-11-03 00:44:34,751 - Epoch  99 Validation set [recall@5: 0.0799 recall@10: 0.1155 recall@20: 0.1625 ] [ndcg@5: 0.0614 ndcg@10: 0.0739 ndcg@20: 0.0871 ] 
2024-11-03 00:44:41,382 - Epoch 102 Validation set [recall@5: 0.0793 recall@10: 0.1163 recall@20: 0.1629 ] [ndcg@5: 0.0613 ndcg@10: 0.0743 ndcg@20: 0.0874 ] 
2024-11-03 00:44:48,005 - Epoch 105 Validation set [recall@5: 0.0805 recall@10: 0.1168 recall@20: 0.1626 ] [ndcg@5: 0.0620 ndcg@10: 0.0749 ndcg@20: 0.0878 ] 
2024-11-03 00:44:54,461 - Epoch 108 Validation set [recall@5: 0.0801 recall@10: 0.1184 recall@20: 0.1642 ] [ndcg@5: 0.0620 ndcg@10: 0.0755 ndcg@20: 0.0883 ] 
2024-11-03 00:45:01,039 - Epoch 111 Validation set [recall@5: 0.0810 recall@10: 0.1185 recall@20: 0.1644 ] [ndcg@5: 0.0627 ndcg@10: 0.0759 ndcg@20: 0.0888 ] 
2024-11-03 00:45:07,582 - Epoch 114 Validation set [recall@5: 0.0802 recall@10: 0.1196 recall@20: 0.1649 ] [ndcg@5: 0.0627 ndcg@10: 0.0765 ndcg@20: 0.0893 ] 
2024-11-03 00:45:14,142 - Epoch 117 Validation set [recall@5: 0.0811 recall@10: 0.1195 recall@20: 0.1663 ] [ndcg@5: 0.0632 ndcg@10: 0.0766 ndcg@20: 0.0897 ] 
2024-11-03 00:45:20,707 - Epoch 120 Validation set [recall@5: 0.0822 recall@10: 0.1197 recall@20: 0.1664 ] [ndcg@5: 0.0637 ndcg@10: 0.0769 ndcg@20: 0.0900 ] 
2024-11-03 00:45:27,219 - Epoch 123 Validation set [recall@5: 0.0813 recall@10: 0.1202 recall@20: 0.1661 ] [ndcg@5: 0.0640 ndcg@10: 0.0776 ndcg@20: 0.0905 ] 
2024-11-03 00:45:33,832 - Epoch 126 Validation set [recall@5: 0.0816 recall@10: 0.1206 recall@20: 0.1673 ] [ndcg@5: 0.0638 ndcg@10: 0.0775 ndcg@20: 0.0907 ] 
2024-11-03 00:45:40,395 - Epoch 129 Validation set [recall@5: 0.0811 recall@10: 0.1209 recall@20: 0.1669 ] [ndcg@5: 0.0635 ndcg@10: 0.0775 ndcg@20: 0.0905 ] 
2024-11-03 00:45:47,021 - Epoch 132 Validation set [recall@5: 0.0825 recall@10: 0.1212 recall@20: 0.1680 ] [ndcg@5: 0.0640 ndcg@10: 0.0777 ndcg@20: 0.0908 ] 
2024-11-03 00:45:53,555 - Epoch 135 Validation set [recall@5: 0.0828 recall@10: 0.1226 recall@20: 0.1672 ] [ndcg@5: 0.0642 ndcg@10: 0.0782 ndcg@20: 0.0908 ] 
2024-11-03 00:46:00,254 - Epoch 138 Validation set [recall@5: 0.0834 recall@10: 0.1232 recall@20: 0.1693 ] [ndcg@5: 0.0647 ndcg@10: 0.0788 ndcg@20: 0.0917 ] 
2024-11-03 00:46:06,875 - Epoch 141 Validation set [recall@5: 0.0837 recall@10: 0.1230 recall@20: 0.1700 ] [ndcg@5: 0.0651 ndcg@10: 0.0790 ndcg@20: 0.0922 ] 
2024-11-03 00:46:13,583 - Epoch 144 Validation set [recall@5: 0.0843 recall@10: 0.1223 recall@20: 0.1703 ] [ndcg@5: 0.0655 ndcg@10: 0.0789 ndcg@20: 0.0924 ] 
2024-11-03 00:46:20,285 - Epoch 147 Validation set [recall@5: 0.0844 recall@10: 0.1233 recall@20: 0.1708 ] [ndcg@5: 0.0656 ndcg@10: 0.0793 ndcg@20: 0.0926 ] 
2024-11-03 00:46:27,059 - Epoch 150 Validation set [recall@5: 0.0843 recall@10: 0.1244 recall@20: 0.1711 ] [ndcg@5: 0.0654 ndcg@10: 0.0795 ndcg@20: 0.0925 ] 
2024-11-03 00:46:33,686 - Epoch 153 Validation set [recall@5: 0.0849 recall@10: 0.1236 recall@20: 0.1705 ] [ndcg@5: 0.0656 ndcg@10: 0.0793 ndcg@20: 0.0924 ] 
2024-11-03 00:46:40,312 - Epoch 156 Validation set [recall@5: 0.0850 recall@10: 0.1231 recall@20: 0.1706 ] [ndcg@5: 0.0656 ndcg@10: 0.0791 ndcg@20: 0.0923 ] 
2024-11-03 00:46:46,945 - Epoch 159 Validation set [recall@5: 0.0849 recall@10: 0.1229 recall@20: 0.1703 ] [ndcg@5: 0.0657 ndcg@10: 0.0791 ndcg@20: 0.0924 ] 
2024-11-03 00:46:53,523 - Epoch 162 Validation set [recall@5: 0.0853 recall@10: 0.1243 recall@20: 0.1707 ] [ndcg@5: 0.0661 ndcg@10: 0.0798 ndcg@20: 0.0928 ] 
2024-11-03 00:47:00,086 - Epoch 165 Validation set [recall@5: 0.0851 recall@10: 0.1234 recall@20: 0.1712 ] [ndcg@5: 0.0661 ndcg@10: 0.0797 ndcg@20: 0.0931 ] 
2024-11-03 00:47:06,555 - Epoch 168 Validation set [recall@5: 0.0854 recall@10: 0.1231 recall@20: 0.1718 ] [ndcg@5: 0.0663 ndcg@10: 0.0796 ndcg@20: 0.0933 ] 
2024-11-03 00:47:13,148 - Epoch 171 Validation set [recall@5: 0.0856 recall@10: 0.1238 recall@20: 0.1722 ] [ndcg@5: 0.0667 ndcg@10: 0.0802 ndcg@20: 0.0938 ] 
2024-11-03 00:47:19,767 - Epoch 174 Validation set [recall@5: 0.0864 recall@10: 0.1240 recall@20: 0.1716 ] [ndcg@5: 0.0670 ndcg@10: 0.0803 ndcg@20: 0.0936 ] 
2024-11-03 00:47:26,247 - Epoch 177 Validation set [recall@5: 0.0868 recall@10: 0.1244 recall@20: 0.1724 ] [ndcg@5: 0.0673 ndcg@10: 0.0806 ndcg@20: 0.0941 ] 
2024-11-03 00:47:32,805 - Epoch 180 Validation set [recall@5: 0.0870 recall@10: 0.1240 recall@20: 0.1724 ] [ndcg@5: 0.0673 ndcg@10: 0.0804 ndcg@20: 0.0940 ] 
2024-11-03 00:47:39,507 - Epoch 183 Validation set [recall@5: 0.0873 recall@10: 0.1244 recall@20: 0.1721 ] [ndcg@5: 0.0674 ndcg@10: 0.0805 ndcg@20: 0.0938 ] 
2024-11-03 00:47:46,120 - Epoch 186 Validation set [recall@5: 0.0864 recall@10: 0.1253 recall@20: 0.1723 ] [ndcg@5: 0.0671 ndcg@10: 0.0808 ndcg@20: 0.0940 ] 
2024-11-03 00:47:52,753 - Epoch 189 Validation set [recall@5: 0.0863 recall@10: 0.1244 recall@20: 0.1740 ] [ndcg@5: 0.0671 ndcg@10: 0.0806 ndcg@20: 0.0945 ] 
2024-11-03 00:47:59,372 - Epoch 192 Validation set [recall@5: 0.0871 recall@10: 0.1245 recall@20: 0.1739 ] [ndcg@5: 0.0676 ndcg@10: 0.0808 ndcg@20: 0.0946 ] 
2024-11-03 00:48:06,022 - Epoch 195 Validation set [recall@5: 0.0877 recall@10: 0.1252 recall@20: 0.1739 ] [ndcg@5: 0.0678 ndcg@10: 0.0811 ndcg@20: 0.0947 ] 
2024-11-03 00:48:12,841 - Epoch 198 Validation set [recall@5: 0.0878 recall@10: 0.1255 recall@20: 0.1725 ] [ndcg@5: 0.0678 ndcg@10: 0.0812 ndcg@20: 0.0944 ] 
2024-11-03 00:48:19,423 - Epoch 201 Validation set [recall@5: 0.0887 recall@10: 0.1253 recall@20: 0.1724 ] [ndcg@5: 0.0685 ndcg@10: 0.0815 ndcg@20: 0.0948 ] 
2024-11-03 00:48:26,305 - Epoch 204 Validation set [recall@5: 0.0881 recall@10: 0.1255 recall@20: 0.1729 ] [ndcg@5: 0.0681 ndcg@10: 0.0813 ndcg@20: 0.0948 ] 
2024-11-03 00:48:27,460 - [recall@5: 0.0863 recall@10: 0.1244 recall@20: 0.1740 ] [ndcg@5: 0.0671 ndcg@10: 0.0806 ndcg@20: 0.0945 ] 
2024-11-03 00:48:28,507 - [recall@5: 0.0862 recall@10: 0.1258 recall@20: 0.1752 ] [ndcg@5: 0.0672 ndcg@10: 0.0810 ndcg@20: 0.0947 ] 
2024-11-03 00:48:28,508 - Best Epoch 189. Final test result: {'recall': array([0.08618236, 0.12583575, 0.17520805]), 'ndcg': array([0.06719442, 0.08096209, 0.09466479])}.
