2024-11-03 01:19:23,085 - {'optimizer': {'name': 'adam', 'lr': 0.001, 'weight_decay': 0}, 'train': {'epoch': 3000, 'batch_size': 4096, 'save_model': False, 'loss': 'pairwise', 'test_step': 3, 'reproducible': True, 'seed': 2024, 'patience': 5}, 'test': {'metrics': ['recall', 'ndcg'], 'k': [5, 10, 20], 'batch_size': 1024}, 'data': {'type': 'general_cf', 'name': 'movies', 'user_num': 16994, 'item_num': 9370}, 'model': {'name': 'lightgcn_plus', 'keep_rate': 0.8, 'embedding_size': 32, 'layer_num': 3, 'reg_weight': 1e-08, 'kd_weight': 0.001, 'kd_temperature': 0.1, 'steam': {'easyrec-roberta-large': {'layer_num': 3, 'reg_weight': 1e-08, 'kd_weight': 0.01, 'kd_temperature': 0.5}}}}
2024-11-03 01:19:23,751 - Hyper Parameters: {'name': 'lightgcn_plus', 'keep_rate': 0.8, 'embedding_size': 32, 'layer_num': 3, 'reg_weight': 1e-08, 'kd_weight': 0.001, 'kd_temperature': 0.1, 'steam': {'easyrec-roberta-large': {'layer_num': 3, 'reg_weight': 1e-08, 'kd_weight': 0.01, 'kd_temperature': 0.5}}}
2024-11-03 01:19:26,993 - Epoch   0 Validation set [recall@5: 0.0486 recall@10: 0.0679 recall@20: 0.0984 ] [ndcg@5: 0.0361 ndcg@10: 0.0428 ndcg@20: 0.0513 ] 
2024-11-03 01:19:33,538 - Epoch   3 Validation set [recall@5: 0.0320 recall@10: 0.0496 recall@20: 0.0758 ] [ndcg@5: 0.0252 ndcg@10: 0.0313 ndcg@20: 0.0386 ] 
2024-11-03 01:19:39,863 - Epoch   6 Validation set [recall@5: 0.0340 recall@10: 0.0530 recall@20: 0.0831 ] [ndcg@5: 0.0267 ndcg@10: 0.0334 ndcg@20: 0.0418 ] 
2024-11-03 01:19:46,126 - Epoch   9 Validation set [recall@5: 0.0368 recall@10: 0.0599 recall@20: 0.0946 ] [ndcg@5: 0.0288 ndcg@10: 0.0369 ndcg@20: 0.0466 ] 
2024-11-03 01:19:52,419 - Epoch  12 Validation set [recall@5: 0.0408 recall@10: 0.0642 recall@20: 0.1011 ] [ndcg@5: 0.0316 ndcg@10: 0.0399 ndcg@20: 0.0502 ] 
2024-11-03 01:19:58,527 - Epoch  15 Validation set [recall@5: 0.0431 recall@10: 0.0676 recall@20: 0.1051 ] [ndcg@5: 0.0333 ndcg@10: 0.0419 ndcg@20: 0.0524 ] 
2024-11-03 01:20:04,718 - Epoch  18 Validation set [recall@5: 0.0458 recall@10: 0.0715 recall@20: 0.1106 ] [ndcg@5: 0.0352 ndcg@10: 0.0441 ndcg@20: 0.0551 ] 
2024-11-03 01:20:10,937 - Epoch  21 Validation set [recall@5: 0.0485 recall@10: 0.0738 recall@20: 0.1151 ] [ndcg@5: 0.0370 ndcg@10: 0.0458 ndcg@20: 0.0573 ] 
2024-11-03 01:20:17,200 - Epoch  24 Validation set [recall@5: 0.0501 recall@10: 0.0774 recall@20: 0.1187 ] [ndcg@5: 0.0384 ndcg@10: 0.0480 ndcg@20: 0.0595 ] 
2024-11-03 01:20:23,436 - Epoch  27 Validation set [recall@5: 0.0522 recall@10: 0.0797 recall@20: 0.1217 ] [ndcg@5: 0.0400 ndcg@10: 0.0497 ndcg@20: 0.0614 ] 
2024-11-03 01:20:29,762 - Epoch  30 Validation set [recall@5: 0.0543 recall@10: 0.0834 recall@20: 0.1245 ] [ndcg@5: 0.0416 ndcg@10: 0.0517 ndcg@20: 0.0632 ] 
2024-11-03 01:20:36,029 - Epoch  33 Validation set [recall@5: 0.0563 recall@10: 0.0864 recall@20: 0.1283 ] [ndcg@5: 0.0426 ndcg@10: 0.0532 ndcg@20: 0.0648 ] 
2024-11-03 01:20:42,360 - Epoch  36 Validation set [recall@5: 0.0580 recall@10: 0.0901 recall@20: 0.1316 ] [ndcg@5: 0.0441 ndcg@10: 0.0552 ndcg@20: 0.0668 ] 
2024-11-03 01:20:48,559 - Epoch  39 Validation set [recall@5: 0.0589 recall@10: 0.0923 recall@20: 0.1349 ] [ndcg@5: 0.0450 ndcg@10: 0.0567 ndcg@20: 0.0686 ] 
2024-11-03 01:20:54,999 - Epoch  42 Validation set [recall@5: 0.0601 recall@10: 0.0931 recall@20: 0.1357 ] [ndcg@5: 0.0461 ndcg@10: 0.0577 ndcg@20: 0.0697 ] 
2024-11-03 01:21:01,287 - Epoch  45 Validation set [recall@5: 0.0605 recall@10: 0.0954 recall@20: 0.1388 ] [ndcg@5: 0.0468 ndcg@10: 0.0591 ndcg@20: 0.0714 ] 
2024-11-03 01:21:07,487 - Epoch  48 Validation set [recall@5: 0.0630 recall@10: 0.0976 recall@20: 0.1420 ] [ndcg@5: 0.0482 ndcg@10: 0.0604 ndcg@20: 0.0729 ] 
2024-11-03 01:21:13,664 - Epoch  51 Validation set [recall@5: 0.0643 recall@10: 0.0988 recall@20: 0.1427 ] [ndcg@5: 0.0494 ndcg@10: 0.0614 ndcg@20: 0.0737 ] 
2024-11-03 01:21:19,856 - Epoch  54 Validation set [recall@5: 0.0648 recall@10: 0.0985 recall@20: 0.1458 ] [ndcg@5: 0.0500 ndcg@10: 0.0617 ndcg@20: 0.0750 ] 
2024-11-03 01:21:26,184 - Epoch  57 Validation set [recall@5: 0.0663 recall@10: 0.1011 recall@20: 0.1472 ] [ndcg@5: 0.0509 ndcg@10: 0.0631 ndcg@20: 0.0760 ] 
2024-11-03 01:21:32,499 - Epoch  60 Validation set [recall@5: 0.0669 recall@10: 0.1033 recall@20: 0.1478 ] [ndcg@5: 0.0518 ndcg@10: 0.0645 ndcg@20: 0.0769 ] 
2024-11-03 01:21:38,813 - Epoch  63 Validation set [recall@5: 0.0683 recall@10: 0.1048 recall@20: 0.1501 ] [ndcg@5: 0.0526 ndcg@10: 0.0653 ndcg@20: 0.0779 ] 
2024-11-03 01:21:45,195 - Epoch  66 Validation set [recall@5: 0.0694 recall@10: 0.1060 recall@20: 0.1517 ] [ndcg@5: 0.0534 ndcg@10: 0.0662 ndcg@20: 0.0790 ] 
2024-11-03 01:21:51,450 - Epoch  69 Validation set [recall@5: 0.0701 recall@10: 0.1065 recall@20: 0.1524 ] [ndcg@5: 0.0542 ndcg@10: 0.0669 ndcg@20: 0.0798 ] 
2024-11-03 01:21:57,886 - Epoch  72 Validation set [recall@5: 0.0716 recall@10: 0.1078 recall@20: 0.1531 ] [ndcg@5: 0.0548 ndcg@10: 0.0674 ndcg@20: 0.0802 ] 
2024-11-03 01:22:03,961 - Epoch  75 Validation set [recall@5: 0.0718 recall@10: 0.1093 recall@20: 0.1532 ] [ndcg@5: 0.0551 ndcg@10: 0.0683 ndcg@20: 0.0807 ] 
2024-11-03 01:22:10,330 - Epoch  78 Validation set [recall@5: 0.0736 recall@10: 0.1100 recall@20: 0.1542 ] [ndcg@5: 0.0564 ndcg@10: 0.0692 ndcg@20: 0.0816 ] 
2024-11-03 01:22:16,700 - Epoch  81 Validation set [recall@5: 0.0733 recall@10: 0.1108 recall@20: 0.1565 ] [ndcg@5: 0.0565 ndcg@10: 0.0696 ndcg@20: 0.0824 ] 
2024-11-03 01:22:22,899 - Epoch  84 Validation set [recall@5: 0.0738 recall@10: 0.1115 recall@20: 0.1575 ] [ndcg@5: 0.0568 ndcg@10: 0.0699 ndcg@20: 0.0828 ] 
2024-11-03 01:22:29,280 - Epoch  87 Validation set [recall@5: 0.0750 recall@10: 0.1128 recall@20: 0.1582 ] [ndcg@5: 0.0574 ndcg@10: 0.0707 ndcg@20: 0.0834 ] 
2024-11-03 01:22:35,601 - Epoch  90 Validation set [recall@5: 0.0752 recall@10: 0.1134 recall@20: 0.1580 ] [ndcg@5: 0.0579 ndcg@10: 0.0712 ndcg@20: 0.0838 ] 
2024-11-03 01:22:41,915 - Epoch  93 Validation set [recall@5: 0.0759 recall@10: 0.1133 recall@20: 0.1592 ] [ndcg@5: 0.0584 ndcg@10: 0.0713 ndcg@20: 0.0843 ] 
2024-11-03 01:22:48,231 - Epoch  96 Validation set [recall@5: 0.0762 recall@10: 0.1158 recall@20: 0.1597 ] [ndcg@5: 0.0586 ndcg@10: 0.0723 ndcg@20: 0.0848 ] 
2024-11-03 01:22:54,517 - Epoch  99 Validation set [recall@5: 0.0768 recall@10: 0.1152 recall@20: 0.1606 ] [ndcg@5: 0.0593 ndcg@10: 0.0727 ndcg@20: 0.0855 ] 
2024-11-03 01:23:00,789 - Epoch 102 Validation set [recall@5: 0.0771 recall@10: 0.1161 recall@20: 0.1612 ] [ndcg@5: 0.0597 ndcg@10: 0.0733 ndcg@20: 0.0860 ] 
2024-11-03 01:23:06,926 - Epoch 105 Validation set [recall@5: 0.0784 recall@10: 0.1162 recall@20: 0.1605 ] [ndcg@5: 0.0605 ndcg@10: 0.0738 ndcg@20: 0.0862 ] 
2024-11-03 01:23:13,161 - Epoch 108 Validation set [recall@5: 0.0794 recall@10: 0.1165 recall@20: 0.1613 ] [ndcg@5: 0.0609 ndcg@10: 0.0740 ndcg@20: 0.0867 ] 
2024-11-03 01:23:19,442 - Epoch 111 Validation set [recall@5: 0.0800 recall@10: 0.1173 recall@20: 0.1621 ] [ndcg@5: 0.0617 ndcg@10: 0.0749 ndcg@20: 0.0875 ] 
2024-11-03 01:23:25,719 - Epoch 114 Validation set [recall@5: 0.0804 recall@10: 0.1186 recall@20: 0.1631 ] [ndcg@5: 0.0622 ndcg@10: 0.0757 ndcg@20: 0.0881 ] 
2024-11-03 01:23:31,933 - Epoch 117 Validation set [recall@5: 0.0805 recall@10: 0.1192 recall@20: 0.1644 ] [ndcg@5: 0.0627 ndcg@10: 0.0762 ndcg@20: 0.0889 ] 
2024-11-03 01:23:38,150 - Epoch 120 Validation set [recall@5: 0.0801 recall@10: 0.1195 recall@20: 0.1643 ] [ndcg@5: 0.0625 ndcg@10: 0.0763 ndcg@20: 0.0889 ] 
2024-11-03 01:23:44,413 - Epoch 123 Validation set [recall@5: 0.0813 recall@10: 0.1195 recall@20: 0.1648 ] [ndcg@5: 0.0632 ndcg@10: 0.0766 ndcg@20: 0.0894 ] 
2024-11-03 01:23:50,645 - Epoch 126 Validation set [recall@5: 0.0806 recall@10: 0.1193 recall@20: 0.1658 ] [ndcg@5: 0.0630 ndcg@10: 0.0766 ndcg@20: 0.0897 ] 
2024-11-03 01:23:56,846 - Epoch 129 Validation set [recall@5: 0.0813 recall@10: 0.1202 recall@20: 0.1655 ] [ndcg@5: 0.0634 ndcg@10: 0.0771 ndcg@20: 0.0899 ] 
2024-11-03 01:24:03,206 - Epoch 132 Validation set [recall@5: 0.0820 recall@10: 0.1207 recall@20: 0.1670 ] [ndcg@5: 0.0637 ndcg@10: 0.0774 ndcg@20: 0.0903 ] 
2024-11-03 01:24:09,575 - Epoch 135 Validation set [recall@5: 0.0820 recall@10: 0.1214 recall@20: 0.1679 ] [ndcg@5: 0.0639 ndcg@10: 0.0777 ndcg@20: 0.0908 ] 
2024-11-03 01:24:15,877 - Epoch 138 Validation set [recall@5: 0.0821 recall@10: 0.1205 recall@20: 0.1683 ] [ndcg@5: 0.0639 ndcg@10: 0.0775 ndcg@20: 0.0909 ] 
2024-11-03 01:24:22,158 - Epoch 141 Validation set [recall@5: 0.0829 recall@10: 0.1212 recall@20: 0.1684 ] [ndcg@5: 0.0644 ndcg@10: 0.0779 ndcg@20: 0.0912 ] 
2024-11-03 01:24:28,530 - Epoch 144 Validation set [recall@5: 0.0826 recall@10: 0.1211 recall@20: 0.1687 ] [ndcg@5: 0.0643 ndcg@10: 0.0780 ndcg@20: 0.0913 ] 
2024-11-03 01:24:34,580 - Epoch 147 Validation set [recall@5: 0.0830 recall@10: 0.1212 recall@20: 0.1687 ] [ndcg@5: 0.0647 ndcg@10: 0.0783 ndcg@20: 0.0916 ] 
2024-11-03 01:24:40,736 - Epoch 150 Validation set [recall@5: 0.0833 recall@10: 0.1222 recall@20: 0.1691 ] [ndcg@5: 0.0652 ndcg@10: 0.0790 ndcg@20: 0.0922 ] 
2024-11-03 01:24:46,780 - Epoch 153 Validation set [recall@5: 0.0833 recall@10: 0.1217 recall@20: 0.1700 ] [ndcg@5: 0.0652 ndcg@10: 0.0787 ndcg@20: 0.0923 ] 
2024-11-03 01:24:52,970 - Epoch 156 Validation set [recall@5: 0.0833 recall@10: 0.1217 recall@20: 0.1702 ] [ndcg@5: 0.0653 ndcg@10: 0.0788 ndcg@20: 0.0925 ] 
2024-11-03 01:24:59,134 - Epoch 159 Validation set [recall@5: 0.0836 recall@10: 0.1216 recall@20: 0.1704 ] [ndcg@5: 0.0656 ndcg@10: 0.0790 ndcg@20: 0.0927 ] 
2024-11-03 01:25:05,190 - Epoch 162 Validation set [recall@5: 0.0838 recall@10: 0.1217 recall@20: 0.1704 ] [ndcg@5: 0.0657 ndcg@10: 0.0791 ndcg@20: 0.0928 ] 
2024-11-03 01:25:11,346 - Epoch 165 Validation set [recall@5: 0.0838 recall@10: 0.1206 recall@20: 0.1711 ] [ndcg@5: 0.0657 ndcg@10: 0.0788 ndcg@20: 0.0930 ] 
2024-11-03 01:25:17,416 - Epoch 168 Validation set [recall@5: 0.0838 recall@10: 0.1213 recall@20: 0.1710 ] [ndcg@5: 0.0658 ndcg@10: 0.0790 ndcg@20: 0.0930 ] 
2024-11-03 01:25:23,550 - Epoch 171 Validation set [recall@5: 0.0834 recall@10: 0.1213 recall@20: 0.1714 ] [ndcg@5: 0.0659 ndcg@10: 0.0792 ndcg@20: 0.0932 ] 
2024-11-03 01:25:29,726 - Epoch 174 Validation set [recall@5: 0.0837 recall@10: 0.1214 recall@20: 0.1700 ] [ndcg@5: 0.0657 ndcg@10: 0.0790 ndcg@20: 0.0927 ] 
2024-11-03 01:25:35,996 - Epoch 177 Validation set [recall@5: 0.0849 recall@10: 0.1220 recall@20: 0.1705 ] [ndcg@5: 0.0664 ndcg@10: 0.0794 ndcg@20: 0.0931 ] 
2024-11-03 01:25:42,504 - Epoch 180 Validation set [recall@5: 0.0845 recall@10: 0.1229 recall@20: 0.1710 ] [ndcg@5: 0.0661 ndcg@10: 0.0795 ndcg@20: 0.0931 ] 
2024-11-03 01:25:48,789 - Epoch 183 Validation set [recall@5: 0.0851 recall@10: 0.1219 recall@20: 0.1708 ] [ndcg@5: 0.0662 ndcg@10: 0.0791 ndcg@20: 0.0929 ] 
2024-11-03 01:25:55,151 - Epoch 186 Validation set [recall@5: 0.0851 recall@10: 0.1224 recall@20: 0.1718 ] [ndcg@5: 0.0664 ndcg@10: 0.0795 ndcg@20: 0.0933 ] 
2024-11-03 01:26:01,410 - Epoch 189 Validation set [recall@5: 0.0854 recall@10: 0.1218 recall@20: 0.1716 ] [ndcg@5: 0.0669 ndcg@10: 0.0796 ndcg@20: 0.0937 ] 
2024-11-03 01:26:07,834 - Epoch 192 Validation set [recall@5: 0.0861 recall@10: 0.1217 recall@20: 0.1717 ] [ndcg@5: 0.0677 ndcg@10: 0.0801 ndcg@20: 0.0942 ] 
2024-11-03 01:26:14,108 - Epoch 195 Validation set [recall@5: 0.0873 recall@10: 0.1229 recall@20: 0.1715 ] [ndcg@5: 0.0684 ndcg@10: 0.0809 ndcg@20: 0.0945 ] 
2024-11-03 01:26:20,463 - Epoch 198 Validation set [recall@5: 0.0874 recall@10: 0.1228 recall@20: 0.1709 ] [ndcg@5: 0.0682 ndcg@10: 0.0807 ndcg@20: 0.0942 ] 
2024-11-03 01:26:26,531 - Epoch 201 Validation set [recall@5: 0.0875 recall@10: 0.1227 recall@20: 0.1709 ] [ndcg@5: 0.0685 ndcg@10: 0.0809 ndcg@20: 0.0945 ] 
2024-11-03 01:26:27,591 - [recall@5: 0.0851 recall@10: 0.1224 recall@20: 0.1718 ] [ndcg@5: 0.0664 ndcg@10: 0.0795 ndcg@20: 0.0933 ] 
2024-11-03 01:26:28,584 - [recall@5: 0.0886 recall@10: 0.1264 recall@20: 0.1755 ] [ndcg@5: 0.0693 ndcg@10: 0.0825 ndcg@20: 0.0961 ] 
2024-11-03 01:26:28,585 - Best Epoch 186. Final test result: {'recall': array([0.08861398, 0.12638284, 0.17554001]), 'ndcg': array([0.06926558, 0.0824679 , 0.09613743])}.
