2024-11-03 00:34:08,508 - {'optimizer': {'name': 'adam', 'lr': 0.001, 'weight_decay': 0}, 'train': {'epoch': 3000, 'batch_size': 4096, 'save_model': False, 'loss': 'pairwise', 'test_step': 3, 'reproducible': True, 'seed': 2024, 'patience': 5}, 'test': {'metrics': ['recall', 'ndcg'], 'k': [5, 10, 20], 'batch_size': 1024}, 'data': {'type': 'general_cf', 'name': 'movies', 'user_num': 16994, 'item_num': 9370}, 'model': {'name': 'lightgcn_plus', 'keep_rate': 0.8, 'embedding_size': 32, 'layer_num': 3, 'reg_weight': 1e-08, 'kd_weight': 0.001, 'kd_temperature': 0.1, 'steam': {'easyrec-roberta-large': {'layer_num': 3, 'reg_weight': 1e-08, 'kd_weight': 0.01, 'kd_temperature': 0.5}}}}
2024-11-03 00:34:09,026 - Hyper Parameters: {'name': 'lightgcn_plus', 'keep_rate': 0.8, 'embedding_size': 32, 'layer_num': 3, 'reg_weight': 1e-08, 'kd_weight': 0.001, 'kd_temperature': 0.1, 'steam': {'easyrec-roberta-large': {'layer_num': 3, 'reg_weight': 1e-08, 'kd_weight': 0.01, 'kd_temperature': 0.5}}}
2024-11-03 00:34:12,148 - Epoch   0 Validation set [recall@5: 0.0493 recall@10: 0.0730 recall@20: 0.1071 ] [ndcg@5: 0.0382 ndcg@10: 0.0465 ndcg@20: 0.0560 ] 
2024-11-03 00:34:18,247 - Epoch   3 Validation set [recall@5: 0.0360 recall@10: 0.0552 recall@20: 0.0866 ] [ndcg@5: 0.0278 ndcg@10: 0.0346 ndcg@20: 0.0433 ] 
2024-11-03 00:34:24,336 - Epoch   6 Validation set [recall@5: 0.0378 recall@10: 0.0593 recall@20: 0.0918 ] [ndcg@5: 0.0291 ndcg@10: 0.0366 ndcg@20: 0.0457 ] 
2024-11-03 00:34:30,415 - Epoch   9 Validation set [recall@5: 0.0401 recall@10: 0.0645 recall@20: 0.1001 ] [ndcg@5: 0.0310 ndcg@10: 0.0395 ndcg@20: 0.0494 ] 
2024-11-03 00:34:36,678 - Epoch  12 Validation set [recall@5: 0.0421 recall@10: 0.0685 recall@20: 0.1067 ] [ndcg@5: 0.0332 ndcg@10: 0.0424 ndcg@20: 0.0531 ] 
2024-11-03 00:34:42,675 - Epoch  15 Validation set [recall@5: 0.0447 recall@10: 0.0719 recall@20: 0.1097 ] [ndcg@5: 0.0349 ndcg@10: 0.0444 ndcg@20: 0.0550 ] 
2024-11-03 00:34:48,751 - Epoch  18 Validation set [recall@5: 0.0469 recall@10: 0.0746 recall@20: 0.1155 ] [ndcg@5: 0.0361 ndcg@10: 0.0457 ndcg@20: 0.0571 ] 
2024-11-03 00:34:55,074 - Epoch  21 Validation set [recall@5: 0.0485 recall@10: 0.0786 recall@20: 0.1196 ] [ndcg@5: 0.0373 ndcg@10: 0.0477 ndcg@20: 0.0592 ] 
2024-11-03 00:35:01,170 - Epoch  24 Validation set [recall@5: 0.0509 recall@10: 0.0814 recall@20: 0.1215 ] [ndcg@5: 0.0387 ndcg@10: 0.0492 ndcg@20: 0.0606 ] 
2024-11-03 00:35:07,192 - Epoch  27 Validation set [recall@5: 0.0538 recall@10: 0.0831 recall@20: 0.1267 ] [ndcg@5: 0.0403 ndcg@10: 0.0505 ndcg@20: 0.0626 ] 
2024-11-03 00:35:13,256 - Epoch  30 Validation set [recall@5: 0.0549 recall@10: 0.0862 recall@20: 0.1311 ] [ndcg@5: 0.0410 ndcg@10: 0.0518 ndcg@20: 0.0643 ] 
2024-11-03 00:35:19,318 - Epoch  33 Validation set [recall@5: 0.0561 recall@10: 0.0881 recall@20: 0.1324 ] [ndcg@5: 0.0424 ndcg@10: 0.0535 ndcg@20: 0.0659 ] 
2024-11-03 00:35:25,331 - Epoch  36 Validation set [recall@5: 0.0579 recall@10: 0.0900 recall@20: 0.1354 ] [ndcg@5: 0.0436 ndcg@10: 0.0548 ndcg@20: 0.0676 ] 
2024-11-03 00:35:31,365 - Epoch  39 Validation set [recall@5: 0.0596 recall@10: 0.0908 recall@20: 0.1377 ] [ndcg@5: 0.0448 ndcg@10: 0.0558 ndcg@20: 0.0690 ] 
2024-11-03 00:35:37,591 - Epoch  42 Validation set [recall@5: 0.0617 recall@10: 0.0927 recall@20: 0.1398 ] [ndcg@5: 0.0462 ndcg@10: 0.0571 ndcg@20: 0.0703 ] 
2024-11-03 00:35:43,602 - Epoch  45 Validation set [recall@5: 0.0627 recall@10: 0.0951 recall@20: 0.1419 ] [ndcg@5: 0.0473 ndcg@10: 0.0587 ndcg@20: 0.0718 ] 
2024-11-03 00:35:49,703 - Epoch  48 Validation set [recall@5: 0.0647 recall@10: 0.0974 recall@20: 0.1446 ] [ndcg@5: 0.0488 ndcg@10: 0.0602 ndcg@20: 0.0734 ] 
2024-11-03 00:35:55,705 - Epoch  51 Validation set [recall@5: 0.0663 recall@10: 0.0985 recall@20: 0.1452 ] [ndcg@5: 0.0497 ndcg@10: 0.0609 ndcg@20: 0.0741 ] 
2024-11-03 00:36:01,928 - Epoch  54 Validation set [recall@5: 0.0664 recall@10: 0.1010 recall@20: 0.1460 ] [ndcg@5: 0.0501 ndcg@10: 0.0623 ndcg@20: 0.0749 ] 
2024-11-03 00:36:08,101 - Epoch  57 Validation set [recall@5: 0.0668 recall@10: 0.1020 recall@20: 0.1467 ] [ndcg@5: 0.0509 ndcg@10: 0.0634 ndcg@20: 0.0759 ] 
2024-11-03 00:36:14,124 - Epoch  60 Validation set [recall@5: 0.0684 recall@10: 0.1024 recall@20: 0.1478 ] [ndcg@5: 0.0523 ndcg@10: 0.0644 ndcg@20: 0.0771 ] 
2024-11-03 00:36:20,255 - Epoch  63 Validation set [recall@5: 0.0695 recall@10: 0.1034 recall@20: 0.1495 ] [ndcg@5: 0.0530 ndcg@10: 0.0650 ndcg@20: 0.0779 ] 
2024-11-03 00:36:26,351 - Epoch  66 Validation set [recall@5: 0.0712 recall@10: 0.1051 recall@20: 0.1508 ] [ndcg@5: 0.0541 ndcg@10: 0.0661 ndcg@20: 0.0789 ] 
2024-11-03 00:36:32,569 - Epoch  69 Validation set [recall@5: 0.0728 recall@10: 0.1055 recall@20: 0.1518 ] [ndcg@5: 0.0552 ndcg@10: 0.0668 ndcg@20: 0.0797 ] 
2024-11-03 00:36:38,695 - Epoch  72 Validation set [recall@5: 0.0723 recall@10: 0.1066 recall@20: 0.1540 ] [ndcg@5: 0.0554 ndcg@10: 0.0676 ndcg@20: 0.0808 ] 
2024-11-03 00:36:44,728 - Epoch  75 Validation set [recall@5: 0.0730 recall@10: 0.1082 recall@20: 0.1550 ] [ndcg@5: 0.0556 ndcg@10: 0.0681 ndcg@20: 0.0812 ] 
2024-11-03 00:36:50,837 - Epoch  78 Validation set [recall@5: 0.0736 recall@10: 0.1089 recall@20: 0.1562 ] [ndcg@5: 0.0559 ndcg@10: 0.0684 ndcg@20: 0.0816 ] 
2024-11-03 00:36:57,177 - Epoch  81 Validation set [recall@5: 0.0741 recall@10: 0.1094 recall@20: 0.1573 ] [ndcg@5: 0.0564 ndcg@10: 0.0689 ndcg@20: 0.0822 ] 
2024-11-03 00:37:03,196 - Epoch  84 Validation set [recall@5: 0.0755 recall@10: 0.1097 recall@20: 0.1574 ] [ndcg@5: 0.0570 ndcg@10: 0.0691 ndcg@20: 0.0824 ] 
2024-11-03 00:37:09,306 - Epoch  87 Validation set [recall@5: 0.0754 recall@10: 0.1110 recall@20: 0.1581 ] [ndcg@5: 0.0572 ndcg@10: 0.0697 ndcg@20: 0.0829 ] 
2024-11-03 00:37:15,309 - Epoch  90 Validation set [recall@5: 0.0760 recall@10: 0.1117 recall@20: 0.1585 ] [ndcg@5: 0.0578 ndcg@10: 0.0703 ndcg@20: 0.0835 ] 
2024-11-03 00:37:21,386 - Epoch  93 Validation set [recall@5: 0.0761 recall@10: 0.1116 recall@20: 0.1589 ] [ndcg@5: 0.0579 ndcg@10: 0.0704 ndcg@20: 0.0837 ] 
2024-11-03 00:37:27,526 - Epoch  96 Validation set [recall@5: 0.0773 recall@10: 0.1132 recall@20: 0.1587 ] [ndcg@5: 0.0588 ndcg@10: 0.0713 ndcg@20: 0.0842 ] 
2024-11-03 00:37:33,648 - Epoch  99 Validation set [recall@5: 0.0780 recall@10: 0.1127 recall@20: 0.1596 ] [ndcg@5: 0.0595 ndcg@10: 0.0716 ndcg@20: 0.0849 ] 
2024-11-03 00:37:39,838 - Epoch 102 Validation set [recall@5: 0.0789 recall@10: 0.1139 recall@20: 0.1604 ] [ndcg@5: 0.0602 ndcg@10: 0.0724 ndcg@20: 0.0855 ] 
2024-11-03 00:37:45,959 - Epoch 105 Validation set [recall@5: 0.0792 recall@10: 0.1145 recall@20: 0.1611 ] [ndcg@5: 0.0602 ndcg@10: 0.0726 ndcg@20: 0.0858 ] 
2024-11-03 00:37:52,006 - Epoch 108 Validation set [recall@5: 0.0792 recall@10: 0.1147 recall@20: 0.1623 ] [ndcg@5: 0.0604 ndcg@10: 0.0728 ndcg@20: 0.0862 ] 
2024-11-03 00:37:58,261 - Epoch 111 Validation set [recall@5: 0.0792 recall@10: 0.1160 recall@20: 0.1633 ] [ndcg@5: 0.0603 ndcg@10: 0.0731 ndcg@20: 0.0864 ] 
2024-11-03 00:38:04,289 - Epoch 114 Validation set [recall@5: 0.0797 recall@10: 0.1158 recall@20: 0.1632 ] [ndcg@5: 0.0609 ndcg@10: 0.0736 ndcg@20: 0.0870 ] 
2024-11-03 00:38:10,360 - Epoch 117 Validation set [recall@5: 0.0812 recall@10: 0.1162 recall@20: 0.1642 ] [ndcg@5: 0.0616 ndcg@10: 0.0739 ndcg@20: 0.0873 ] 
2024-11-03 00:38:16,496 - Epoch 120 Validation set [recall@5: 0.0818 recall@10: 0.1159 recall@20: 0.1645 ] [ndcg@5: 0.0619 ndcg@10: 0.0738 ndcg@20: 0.0876 ] 
2024-11-03 00:38:22,491 - Epoch 123 Validation set [recall@5: 0.0817 recall@10: 0.1171 recall@20: 0.1654 ] [ndcg@5: 0.0621 ndcg@10: 0.0745 ndcg@20: 0.0881 ] 
2024-11-03 00:38:28,740 - Epoch 126 Validation set [recall@5: 0.0819 recall@10: 0.1174 recall@20: 0.1653 ] [ndcg@5: 0.0618 ndcg@10: 0.0743 ndcg@20: 0.0878 ] 
2024-11-03 00:38:34,795 - Epoch 129 Validation set [recall@5: 0.0818 recall@10: 0.1173 recall@20: 0.1655 ] [ndcg@5: 0.0618 ndcg@10: 0.0743 ndcg@20: 0.0879 ] 
2024-11-03 00:38:40,908 - Epoch 132 Validation set [recall@5: 0.0826 recall@10: 0.1186 recall@20: 0.1658 ] [ndcg@5: 0.0623 ndcg@10: 0.0749 ndcg@20: 0.0881 ] 
2024-11-03 00:38:47,045 - Epoch 135 Validation set [recall@5: 0.0822 recall@10: 0.1193 recall@20: 0.1663 ] [ndcg@5: 0.0624 ndcg@10: 0.0754 ndcg@20: 0.0886 ] 
2024-11-03 00:38:53,135 - Epoch 138 Validation set [recall@5: 0.0826 recall@10: 0.1195 recall@20: 0.1678 ] [ndcg@5: 0.0629 ndcg@10: 0.0758 ndcg@20: 0.0893 ] 
2024-11-03 00:38:59,356 - Epoch 141 Validation set [recall@5: 0.0827 recall@10: 0.1204 recall@20: 0.1682 ] [ndcg@5: 0.0633 ndcg@10: 0.0764 ndcg@20: 0.0899 ] 
2024-11-03 00:39:05,495 - Epoch 144 Validation set [recall@5: 0.0832 recall@10: 0.1202 recall@20: 0.1685 ] [ndcg@5: 0.0635 ndcg@10: 0.0765 ndcg@20: 0.0901 ] 
2024-11-03 00:39:11,642 - Epoch 147 Validation set [recall@5: 0.0839 recall@10: 0.1203 recall@20: 0.1686 ] [ndcg@5: 0.0640 ndcg@10: 0.0768 ndcg@20: 0.0904 ] 
2024-11-03 00:39:17,785 - Epoch 150 Validation set [recall@5: 0.0839 recall@10: 0.1211 recall@20: 0.1683 ] [ndcg@5: 0.0640 ndcg@10: 0.0771 ndcg@20: 0.0904 ] 
2024-11-03 00:39:23,822 - Epoch 153 Validation set [recall@5: 0.0852 recall@10: 0.1207 recall@20: 0.1687 ] [ndcg@5: 0.0649 ndcg@10: 0.0774 ndcg@20: 0.0908 ] 
2024-11-03 00:39:29,893 - Epoch 156 Validation set [recall@5: 0.0839 recall@10: 0.1208 recall@20: 0.1685 ] [ndcg@5: 0.0643 ndcg@10: 0.0773 ndcg@20: 0.0907 ] 
2024-11-03 00:39:36,059 - Epoch 159 Validation set [recall@5: 0.0836 recall@10: 0.1210 recall@20: 0.1682 ] [ndcg@5: 0.0639 ndcg@10: 0.0771 ndcg@20: 0.0904 ] 
2024-11-03 00:39:42,122 - Epoch 162 Validation set [recall@5: 0.0843 recall@10: 0.1215 recall@20: 0.1694 ] [ndcg@5: 0.0643 ndcg@10: 0.0775 ndcg@20: 0.0910 ] 
2024-11-03 00:39:48,200 - Epoch 165 Validation set [recall@5: 0.0849 recall@10: 0.1218 recall@20: 0.1707 ] [ndcg@5: 0.0650 ndcg@10: 0.0780 ndcg@20: 0.0917 ] 
2024-11-03 00:39:54,222 - Epoch 168 Validation set [recall@5: 0.0840 recall@10: 0.1221 recall@20: 0.1709 ] [ndcg@5: 0.0649 ndcg@10: 0.0782 ndcg@20: 0.0919 ] 
2024-11-03 00:40:00,368 - Epoch 171 Validation set [recall@5: 0.0849 recall@10: 0.1222 recall@20: 0.1716 ] [ndcg@5: 0.0652 ndcg@10: 0.0783 ndcg@20: 0.0922 ] 
2024-11-03 00:40:06,505 - Epoch 174 Validation set [recall@5: 0.0842 recall@10: 0.1222 recall@20: 0.1709 ] [ndcg@5: 0.0649 ndcg@10: 0.0782 ndcg@20: 0.0919 ] 
2024-11-03 00:40:12,556 - Epoch 177 Validation set [recall@5: 0.0848 recall@10: 0.1216 recall@20: 0.1717 ] [ndcg@5: 0.0650 ndcg@10: 0.0779 ndcg@20: 0.0920 ] 
2024-11-03 00:40:18,653 - Epoch 180 Validation set [recall@5: 0.0854 recall@10: 0.1217 recall@20: 0.1730 ] [ndcg@5: 0.0655 ndcg@10: 0.0781 ndcg@20: 0.0925 ] 
2024-11-03 00:40:24,719 - Epoch 183 Validation set [recall@5: 0.0845 recall@10: 0.1220 recall@20: 0.1720 ] [ndcg@5: 0.0651 ndcg@10: 0.0781 ndcg@20: 0.0922 ] 
2024-11-03 00:40:30,738 - Epoch 186 Validation set [recall@5: 0.0846 recall@10: 0.1221 recall@20: 0.1723 ] [ndcg@5: 0.0652 ndcg@10: 0.0784 ndcg@20: 0.0924 ] 
2024-11-03 00:40:36,835 - Epoch 189 Validation set [recall@5: 0.0844 recall@10: 0.1232 recall@20: 0.1721 ] [ndcg@5: 0.0651 ndcg@10: 0.0787 ndcg@20: 0.0924 ] 
2024-11-03 00:40:42,889 - Epoch 192 Validation set [recall@5: 0.0859 recall@10: 0.1230 recall@20: 0.1717 ] [ndcg@5: 0.0661 ndcg@10: 0.0791 ndcg@20: 0.0927 ] 
2024-11-03 00:40:49,047 - Epoch 195 Validation set [recall@5: 0.0856 recall@10: 0.1231 recall@20: 0.1726 ] [ndcg@5: 0.0660 ndcg@10: 0.0791 ndcg@20: 0.0930 ] 
2024-11-03 00:40:50,003 - [recall@5: 0.0854 recall@10: 0.1217 recall@20: 0.1730 ] [ndcg@5: 0.0655 ndcg@10: 0.0781 ndcg@20: 0.0925 ] 
2024-11-03 00:40:50,995 - [recall@5: 0.0854 recall@10: 0.1231 recall@20: 0.1721 ] [ndcg@5: 0.0655 ndcg@10: 0.0787 ndcg@20: 0.0924 ] 
2024-11-03 00:40:50,996 - Best Epoch 180. Final test result: {'recall': array([0.08542914, 0.12309798, 0.17208898]), 'ndcg': array([0.06547899, 0.07874261, 0.09242252])}.
