2024-11-02 23:32:18,316 - {'optimizer': {'name': 'adam', 'lr': 0.001, 'weight_decay': 0}, 'train': {'epoch': 3000, 'batch_size': 4096, 'save_model': False, 'loss': 'pairwise', 'test_step': 3, 'reproducible': True, 'seed': 2024, 'patience': 5}, 'test': {'metrics': ['recall', 'ndcg'], 'k': [5, 10, 20], 'batch_size': 1024}, 'data': {'type': 'general_cf', 'name': 'movies', 'user_num': 16994, 'item_num': 9370}, 'model': {'name': 'gccf_plus', 'keep_rate': 0.8, 'embedding_size': 32, 'layer_num': 2, 'reg_weight': 1e-06, 'kd_weight': 0.01, 'kd_temperature': 0.5, 'steam': {'easyrec-roberta-large': {'layer_num': 3, 'reg_weight': 1e-06, 'kd_weight': 0.001, 'kd_temperature': 0.1}}}}
2024-11-02 23:32:18,913 - Hyper Parameters: {'name': 'gccf_plus', 'keep_rate': 0.8, 'embedding_size': 32, 'layer_num': 2, 'reg_weight': 1e-06, 'kd_weight': 0.01, 'kd_temperature': 0.5, 'steam': {'easyrec-roberta-large': {'layer_num': 3, 'reg_weight': 1e-06, 'kd_weight': 0.001, 'kd_temperature': 0.1}}}
2024-11-02 23:32:22,698 - Epoch   0 Validation set [recall@5: 0.0014 recall@10: 0.0025 recall@20: 0.0047 ] [ndcg@5: 0.0010 ndcg@10: 0.0013 ndcg@20: 0.0019 ] 
2024-11-02 23:32:30,335 - Epoch   3 Validation set [recall@5: 0.0088 recall@10: 0.0137 recall@20: 0.0217 ] [ndcg@5: 0.0063 ndcg@10: 0.0080 ndcg@20: 0.0102 ] 
2024-11-02 23:32:37,812 - Epoch   6 Validation set [recall@5: 0.0184 recall@10: 0.0290 recall@20: 0.0456 ] [ndcg@5: 0.0141 ndcg@10: 0.0178 ndcg@20: 0.0224 ] 
2024-11-02 23:32:45,662 - Epoch   9 Validation set [recall@5: 0.0264 recall@10: 0.0421 recall@20: 0.0691 ] [ndcg@5: 0.0207 ndcg@10: 0.0262 ndcg@20: 0.0336 ] 
2024-11-02 23:32:53,487 - Epoch  12 Validation set [recall@5: 0.0328 recall@10: 0.0488 recall@20: 0.0778 ] [ndcg@5: 0.0240 ndcg@10: 0.0296 ndcg@20: 0.0376 ] 
2024-11-02 23:33:01,274 - Epoch  15 Validation set [recall@5: 0.0329 recall@10: 0.0515 recall@20: 0.0825 ] [ndcg@5: 0.0248 ndcg@10: 0.0314 ndcg@20: 0.0399 ] 
2024-11-02 23:33:09,036 - Epoch  18 Validation set [recall@5: 0.0345 recall@10: 0.0548 recall@20: 0.0863 ] [ndcg@5: 0.0257 ndcg@10: 0.0328 ndcg@20: 0.0416 ] 
2024-11-02 23:33:16,929 - Epoch  21 Validation set [recall@5: 0.0363 recall@10: 0.0577 recall@20: 0.0868 ] [ndcg@5: 0.0271 ndcg@10: 0.0345 ndcg@20: 0.0427 ] 
2024-11-02 23:33:24,841 - Epoch  24 Validation set [recall@5: 0.0371 recall@10: 0.0586 recall@20: 0.0879 ] [ndcg@5: 0.0277 ndcg@10: 0.0352 ndcg@20: 0.0435 ] 
2024-11-02 23:33:32,516 - Epoch  27 Validation set [recall@5: 0.0375 recall@10: 0.0597 recall@20: 0.0899 ] [ndcg@5: 0.0278 ndcg@10: 0.0356 ndcg@20: 0.0441 ] 
2024-11-02 23:33:40,125 - Epoch  30 Validation set [recall@5: 0.0376 recall@10: 0.0599 recall@20: 0.0899 ] [ndcg@5: 0.0284 ndcg@10: 0.0361 ndcg@20: 0.0446 ] 
2024-11-02 23:33:47,679 - Epoch  33 Validation set [recall@5: 0.0376 recall@10: 0.0611 recall@20: 0.0917 ] [ndcg@5: 0.0285 ndcg@10: 0.0367 ndcg@20: 0.0453 ] 
2024-11-02 23:33:55,241 - Epoch  36 Validation set [recall@5: 0.0387 recall@10: 0.0617 recall@20: 0.0926 ] [ndcg@5: 0.0291 ndcg@10: 0.0371 ndcg@20: 0.0458 ] 
2024-11-02 23:34:02,904 - Epoch  39 Validation set [recall@5: 0.0392 recall@10: 0.0617 recall@20: 0.0944 ] [ndcg@5: 0.0295 ndcg@10: 0.0374 ndcg@20: 0.0465 ] 
2024-11-02 23:34:10,459 - Epoch  42 Validation set [recall@5: 0.0397 recall@10: 0.0625 recall@20: 0.0951 ] [ndcg@5: 0.0298 ndcg@10: 0.0378 ndcg@20: 0.0469 ] 
2024-11-02 23:34:17,906 - Epoch  45 Validation set [recall@5: 0.0411 recall@10: 0.0624 recall@20: 0.0957 ] [ndcg@5: 0.0308 ndcg@10: 0.0382 ndcg@20: 0.0475 ] 
2024-11-02 23:34:25,735 - Epoch  48 Validation set [recall@5: 0.0410 recall@10: 0.0630 recall@20: 0.0981 ] [ndcg@5: 0.0309 ndcg@10: 0.0385 ndcg@20: 0.0483 ] 
2024-11-02 23:34:33,173 - Epoch  51 Validation set [recall@5: 0.0413 recall@10: 0.0635 recall@20: 0.0997 ] [ndcg@5: 0.0311 ndcg@10: 0.0388 ndcg@20: 0.0489 ] 
2024-11-02 23:34:40,819 - Epoch  54 Validation set [recall@5: 0.0418 recall@10: 0.0643 recall@20: 0.1000 ] [ndcg@5: 0.0317 ndcg@10: 0.0395 ndcg@20: 0.0494 ] 
2024-11-02 23:34:48,500 - Epoch  57 Validation set [recall@5: 0.0416 recall@10: 0.0650 recall@20: 0.1001 ] [ndcg@5: 0.0316 ndcg@10: 0.0397 ndcg@20: 0.0495 ] 
2024-11-02 23:34:55,985 - Epoch  60 Validation set [recall@5: 0.0425 recall@10: 0.0656 recall@20: 0.1014 ] [ndcg@5: 0.0319 ndcg@10: 0.0399 ndcg@20: 0.0500 ] 
2024-11-02 23:35:03,534 - Epoch  63 Validation set [recall@5: 0.0427 recall@10: 0.0667 recall@20: 0.1035 ] [ndcg@5: 0.0322 ndcg@10: 0.0406 ndcg@20: 0.0508 ] 
2024-11-02 23:35:10,999 - Epoch  66 Validation set [recall@5: 0.0432 recall@10: 0.0674 recall@20: 0.1042 ] [ndcg@5: 0.0326 ndcg@10: 0.0410 ndcg@20: 0.0513 ] 
2024-11-02 23:35:18,347 - Epoch  69 Validation set [recall@5: 0.0432 recall@10: 0.0685 recall@20: 0.1056 ] [ndcg@5: 0.0329 ndcg@10: 0.0417 ndcg@20: 0.0521 ] 
2024-11-02 23:35:25,794 - Epoch  72 Validation set [recall@5: 0.0435 recall@10: 0.0694 recall@20: 0.1065 ] [ndcg@5: 0.0331 ndcg@10: 0.0420 ndcg@20: 0.0525 ] 
2024-11-02 23:35:33,249 - Epoch  75 Validation set [recall@5: 0.0435 recall@10: 0.0694 recall@20: 0.1078 ] [ndcg@5: 0.0332 ndcg@10: 0.0423 ndcg@20: 0.0531 ] 
2024-11-02 23:35:40,786 - Epoch  78 Validation set [recall@5: 0.0437 recall@10: 0.0705 recall@20: 0.1091 ] [ndcg@5: 0.0334 ndcg@10: 0.0428 ndcg@20: 0.0536 ] 
2024-11-02 23:35:48,230 - Epoch  81 Validation set [recall@5: 0.0445 recall@10: 0.0719 recall@20: 0.1107 ] [ndcg@5: 0.0340 ndcg@10: 0.0437 ndcg@20: 0.0545 ] 
2024-11-02 23:35:55,914 - Epoch  84 Validation set [recall@5: 0.0452 recall@10: 0.0720 recall@20: 0.1123 ] [ndcg@5: 0.0347 ndcg@10: 0.0442 ndcg@20: 0.0554 ] 
2024-11-02 23:36:03,495 - Epoch  87 Validation set [recall@5: 0.0452 recall@10: 0.0738 recall@20: 0.1129 ] [ndcg@5: 0.0345 ndcg@10: 0.0445 ndcg@20: 0.0554 ] 
2024-11-02 23:36:11,004 - Epoch  90 Validation set [recall@5: 0.0462 recall@10: 0.0738 recall@20: 0.1131 ] [ndcg@5: 0.0352 ndcg@10: 0.0448 ndcg@20: 0.0558 ] 
2024-11-02 23:36:18,518 - Epoch  93 Validation set [recall@5: 0.0464 recall@10: 0.0738 recall@20: 0.1130 ] [ndcg@5: 0.0354 ndcg@10: 0.0449 ndcg@20: 0.0560 ] 
2024-11-02 23:36:27,078 - Epoch  96 Validation set [recall@5: 0.0468 recall@10: 0.0747 recall@20: 0.1139 ] [ndcg@5: 0.0359 ndcg@10: 0.0456 ndcg@20: 0.0566 ] 
2024-11-02 23:36:34,734 - Epoch  99 Validation set [recall@5: 0.0477 recall@10: 0.0754 recall@20: 0.1153 ] [ndcg@5: 0.0364 ndcg@10: 0.0461 ndcg@20: 0.0573 ] 
2024-11-02 23:36:42,281 - Epoch 102 Validation set [recall@5: 0.0479 recall@10: 0.0768 recall@20: 0.1165 ] [ndcg@5: 0.0367 ndcg@10: 0.0469 ndcg@20: 0.0579 ] 
2024-11-02 23:36:49,711 - Epoch 105 Validation set [recall@5: 0.0484 recall@10: 0.0767 recall@20: 0.1173 ] [ndcg@5: 0.0370 ndcg@10: 0.0470 ndcg@20: 0.0583 ] 
2024-11-02 23:36:57,285 - Epoch 108 Validation set [recall@5: 0.0484 recall@10: 0.0774 recall@20: 0.1177 ] [ndcg@5: 0.0373 ndcg@10: 0.0475 ndcg@20: 0.0587 ] 
2024-11-02 23:37:04,876 - Epoch 111 Validation set [recall@5: 0.0499 recall@10: 0.0783 recall@20: 0.1190 ] [ndcg@5: 0.0381 ndcg@10: 0.0481 ndcg@20: 0.0594 ] 
2024-11-02 23:37:12,352 - Epoch 114 Validation set [recall@5: 0.0507 recall@10: 0.0788 recall@20: 0.1206 ] [ndcg@5: 0.0386 ndcg@10: 0.0486 ndcg@20: 0.0601 ] 
2024-11-02 23:37:19,842 - Epoch 117 Validation set [recall@5: 0.0521 recall@10: 0.0799 recall@20: 0.1207 ] [ndcg@5: 0.0395 ndcg@10: 0.0493 ndcg@20: 0.0606 ] 
2024-11-02 23:37:27,356 - Epoch 120 Validation set [recall@5: 0.0531 recall@10: 0.0809 recall@20: 0.1208 ] [ndcg@5: 0.0402 ndcg@10: 0.0499 ndcg@20: 0.0609 ] 
2024-11-02 23:37:34,923 - Epoch 123 Validation set [recall@5: 0.0535 recall@10: 0.0822 recall@20: 0.1221 ] [ndcg@5: 0.0404 ndcg@10: 0.0505 ndcg@20: 0.0615 ] 
2024-11-02 23:37:42,413 - Epoch 126 Validation set [recall@5: 0.0533 recall@10: 0.0820 recall@20: 0.1222 ] [ndcg@5: 0.0403 ndcg@10: 0.0505 ndcg@20: 0.0616 ] 
2024-11-02 23:37:50,063 - Epoch 129 Validation set [recall@5: 0.0537 recall@10: 0.0826 recall@20: 0.1225 ] [ndcg@5: 0.0405 ndcg@10: 0.0506 ndcg@20: 0.0617 ] 
2024-11-02 23:37:57,706 - Epoch 132 Validation set [recall@5: 0.0538 recall@10: 0.0830 recall@20: 0.1234 ] [ndcg@5: 0.0405 ndcg@10: 0.0508 ndcg@20: 0.0620 ] 
2024-11-02 23:38:05,244 - Epoch 135 Validation set [recall@5: 0.0541 recall@10: 0.0835 recall@20: 0.1242 ] [ndcg@5: 0.0406 ndcg@10: 0.0510 ndcg@20: 0.0623 ] 
2024-11-02 23:38:12,819 - Epoch 138 Validation set [recall@5: 0.0542 recall@10: 0.0841 recall@20: 0.1252 ] [ndcg@5: 0.0408 ndcg@10: 0.0513 ndcg@20: 0.0627 ] 
2024-11-02 23:38:20,316 - Epoch 141 Validation set [recall@5: 0.0554 recall@10: 0.0853 recall@20: 0.1269 ] [ndcg@5: 0.0415 ndcg@10: 0.0519 ndcg@20: 0.0634 ] 
2024-11-02 23:38:27,910 - Epoch 144 Validation set [recall@5: 0.0556 recall@10: 0.0855 recall@20: 0.1284 ] [ndcg@5: 0.0416 ndcg@10: 0.0521 ndcg@20: 0.0639 ] 
2024-11-02 23:38:35,515 - Epoch 147 Validation set [recall@5: 0.0560 recall@10: 0.0858 recall@20: 0.1285 ] [ndcg@5: 0.0421 ndcg@10: 0.0526 ndcg@20: 0.0643 ] 
2024-11-02 23:38:42,950 - Epoch 150 Validation set [recall@5: 0.0560 recall@10: 0.0863 recall@20: 0.1281 ] [ndcg@5: 0.0422 ndcg@10: 0.0530 ndcg@20: 0.0645 ] 
2024-11-02 23:38:50,471 - Epoch 153 Validation set [recall@5: 0.0561 recall@10: 0.0869 recall@20: 0.1303 ] [ndcg@5: 0.0422 ndcg@10: 0.0531 ndcg@20: 0.0651 ] 
2024-11-02 23:38:58,106 - Epoch 156 Validation set [recall@5: 0.0562 recall@10: 0.0871 recall@20: 0.1301 ] [ndcg@5: 0.0429 ndcg@10: 0.0537 ndcg@20: 0.0656 ] 
2024-11-02 23:39:05,770 - Epoch 159 Validation set [recall@5: 0.0568 recall@10: 0.0887 recall@20: 0.1310 ] [ndcg@5: 0.0431 ndcg@10: 0.0541 ndcg@20: 0.0659 ] 
2024-11-02 23:39:13,328 - Epoch 162 Validation set [recall@5: 0.0571 recall@10: 0.0892 recall@20: 0.1311 ] [ndcg@5: 0.0433 ndcg@10: 0.0544 ndcg@20: 0.0661 ] 
2024-11-02 23:39:20,801 - Epoch 165 Validation set [recall@5: 0.0587 recall@10: 0.0903 recall@20: 0.1311 ] [ndcg@5: 0.0442 ndcg@10: 0.0551 ndcg@20: 0.0664 ] 
2024-11-02 23:39:28,416 - Epoch 168 Validation set [recall@5: 0.0583 recall@10: 0.0909 recall@20: 0.1327 ] [ndcg@5: 0.0442 ndcg@10: 0.0555 ndcg@20: 0.0671 ] 
2024-11-02 23:39:36,016 - Epoch 171 Validation set [recall@5: 0.0592 recall@10: 0.0906 recall@20: 0.1321 ] [ndcg@5: 0.0447 ndcg@10: 0.0556 ndcg@20: 0.0672 ] 
2024-11-02 23:39:43,769 - Epoch 174 Validation set [recall@5: 0.0596 recall@10: 0.0908 recall@20: 0.1329 ] [ndcg@5: 0.0449 ndcg@10: 0.0556 ndcg@20: 0.0673 ] 
2024-11-02 23:39:51,304 - Epoch 177 Validation set [recall@5: 0.0610 recall@10: 0.0901 recall@20: 0.1335 ] [ndcg@5: 0.0455 ndcg@10: 0.0557 ndcg@20: 0.0678 ] 
2024-11-02 23:39:58,924 - Epoch 180 Validation set [recall@5: 0.0605 recall@10: 0.0907 recall@20: 0.1339 ] [ndcg@5: 0.0454 ndcg@10: 0.0558 ndcg@20: 0.0679 ] 
2024-11-02 23:40:06,556 - Epoch 183 Validation set [recall@5: 0.0600 recall@10: 0.0913 recall@20: 0.1345 ] [ndcg@5: 0.0449 ndcg@10: 0.0558 ndcg@20: 0.0678 ] 
2024-11-02 23:40:13,997 - Epoch 186 Validation set [recall@5: 0.0604 recall@10: 0.0914 recall@20: 0.1349 ] [ndcg@5: 0.0454 ndcg@10: 0.0562 ndcg@20: 0.0683 ] 
2024-11-02 23:40:21,565 - Epoch 189 Validation set [recall@5: 0.0614 recall@10: 0.0924 recall@20: 0.1349 ] [ndcg@5: 0.0458 ndcg@10: 0.0566 ndcg@20: 0.0684 ] 
2024-11-02 23:40:29,175 - Epoch 192 Validation set [recall@5: 0.0614 recall@10: 0.0928 recall@20: 0.1354 ] [ndcg@5: 0.0461 ndcg@10: 0.0571 ndcg@20: 0.0689 ] 
2024-11-02 23:40:36,893 - Epoch 195 Validation set [recall@5: 0.0616 recall@10: 0.0939 recall@20: 0.1358 ] [ndcg@5: 0.0464 ndcg@10: 0.0577 ndcg@20: 0.0694 ] 
2024-11-02 23:40:44,453 - Epoch 198 Validation set [recall@5: 0.0607 recall@10: 0.0944 recall@20: 0.1362 ] [ndcg@5: 0.0459 ndcg@10: 0.0577 ndcg@20: 0.0693 ] 
2024-11-02 23:40:51,993 - Epoch 201 Validation set [recall@5: 0.0615 recall@10: 0.0943 recall@20: 0.1372 ] [ndcg@5: 0.0467 ndcg@10: 0.0582 ndcg@20: 0.0701 ] 
2024-11-02 23:40:59,515 - Epoch 204 Validation set [recall@5: 0.0614 recall@10: 0.0950 recall@20: 0.1378 ] [ndcg@5: 0.0467 ndcg@10: 0.0585 ndcg@20: 0.0703 ] 
2024-11-02 23:41:07,203 - Epoch 207 Validation set [recall@5: 0.0622 recall@10: 0.0955 recall@20: 0.1375 ] [ndcg@5: 0.0471 ndcg@10: 0.0587 ndcg@20: 0.0704 ] 
2024-11-02 23:41:14,740 - Epoch 210 Validation set [recall@5: 0.0625 recall@10: 0.0952 recall@20: 0.1384 ] [ndcg@5: 0.0472 ndcg@10: 0.0586 ndcg@20: 0.0707 ] 
2024-11-02 23:41:22,299 - Epoch 213 Validation set [recall@5: 0.0627 recall@10: 0.0954 recall@20: 0.1391 ] [ndcg@5: 0.0472 ndcg@10: 0.0586 ndcg@20: 0.0707 ] 
2024-11-02 23:41:29,963 - Epoch 216 Validation set [recall@5: 0.0640 recall@10: 0.0967 recall@20: 0.1392 ] [ndcg@5: 0.0479 ndcg@10: 0.0592 ndcg@20: 0.0710 ] 
2024-11-02 23:41:37,715 - Epoch 219 Validation set [recall@5: 0.0641 recall@10: 0.0969 recall@20: 0.1397 ] [ndcg@5: 0.0480 ndcg@10: 0.0595 ndcg@20: 0.0714 ] 
2024-11-02 23:41:45,611 - Epoch 222 Validation set [recall@5: 0.0650 recall@10: 0.0964 recall@20: 0.1401 ] [ndcg@5: 0.0486 ndcg@10: 0.0595 ndcg@20: 0.0718 ] 
2024-11-02 23:41:53,115 - Epoch 225 Validation set [recall@5: 0.0654 recall@10: 0.0961 recall@20: 0.1407 ] [ndcg@5: 0.0488 ndcg@10: 0.0595 ndcg@20: 0.0720 ] 
2024-11-02 23:42:00,334 - Epoch 228 Validation set [recall@5: 0.0645 recall@10: 0.0968 recall@20: 0.1416 ] [ndcg@5: 0.0486 ndcg@10: 0.0599 ndcg@20: 0.0724 ] 
2024-11-02 23:42:07,367 - Epoch 231 Validation set [recall@5: 0.0645 recall@10: 0.0970 recall@20: 0.1420 ] [ndcg@5: 0.0487 ndcg@10: 0.0601 ndcg@20: 0.0727 ] 
2024-11-02 23:42:14,458 - Epoch 234 Validation set [recall@5: 0.0644 recall@10: 0.0961 recall@20: 0.1437 ] [ndcg@5: 0.0488 ndcg@10: 0.0600 ndcg@20: 0.0733 ] 
2024-11-02 23:42:21,683 - Epoch 237 Validation set [recall@5: 0.0657 recall@10: 0.0965 recall@20: 0.1432 ] [ndcg@5: 0.0493 ndcg@10: 0.0601 ndcg@20: 0.0731 ] 
2024-11-02 23:42:28,751 - Epoch 240 Validation set [recall@5: 0.0649 recall@10: 0.0966 recall@20: 0.1436 ] [ndcg@5: 0.0492 ndcg@10: 0.0604 ndcg@20: 0.0735 ] 
2024-11-02 23:42:36,164 - Epoch 243 Validation set [recall@5: 0.0655 recall@10: 0.0979 recall@20: 0.1444 ] [ndcg@5: 0.0496 ndcg@10: 0.0609 ndcg@20: 0.0739 ] 
2024-11-02 23:42:43,346 - Epoch 246 Validation set [recall@5: 0.0662 recall@10: 0.0990 recall@20: 0.1447 ] [ndcg@5: 0.0497 ndcg@10: 0.0612 ndcg@20: 0.0740 ] 
2024-11-02 23:42:50,335 - Epoch 249 Validation set [recall@5: 0.0669 recall@10: 0.0983 recall@20: 0.1447 ] [ndcg@5: 0.0502 ndcg@10: 0.0612 ndcg@20: 0.0742 ] 
2024-11-02 23:42:57,435 - Epoch 252 Validation set [recall@5: 0.0662 recall@10: 0.0977 recall@20: 0.1450 ] [ndcg@5: 0.0497 ndcg@10: 0.0608 ndcg@20: 0.0740 ] 
2024-11-02 23:43:04,713 - Epoch 255 Validation set [recall@5: 0.0665 recall@10: 0.0991 recall@20: 0.1453 ] [ndcg@5: 0.0500 ndcg@10: 0.0614 ndcg@20: 0.0744 ] 
2024-11-02 23:43:11,817 - Epoch 258 Validation set [recall@5: 0.0669 recall@10: 0.0990 recall@20: 0.1466 ] [ndcg@5: 0.0507 ndcg@10: 0.0619 ndcg@20: 0.0753 ] 
2024-11-02 23:43:19,167 - Epoch 261 Validation set [recall@5: 0.0663 recall@10: 0.0994 recall@20: 0.1452 ] [ndcg@5: 0.0500 ndcg@10: 0.0616 ndcg@20: 0.0745 ] 
2024-11-02 23:43:26,278 - Epoch 264 Validation set [recall@5: 0.0669 recall@10: 0.1004 recall@20: 0.1459 ] [ndcg@5: 0.0503 ndcg@10: 0.0620 ndcg@20: 0.0748 ] 
2024-11-02 23:43:33,354 - Epoch 267 Validation set [recall@5: 0.0671 recall@10: 0.1002 recall@20: 0.1475 ] [ndcg@5: 0.0503 ndcg@10: 0.0619 ndcg@20: 0.0752 ] 
2024-11-02 23:43:40,622 - Epoch 270 Validation set [recall@5: 0.0677 recall@10: 0.1003 recall@20: 0.1474 ] [ndcg@5: 0.0507 ndcg@10: 0.0622 ndcg@20: 0.0755 ] 
2024-11-02 23:43:47,764 - Epoch 273 Validation set [recall@5: 0.0680 recall@10: 0.1008 recall@20: 0.1477 ] [ndcg@5: 0.0511 ndcg@10: 0.0625 ndcg@20: 0.0757 ] 
2024-11-02 23:43:54,817 - Epoch 276 Validation set [recall@5: 0.0675 recall@10: 0.1009 recall@20: 0.1480 ] [ndcg@5: 0.0509 ndcg@10: 0.0626 ndcg@20: 0.0759 ] 
2024-11-02 23:44:01,978 - Epoch 279 Validation set [recall@5: 0.0676 recall@10: 0.1015 recall@20: 0.1489 ] [ndcg@5: 0.0510 ndcg@10: 0.0629 ndcg@20: 0.0762 ] 
2024-11-02 23:44:09,146 - Epoch 282 Validation set [recall@5: 0.0681 recall@10: 0.1015 recall@20: 0.1489 ] [ndcg@5: 0.0511 ndcg@10: 0.0628 ndcg@20: 0.0762 ] 
2024-11-02 23:44:16,180 - Epoch 285 Validation set [recall@5: 0.0680 recall@10: 0.1017 recall@20: 0.1488 ] [ndcg@5: 0.0513 ndcg@10: 0.0631 ndcg@20: 0.0764 ] 
2024-11-02 23:44:23,387 - Epoch 288 Validation set [recall@5: 0.0690 recall@10: 0.1016 recall@20: 0.1499 ] [ndcg@5: 0.0515 ndcg@10: 0.0629 ndcg@20: 0.0765 ] 
2024-11-02 23:44:30,436 - Epoch 291 Validation set [recall@5: 0.0694 recall@10: 0.1016 recall@20: 0.1510 ] [ndcg@5: 0.0519 ndcg@10: 0.0631 ndcg@20: 0.0770 ] 
2024-11-02 23:44:37,414 - Epoch 294 Validation set [recall@5: 0.0694 recall@10: 0.1019 recall@20: 0.1512 ] [ndcg@5: 0.0521 ndcg@10: 0.0634 ndcg@20: 0.0772 ] 
2024-11-02 23:44:44,461 - Epoch 297 Validation set [recall@5: 0.0693 recall@10: 0.1019 recall@20: 0.1513 ] [ndcg@5: 0.0520 ndcg@10: 0.0634 ndcg@20: 0.0773 ] 
2024-11-02 23:44:51,457 - Epoch 300 Validation set [recall@5: 0.0693 recall@10: 0.1016 recall@20: 0.1514 ] [ndcg@5: 0.0520 ndcg@10: 0.0633 ndcg@20: 0.0773 ] 
2024-11-02 23:44:58,530 - Epoch 303 Validation set [recall@5: 0.0694 recall@10: 0.1023 recall@20: 0.1508 ] [ndcg@5: 0.0518 ndcg@10: 0.0633 ndcg@20: 0.0769 ] 
2024-11-02 23:45:05,529 - Epoch 306 Validation set [recall@5: 0.0695 recall@10: 0.1013 recall@20: 0.1501 ] [ndcg@5: 0.0519 ndcg@10: 0.0630 ndcg@20: 0.0768 ] 
2024-11-02 23:45:12,613 - Epoch 309 Validation set [recall@5: 0.0693 recall@10: 0.1028 recall@20: 0.1506 ] [ndcg@5: 0.0519 ndcg@10: 0.0637 ndcg@20: 0.0770 ] 
2024-11-02 23:45:19,682 - Epoch 312 Validation set [recall@5: 0.0703 recall@10: 0.1028 recall@20: 0.1502 ] [ndcg@5: 0.0523 ndcg@10: 0.0637 ndcg@20: 0.0770 ] 
2024-11-02 23:45:26,883 - Epoch 315 Validation set [recall@5: 0.0708 recall@10: 0.1029 recall@20: 0.1505 ] [ndcg@5: 0.0527 ndcg@10: 0.0640 ndcg@20: 0.0773 ] 
2024-11-02 23:45:27,864 - [recall@5: 0.0693 recall@10: 0.1016 recall@20: 0.1514 ] [ndcg@5: 0.0520 ndcg@10: 0.0633 ndcg@20: 0.0773 ] 
2024-11-02 23:45:28,968 - [recall@5: 0.0680 recall@10: 0.1029 recall@20: 0.1491 ] [ndcg@5: 0.0509 ndcg@10: 0.0631 ndcg@20: 0.0760 ] 
2024-11-02 23:45:28,969 - Best Epoch 300. Final test result: {'recall': array([0.0680046 , 0.10294348, 0.14914351]), 'ndcg': array([0.05092981, 0.06310584, 0.07599957])}.
