2024-11-03 01:26:31,168 - {'optimizer': {'name': 'adam', 'lr': 0.001, 'weight_decay': 0}, 'train': {'epoch': 3000, 'batch_size': 4096, 'save_model': False, 'loss': 'pairwise', 'test_step': 3, 'reproducible': True, 'seed': 2024, 'patience': 5}, 'test': {'metrics': ['recall', 'ndcg'], 'k': [5, 10, 20], 'batch_size': 1024}, 'data': {'type': 'general_cf', 'name': 'movies', 'user_num': 16994, 'item_num': 9370}, 'model': {'name': 'lightgcn_plus', 'keep_rate': 0.8, 'embedding_size': 32, 'layer_num': 3, 'reg_weight': 1e-08, 'kd_weight': 0.001, 'kd_temperature': 0.1, 'steam': {'easyrec-roberta-large': {'layer_num': 3, 'reg_weight': 1e-08, 'kd_weight': 0.01, 'kd_temperature': 0.5}}}}
2024-11-03 01:26:31,694 - Hyper Parameters: {'name': 'lightgcn_plus', 'keep_rate': 0.8, 'embedding_size': 32, 'layer_num': 3, 'reg_weight': 1e-08, 'kd_weight': 0.001, 'kd_temperature': 0.1, 'steam': {'easyrec-roberta-large': {'layer_num': 3, 'reg_weight': 1e-08, 'kd_weight': 0.01, 'kd_temperature': 0.5}}}
2024-11-03 01:26:35,076 - Epoch   0 Validation set [recall@5: 0.0491 recall@10: 0.0722 recall@20: 0.1018 ] [ndcg@5: 0.0374 ndcg@10: 0.0454 ndcg@20: 0.0536 ] 
2024-11-03 01:26:41,677 - Epoch   3 Validation set [recall@5: 0.0335 recall@10: 0.0522 recall@20: 0.0821 ] [ndcg@5: 0.0257 ndcg@10: 0.0321 ndcg@20: 0.0405 ] 
2024-11-03 01:26:48,216 - Epoch   6 Validation set [recall@5: 0.0345 recall@10: 0.0554 recall@20: 0.0862 ] [ndcg@5: 0.0265 ndcg@10: 0.0338 ndcg@20: 0.0424 ] 
2024-11-03 01:26:54,772 - Epoch   9 Validation set [recall@5: 0.0365 recall@10: 0.0605 recall@20: 0.0953 ] [ndcg@5: 0.0286 ndcg@10: 0.0371 ndcg@20: 0.0468 ] 
2024-11-03 01:27:01,324 - Epoch  12 Validation set [recall@5: 0.0411 recall@10: 0.0664 recall@20: 0.1012 ] [ndcg@5: 0.0317 ndcg@10: 0.0406 ndcg@20: 0.0503 ] 
2024-11-03 01:27:07,890 - Epoch  15 Validation set [recall@5: 0.0432 recall@10: 0.0691 recall@20: 0.1063 ] [ndcg@5: 0.0333 ndcg@10: 0.0424 ndcg@20: 0.0527 ] 
2024-11-03 01:27:14,429 - Epoch  18 Validation set [recall@5: 0.0439 recall@10: 0.0712 recall@20: 0.1114 ] [ndcg@5: 0.0340 ndcg@10: 0.0437 ndcg@20: 0.0548 ] 
2024-11-03 01:27:21,082 - Epoch  21 Validation set [recall@5: 0.0467 recall@10: 0.0760 recall@20: 0.1172 ] [ndcg@5: 0.0359 ndcg@10: 0.0462 ndcg@20: 0.0576 ] 
2024-11-03 01:27:27,966 - Epoch  24 Validation set [recall@5: 0.0489 recall@10: 0.0788 recall@20: 0.1210 ] [ndcg@5: 0.0375 ndcg@10: 0.0480 ndcg@20: 0.0597 ] 
2024-11-03 01:27:34,628 - Epoch  27 Validation set [recall@5: 0.0516 recall@10: 0.0825 recall@20: 0.1250 ] [ndcg@5: 0.0394 ndcg@10: 0.0502 ndcg@20: 0.0620 ] 
2024-11-03 01:27:41,372 - Epoch  30 Validation set [recall@5: 0.0542 recall@10: 0.0852 recall@20: 0.1274 ] [ndcg@5: 0.0413 ndcg@10: 0.0522 ndcg@20: 0.0639 ] 
2024-11-03 01:27:48,136 - Epoch  33 Validation set [recall@5: 0.0557 recall@10: 0.0870 recall@20: 0.1298 ] [ndcg@5: 0.0428 ndcg@10: 0.0537 ndcg@20: 0.0656 ] 
2024-11-03 01:27:54,786 - Epoch  36 Validation set [recall@5: 0.0575 recall@10: 0.0895 recall@20: 0.1325 ] [ndcg@5: 0.0439 ndcg@10: 0.0552 ndcg@20: 0.0671 ] 
2024-11-03 01:28:01,458 - Epoch  39 Validation set [recall@5: 0.0587 recall@10: 0.0912 recall@20: 0.1343 ] [ndcg@5: 0.0449 ndcg@10: 0.0563 ndcg@20: 0.0684 ] 
2024-11-03 01:28:08,068 - Epoch  42 Validation set [recall@5: 0.0591 recall@10: 0.0940 recall@20: 0.1364 ] [ndcg@5: 0.0457 ndcg@10: 0.0580 ndcg@20: 0.0698 ] 
2024-11-03 01:28:14,699 - Epoch  45 Validation set [recall@5: 0.0608 recall@10: 0.0939 recall@20: 0.1397 ] [ndcg@5: 0.0468 ndcg@10: 0.0585 ndcg@20: 0.0712 ] 
2024-11-03 01:28:21,438 - Epoch  48 Validation set [recall@5: 0.0623 recall@10: 0.0960 recall@20: 0.1426 ] [ndcg@5: 0.0478 ndcg@10: 0.0596 ndcg@20: 0.0726 ] 
2024-11-03 01:28:28,008 - Epoch  51 Validation set [recall@5: 0.0632 recall@10: 0.0977 recall@20: 0.1437 ] [ndcg@5: 0.0486 ndcg@10: 0.0607 ndcg@20: 0.0736 ] 
2024-11-03 01:28:34,800 - Epoch  54 Validation set [recall@5: 0.0640 recall@10: 0.0993 recall@20: 0.1452 ] [ndcg@5: 0.0492 ndcg@10: 0.0616 ndcg@20: 0.0744 ] 
2024-11-03 01:28:41,403 - Epoch  57 Validation set [recall@5: 0.0659 recall@10: 0.1011 recall@20: 0.1456 ] [ndcg@5: 0.0504 ndcg@10: 0.0628 ndcg@20: 0.0752 ] 
2024-11-03 01:28:48,035 - Epoch  60 Validation set [recall@5: 0.0670 recall@10: 0.1022 recall@20: 0.1480 ] [ndcg@5: 0.0513 ndcg@10: 0.0637 ndcg@20: 0.0765 ] 
2024-11-03 01:28:54,735 - Epoch  63 Validation set [recall@5: 0.0692 recall@10: 0.1032 recall@20: 0.1497 ] [ndcg@5: 0.0523 ndcg@10: 0.0643 ndcg@20: 0.0772 ] 
2024-11-03 01:29:01,429 - Epoch  66 Validation set [recall@5: 0.0700 recall@10: 0.1042 recall@20: 0.1516 ] [ndcg@5: 0.0530 ndcg@10: 0.0650 ndcg@20: 0.0782 ] 
2024-11-03 01:29:08,003 - Epoch  69 Validation set [recall@5: 0.0714 recall@10: 0.1056 recall@20: 0.1526 ] [ndcg@5: 0.0537 ndcg@10: 0.0658 ndcg@20: 0.0789 ] 
2024-11-03 01:29:14,667 - Epoch  72 Validation set [recall@5: 0.0725 recall@10: 0.1053 recall@20: 0.1549 ] [ndcg@5: 0.0543 ndcg@10: 0.0660 ndcg@20: 0.0798 ] 
2024-11-03 01:29:21,160 - Epoch  75 Validation set [recall@5: 0.0734 recall@10: 0.1065 recall@20: 0.1562 ] [ndcg@5: 0.0551 ndcg@10: 0.0669 ndcg@20: 0.0807 ] 
2024-11-03 01:29:27,739 - Epoch  78 Validation set [recall@5: 0.0736 recall@10: 0.1072 recall@20: 0.1589 ] [ndcg@5: 0.0553 ndcg@10: 0.0672 ndcg@20: 0.0816 ] 
2024-11-03 01:29:34,489 - Epoch  81 Validation set [recall@5: 0.0736 recall@10: 0.1083 recall@20: 0.1585 ] [ndcg@5: 0.0555 ndcg@10: 0.0678 ndcg@20: 0.0819 ] 
2024-11-03 01:29:41,205 - Epoch  84 Validation set [recall@5: 0.0744 recall@10: 0.1086 recall@20: 0.1588 ] [ndcg@5: 0.0563 ndcg@10: 0.0686 ndcg@20: 0.0826 ] 
2024-11-03 01:29:47,782 - Epoch  87 Validation set [recall@5: 0.0758 recall@10: 0.1095 recall@20: 0.1595 ] [ndcg@5: 0.0572 ndcg@10: 0.0693 ndcg@20: 0.0833 ] 
2024-11-03 01:29:54,348 - Epoch  90 Validation set [recall@5: 0.0759 recall@10: 0.1115 recall@20: 0.1588 ] [ndcg@5: 0.0577 ndcg@10: 0.0703 ndcg@20: 0.0835 ] 
2024-11-03 01:30:01,110 - Epoch  93 Validation set [recall@5: 0.0762 recall@10: 0.1118 recall@20: 0.1596 ] [ndcg@5: 0.0580 ndcg@10: 0.0707 ndcg@20: 0.0841 ] 
2024-11-03 01:30:08,099 - Epoch  96 Validation set [recall@5: 0.0762 recall@10: 0.1120 recall@20: 0.1610 ] [ndcg@5: 0.0586 ndcg@10: 0.0714 ndcg@20: 0.0851 ] 
2024-11-03 01:30:15,143 - Epoch  99 Validation set [recall@5: 0.0781 recall@10: 0.1138 recall@20: 0.1617 ] [ndcg@5: 0.0595 ndcg@10: 0.0722 ndcg@20: 0.0856 ] 
2024-11-03 01:30:22,341 - Epoch 102 Validation set [recall@5: 0.0790 recall@10: 0.1148 recall@20: 0.1623 ] [ndcg@5: 0.0603 ndcg@10: 0.0729 ndcg@20: 0.0863 ] 
2024-11-03 01:30:29,656 - Epoch 105 Validation set [recall@5: 0.0803 recall@10: 0.1151 recall@20: 0.1623 ] [ndcg@5: 0.0611 ndcg@10: 0.0734 ndcg@20: 0.0867 ] 
2024-11-03 01:30:36,666 - Epoch 108 Validation set [recall@5: 0.0802 recall@10: 0.1168 recall@20: 0.1630 ] [ndcg@5: 0.0613 ndcg@10: 0.0742 ndcg@20: 0.0872 ] 
2024-11-03 01:30:43,714 - Epoch 111 Validation set [recall@5: 0.0799 recall@10: 0.1159 recall@20: 0.1642 ] [ndcg@5: 0.0611 ndcg@10: 0.0739 ndcg@20: 0.0875 ] 
2024-11-03 01:30:50,798 - Epoch 114 Validation set [recall@5: 0.0803 recall@10: 0.1166 recall@20: 0.1641 ] [ndcg@5: 0.0617 ndcg@10: 0.0745 ndcg@20: 0.0879 ] 
2024-11-03 01:30:58,169 - Epoch 117 Validation set [recall@5: 0.0812 recall@10: 0.1176 recall@20: 0.1645 ] [ndcg@5: 0.0625 ndcg@10: 0.0753 ndcg@20: 0.0885 ] 
2024-11-03 01:31:05,396 - Epoch 120 Validation set [recall@5: 0.0822 recall@10: 0.1170 recall@20: 0.1641 ] [ndcg@5: 0.0631 ndcg@10: 0.0754 ndcg@20: 0.0887 ] 
2024-11-03 01:31:12,392 - Epoch 123 Validation set [recall@5: 0.0823 recall@10: 0.1180 recall@20: 0.1643 ] [ndcg@5: 0.0631 ndcg@10: 0.0758 ndcg@20: 0.0888 ] 
2024-11-03 01:31:19,510 - Epoch 126 Validation set [recall@5: 0.0825 recall@10: 0.1175 recall@20: 0.1652 ] [ndcg@5: 0.0633 ndcg@10: 0.0757 ndcg@20: 0.0891 ] 
2024-11-03 01:31:26,584 - Epoch 129 Validation set [recall@5: 0.0827 recall@10: 0.1183 recall@20: 0.1653 ] [ndcg@5: 0.0636 ndcg@10: 0.0762 ndcg@20: 0.0894 ] 
2024-11-03 01:31:33,451 - Epoch 132 Validation set [recall@5: 0.0827 recall@10: 0.1203 recall@20: 0.1660 ] [ndcg@5: 0.0638 ndcg@10: 0.0771 ndcg@20: 0.0900 ] 
2024-11-03 01:31:40,248 - Epoch 135 Validation set [recall@5: 0.0832 recall@10: 0.1209 recall@20: 0.1672 ] [ndcg@5: 0.0642 ndcg@10: 0.0775 ndcg@20: 0.0905 ] 
2024-11-03 01:31:46,947 - Epoch 138 Validation set [recall@5: 0.0830 recall@10: 0.1214 recall@20: 0.1657 ] [ndcg@5: 0.0642 ndcg@10: 0.0777 ndcg@20: 0.0902 ] 
2024-11-03 01:31:53,515 - Epoch 141 Validation set [recall@5: 0.0839 recall@10: 0.1221 recall@20: 0.1660 ] [ndcg@5: 0.0647 ndcg@10: 0.0781 ndcg@20: 0.0906 ] 
2024-11-03 01:32:00,242 - Epoch 144 Validation set [recall@5: 0.0839 recall@10: 0.1238 recall@20: 0.1658 ] [ndcg@5: 0.0647 ndcg@10: 0.0786 ndcg@20: 0.0906 ] 
2024-11-03 01:32:06,859 - Epoch 147 Validation set [recall@5: 0.0841 recall@10: 0.1236 recall@20: 0.1667 ] [ndcg@5: 0.0650 ndcg@10: 0.0789 ndcg@20: 0.0911 ] 
2024-11-03 01:32:13,404 - Epoch 150 Validation set [recall@5: 0.0838 recall@10: 0.1238 recall@20: 0.1664 ] [ndcg@5: 0.0652 ndcg@10: 0.0793 ndcg@20: 0.0913 ] 
2024-11-03 01:32:14,468 - [recall@5: 0.0832 recall@10: 0.1209 recall@20: 0.1672 ] [ndcg@5: 0.0642 ndcg@10: 0.0775 ndcg@20: 0.0905 ] 
2024-11-03 01:32:15,523 - [recall@5: 0.0847 recall@10: 0.1212 recall@20: 0.1658 ] [ndcg@5: 0.0654 ndcg@10: 0.0782 ndcg@20: 0.0907 ] 
2024-11-03 01:32:15,524 - Best Epoch 135. Final test result: {'recall': array([0.08468884, 0.12117226, 0.16581926]), 'ndcg': array([0.06544288, 0.07815309, 0.09067768])}.
