2024-11-04 16:16:38,686 - {'optimizer': {'name': 'adam', 'lr': 0.001, 'weight_decay': 0}, 'train': {'epoch': 3000, 'batch_size': 4096, 'save_model': False, 'loss': 'pairwise', 'test_step': 3, 'reproducible': True, 'seed': 2024, 'patience': 5}, 'test': {'metrics': ['recall', 'ndcg'], 'k': [5, 10, 20], 'batch_size': 1024}, 'data': {'type': 'general_cf', 'name': 'movies', 'user_num': 16994, 'item_num': 9370}, 'model': {'name': 'lightgcn_plus', 'keep_rate': 0.8, 'embedding_size': 32, 'layer_num': 3, 'reg_weight': 1e-08, 'kd_weight': 0.001, 'kd_temperature': 0.1, 'steam': {'easyrec-roberta-large': {'layer_num': 3, 'reg_weight': 1e-08, 'kd_weight': 0.01, 'kd_temperature': 0.5}}}}
2024-11-04 16:16:39,307 - Hyper Parameters: {'name': 'lightgcn_plus', 'keep_rate': 0.8, 'embedding_size': 32, 'layer_num': 3, 'reg_weight': 1e-08, 'kd_weight': 0.001, 'kd_temperature': 0.1, 'steam': {'easyrec-roberta-large': {'layer_num': 3, 'reg_weight': 1e-08, 'kd_weight': 0.01, 'kd_temperature': 0.5}}}
2024-11-04 16:16:42,789 - Epoch   0 Validation set [recall@5: 0.0385 recall@10: 0.0601 recall@20: 0.0888 ] [ndcg@5: 0.0300 ndcg@10: 0.0375 ndcg@20: 0.0455 ] 
2024-11-04 16:16:49,517 - Epoch   3 Validation set [recall@5: 0.0289 recall@10: 0.0454 recall@20: 0.0719 ] [ndcg@5: 0.0224 ndcg@10: 0.0282 ndcg@20: 0.0354 ] 
2024-11-04 16:16:56,239 - Epoch   6 Validation set [recall@5: 0.0312 recall@10: 0.0505 recall@20: 0.0811 ] [ndcg@5: 0.0243 ndcg@10: 0.0311 ndcg@20: 0.0395 ] 
2024-11-04 16:17:03,151 - Epoch   9 Validation set [recall@5: 0.0350 recall@10: 0.0560 recall@20: 0.0901 ] [ndcg@5: 0.0271 ndcg@10: 0.0344 ndcg@20: 0.0439 ] 
2024-11-04 16:17:09,996 - Epoch  12 Validation set [recall@5: 0.0382 recall@10: 0.0598 recall@20: 0.0964 ] [ndcg@5: 0.0300 ndcg@10: 0.0377 ndcg@20: 0.0479 ] 
2024-11-04 16:17:16,930 - Epoch  15 Validation set [recall@5: 0.0397 recall@10: 0.0641 recall@20: 0.1017 ] [ndcg@5: 0.0316 ndcg@10: 0.0401 ndcg@20: 0.0505 ] 
2024-11-04 16:17:23,587 - Epoch  18 Validation set [recall@5: 0.0416 recall@10: 0.0672 recall@20: 0.1060 ] [ndcg@5: 0.0328 ndcg@10: 0.0417 ndcg@20: 0.0524 ] 
2024-11-04 16:17:30,480 - Epoch  21 Validation set [recall@5: 0.0428 recall@10: 0.0699 recall@20: 0.1102 ] [ndcg@5: 0.0338 ndcg@10: 0.0433 ndcg@20: 0.0545 ] 
2024-11-04 16:17:37,168 - Epoch  24 Validation set [recall@5: 0.0445 recall@10: 0.0727 recall@20: 0.1140 ] [ndcg@5: 0.0349 ndcg@10: 0.0449 ndcg@20: 0.0563 ] 
2024-11-04 16:17:44,154 - Epoch  27 Validation set [recall@5: 0.0467 recall@10: 0.0756 recall@20: 0.1173 ] [ndcg@5: 0.0364 ndcg@10: 0.0467 ndcg@20: 0.0583 ] 
2024-11-04 16:17:51,176 - Epoch  30 Validation set [recall@5: 0.0488 recall@10: 0.0796 recall@20: 0.1221 ] [ndcg@5: 0.0376 ndcg@10: 0.0484 ndcg@20: 0.0602 ] 
2024-11-04 16:17:58,014 - Epoch  33 Validation set [recall@5: 0.0507 recall@10: 0.0823 recall@20: 0.1243 ] [ndcg@5: 0.0389 ndcg@10: 0.0499 ndcg@20: 0.0616 ] 
2024-11-04 16:18:04,974 - Epoch  36 Validation set [recall@5: 0.0528 recall@10: 0.0847 recall@20: 0.1278 ] [ndcg@5: 0.0402 ndcg@10: 0.0514 ndcg@20: 0.0633 ] 
2024-11-04 16:18:11,715 - Epoch  39 Validation set [recall@5: 0.0541 recall@10: 0.0878 recall@20: 0.1309 ] [ndcg@5: 0.0414 ndcg@10: 0.0532 ndcg@20: 0.0652 ] 
2024-11-04 16:18:18,471 - Epoch  42 Validation set [recall@5: 0.0559 recall@10: 0.0903 recall@20: 0.1327 ] [ndcg@5: 0.0429 ndcg@10: 0.0550 ndcg@20: 0.0669 ] 
2024-11-04 16:18:25,249 - Epoch  45 Validation set [recall@5: 0.0575 recall@10: 0.0920 recall@20: 0.1352 ] [ndcg@5: 0.0440 ndcg@10: 0.0561 ndcg@20: 0.0682 ] 
2024-11-04 16:18:32,231 - Epoch  48 Validation set [recall@5: 0.0599 recall@10: 0.0943 recall@20: 0.1371 ] [ndcg@5: 0.0455 ndcg@10: 0.0574 ndcg@20: 0.0694 ] 
2024-11-04 16:18:38,974 - Epoch  51 Validation set [recall@5: 0.0620 recall@10: 0.0950 recall@20: 0.1397 ] [ndcg@5: 0.0465 ndcg@10: 0.0579 ndcg@20: 0.0704 ] 
2024-11-04 16:18:45,830 - Epoch  54 Validation set [recall@5: 0.0628 recall@10: 0.0948 recall@20: 0.1401 ] [ndcg@5: 0.0474 ndcg@10: 0.0586 ndcg@20: 0.0713 ] 
2024-11-04 16:18:52,521 - Epoch  57 Validation set [recall@5: 0.0645 recall@10: 0.0964 recall@20: 0.1414 ] [ndcg@5: 0.0485 ndcg@10: 0.0598 ndcg@20: 0.0723 ] 
2024-11-04 16:18:59,537 - Epoch  60 Validation set [recall@5: 0.0656 recall@10: 0.0969 recall@20: 0.1427 ] [ndcg@5: 0.0495 ndcg@10: 0.0606 ndcg@20: 0.0734 ] 
2024-11-04 16:19:06,486 - Epoch  63 Validation set [recall@5: 0.0673 recall@10: 0.0994 recall@20: 0.1439 ] [ndcg@5: 0.0505 ndcg@10: 0.0618 ndcg@20: 0.0742 ] 
2024-11-04 16:19:13,293 - Epoch  66 Validation set [recall@5: 0.0669 recall@10: 0.1004 recall@20: 0.1461 ] [ndcg@5: 0.0509 ndcg@10: 0.0628 ndcg@20: 0.0756 ] 
2024-11-04 16:19:20,134 - Epoch  69 Validation set [recall@5: 0.0682 recall@10: 0.1018 recall@20: 0.1476 ] [ndcg@5: 0.0517 ndcg@10: 0.0636 ndcg@20: 0.0764 ] 
2024-11-04 16:19:27,097 - Epoch  72 Validation set [recall@5: 0.0688 recall@10: 0.1026 recall@20: 0.1494 ] [ndcg@5: 0.0522 ndcg@10: 0.0640 ndcg@20: 0.0772 ] 
2024-11-04 16:19:33,966 - Epoch  75 Validation set [recall@5: 0.0696 recall@10: 0.1047 recall@20: 0.1505 ] [ndcg@5: 0.0527 ndcg@10: 0.0651 ndcg@20: 0.0779 ] 
2024-11-04 16:19:40,708 - Epoch  78 Validation set [recall@5: 0.0710 recall@10: 0.1057 recall@20: 0.1509 ] [ndcg@5: 0.0532 ndcg@10: 0.0655 ndcg@20: 0.0781 ] 
2024-11-04 16:19:47,458 - Epoch  81 Validation set [recall@5: 0.0719 recall@10: 0.1068 recall@20: 0.1525 ] [ndcg@5: 0.0540 ndcg@10: 0.0662 ndcg@20: 0.0791 ] 
2024-11-04 16:19:54,523 - Epoch  84 Validation set [recall@5: 0.0727 recall@10: 0.1082 recall@20: 0.1538 ] [ndcg@5: 0.0545 ndcg@10: 0.0669 ndcg@20: 0.0797 ] 
2024-11-04 16:20:01,406 - Epoch  87 Validation set [recall@5: 0.0734 recall@10: 0.1090 recall@20: 0.1536 ] [ndcg@5: 0.0552 ndcg@10: 0.0677 ndcg@20: 0.0802 ] 
2024-11-04 16:20:08,119 - Epoch  90 Validation set [recall@5: 0.0743 recall@10: 0.1093 recall@20: 0.1536 ] [ndcg@5: 0.0556 ndcg@10: 0.0678 ndcg@20: 0.0804 ] 
2024-11-04 16:20:14,865 - Epoch  93 Validation set [recall@5: 0.0737 recall@10: 0.1096 recall@20: 0.1547 ] [ndcg@5: 0.0555 ndcg@10: 0.0681 ndcg@20: 0.0808 ] 
2024-11-04 16:20:21,544 - Epoch  96 Validation set [recall@5: 0.0756 recall@10: 0.1114 recall@20: 0.1560 ] [ndcg@5: 0.0568 ndcg@10: 0.0694 ndcg@20: 0.0819 ] 
2024-11-04 16:20:28,464 - Epoch  99 Validation set [recall@5: 0.0762 recall@10: 0.1115 recall@20: 0.1566 ] [ndcg@5: 0.0573 ndcg@10: 0.0697 ndcg@20: 0.0824 ] 
2024-11-04 16:20:35,235 - Epoch 102 Validation set [recall@5: 0.0774 recall@10: 0.1121 recall@20: 0.1577 ] [ndcg@5: 0.0581 ndcg@10: 0.0702 ndcg@20: 0.0831 ] 
2024-11-04 16:20:42,105 - Epoch 105 Validation set [recall@5: 0.0776 recall@10: 0.1131 recall@20: 0.1579 ] [ndcg@5: 0.0586 ndcg@10: 0.0710 ndcg@20: 0.0837 ] 
2024-11-04 16:20:48,826 - Epoch 108 Validation set [recall@5: 0.0768 recall@10: 0.1130 recall@20: 0.1584 ] [ndcg@5: 0.0586 ndcg@10: 0.0712 ndcg@20: 0.0841 ] 
2024-11-04 16:20:55,683 - Epoch 111 Validation set [recall@5: 0.0776 recall@10: 0.1131 recall@20: 0.1589 ] [ndcg@5: 0.0592 ndcg@10: 0.0716 ndcg@20: 0.0847 ] 
2024-11-04 16:21:03,044 - Epoch 114 Validation set [recall@5: 0.0776 recall@10: 0.1146 recall@20: 0.1603 ] [ndcg@5: 0.0594 ndcg@10: 0.0723 ndcg@20: 0.0853 ] 
2024-11-04 16:21:10,361 - Epoch 117 Validation set [recall@5: 0.0777 recall@10: 0.1139 recall@20: 0.1602 ] [ndcg@5: 0.0598 ndcg@10: 0.0726 ndcg@20: 0.0857 ] 
2024-11-04 16:21:17,158 - Epoch 120 Validation set [recall@5: 0.0777 recall@10: 0.1140 recall@20: 0.1611 ] [ndcg@5: 0.0601 ndcg@10: 0.0730 ndcg@20: 0.0864 ] 
2024-11-04 16:21:23,952 - Epoch 123 Validation set [recall@5: 0.0784 recall@10: 0.1149 recall@20: 0.1620 ] [ndcg@5: 0.0602 ndcg@10: 0.0731 ndcg@20: 0.0865 ] 
2024-11-04 16:21:30,923 - Epoch 126 Validation set [recall@5: 0.0789 recall@10: 0.1156 recall@20: 0.1633 ] [ndcg@5: 0.0605 ndcg@10: 0.0734 ndcg@20: 0.0869 ] 
2024-11-04 16:21:37,616 - Epoch 129 Validation set [recall@5: 0.0791 recall@10: 0.1152 recall@20: 0.1643 ] [ndcg@5: 0.0609 ndcg@10: 0.0737 ndcg@20: 0.0875 ] 
2024-11-04 16:21:44,537 - Epoch 132 Validation set [recall@5: 0.0791 recall@10: 0.1171 recall@20: 0.1646 ] [ndcg@5: 0.0613 ndcg@10: 0.0747 ndcg@20: 0.0881 ] 
2024-11-04 16:21:51,441 - Epoch 135 Validation set [recall@5: 0.0790 recall@10: 0.1184 recall@20: 0.1654 ] [ndcg@5: 0.0615 ndcg@10: 0.0754 ndcg@20: 0.0886 ] 
2024-11-04 16:21:58,461 - Epoch 138 Validation set [recall@5: 0.0793 recall@10: 0.1177 recall@20: 0.1662 ] [ndcg@5: 0.0618 ndcg@10: 0.0754 ndcg@20: 0.0890 ] 
2024-11-04 16:22:05,409 - Epoch 141 Validation set [recall@5: 0.0799 recall@10: 0.1178 recall@20: 0.1668 ] [ndcg@5: 0.0624 ndcg@10: 0.0758 ndcg@20: 0.0896 ] 
2024-11-04 16:22:12,098 - Epoch 144 Validation set [recall@5: 0.0796 recall@10: 0.1194 recall@20: 0.1656 ] [ndcg@5: 0.0625 ndcg@10: 0.0766 ndcg@20: 0.0896 ] 
2024-11-04 16:22:18,908 - Epoch 147 Validation set [recall@5: 0.0810 recall@10: 0.1188 recall@20: 0.1663 ] [ndcg@5: 0.0630 ndcg@10: 0.0763 ndcg@20: 0.0897 ] 
2024-11-04 16:22:25,840 - Epoch 150 Validation set [recall@5: 0.0814 recall@10: 0.1204 recall@20: 0.1667 ] [ndcg@5: 0.0632 ndcg@10: 0.0769 ndcg@20: 0.0900 ] 
2024-11-04 16:22:32,729 - Epoch 153 Validation set [recall@5: 0.0821 recall@10: 0.1215 recall@20: 0.1664 ] [ndcg@5: 0.0636 ndcg@10: 0.0774 ndcg@20: 0.0900 ] 
2024-11-04 16:22:39,530 - Epoch 156 Validation set [recall@5: 0.0829 recall@10: 0.1201 recall@20: 0.1666 ] [ndcg@5: 0.0640 ndcg@10: 0.0772 ndcg@20: 0.0902 ] 
2024-11-04 16:22:40,553 - [recall@5: 0.0799 recall@10: 0.1178 recall@20: 0.1668 ] [ndcg@5: 0.0624 ndcg@10: 0.0758 ndcg@20: 0.0896 ] 
2024-11-04 16:22:41,675 - [recall@5: 0.0828 recall@10: 0.1191 recall@20: 0.1659 ] [ndcg@5: 0.0632 ndcg@10: 0.0759 ndcg@20: 0.0890 ] 
2024-11-04 16:22:41,676 - Best Epoch 141. Final test result: {'recall': array([0.08278419, 0.11906676, 0.16594031]), 'ndcg': array([0.06319556, 0.07589513, 0.08896105])}.
