2024-11-02 23:14:08,241 - {'optimizer': {'name': 'adam', 'lr': 0.001, 'weight_decay': 0}, 'train': {'epoch': 3000, 'batch_size': 4096, 'save_model': False, 'loss': 'pairwise', 'test_step': 3, 'reproducible': True, 'seed': 2024, 'patience': 5}, 'test': {'metrics': ['recall', 'ndcg'], 'k': [5, 10, 20], 'batch_size': 1024}, 'data': {'type': 'general_cf', 'name': 'movies', 'user_num': 16994, 'item_num': 9370}, 'model': {'name': 'gccf_plus', 'keep_rate': 0.8, 'embedding_size': 32, 'layer_num': 2, 'reg_weight': 1e-06, 'kd_weight': 0.01, 'kd_temperature': 0.5, 'steam': {'easyrec-roberta-large': {'layer_num': 3, 'reg_weight': 1e-06, 'kd_weight': 0.001, 'kd_temperature': 0.1}}}}
2024-11-02 23:14:08,852 - Hyper Parameters: {'name': 'gccf_plus', 'keep_rate': 0.8, 'embedding_size': 32, 'layer_num': 2, 'reg_weight': 1e-06, 'kd_weight': 0.01, 'kd_temperature': 0.5, 'steam': {'easyrec-roberta-large': {'layer_num': 3, 'reg_weight': 1e-06, 'kd_weight': 0.001, 'kd_temperature': 0.1}}}
2024-11-02 23:14:12,658 - Epoch   0 Validation set [recall@5: 0.0311 recall@10: 0.0477 recall@20: 0.0739 ] [ndcg@5: 0.0232 ndcg@10: 0.0291 ndcg@20: 0.0363 ] 
2024-11-02 23:14:20,212 - Epoch   3 Validation set [recall@5: 0.0483 recall@10: 0.0696 recall@20: 0.1027 ] [ndcg@5: 0.0374 ndcg@10: 0.0449 ndcg@20: 0.0541 ] 
2024-11-02 23:14:27,638 - Epoch   6 Validation set [recall@5: 0.0499 recall@10: 0.0723 recall@20: 0.1026 ] [ndcg@5: 0.0386 ndcg@10: 0.0464 ndcg@20: 0.0549 ] 
2024-11-02 23:14:35,256 - Epoch   9 Validation set [recall@5: 0.0497 recall@10: 0.0717 recall@20: 0.1055 ] [ndcg@5: 0.0380 ndcg@10: 0.0457 ndcg@20: 0.0552 ] 
2024-11-02 23:14:43,260 - Epoch  12 Validation set [recall@5: 0.0494 recall@10: 0.0746 recall@20: 0.1085 ] [ndcg@5: 0.0377 ndcg@10: 0.0466 ndcg@20: 0.0562 ] 
2024-11-02 23:14:50,998 - Epoch  15 Validation set [recall@5: 0.0489 recall@10: 0.0755 recall@20: 0.1127 ] [ndcg@5: 0.0377 ndcg@10: 0.0470 ndcg@20: 0.0575 ] 
2024-11-02 23:14:58,673 - Epoch  18 Validation set [recall@5: 0.0498 recall@10: 0.0776 recall@20: 0.1148 ] [ndcg@5: 0.0380 ndcg@10: 0.0477 ndcg@20: 0.0582 ] 
2024-11-02 23:15:06,235 - Epoch  21 Validation set [recall@5: 0.0492 recall@10: 0.0793 recall@20: 0.1171 ] [ndcg@5: 0.0379 ndcg@10: 0.0485 ndcg@20: 0.0592 ] 
2024-11-02 23:15:13,794 - Epoch  24 Validation set [recall@5: 0.0513 recall@10: 0.0799 recall@20: 0.1189 ] [ndcg@5: 0.0387 ndcg@10: 0.0488 ndcg@20: 0.0597 ] 
2024-11-02 23:15:21,301 - Epoch  27 Validation set [recall@5: 0.0522 recall@10: 0.0801 recall@20: 0.1217 ] [ndcg@5: 0.0391 ndcg@10: 0.0491 ndcg@20: 0.0607 ] 
2024-11-02 23:15:28,919 - Epoch  30 Validation set [recall@5: 0.0526 recall@10: 0.0808 recall@20: 0.1241 ] [ndcg@5: 0.0398 ndcg@10: 0.0498 ndcg@20: 0.0619 ] 
2024-11-02 23:15:36,515 - Epoch  33 Validation set [recall@5: 0.0525 recall@10: 0.0823 recall@20: 0.1251 ] [ndcg@5: 0.0398 ndcg@10: 0.0503 ndcg@20: 0.0623 ] 
2024-11-02 23:15:44,010 - Epoch  36 Validation set [recall@5: 0.0534 recall@10: 0.0831 recall@20: 0.1263 ] [ndcg@5: 0.0399 ndcg@10: 0.0503 ndcg@20: 0.0625 ] 
2024-11-02 23:15:51,566 - Epoch  39 Validation set [recall@5: 0.0552 recall@10: 0.0832 recall@20: 0.1267 ] [ndcg@5: 0.0411 ndcg@10: 0.0510 ndcg@20: 0.0633 ] 
2024-11-02 23:15:59,189 - Epoch  42 Validation set [recall@5: 0.0555 recall@10: 0.0852 recall@20: 0.1287 ] [ndcg@5: 0.0410 ndcg@10: 0.0515 ndcg@20: 0.0638 ] 
2024-11-02 23:16:06,811 - Epoch  45 Validation set [recall@5: 0.0566 recall@10: 0.0851 recall@20: 0.1293 ] [ndcg@5: 0.0418 ndcg@10: 0.0519 ndcg@20: 0.0643 ] 
2024-11-02 23:16:14,310 - Epoch  48 Validation set [recall@5: 0.0562 recall@10: 0.0865 recall@20: 0.1309 ] [ndcg@5: 0.0417 ndcg@10: 0.0523 ndcg@20: 0.0648 ] 
2024-11-02 23:16:21,815 - Epoch  51 Validation set [recall@5: 0.0567 recall@10: 0.0873 recall@20: 0.1329 ] [ndcg@5: 0.0421 ndcg@10: 0.0529 ndcg@20: 0.0657 ] 
2024-11-02 23:16:29,484 - Epoch  54 Validation set [recall@5: 0.0570 recall@10: 0.0888 recall@20: 0.1323 ] [ndcg@5: 0.0424 ndcg@10: 0.0535 ndcg@20: 0.0658 ] 
2024-11-02 23:16:37,029 - Epoch  57 Validation set [recall@5: 0.0577 recall@10: 0.0885 recall@20: 0.1330 ] [ndcg@5: 0.0428 ndcg@10: 0.0535 ndcg@20: 0.0661 ] 
2024-11-02 23:16:44,476 - Epoch  60 Validation set [recall@5: 0.0579 recall@10: 0.0884 recall@20: 0.1336 ] [ndcg@5: 0.0428 ndcg@10: 0.0535 ndcg@20: 0.0663 ] 
2024-11-02 23:16:52,051 - Epoch  63 Validation set [recall@5: 0.0581 recall@10: 0.0900 recall@20: 0.1344 ] [ndcg@5: 0.0430 ndcg@10: 0.0542 ndcg@20: 0.0667 ] 
2024-11-02 23:16:59,931 - Epoch  66 Validation set [recall@5: 0.0586 recall@10: 0.0915 recall@20: 0.1355 ] [ndcg@5: 0.0434 ndcg@10: 0.0549 ndcg@20: 0.0673 ] 
2024-11-02 23:17:07,475 - Epoch  69 Validation set [recall@5: 0.0589 recall@10: 0.0919 recall@20: 0.1347 ] [ndcg@5: 0.0438 ndcg@10: 0.0554 ndcg@20: 0.0675 ] 
2024-11-02 23:17:14,998 - Epoch  72 Validation set [recall@5: 0.0598 recall@10: 0.0905 recall@20: 0.1370 ] [ndcg@5: 0.0440 ndcg@10: 0.0548 ndcg@20: 0.0679 ] 
2024-11-02 23:17:22,484 - Epoch  75 Validation set [recall@5: 0.0595 recall@10: 0.0927 recall@20: 0.1375 ] [ndcg@5: 0.0443 ndcg@10: 0.0560 ndcg@20: 0.0686 ] 
2024-11-02 23:17:30,085 - Epoch  78 Validation set [recall@5: 0.0599 recall@10: 0.0940 recall@20: 0.1382 ] [ndcg@5: 0.0446 ndcg@10: 0.0566 ndcg@20: 0.0690 ] 
2024-11-02 23:17:37,495 - Epoch  81 Validation set [recall@5: 0.0593 recall@10: 0.0945 recall@20: 0.1383 ] [ndcg@5: 0.0444 ndcg@10: 0.0568 ndcg@20: 0.0691 ] 
2024-11-02 23:17:44,985 - Epoch  84 Validation set [recall@5: 0.0604 recall@10: 0.0939 recall@20: 0.1384 ] [ndcg@5: 0.0449 ndcg@10: 0.0567 ndcg@20: 0.0693 ] 
2024-11-02 23:17:52,558 - Epoch  87 Validation set [recall@5: 0.0612 recall@10: 0.0952 recall@20: 0.1392 ] [ndcg@5: 0.0452 ndcg@10: 0.0572 ndcg@20: 0.0696 ] 
2024-11-02 23:18:00,103 - Epoch  90 Validation set [recall@5: 0.0612 recall@10: 0.0949 recall@20: 0.1394 ] [ndcg@5: 0.0454 ndcg@10: 0.0572 ndcg@20: 0.0698 ] 
2024-11-02 23:18:07,544 - Epoch  93 Validation set [recall@5: 0.0619 recall@10: 0.0956 recall@20: 0.1406 ] [ndcg@5: 0.0456 ndcg@10: 0.0575 ndcg@20: 0.0702 ] 
2024-11-02 23:18:14,915 - Epoch  96 Validation set [recall@5: 0.0624 recall@10: 0.0964 recall@20: 0.1407 ] [ndcg@5: 0.0462 ndcg@10: 0.0582 ndcg@20: 0.0707 ] 
2024-11-02 23:18:22,495 - Epoch  99 Validation set [recall@5: 0.0626 recall@10: 0.0974 recall@20: 0.1420 ] [ndcg@5: 0.0463 ndcg@10: 0.0585 ndcg@20: 0.0710 ] 
2024-11-02 23:18:30,015 - Epoch 102 Validation set [recall@5: 0.0624 recall@10: 0.0980 recall@20: 0.1426 ] [ndcg@5: 0.0465 ndcg@10: 0.0591 ndcg@20: 0.0716 ] 
2024-11-02 23:18:37,338 - Epoch 105 Validation set [recall@5: 0.0629 recall@10: 0.0987 recall@20: 0.1430 ] [ndcg@5: 0.0466 ndcg@10: 0.0591 ndcg@20: 0.0716 ] 
2024-11-02 23:18:44,750 - Epoch 108 Validation set [recall@5: 0.0633 recall@10: 0.0982 recall@20: 0.1436 ] [ndcg@5: 0.0469 ndcg@10: 0.0591 ndcg@20: 0.0719 ] 
2024-11-02 23:18:52,256 - Epoch 111 Validation set [recall@5: 0.0632 recall@10: 0.0988 recall@20: 0.1444 ] [ndcg@5: 0.0469 ndcg@10: 0.0594 ndcg@20: 0.0722 ] 
2024-11-02 23:18:59,676 - Epoch 114 Validation set [recall@5: 0.0641 recall@10: 0.0997 recall@20: 0.1451 ] [ndcg@5: 0.0473 ndcg@10: 0.0598 ndcg@20: 0.0726 ] 
2024-11-02 23:19:07,090 - Epoch 117 Validation set [recall@5: 0.0640 recall@10: 0.0998 recall@20: 0.1455 ] [ndcg@5: 0.0476 ndcg@10: 0.0602 ndcg@20: 0.0730 ] 
2024-11-02 23:19:14,483 - Epoch 120 Validation set [recall@5: 0.0644 recall@10: 0.1009 recall@20: 0.1456 ] [ndcg@5: 0.0477 ndcg@10: 0.0605 ndcg@20: 0.0730 ] 
2024-11-02 23:19:22,132 - Epoch 123 Validation set [recall@5: 0.0643 recall@10: 0.1016 recall@20: 0.1458 ] [ndcg@5: 0.0479 ndcg@10: 0.0609 ndcg@20: 0.0734 ] 
2024-11-02 23:19:29,605 - Epoch 126 Validation set [recall@5: 0.0651 recall@10: 0.1022 recall@20: 0.1465 ] [ndcg@5: 0.0483 ndcg@10: 0.0612 ndcg@20: 0.0737 ] 
2024-11-02 23:19:37,121 - Epoch 129 Validation set [recall@5: 0.0652 recall@10: 0.1019 recall@20: 0.1456 ] [ndcg@5: 0.0486 ndcg@10: 0.0615 ndcg@20: 0.0739 ] 
2024-11-02 23:19:44,890 - Epoch 132 Validation set [recall@5: 0.0646 recall@10: 0.1026 recall@20: 0.1467 ] [ndcg@5: 0.0482 ndcg@10: 0.0615 ndcg@20: 0.0739 ] 
2024-11-02 23:19:52,563 - Epoch 135 Validation set [recall@5: 0.0645 recall@10: 0.1024 recall@20: 0.1462 ] [ndcg@5: 0.0483 ndcg@10: 0.0615 ndcg@20: 0.0739 ] 
2024-11-02 23:20:00,149 - Epoch 138 Validation set [recall@5: 0.0652 recall@10: 0.1022 recall@20: 0.1478 ] [ndcg@5: 0.0487 ndcg@10: 0.0617 ndcg@20: 0.0745 ] 
2024-11-02 23:20:07,668 - Epoch 141 Validation set [recall@5: 0.0655 recall@10: 0.1027 recall@20: 0.1472 ] [ndcg@5: 0.0492 ndcg@10: 0.0621 ndcg@20: 0.0748 ] 
2024-11-02 23:20:15,286 - Epoch 144 Validation set [recall@5: 0.0654 recall@10: 0.1030 recall@20: 0.1483 ] [ndcg@5: 0.0489 ndcg@10: 0.0619 ndcg@20: 0.0748 ] 
2024-11-02 23:20:22,960 - Epoch 147 Validation set [recall@5: 0.0658 recall@10: 0.1019 recall@20: 0.1477 ] [ndcg@5: 0.0492 ndcg@10: 0.0619 ndcg@20: 0.0749 ] 
2024-11-02 23:20:30,482 - Epoch 150 Validation set [recall@5: 0.0662 recall@10: 0.1031 recall@20: 0.1475 ] [ndcg@5: 0.0497 ndcg@10: 0.0626 ndcg@20: 0.0752 ] 
2024-11-02 23:20:38,120 - Epoch 153 Validation set [recall@5: 0.0662 recall@10: 0.1028 recall@20: 0.1485 ] [ndcg@5: 0.0495 ndcg@10: 0.0624 ndcg@20: 0.0754 ] 
2024-11-02 23:20:45,821 - Epoch 156 Validation set [recall@5: 0.0661 recall@10: 0.1028 recall@20: 0.1488 ] [ndcg@5: 0.0492 ndcg@10: 0.0621 ndcg@20: 0.0752 ] 
2024-11-02 23:20:53,416 - Epoch 159 Validation set [recall@5: 0.0667 recall@10: 0.1034 recall@20: 0.1492 ] [ndcg@5: 0.0498 ndcg@10: 0.0627 ndcg@20: 0.0756 ] 
2024-11-02 23:21:00,952 - Epoch 162 Validation set [recall@5: 0.0667 recall@10: 0.1033 recall@20: 0.1501 ] [ndcg@5: 0.0502 ndcg@10: 0.0631 ndcg@20: 0.0764 ] 
2024-11-02 23:21:08,464 - Epoch 165 Validation set [recall@5: 0.0665 recall@10: 0.1029 recall@20: 0.1510 ] [ndcg@5: 0.0504 ndcg@10: 0.0632 ndcg@20: 0.0769 ] 
2024-11-02 23:21:16,072 - Epoch 168 Validation set [recall@5: 0.0677 recall@10: 0.1037 recall@20: 0.1515 ] [ndcg@5: 0.0509 ndcg@10: 0.0635 ndcg@20: 0.0772 ] 
2024-11-02 23:21:23,656 - Epoch 171 Validation set [recall@5: 0.0673 recall@10: 0.1042 recall@20: 0.1522 ] [ndcg@5: 0.0504 ndcg@10: 0.0634 ndcg@20: 0.0771 ] 
2024-11-02 23:21:31,203 - Epoch 174 Validation set [recall@5: 0.0669 recall@10: 0.1037 recall@20: 0.1525 ] [ndcg@5: 0.0505 ndcg@10: 0.0636 ndcg@20: 0.0774 ] 
2024-11-02 23:21:38,749 - Epoch 177 Validation set [recall@5: 0.0661 recall@10: 0.1050 recall@20: 0.1526 ] [ndcg@5: 0.0502 ndcg@10: 0.0639 ndcg@20: 0.0773 ] 
2024-11-02 23:21:46,271 - Epoch 180 Validation set [recall@5: 0.0661 recall@10: 0.1051 recall@20: 0.1519 ] [ndcg@5: 0.0504 ndcg@10: 0.0641 ndcg@20: 0.0775 ] 
2024-11-02 23:21:53,881 - Epoch 183 Validation set [recall@5: 0.0668 recall@10: 0.1057 recall@20: 0.1522 ] [ndcg@5: 0.0504 ndcg@10: 0.0640 ndcg@20: 0.0772 ] 
2024-11-02 23:22:01,417 - Epoch 186 Validation set [recall@5: 0.0674 recall@10: 0.1051 recall@20: 0.1521 ] [ndcg@5: 0.0508 ndcg@10: 0.0640 ndcg@20: 0.0774 ] 
2024-11-02 23:22:08,962 - Epoch 189 Validation set [recall@5: 0.0675 recall@10: 0.1052 recall@20: 0.1523 ] [ndcg@5: 0.0508 ndcg@10: 0.0641 ndcg@20: 0.0774 ] 
2024-11-02 23:22:16,563 - Epoch 192 Validation set [recall@5: 0.0673 recall@10: 0.1064 recall@20: 0.1524 ] [ndcg@5: 0.0509 ndcg@10: 0.0646 ndcg@20: 0.0777 ] 
2024-11-02 23:22:17,571 - [recall@5: 0.0661 recall@10: 0.1050 recall@20: 0.1526 ] [ndcg@5: 0.0502 ndcg@10: 0.0639 ndcg@20: 0.0773 ] 
2024-11-02 23:22:18,600 - [recall@5: 0.0714 recall@10: 0.1075 recall@20: 0.1565 ] [ndcg@5: 0.0535 ndcg@10: 0.0661 ndcg@20: 0.0797 ] 
2024-11-02 23:22:18,601 - Best Epoch 177. Final test result: {'recall': array([0.07136956, 0.107516  , 0.15647352]), 'ndcg': array([0.05348699, 0.06610598, 0.07972263])}.
