2024-11-03 00:26:24,128 - {'optimizer': {'name': 'adam', 'lr': 0.001, 'weight_decay': 0}, 'train': {'epoch': 3000, 'batch_size': 4096, 'save_model': False, 'loss': 'pairwise', 'test_step': 3, 'reproducible': True, 'seed': 2024, 'patience': 5}, 'test': {'metrics': ['recall', 'ndcg'], 'k': [5, 10, 20], 'batch_size': 1024}, 'data': {'type': 'general_cf', 'name': 'movies', 'user_num': 16994, 'item_num': 9370}, 'model': {'name': 'lightgcn_plus', 'keep_rate': 0.8, 'embedding_size': 32, 'layer_num': 3, 'reg_weight': 1e-08, 'kd_weight': 0.001, 'kd_temperature': 0.1, 'steam': {'easyrec-roberta-large': {'layer_num': 3, 'reg_weight': 1e-08, 'kd_weight': 0.01, 'kd_temperature': 0.5}}}}
2024-11-03 00:26:24,680 - Hyper Parameters: {'name': 'lightgcn_plus', 'keep_rate': 0.8, 'embedding_size': 32, 'layer_num': 3, 'reg_weight': 1e-08, 'kd_weight': 0.001, 'kd_temperature': 0.1, 'steam': {'easyrec-roberta-large': {'layer_num': 3, 'reg_weight': 1e-08, 'kd_weight': 0.01, 'kd_temperature': 0.5}}}
2024-11-03 00:26:27,971 - Epoch   0 Validation set [recall@5: 0.0438 recall@10: 0.0659 recall@20: 0.0940 ] [ndcg@5: 0.0330 ndcg@10: 0.0406 ndcg@20: 0.0485 ] 
2024-11-03 00:26:34,034 - Epoch   3 Validation set [recall@5: 0.0305 recall@10: 0.0488 recall@20: 0.0773 ] [ndcg@5: 0.0241 ndcg@10: 0.0306 ndcg@20: 0.0384 ] 
2024-11-03 00:26:40,257 - Epoch   6 Validation set [recall@5: 0.0326 recall@10: 0.0529 recall@20: 0.0840 ] [ndcg@5: 0.0254 ndcg@10: 0.0325 ndcg@20: 0.0411 ] 
2024-11-03 00:26:46,331 - Epoch   9 Validation set [recall@5: 0.0360 recall@10: 0.0585 recall@20: 0.0918 ] [ndcg@5: 0.0276 ndcg@10: 0.0355 ndcg@20: 0.0448 ] 
2024-11-03 00:26:52,381 - Epoch  12 Validation set [recall@5: 0.0385 recall@10: 0.0631 recall@20: 0.0989 ] [ndcg@5: 0.0300 ndcg@10: 0.0385 ndcg@20: 0.0485 ] 
2024-11-03 00:26:58,413 - Epoch  15 Validation set [recall@5: 0.0411 recall@10: 0.0664 recall@20: 0.1038 ] [ndcg@5: 0.0319 ndcg@10: 0.0407 ndcg@20: 0.0511 ] 
2024-11-03 00:27:04,620 - Epoch  18 Validation set [recall@5: 0.0430 recall@10: 0.0692 recall@20: 0.1080 ] [ndcg@5: 0.0331 ndcg@10: 0.0423 ndcg@20: 0.0531 ] 
2024-11-03 00:27:10,627 - Epoch  21 Validation set [recall@5: 0.0458 recall@10: 0.0714 recall@20: 0.1123 ] [ndcg@5: 0.0347 ndcg@10: 0.0436 ndcg@20: 0.0551 ] 
2024-11-03 00:27:16,713 - Epoch  24 Validation set [recall@5: 0.0484 recall@10: 0.0744 recall@20: 0.1159 ] [ndcg@5: 0.0365 ndcg@10: 0.0455 ndcg@20: 0.0571 ] 
2024-11-03 00:27:22,677 - Epoch  27 Validation set [recall@5: 0.0497 recall@10: 0.0781 recall@20: 0.1191 ] [ndcg@5: 0.0377 ndcg@10: 0.0476 ndcg@20: 0.0591 ] 
2024-11-03 00:27:28,820 - Epoch  30 Validation set [recall@5: 0.0509 recall@10: 0.0814 recall@20: 0.1238 ] [ndcg@5: 0.0388 ndcg@10: 0.0494 ndcg@20: 0.0612 ] 
2024-11-03 00:27:35,155 - Epoch  33 Validation set [recall@5: 0.0525 recall@10: 0.0848 recall@20: 0.1263 ] [ndcg@5: 0.0395 ndcg@10: 0.0507 ndcg@20: 0.0623 ] 
2024-11-03 00:27:41,174 - Epoch  36 Validation set [recall@5: 0.0541 recall@10: 0.0863 recall@20: 0.1288 ] [ndcg@5: 0.0410 ndcg@10: 0.0521 ndcg@20: 0.0640 ] 
2024-11-03 00:27:47,318 - Epoch  39 Validation set [recall@5: 0.0563 recall@10: 0.0877 recall@20: 0.1315 ] [ndcg@5: 0.0422 ndcg@10: 0.0531 ndcg@20: 0.0653 ] 
2024-11-03 00:27:53,402 - Epoch  42 Validation set [recall@5: 0.0586 recall@10: 0.0906 recall@20: 0.1336 ] [ndcg@5: 0.0437 ndcg@10: 0.0548 ndcg@20: 0.0668 ] 
2024-11-03 00:27:59,452 - Epoch  45 Validation set [recall@5: 0.0587 recall@10: 0.0929 recall@20: 0.1360 ] [ndcg@5: 0.0443 ndcg@10: 0.0563 ndcg@20: 0.0683 ] 
2024-11-03 00:28:05,527 - Epoch  48 Validation set [recall@5: 0.0608 recall@10: 0.0946 recall@20: 0.1380 ] [ndcg@5: 0.0458 ndcg@10: 0.0576 ndcg@20: 0.0697 ] 
2024-11-03 00:28:11,540 - Epoch  51 Validation set [recall@5: 0.0619 recall@10: 0.0958 recall@20: 0.1402 ] [ndcg@5: 0.0466 ndcg@10: 0.0584 ndcg@20: 0.0708 ] 
2024-11-03 00:28:17,615 - Epoch  54 Validation set [recall@5: 0.0637 recall@10: 0.0964 recall@20: 0.1399 ] [ndcg@5: 0.0479 ndcg@10: 0.0594 ndcg@20: 0.0715 ] 
2024-11-03 00:28:23,687 - Epoch  57 Validation set [recall@5: 0.0644 recall@10: 0.0978 recall@20: 0.1412 ] [ndcg@5: 0.0482 ndcg@10: 0.0601 ndcg@20: 0.0722 ] 
2024-11-03 00:28:29,898 - Epoch  60 Validation set [recall@5: 0.0658 recall@10: 0.0989 recall@20: 0.1427 ] [ndcg@5: 0.0495 ndcg@10: 0.0612 ndcg@20: 0.0735 ] 
2024-11-03 00:28:35,958 - Epoch  63 Validation set [recall@5: 0.0672 recall@10: 0.1001 recall@20: 0.1442 ] [ndcg@5: 0.0504 ndcg@10: 0.0621 ndcg@20: 0.0745 ] 
2024-11-03 00:28:42,019 - Epoch  66 Validation set [recall@5: 0.0675 recall@10: 0.1008 recall@20: 0.1458 ] [ndcg@5: 0.0509 ndcg@10: 0.0626 ndcg@20: 0.0754 ] 
2024-11-03 00:28:48,016 - Epoch  69 Validation set [recall@5: 0.0697 recall@10: 0.1034 recall@20: 0.1476 ] [ndcg@5: 0.0521 ndcg@10: 0.0640 ndcg@20: 0.0763 ] 
2024-11-03 00:28:54,127 - Epoch  72 Validation set [recall@5: 0.0708 recall@10: 0.1053 recall@20: 0.1487 ] [ndcg@5: 0.0529 ndcg@10: 0.0651 ndcg@20: 0.0772 ] 
2024-11-03 00:29:00,351 - Epoch  75 Validation set [recall@5: 0.0713 recall@10: 0.1059 recall@20: 0.1500 ] [ndcg@5: 0.0539 ndcg@10: 0.0660 ndcg@20: 0.0784 ] 
2024-11-03 00:29:06,460 - Epoch  78 Validation set [recall@5: 0.0709 recall@10: 0.1058 recall@20: 0.1511 ] [ndcg@5: 0.0541 ndcg@10: 0.0664 ndcg@20: 0.0791 ] 
2024-11-03 00:29:12,546 - Epoch  81 Validation set [recall@5: 0.0718 recall@10: 0.1064 recall@20: 0.1523 ] [ndcg@5: 0.0543 ndcg@10: 0.0665 ndcg@20: 0.0793 ] 
2024-11-03 00:29:18,630 - Epoch  84 Validation set [recall@5: 0.0721 recall@10: 0.1067 recall@20: 0.1545 ] [ndcg@5: 0.0548 ndcg@10: 0.0670 ndcg@20: 0.0804 ] 
2024-11-03 00:29:24,732 - Epoch  87 Validation set [recall@5: 0.0741 recall@10: 0.1080 recall@20: 0.1555 ] [ndcg@5: 0.0556 ndcg@10: 0.0675 ndcg@20: 0.0808 ] 
2024-11-03 00:29:30,992 - Epoch  90 Validation set [recall@5: 0.0738 recall@10: 0.1087 recall@20: 0.1551 ] [ndcg@5: 0.0559 ndcg@10: 0.0682 ndcg@20: 0.0812 ] 
2024-11-03 00:29:37,099 - Epoch  93 Validation set [recall@5: 0.0744 recall@10: 0.1100 recall@20: 0.1562 ] [ndcg@5: 0.0564 ndcg@10: 0.0689 ndcg@20: 0.0818 ] 
2024-11-03 00:29:43,213 - Epoch  96 Validation set [recall@5: 0.0753 recall@10: 0.1112 recall@20: 0.1570 ] [ndcg@5: 0.0573 ndcg@10: 0.0699 ndcg@20: 0.0827 ] 
2024-11-03 00:29:49,199 - Epoch  99 Validation set [recall@5: 0.0750 recall@10: 0.1126 recall@20: 0.1585 ] [ndcg@5: 0.0577 ndcg@10: 0.0708 ndcg@20: 0.0836 ] 
2024-11-03 00:29:55,220 - Epoch 102 Validation set [recall@5: 0.0761 recall@10: 0.1126 recall@20: 0.1582 ] [ndcg@5: 0.0582 ndcg@10: 0.0710 ndcg@20: 0.0838 ] 
2024-11-03 00:30:01,525 - Epoch 105 Validation set [recall@5: 0.0767 recall@10: 0.1134 recall@20: 0.1586 ] [ndcg@5: 0.0587 ndcg@10: 0.0715 ndcg@20: 0.0842 ] 
2024-11-03 00:30:07,530 - Epoch 108 Validation set [recall@5: 0.0763 recall@10: 0.1145 recall@20: 0.1598 ] [ndcg@5: 0.0584 ndcg@10: 0.0718 ndcg@20: 0.0845 ] 
2024-11-03 00:30:13,594 - Epoch 111 Validation set [recall@5: 0.0771 recall@10: 0.1151 recall@20: 0.1598 ] [ndcg@5: 0.0591 ndcg@10: 0.0724 ndcg@20: 0.0850 ] 
2024-11-03 00:30:19,569 - Epoch 114 Validation set [recall@5: 0.0788 recall@10: 0.1145 recall@20: 0.1610 ] [ndcg@5: 0.0600 ndcg@10: 0.0725 ndcg@20: 0.0856 ] 
2024-11-03 00:30:25,612 - Epoch 117 Validation set [recall@5: 0.0792 recall@10: 0.1154 recall@20: 0.1623 ] [ndcg@5: 0.0606 ndcg@10: 0.0733 ndcg@20: 0.0865 ] 
2024-11-03 00:30:31,926 - Epoch 120 Validation set [recall@5: 0.0805 recall@10: 0.1151 recall@20: 0.1630 ] [ndcg@5: 0.0615 ndcg@10: 0.0736 ndcg@20: 0.0872 ] 
2024-11-03 00:30:37,929 - Epoch 123 Validation set [recall@5: 0.0807 recall@10: 0.1161 recall@20: 0.1641 ] [ndcg@5: 0.0617 ndcg@10: 0.0741 ndcg@20: 0.0876 ] 
2024-11-03 00:30:43,963 - Epoch 126 Validation set [recall@5: 0.0816 recall@10: 0.1166 recall@20: 0.1647 ] [ndcg@5: 0.0621 ndcg@10: 0.0744 ndcg@20: 0.0879 ] 
2024-11-03 00:30:49,958 - Epoch 129 Validation set [recall@5: 0.0824 recall@10: 0.1173 recall@20: 0.1639 ] [ndcg@5: 0.0626 ndcg@10: 0.0747 ndcg@20: 0.0880 ] 
2024-11-03 00:30:55,991 - Epoch 132 Validation set [recall@5: 0.0822 recall@10: 0.1176 recall@20: 0.1656 ] [ndcg@5: 0.0626 ndcg@10: 0.0751 ndcg@20: 0.0886 ] 
2024-11-03 00:31:02,058 - Epoch 135 Validation set [recall@5: 0.0817 recall@10: 0.1164 recall@20: 0.1660 ] [ndcg@5: 0.0627 ndcg@10: 0.0750 ndcg@20: 0.0889 ] 
2024-11-03 00:31:08,138 - Epoch 138 Validation set [recall@5: 0.0825 recall@10: 0.1164 recall@20: 0.1673 ] [ndcg@5: 0.0632 ndcg@10: 0.0752 ndcg@20: 0.0894 ] 
2024-11-03 00:31:14,202 - Epoch 141 Validation set [recall@5: 0.0819 recall@10: 0.1176 recall@20: 0.1688 ] [ndcg@5: 0.0631 ndcg@10: 0.0757 ndcg@20: 0.0900 ] 
2024-11-03 00:31:20,240 - Epoch 144 Validation set [recall@5: 0.0819 recall@10: 0.1193 recall@20: 0.1686 ] [ndcg@5: 0.0632 ndcg@10: 0.0763 ndcg@20: 0.0901 ] 
2024-11-03 00:31:26,276 - Epoch 147 Validation set [recall@5: 0.0827 recall@10: 0.1191 recall@20: 0.1689 ] [ndcg@5: 0.0638 ndcg@10: 0.0765 ndcg@20: 0.0905 ] 
2024-11-03 00:31:32,303 - Epoch 150 Validation set [recall@5: 0.0834 recall@10: 0.1206 recall@20: 0.1693 ] [ndcg@5: 0.0641 ndcg@10: 0.0771 ndcg@20: 0.0907 ] 
2024-11-03 00:31:38,321 - Epoch 153 Validation set [recall@5: 0.0840 recall@10: 0.1203 recall@20: 0.1689 ] [ndcg@5: 0.0641 ndcg@10: 0.0768 ndcg@20: 0.0905 ] 
2024-11-03 00:31:44,370 - Epoch 156 Validation set [recall@5: 0.0844 recall@10: 0.1205 recall@20: 0.1690 ] [ndcg@5: 0.0643 ndcg@10: 0.0769 ndcg@20: 0.0905 ] 
2024-11-03 00:31:50,437 - Epoch 159 Validation set [recall@5: 0.0839 recall@10: 0.1209 recall@20: 0.1692 ] [ndcg@5: 0.0641 ndcg@10: 0.0770 ndcg@20: 0.0906 ] 
2024-11-03 00:31:56,473 - Epoch 162 Validation set [recall@5: 0.0845 recall@10: 0.1212 recall@20: 0.1697 ] [ndcg@5: 0.0644 ndcg@10: 0.0772 ndcg@20: 0.0908 ] 
2024-11-03 00:32:02,562 - Epoch 165 Validation set [recall@5: 0.0841 recall@10: 0.1215 recall@20: 0.1700 ] [ndcg@5: 0.0642 ndcg@10: 0.0773 ndcg@20: 0.0909 ] 
2024-11-03 00:32:08,574 - Epoch 168 Validation set [recall@5: 0.0842 recall@10: 0.1205 recall@20: 0.1698 ] [ndcg@5: 0.0643 ndcg@10: 0.0771 ndcg@20: 0.0910 ] 
2024-11-03 00:32:14,669 - Epoch 171 Validation set [recall@5: 0.0849 recall@10: 0.1215 recall@20: 0.1706 ] [ndcg@5: 0.0646 ndcg@10: 0.0774 ndcg@20: 0.0911 ] 
2024-11-03 00:32:20,791 - Epoch 174 Validation set [recall@5: 0.0848 recall@10: 0.1217 recall@20: 0.1712 ] [ndcg@5: 0.0652 ndcg@10: 0.0780 ndcg@20: 0.0919 ] 
2024-11-03 00:32:26,988 - Epoch 177 Validation set [recall@5: 0.0847 recall@10: 0.1205 recall@20: 0.1710 ] [ndcg@5: 0.0653 ndcg@10: 0.0778 ndcg@20: 0.0920 ] 
2024-11-03 00:32:33,068 - Epoch 180 Validation set [recall@5: 0.0841 recall@10: 0.1211 recall@20: 0.1704 ] [ndcg@5: 0.0652 ndcg@10: 0.0781 ndcg@20: 0.0919 ] 
2024-11-03 00:32:39,149 - Epoch 183 Validation set [recall@5: 0.0849 recall@10: 0.1219 recall@20: 0.1703 ] [ndcg@5: 0.0652 ndcg@10: 0.0782 ndcg@20: 0.0918 ] 
2024-11-03 00:32:45,171 - Epoch 186 Validation set [recall@5: 0.0855 recall@10: 0.1210 recall@20: 0.1709 ] [ndcg@5: 0.0659 ndcg@10: 0.0782 ndcg@20: 0.0923 ] 
2024-11-03 00:32:51,207 - Epoch 189 Validation set [recall@5: 0.0860 recall@10: 0.1227 recall@20: 0.1717 ] [ndcg@5: 0.0663 ndcg@10: 0.0790 ndcg@20: 0.0928 ] 
2024-11-03 00:32:57,230 - Epoch 192 Validation set [recall@5: 0.0863 recall@10: 0.1232 recall@20: 0.1710 ] [ndcg@5: 0.0661 ndcg@10: 0.0790 ndcg@20: 0.0924 ] 
2024-11-03 00:33:03,262 - Epoch 195 Validation set [recall@5: 0.0868 recall@10: 0.1234 recall@20: 0.1720 ] [ndcg@5: 0.0666 ndcg@10: 0.0794 ndcg@20: 0.0930 ] 
2024-11-03 00:33:09,474 - Epoch 198 Validation set [recall@5: 0.0872 recall@10: 0.1230 recall@20: 0.1719 ] [ndcg@5: 0.0671 ndcg@10: 0.0796 ndcg@20: 0.0933 ] 
2024-11-03 00:33:15,454 - Epoch 201 Validation set [recall@5: 0.0858 recall@10: 0.1228 recall@20: 0.1723 ] [ndcg@5: 0.0665 ndcg@10: 0.0795 ndcg@20: 0.0934 ] 
2024-11-03 00:33:21,645 - Epoch 204 Validation set [recall@5: 0.0867 recall@10: 0.1241 recall@20: 0.1720 ] [ndcg@5: 0.0669 ndcg@10: 0.0799 ndcg@20: 0.0934 ] 
2024-11-03 00:33:27,672 - Epoch 207 Validation set [recall@5: 0.0869 recall@10: 0.1255 recall@20: 0.1731 ] [ndcg@5: 0.0671 ndcg@10: 0.0805 ndcg@20: 0.0939 ] 
2024-11-03 00:33:33,837 - Epoch 210 Validation set [recall@5: 0.0875 recall@10: 0.1256 recall@20: 0.1736 ] [ndcg@5: 0.0674 ndcg@10: 0.0806 ndcg@20: 0.0941 ] 
2024-11-03 00:33:39,952 - Epoch 213 Validation set [recall@5: 0.0880 recall@10: 0.1248 recall@20: 0.1733 ] [ndcg@5: 0.0679 ndcg@10: 0.0807 ndcg@20: 0.0943 ] 
2024-11-03 00:33:45,984 - Epoch 216 Validation set [recall@5: 0.0879 recall@10: 0.1245 recall@20: 0.1734 ] [ndcg@5: 0.0677 ndcg@10: 0.0805 ndcg@20: 0.0942 ] 
2024-11-03 00:33:52,149 - Epoch 219 Validation set [recall@5: 0.0900 recall@10: 0.1240 recall@20: 0.1719 ] [ndcg@5: 0.0689 ndcg@10: 0.0807 ndcg@20: 0.0942 ] 
2024-11-03 00:33:58,215 - Epoch 222 Validation set [recall@5: 0.0903 recall@10: 0.1251 recall@20: 0.1724 ] [ndcg@5: 0.0690 ndcg@10: 0.0811 ndcg@20: 0.0945 ] 
2024-11-03 00:34:04,294 - Epoch 225 Validation set [recall@5: 0.0891 recall@10: 0.1252 recall@20: 0.1728 ] [ndcg@5: 0.0685 ndcg@10: 0.0811 ndcg@20: 0.0945 ] 
2024-11-03 00:34:05,249 - [recall@5: 0.0875 recall@10: 0.1256 recall@20: 0.1736 ] [ndcg@5: 0.0674 ndcg@10: 0.0806 ndcg@20: 0.0941 ] 
2024-11-03 00:34:06,255 - [recall@5: 0.0852 recall@10: 0.1227 recall@20: 0.1715 ] [ndcg@5: 0.0655 ndcg@10: 0.0787 ndcg@20: 0.0922 ] 
2024-11-03 00:34:06,256 - Best Epoch 210. Final test result: {'recall': array([0.08518756, 0.12273847, 0.17153759]), 'ndcg': array([0.06550675, 0.07865214, 0.09220135])}.
