2024-11-02 22:58:08,783 - {'optimizer': {'name': 'adam', 'lr': 0.001, 'weight_decay': 0}, 'train': {'epoch': 3000, 'batch_size': 4096, 'save_model': False, 'loss': 'pairwise', 'test_step': 3, 'reproducible': True, 'seed': 2024, 'patience': 5}, 'test': {'metrics': ['recall', 'ndcg'], 'k': [5, 10, 20], 'batch_size': 1024}, 'data': {'type': 'general_cf', 'name': 'movies', 'user_num': 16994, 'item_num': 9370}, 'model': {'name': 'gccf_plus', 'keep_rate': 0.8, 'embedding_size': 32, 'layer_num': 2, 'reg_weight': 1e-06, 'kd_weight': 0.01, 'kd_temperature': 0.5, 'steam': {'easyrec-roberta-large': {'layer_num': 3, 'reg_weight': 1e-06, 'kd_weight': 0.001, 'kd_temperature': 0.1}}}}
2024-11-02 22:58:09,361 - Hyper Parameters: {'name': 'gccf_plus', 'keep_rate': 0.8, 'embedding_size': 32, 'layer_num': 2, 'reg_weight': 1e-06, 'kd_weight': 0.01, 'kd_temperature': 0.5, 'steam': {'easyrec-roberta-large': {'layer_num': 3, 'reg_weight': 1e-06, 'kd_weight': 0.001, 'kd_temperature': 0.1}}}
2024-11-02 22:58:12,878 - Epoch   0 Validation set [recall@5: 0.0274 recall@10: 0.0448 recall@20: 0.0686 ] [ndcg@5: 0.0208 ndcg@10: 0.0269 ndcg@20: 0.0335 ] 
2024-11-02 22:58:20,050 - Epoch   3 Validation set [recall@5: 0.0414 recall@10: 0.0624 recall@20: 0.0913 ] [ndcg@5: 0.0322 ndcg@10: 0.0396 ndcg@20: 0.0478 ] 
2024-11-02 22:58:27,077 - Epoch   6 Validation set [recall@5: 0.0446 recall@10: 0.0673 recall@20: 0.0976 ] [ndcg@5: 0.0339 ndcg@10: 0.0419 ndcg@20: 0.0503 ] 
2024-11-02 22:58:34,153 - Epoch   9 Validation set [recall@5: 0.0455 recall@10: 0.0668 recall@20: 0.1024 ] [ndcg@5: 0.0341 ndcg@10: 0.0415 ndcg@20: 0.0515 ] 
2024-11-02 22:58:41,357 - Epoch  12 Validation set [recall@5: 0.0448 recall@10: 0.0690 recall@20: 0.1044 ] [ndcg@5: 0.0341 ndcg@10: 0.0426 ndcg@20: 0.0525 ] 
2024-11-02 22:58:48,605 - Epoch  15 Validation set [recall@5: 0.0459 recall@10: 0.0709 recall@20: 0.1073 ] [ndcg@5: 0.0347 ndcg@10: 0.0436 ndcg@20: 0.0537 ] 
2024-11-02 22:58:55,701 - Epoch  18 Validation set [recall@5: 0.0456 recall@10: 0.0718 recall@20: 0.1085 ] [ndcg@5: 0.0346 ndcg@10: 0.0438 ndcg@20: 0.0540 ] 
2024-11-02 22:59:02,994 - Epoch  21 Validation set [recall@5: 0.0468 recall@10: 0.0722 recall@20: 0.1109 ] [ndcg@5: 0.0353 ndcg@10: 0.0442 ndcg@20: 0.0550 ] 
2024-11-02 22:59:12,456 - Epoch  24 Validation set [recall@5: 0.0471 recall@10: 0.0726 recall@20: 0.1117 ] [ndcg@5: 0.0356 ndcg@10: 0.0446 ndcg@20: 0.0555 ] 
2024-11-02 22:59:19,761 - Epoch  27 Validation set [recall@5: 0.0486 recall@10: 0.0734 recall@20: 0.1133 ] [ndcg@5: 0.0361 ndcg@10: 0.0449 ndcg@20: 0.0559 ] 
2024-11-02 22:59:27,011 - Epoch  30 Validation set [recall@5: 0.0482 recall@10: 0.0746 recall@20: 0.1142 ] [ndcg@5: 0.0362 ndcg@10: 0.0454 ndcg@20: 0.0565 ] 
2024-11-02 22:59:34,354 - Epoch  33 Validation set [recall@5: 0.0483 recall@10: 0.0759 recall@20: 0.1174 ] [ndcg@5: 0.0360 ndcg@10: 0.0456 ndcg@20: 0.0572 ] 
2024-11-02 22:59:41,586 - Epoch  36 Validation set [recall@5: 0.0484 recall@10: 0.0769 recall@20: 0.1175 ] [ndcg@5: 0.0359 ndcg@10: 0.0459 ndcg@20: 0.0572 ] 
2024-11-02 22:59:48,935 - Epoch  39 Validation set [recall@5: 0.0482 recall@10: 0.0778 recall@20: 0.1182 ] [ndcg@5: 0.0358 ndcg@10: 0.0462 ndcg@20: 0.0575 ] 
2024-11-02 22:59:56,167 - Epoch  42 Validation set [recall@5: 0.0497 recall@10: 0.0783 recall@20: 0.1200 ] [ndcg@5: 0.0366 ndcg@10: 0.0466 ndcg@20: 0.0583 ] 
2024-11-02 23:00:03,358 - Epoch  45 Validation set [recall@5: 0.0495 recall@10: 0.0786 recall@20: 0.1229 ] [ndcg@5: 0.0366 ndcg@10: 0.0468 ndcg@20: 0.0592 ] 
2024-11-02 23:00:10,610 - Epoch  48 Validation set [recall@5: 0.0501 recall@10: 0.0784 recall@20: 0.1239 ] [ndcg@5: 0.0372 ndcg@10: 0.0470 ndcg@20: 0.0598 ] 
2024-11-02 23:00:17,722 - Epoch  51 Validation set [recall@5: 0.0504 recall@10: 0.0799 recall@20: 0.1246 ] [ndcg@5: 0.0374 ndcg@10: 0.0477 ndcg@20: 0.0602 ] 
2024-11-02 23:00:24,921 - Epoch  54 Validation set [recall@5: 0.0507 recall@10: 0.0813 recall@20: 0.1247 ] [ndcg@5: 0.0375 ndcg@10: 0.0482 ndcg@20: 0.0604 ] 
2024-11-02 23:00:32,103 - Epoch  57 Validation set [recall@5: 0.0509 recall@10: 0.0816 recall@20: 0.1261 ] [ndcg@5: 0.0377 ndcg@10: 0.0484 ndcg@20: 0.0609 ] 
2024-11-02 23:00:40,581 - Epoch  60 Validation set [recall@5: 0.0517 recall@10: 0.0819 recall@20: 0.1262 ] [ndcg@5: 0.0384 ndcg@10: 0.0489 ndcg@20: 0.0614 ] 
2024-11-02 23:00:48,011 - Epoch  63 Validation set [recall@5: 0.0518 recall@10: 0.0835 recall@20: 0.1271 ] [ndcg@5: 0.0387 ndcg@10: 0.0497 ndcg@20: 0.0620 ] 
2024-11-02 23:00:55,343 - Epoch  66 Validation set [recall@5: 0.0524 recall@10: 0.0842 recall@20: 0.1284 ] [ndcg@5: 0.0390 ndcg@10: 0.0500 ndcg@20: 0.0625 ] 
2024-11-02 23:01:02,444 - Epoch  69 Validation set [recall@5: 0.0528 recall@10: 0.0853 recall@20: 0.1296 ] [ndcg@5: 0.0397 ndcg@10: 0.0510 ndcg@20: 0.0634 ] 
2024-11-02 23:01:09,722 - Epoch  72 Validation set [recall@5: 0.0541 recall@10: 0.0852 recall@20: 0.1309 ] [ndcg@5: 0.0403 ndcg@10: 0.0511 ndcg@20: 0.0639 ] 
2024-11-02 23:01:16,851 - Epoch  75 Validation set [recall@5: 0.0542 recall@10: 0.0861 recall@20: 0.1318 ] [ndcg@5: 0.0407 ndcg@10: 0.0517 ndcg@20: 0.0645 ] 
2024-11-02 23:01:24,123 - Epoch  78 Validation set [recall@5: 0.0548 recall@10: 0.0854 recall@20: 0.1332 ] [ndcg@5: 0.0406 ndcg@10: 0.0513 ndcg@20: 0.0646 ] 
2024-11-02 23:01:31,305 - Epoch  81 Validation set [recall@5: 0.0557 recall@10: 0.0865 recall@20: 0.1330 ] [ndcg@5: 0.0412 ndcg@10: 0.0519 ndcg@20: 0.0649 ] 
2024-11-02 23:01:38,658 - Epoch  84 Validation set [recall@5: 0.0560 recall@10: 0.0859 recall@20: 0.1339 ] [ndcg@5: 0.0414 ndcg@10: 0.0518 ndcg@20: 0.0652 ] 
2024-11-02 23:01:45,898 - Epoch  87 Validation set [recall@5: 0.0570 recall@10: 0.0866 recall@20: 0.1353 ] [ndcg@5: 0.0417 ndcg@10: 0.0519 ndcg@20: 0.0655 ] 
2024-11-02 23:01:53,100 - Epoch  90 Validation set [recall@5: 0.0573 recall@10: 0.0874 recall@20: 0.1347 ] [ndcg@5: 0.0419 ndcg@10: 0.0523 ndcg@20: 0.0655 ] 
2024-11-02 23:02:00,369 - Epoch  93 Validation set [recall@5: 0.0571 recall@10: 0.0867 recall@20: 0.1363 ] [ndcg@5: 0.0417 ndcg@10: 0.0519 ndcg@20: 0.0659 ] 
2024-11-02 23:02:07,545 - Epoch  96 Validation set [recall@5: 0.0571 recall@10: 0.0874 recall@20: 0.1363 ] [ndcg@5: 0.0421 ndcg@10: 0.0525 ndcg@20: 0.0663 ] 
2024-11-02 23:02:14,769 - Epoch  99 Validation set [recall@5: 0.0579 recall@10: 0.0865 recall@20: 0.1384 ] [ndcg@5: 0.0427 ndcg@10: 0.0527 ndcg@20: 0.0672 ] 
2024-11-02 23:02:22,072 - Epoch 102 Validation set [recall@5: 0.0582 recall@10: 0.0883 recall@20: 0.1377 ] [ndcg@5: 0.0431 ndcg@10: 0.0535 ndcg@20: 0.0674 ] 
2024-11-02 23:02:29,354 - Epoch 105 Validation set [recall@5: 0.0592 recall@10: 0.0882 recall@20: 0.1380 ] [ndcg@5: 0.0437 ndcg@10: 0.0538 ndcg@20: 0.0678 ] 
2024-11-02 23:02:36,690 - Epoch 108 Validation set [recall@5: 0.0595 recall@10: 0.0883 recall@20: 0.1387 ] [ndcg@5: 0.0438 ndcg@10: 0.0538 ndcg@20: 0.0679 ] 
2024-11-02 23:02:44,000 - Epoch 111 Validation set [recall@5: 0.0590 recall@10: 0.0887 recall@20: 0.1379 ] [ndcg@5: 0.0438 ndcg@10: 0.0541 ndcg@20: 0.0680 ] 
2024-11-02 23:02:51,178 - Epoch 114 Validation set [recall@5: 0.0589 recall@10: 0.0900 recall@20: 0.1382 ] [ndcg@5: 0.0439 ndcg@10: 0.0547 ndcg@20: 0.0683 ] 
2024-11-02 23:02:58,378 - Epoch 117 Validation set [recall@5: 0.0597 recall@10: 0.0909 recall@20: 0.1397 ] [ndcg@5: 0.0441 ndcg@10: 0.0549 ndcg@20: 0.0686 ] 
2024-11-02 23:03:05,571 - Epoch 120 Validation set [recall@5: 0.0604 recall@10: 0.0915 recall@20: 0.1396 ] [ndcg@5: 0.0443 ndcg@10: 0.0550 ndcg@20: 0.0685 ] 
2024-11-02 23:03:12,811 - Epoch 123 Validation set [recall@5: 0.0609 recall@10: 0.0914 recall@20: 0.1412 ] [ndcg@5: 0.0446 ndcg@10: 0.0551 ndcg@20: 0.0691 ] 
2024-11-02 23:03:20,057 - Epoch 126 Validation set [recall@5: 0.0615 recall@10: 0.0928 recall@20: 0.1409 ] [ndcg@5: 0.0451 ndcg@10: 0.0559 ndcg@20: 0.0695 ] 
2024-11-02 23:03:27,412 - Epoch 129 Validation set [recall@5: 0.0618 recall@10: 0.0927 recall@20: 0.1415 ] [ndcg@5: 0.0453 ndcg@10: 0.0561 ndcg@20: 0.0699 ] 
2024-11-02 23:03:34,744 - Epoch 132 Validation set [recall@5: 0.0617 recall@10: 0.0940 recall@20: 0.1430 ] [ndcg@5: 0.0452 ndcg@10: 0.0565 ndcg@20: 0.0703 ] 
2024-11-02 23:03:42,000 - Epoch 135 Validation set [recall@5: 0.0623 recall@10: 0.0947 recall@20: 0.1436 ] [ndcg@5: 0.0455 ndcg@10: 0.0568 ndcg@20: 0.0705 ] 
2024-11-02 23:03:49,316 - Epoch 138 Validation set [recall@5: 0.0626 recall@10: 0.0951 recall@20: 0.1434 ] [ndcg@5: 0.0455 ndcg@10: 0.0568 ndcg@20: 0.0703 ] 
2024-11-02 23:03:56,474 - Epoch 141 Validation set [recall@5: 0.0631 recall@10: 0.0959 recall@20: 0.1439 ] [ndcg@5: 0.0460 ndcg@10: 0.0574 ndcg@20: 0.0709 ] 
2024-11-02 23:04:03,657 - Epoch 144 Validation set [recall@5: 0.0636 recall@10: 0.0960 recall@20: 0.1448 ] [ndcg@5: 0.0462 ndcg@10: 0.0575 ndcg@20: 0.0712 ] 
2024-11-02 23:04:10,877 - Epoch 147 Validation set [recall@5: 0.0635 recall@10: 0.0963 recall@20: 0.1444 ] [ndcg@5: 0.0461 ndcg@10: 0.0576 ndcg@20: 0.0712 ] 
2024-11-02 23:04:18,036 - Epoch 150 Validation set [recall@5: 0.0638 recall@10: 0.0962 recall@20: 0.1452 ] [ndcg@5: 0.0468 ndcg@10: 0.0582 ndcg@20: 0.0720 ] 
2024-11-02 23:04:25,259 - Epoch 153 Validation set [recall@5: 0.0632 recall@10: 0.0964 recall@20: 0.1457 ] [ndcg@5: 0.0468 ndcg@10: 0.0584 ndcg@20: 0.0722 ] 
2024-11-02 23:04:32,499 - Epoch 156 Validation set [recall@5: 0.0638 recall@10: 0.0970 recall@20: 0.1463 ] [ndcg@5: 0.0468 ndcg@10: 0.0584 ndcg@20: 0.0722 ] 
2024-11-02 23:04:39,598 - Epoch 159 Validation set [recall@5: 0.0635 recall@10: 0.0977 recall@20: 0.1470 ] [ndcg@5: 0.0469 ndcg@10: 0.0588 ndcg@20: 0.0726 ] 
2024-11-02 23:04:46,800 - Epoch 162 Validation set [recall@5: 0.0638 recall@10: 0.0979 recall@20: 0.1484 ] [ndcg@5: 0.0473 ndcg@10: 0.0592 ndcg@20: 0.0734 ] 
2024-11-02 23:04:53,929 - Epoch 165 Validation set [recall@5: 0.0638 recall@10: 0.0981 recall@20: 0.1475 ] [ndcg@5: 0.0469 ndcg@10: 0.0589 ndcg@20: 0.0728 ] 
2024-11-02 23:05:01,145 - Epoch 168 Validation set [recall@5: 0.0644 recall@10: 0.0985 recall@20: 0.1471 ] [ndcg@5: 0.0472 ndcg@10: 0.0592 ndcg@20: 0.0729 ] 
2024-11-02 23:05:08,651 - Epoch 171 Validation set [recall@5: 0.0646 recall@10: 0.0982 recall@20: 0.1467 ] [ndcg@5: 0.0477 ndcg@10: 0.0595 ndcg@20: 0.0731 ] 
2024-11-02 23:05:16,076 - Epoch 174 Validation set [recall@5: 0.0657 recall@10: 0.1003 recall@20: 0.1472 ] [ndcg@5: 0.0481 ndcg@10: 0.0601 ndcg@20: 0.0733 ] 
2024-11-02 23:05:23,230 - Epoch 177 Validation set [recall@5: 0.0651 recall@10: 0.1006 recall@20: 0.1483 ] [ndcg@5: 0.0478 ndcg@10: 0.0603 ndcg@20: 0.0737 ] 
2024-11-02 23:05:24,247 - [recall@5: 0.0638 recall@10: 0.0979 recall@20: 0.1484 ] [ndcg@5: 0.0473 ndcg@10: 0.0592 ndcg@20: 0.0734 ] 
2024-11-02 23:05:25,274 - [recall@5: 0.0638 recall@10: 0.1001 recall@20: 0.1481 ] [ndcg@5: 0.0474 ndcg@10: 0.0601 ndcg@20: 0.0734 ] 
2024-11-02 23:05:25,275 - Best Epoch 162. Final test result: {'recall': array([0.06375135, 0.10014585, 0.14812115]), 'ndcg': array([0.04739785, 0.06005025, 0.07338421])}.
