2024-11-02 22:54:39,863 - {'optimizer': {'name': 'adam', 'lr': 0.001, 'weight_decay': 0}, 'train': {'epoch': 3000, 'batch_size': 4096, 'save_model': False, 'loss': 'pairwise', 'test_step': 3, 'reproducible': True, 'seed': 2024, 'patience': 5}, 'test': {'metrics': ['recall', 'ndcg'], 'k': [5, 10, 20], 'batch_size': 1024}, 'data': {'type': 'general_cf', 'name': 'movies', 'user_num': 16994, 'item_num': 9370}, 'model': {'name': 'lightgcn', 'keep_rate': 0.8, 'embedding_size': 32, 'layer_num': 3, 'reg_weight': 1e-06, 'steam': {'layer_num': 2, 'reg_weight': 1e-06}}}
2024-11-02 22:54:40,420 - Hyper Parameters: {'name': 'lightgcn', 'keep_rate': 0.8, 'embedding_size': 32, 'layer_num': 3, 'reg_weight': 1e-06, 'steam': {'layer_num': 2, 'reg_weight': 1e-06}}
2024-11-02 22:54:43,087 - Epoch   0 Validation set [recall@5: 0.0302 recall@10: 0.0441 recall@20: 0.0679 ] [ndcg@5: 0.0234 ndcg@10: 0.0283 ndcg@20: 0.0349 ] 
2024-11-02 22:54:47,248 - Epoch   3 Validation set [recall@5: 0.0213 recall@10: 0.0368 recall@20: 0.0574 ] [ndcg@5: 0.0181 ndcg@10: 0.0235 ndcg@20: 0.0292 ] 
2024-11-02 22:54:51,263 - Epoch   6 Validation set [recall@5: 0.0266 recall@10: 0.0417 recall@20: 0.0686 ] [ndcg@5: 0.0217 ndcg@10: 0.0270 ndcg@20: 0.0345 ] 
2024-11-02 22:54:55,527 - Epoch   9 Validation set [recall@5: 0.0314 recall@10: 0.0502 recall@20: 0.0786 ] [ndcg@5: 0.0250 ndcg@10: 0.0314 ndcg@20: 0.0393 ] 
2024-11-02 22:54:59,512 - Epoch  12 Validation set [recall@5: 0.0356 recall@10: 0.0538 recall@20: 0.0874 ] [ndcg@5: 0.0279 ndcg@10: 0.0343 ndcg@20: 0.0437 ] 
2024-11-02 22:55:03,755 - Epoch  15 Validation set [recall@5: 0.0380 recall@10: 0.0587 recall@20: 0.0922 ] [ndcg@5: 0.0299 ndcg@10: 0.0372 ndcg@20: 0.0466 ] 
2024-11-02 22:55:08,152 - Epoch  18 Validation set [recall@5: 0.0397 recall@10: 0.0627 recall@20: 0.0985 ] [ndcg@5: 0.0313 ndcg@10: 0.0393 ndcg@20: 0.0493 ] 
2024-11-02 22:55:12,540 - Epoch  21 Validation set [recall@5: 0.0407 recall@10: 0.0681 recall@20: 0.1030 ] [ndcg@5: 0.0326 ndcg@10: 0.0422 ndcg@20: 0.0519 ] 
2024-11-02 22:55:16,701 - Epoch  24 Validation set [recall@5: 0.0440 recall@10: 0.0713 recall@20: 0.1079 ] [ndcg@5: 0.0347 ndcg@10: 0.0442 ndcg@20: 0.0544 ] 
2024-11-02 22:55:21,039 - Epoch  27 Validation set [recall@5: 0.0468 recall@10: 0.0739 recall@20: 0.1115 ] [ndcg@5: 0.0362 ndcg@10: 0.0458 ndcg@20: 0.0562 ] 
2024-11-02 22:55:25,687 - Epoch  30 Validation set [recall@5: 0.0489 recall@10: 0.0777 recall@20: 0.1144 ] [ndcg@5: 0.0377 ndcg@10: 0.0478 ndcg@20: 0.0579 ] 
2024-11-02 22:55:29,983 - Epoch  33 Validation set [recall@5: 0.0500 recall@10: 0.0795 recall@20: 0.1188 ] [ndcg@5: 0.0388 ndcg@10: 0.0492 ndcg@20: 0.0600 ] 
2024-11-02 22:55:35,027 - Epoch  36 Validation set [recall@5: 0.0523 recall@10: 0.0819 recall@20: 0.1230 ] [ndcg@5: 0.0405 ndcg@10: 0.0510 ndcg@20: 0.0623 ] 
2024-11-02 22:55:39,313 - Epoch  39 Validation set [recall@5: 0.0542 recall@10: 0.0844 recall@20: 0.1261 ] [ndcg@5: 0.0416 ndcg@10: 0.0523 ndcg@20: 0.0639 ] 
2024-11-02 22:55:43,765 - Epoch  42 Validation set [recall@5: 0.0559 recall@10: 0.0863 recall@20: 0.1283 ] [ndcg@5: 0.0430 ndcg@10: 0.0538 ndcg@20: 0.0654 ] 
2024-11-02 22:55:48,232 - Epoch  45 Validation set [recall@5: 0.0575 recall@10: 0.0885 recall@20: 0.1303 ] [ndcg@5: 0.0443 ndcg@10: 0.0553 ndcg@20: 0.0670 ] 
2024-11-02 22:55:52,634 - Epoch  48 Validation set [recall@5: 0.0582 recall@10: 0.0894 recall@20: 0.1324 ] [ndcg@5: 0.0451 ndcg@10: 0.0561 ndcg@20: 0.0682 ] 
2024-11-02 22:55:57,244 - Epoch  51 Validation set [recall@5: 0.0612 recall@10: 0.0928 recall@20: 0.1349 ] [ndcg@5: 0.0465 ndcg@10: 0.0577 ndcg@20: 0.0695 ] 
2024-11-02 22:56:01,589 - Epoch  54 Validation set [recall@5: 0.0607 recall@10: 0.0934 recall@20: 0.1360 ] [ndcg@5: 0.0469 ndcg@10: 0.0584 ndcg@20: 0.0704 ] 
2024-11-02 22:56:06,450 - Epoch  57 Validation set [recall@5: 0.0620 recall@10: 0.0949 recall@20: 0.1373 ] [ndcg@5: 0.0480 ndcg@10: 0.0595 ndcg@20: 0.0714 ] 
2024-11-02 22:56:10,909 - Epoch  60 Validation set [recall@5: 0.0634 recall@10: 0.0959 recall@20: 0.1402 ] [ndcg@5: 0.0494 ndcg@10: 0.0608 ndcg@20: 0.0732 ] 
2024-11-02 22:56:15,204 - Epoch  63 Validation set [recall@5: 0.0644 recall@10: 0.0957 recall@20: 0.1416 ] [ndcg@5: 0.0501 ndcg@10: 0.0611 ndcg@20: 0.0739 ] 
2024-11-02 22:56:19,442 - Epoch  66 Validation set [recall@5: 0.0659 recall@10: 0.0968 recall@20: 0.1433 ] [ndcg@5: 0.0510 ndcg@10: 0.0619 ndcg@20: 0.0749 ] 
2024-11-02 22:56:23,701 - Epoch  69 Validation set [recall@5: 0.0673 recall@10: 0.0977 recall@20: 0.1456 ] [ndcg@5: 0.0520 ndcg@10: 0.0627 ndcg@20: 0.0760 ] 
2024-11-02 22:56:27,928 - Epoch  72 Validation set [recall@5: 0.0674 recall@10: 0.0980 recall@20: 0.1473 ] [ndcg@5: 0.0523 ndcg@10: 0.0631 ndcg@20: 0.0769 ] 
2024-11-02 22:56:32,246 - Epoch  75 Validation set [recall@5: 0.0680 recall@10: 0.0990 recall@20: 0.1469 ] [ndcg@5: 0.0526 ndcg@10: 0.0636 ndcg@20: 0.0771 ] 
2024-11-02 22:56:36,515 - Epoch  78 Validation set [recall@5: 0.0685 recall@10: 0.1006 recall@20: 0.1483 ] [ndcg@5: 0.0531 ndcg@10: 0.0644 ndcg@20: 0.0778 ] 
2024-11-02 22:56:40,756 - Epoch  81 Validation set [recall@5: 0.0687 recall@10: 0.0999 recall@20: 0.1493 ] [ndcg@5: 0.0535 ndcg@10: 0.0646 ndcg@20: 0.0785 ] 
2024-11-02 22:56:44,999 - Epoch  84 Validation set [recall@5: 0.0693 recall@10: 0.1016 recall@20: 0.1503 ] [ndcg@5: 0.0540 ndcg@10: 0.0654 ndcg@20: 0.0790 ] 
2024-11-02 22:56:49,038 - Epoch  87 Validation set [recall@5: 0.0700 recall@10: 0.1013 recall@20: 0.1517 ] [ndcg@5: 0.0545 ndcg@10: 0.0655 ndcg@20: 0.0796 ] 
2024-11-02 22:56:53,061 - Epoch  90 Validation set [recall@5: 0.0702 recall@10: 0.1021 recall@20: 0.1525 ] [ndcg@5: 0.0546 ndcg@10: 0.0659 ndcg@20: 0.0799 ] 
2024-11-02 22:56:57,033 - Epoch  93 Validation set [recall@5: 0.0708 recall@10: 0.1036 recall@20: 0.1530 ] [ndcg@5: 0.0550 ndcg@10: 0.0665 ndcg@20: 0.0803 ] 
2024-11-02 22:57:01,352 - Epoch  96 Validation set [recall@5: 0.0722 recall@10: 0.1048 recall@20: 0.1528 ] [ndcg@5: 0.0561 ndcg@10: 0.0676 ndcg@20: 0.0810 ] 
2024-11-02 22:57:05,808 - Epoch  99 Validation set [recall@5: 0.0725 recall@10: 0.1054 recall@20: 0.1533 ] [ndcg@5: 0.0564 ndcg@10: 0.0680 ndcg@20: 0.0814 ] 
2024-11-02 22:57:09,978 - Epoch 102 Validation set [recall@5: 0.0735 recall@10: 0.1057 recall@20: 0.1534 ] [ndcg@5: 0.0571 ndcg@10: 0.0685 ndcg@20: 0.0818 ] 
2024-11-02 22:57:14,243 - Epoch 105 Validation set [recall@5: 0.0747 recall@10: 0.1069 recall@20: 0.1536 ] [ndcg@5: 0.0576 ndcg@10: 0.0689 ndcg@20: 0.0819 ] 
2024-11-02 22:57:18,491 - Epoch 108 Validation set [recall@5: 0.0746 recall@10: 0.1072 recall@20: 0.1539 ] [ndcg@5: 0.0574 ndcg@10: 0.0688 ndcg@20: 0.0819 ] 
2024-11-02 22:57:22,920 - Epoch 111 Validation set [recall@5: 0.0745 recall@10: 0.1074 recall@20: 0.1540 ] [ndcg@5: 0.0575 ndcg@10: 0.0691 ndcg@20: 0.0821 ] 
2024-11-02 22:57:27,475 - Epoch 114 Validation set [recall@5: 0.0747 recall@10: 0.1079 recall@20: 0.1549 ] [ndcg@5: 0.0576 ndcg@10: 0.0694 ndcg@20: 0.0824 ] 
2024-11-02 22:57:31,956 - Epoch 117 Validation set [recall@5: 0.0743 recall@10: 0.1078 recall@20: 0.1563 ] [ndcg@5: 0.0579 ndcg@10: 0.0698 ndcg@20: 0.0833 ] 
2024-11-02 22:57:36,498 - Epoch 120 Validation set [recall@5: 0.0752 recall@10: 0.1082 recall@20: 0.1571 ] [ndcg@5: 0.0582 ndcg@10: 0.0699 ndcg@20: 0.0835 ] 
2024-11-02 22:57:40,979 - Epoch 123 Validation set [recall@5: 0.0749 recall@10: 0.1086 recall@20: 0.1575 ] [ndcg@5: 0.0582 ndcg@10: 0.0701 ndcg@20: 0.0838 ] 
2024-11-02 22:57:45,117 - Epoch 126 Validation set [recall@5: 0.0762 recall@10: 0.1088 recall@20: 0.1571 ] [ndcg@5: 0.0587 ndcg@10: 0.0702 ndcg@20: 0.0837 ] 
2024-11-02 22:57:49,804 - Epoch 129 Validation set [recall@5: 0.0765 recall@10: 0.1085 recall@20: 0.1554 ] [ndcg@5: 0.0590 ndcg@10: 0.0704 ndcg@20: 0.0836 ] 
2024-11-02 22:57:54,552 - Epoch 132 Validation set [recall@5: 0.0775 recall@10: 0.1085 recall@20: 0.1555 ] [ndcg@5: 0.0594 ndcg@10: 0.0704 ndcg@20: 0.0836 ] 
2024-11-02 22:57:59,625 - Epoch 135 Validation set [recall@5: 0.0780 recall@10: 0.1099 recall@20: 0.1562 ] [ndcg@5: 0.0597 ndcg@10: 0.0710 ndcg@20: 0.0839 ] 
2024-11-02 22:58:04,089 - Epoch 138 Validation set [recall@5: 0.0764 recall@10: 0.1106 recall@20: 0.1565 ] [ndcg@5: 0.0592 ndcg@10: 0.0713 ndcg@20: 0.0842 ] 
2024-11-02 22:58:05,114 - [recall@5: 0.0749 recall@10: 0.1086 recall@20: 0.1575 ] [ndcg@5: 0.0582 ndcg@10: 0.0701 ndcg@20: 0.0838 ] 
2024-11-02 22:58:06,314 - [recall@5: 0.0733 recall@10: 0.1075 recall@20: 0.1540 ] [ndcg@5: 0.0580 ndcg@10: 0.0700 ndcg@20: 0.0830 ] 
2024-11-02 22:58:06,315 - Best Epoch 123. Final test result: {'recall': array([0.07329701, 0.10747269, 0.15398194]), 'ndcg': array([0.05801787, 0.06998254, 0.08298819])}.
