2024-11-04 16:22:44,083 - {'optimizer': {'name': 'adam', 'lr': 0.001, 'weight_decay': 0}, 'train': {'epoch': 3000, 'batch_size': 4096, 'save_model': False, 'loss': 'pairwise', 'test_step': 3, 'reproducible': True, 'seed': 2024, 'patience': 5}, 'test': {'metrics': ['recall', 'ndcg'], 'k': [5, 10, 20], 'batch_size': 1024}, 'data': {'type': 'general_cf', 'name': 'movies', 'user_num': 16994, 'item_num': 9370}, 'model': {'name': 'lightgcn_plus', 'keep_rate': 0.8, 'embedding_size': 32, 'layer_num': 3, 'reg_weight': 1e-08, 'kd_weight': 0.001, 'kd_temperature': 0.1, 'steam': {'easyrec-roberta-large': {'layer_num': 3, 'reg_weight': 1e-08, 'kd_weight': 0.01, 'kd_temperature': 0.5}}}}
2024-11-04 16:22:44,678 - Hyper Parameters: {'name': 'lightgcn_plus', 'keep_rate': 0.8, 'embedding_size': 32, 'layer_num': 3, 'reg_weight': 1e-08, 'kd_weight': 0.001, 'kd_temperature': 0.1, 'steam': {'easyrec-roberta-large': {'layer_num': 3, 'reg_weight': 1e-08, 'kd_weight': 0.01, 'kd_temperature': 0.5}}}
2024-11-04 16:22:48,132 - Epoch   0 Validation set [recall@5: 0.0470 recall@10: 0.0665 recall@20: 0.1010 ] [ndcg@5: 0.0354 ndcg@10: 0.0422 ndcg@20: 0.0517 ] 
2024-11-04 16:22:55,097 - Epoch   3 Validation set [recall@5: 0.0323 recall@10: 0.0515 recall@20: 0.0824 ] [ndcg@5: 0.0256 ndcg@10: 0.0323 ndcg@20: 0.0408 ] 
2024-11-04 16:23:01,661 - Epoch   6 Validation set [recall@5: 0.0348 recall@10: 0.0556 recall@20: 0.0870 ] [ndcg@5: 0.0270 ndcg@10: 0.0343 ndcg@20: 0.0430 ] 
2024-11-04 16:23:08,366 - Epoch   9 Validation set [recall@5: 0.0387 recall@10: 0.0602 recall@20: 0.0960 ] [ndcg@5: 0.0297 ndcg@10: 0.0374 ndcg@20: 0.0473 ] 
2024-11-04 16:23:15,068 - Epoch  12 Validation set [recall@5: 0.0427 recall@10: 0.0647 recall@20: 0.1010 ] [ndcg@5: 0.0326 ndcg@10: 0.0403 ndcg@20: 0.0505 ] 
2024-11-04 16:23:21,717 - Epoch  15 Validation set [recall@5: 0.0435 recall@10: 0.0697 recall@20: 0.1062 ] [ndcg@5: 0.0337 ndcg@10: 0.0428 ndcg@20: 0.0530 ] 
2024-11-04 16:23:28,486 - Epoch  18 Validation set [recall@5: 0.0457 recall@10: 0.0728 recall@20: 0.1108 ] [ndcg@5: 0.0350 ndcg@10: 0.0445 ndcg@20: 0.0551 ] 
2024-11-04 16:23:35,505 - Epoch  21 Validation set [recall@5: 0.0474 recall@10: 0.0745 recall@20: 0.1143 ] [ndcg@5: 0.0367 ndcg@10: 0.0462 ndcg@20: 0.0574 ] 
2024-11-04 16:23:42,374 - Epoch  24 Validation set [recall@5: 0.0501 recall@10: 0.0772 recall@20: 0.1171 ] [ndcg@5: 0.0385 ndcg@10: 0.0479 ndcg@20: 0.0591 ] 
2024-11-04 16:23:49,213 - Epoch  27 Validation set [recall@5: 0.0518 recall@10: 0.0799 recall@20: 0.1207 ] [ndcg@5: 0.0395 ndcg@10: 0.0493 ndcg@20: 0.0607 ] 
2024-11-04 16:23:56,108 - Epoch  30 Validation set [recall@5: 0.0529 recall@10: 0.0823 recall@20: 0.1226 ] [ndcg@5: 0.0407 ndcg@10: 0.0510 ndcg@20: 0.0622 ] 
2024-11-04 16:24:02,744 - Epoch  33 Validation set [recall@5: 0.0554 recall@10: 0.0844 recall@20: 0.1271 ] [ndcg@5: 0.0423 ndcg@10: 0.0525 ndcg@20: 0.0644 ] 
2024-11-04 16:24:09,530 - Epoch  36 Validation set [recall@5: 0.0569 recall@10: 0.0868 recall@20: 0.1298 ] [ndcg@5: 0.0435 ndcg@10: 0.0540 ndcg@20: 0.0660 ] 
2024-11-04 16:24:16,155 - Epoch  39 Validation set [recall@5: 0.0572 recall@10: 0.0883 recall@20: 0.1326 ] [ndcg@5: 0.0444 ndcg@10: 0.0554 ndcg@20: 0.0677 ] 
2024-11-04 16:24:22,793 - Epoch  42 Validation set [recall@5: 0.0600 recall@10: 0.0916 recall@20: 0.1354 ] [ndcg@5: 0.0466 ndcg@10: 0.0576 ndcg@20: 0.0698 ] 
2024-11-04 16:24:29,434 - Epoch  45 Validation set [recall@5: 0.0607 recall@10: 0.0933 recall@20: 0.1371 ] [ndcg@5: 0.0470 ndcg@10: 0.0585 ndcg@20: 0.0707 ] 
2024-11-04 16:24:36,071 - Epoch  48 Validation set [recall@5: 0.0617 recall@10: 0.0948 recall@20: 0.1400 ] [ndcg@5: 0.0477 ndcg@10: 0.0593 ndcg@20: 0.0719 ] 
2024-11-04 16:24:42,691 - Epoch  51 Validation set [recall@5: 0.0625 recall@10: 0.0960 recall@20: 0.1407 ] [ndcg@5: 0.0483 ndcg@10: 0.0601 ndcg@20: 0.0726 ] 
2024-11-04 16:24:49,470 - Epoch  54 Validation set [recall@5: 0.0640 recall@10: 0.0971 recall@20: 0.1421 ] [ndcg@5: 0.0491 ndcg@10: 0.0608 ndcg@20: 0.0734 ] 
2024-11-04 16:24:56,138 - Epoch  57 Validation set [recall@5: 0.0644 recall@10: 0.0994 recall@20: 0.1427 ] [ndcg@5: 0.0494 ndcg@10: 0.0617 ndcg@20: 0.0739 ] 
2024-11-04 16:25:02,873 - Epoch  60 Validation set [recall@5: 0.0661 recall@10: 0.1001 recall@20: 0.1447 ] [ndcg@5: 0.0505 ndcg@10: 0.0625 ndcg@20: 0.0750 ] 
2024-11-04 16:25:09,435 - Epoch  63 Validation set [recall@5: 0.0667 recall@10: 0.1004 recall@20: 0.1471 ] [ndcg@5: 0.0510 ndcg@10: 0.0630 ndcg@20: 0.0761 ] 
2024-11-04 16:25:16,197 - Epoch  66 Validation set [recall@5: 0.0681 recall@10: 0.1023 recall@20: 0.1486 ] [ndcg@5: 0.0519 ndcg@10: 0.0639 ndcg@20: 0.0769 ] 
2024-11-04 16:25:22,918 - Epoch  69 Validation set [recall@5: 0.0687 recall@10: 0.1029 recall@20: 0.1488 ] [ndcg@5: 0.0524 ndcg@10: 0.0644 ndcg@20: 0.0773 ] 
2024-11-04 16:25:29,675 - Epoch  72 Validation set [recall@5: 0.0694 recall@10: 0.1036 recall@20: 0.1508 ] [ndcg@5: 0.0530 ndcg@10: 0.0650 ndcg@20: 0.0783 ] 
2024-11-04 16:25:36,305 - Epoch  75 Validation set [recall@5: 0.0701 recall@10: 0.1050 recall@20: 0.1528 ] [ndcg@5: 0.0536 ndcg@10: 0.0659 ndcg@20: 0.0793 ] 
2024-11-04 16:25:42,990 - Epoch  78 Validation set [recall@5: 0.0707 recall@10: 0.1061 recall@20: 0.1541 ] [ndcg@5: 0.0542 ndcg@10: 0.0667 ndcg@20: 0.0801 ] 
2024-11-04 16:25:49,654 - Epoch  81 Validation set [recall@5: 0.0725 recall@10: 0.1066 recall@20: 0.1544 ] [ndcg@5: 0.0552 ndcg@10: 0.0672 ndcg@20: 0.0807 ] 
2024-11-04 16:25:56,131 - Epoch  84 Validation set [recall@5: 0.0727 recall@10: 0.1074 recall@20: 0.1550 ] [ndcg@5: 0.0553 ndcg@10: 0.0675 ndcg@20: 0.0809 ] 
2024-11-04 16:26:02,881 - Epoch  87 Validation set [recall@5: 0.0733 recall@10: 0.1091 recall@20: 0.1558 ] [ndcg@5: 0.0558 ndcg@10: 0.0683 ndcg@20: 0.0814 ] 
2024-11-04 16:26:09,542 - Epoch  90 Validation set [recall@5: 0.0738 recall@10: 0.1097 recall@20: 0.1562 ] [ndcg@5: 0.0564 ndcg@10: 0.0689 ndcg@20: 0.0821 ] 
2024-11-04 16:26:16,364 - Epoch  93 Validation set [recall@5: 0.0731 recall@10: 0.1094 recall@20: 0.1576 ] [ndcg@5: 0.0565 ndcg@10: 0.0692 ndcg@20: 0.0828 ] 
2024-11-04 16:26:23,126 - Epoch  96 Validation set [recall@5: 0.0746 recall@10: 0.1106 recall@20: 0.1588 ] [ndcg@5: 0.0573 ndcg@10: 0.0700 ndcg@20: 0.0835 ] 
2024-11-04 16:26:30,010 - Epoch  99 Validation set [recall@5: 0.0756 recall@10: 0.1123 recall@20: 0.1594 ] [ndcg@5: 0.0576 ndcg@10: 0.0704 ndcg@20: 0.0838 ] 
2024-11-04 16:26:36,730 - Epoch 102 Validation set [recall@5: 0.0760 recall@10: 0.1129 recall@20: 0.1597 ] [ndcg@5: 0.0582 ndcg@10: 0.0711 ndcg@20: 0.0844 ] 
2024-11-04 16:26:43,423 - Epoch 105 Validation set [recall@5: 0.0764 recall@10: 0.1142 recall@20: 0.1604 ] [ndcg@5: 0.0584 ndcg@10: 0.0717 ndcg@20: 0.0847 ] 
2024-11-04 16:26:50,095 - Epoch 108 Validation set [recall@5: 0.0781 recall@10: 0.1143 recall@20: 0.1610 ] [ndcg@5: 0.0591 ndcg@10: 0.0718 ndcg@20: 0.0849 ] 
2024-11-04 16:26:56,464 - Epoch 111 Validation set [recall@5: 0.0774 recall@10: 0.1153 recall@20: 0.1621 ] [ndcg@5: 0.0588 ndcg@10: 0.0720 ndcg@20: 0.0852 ] 
2024-11-04 16:27:03,329 - Epoch 114 Validation set [recall@5: 0.0789 recall@10: 0.1143 recall@20: 0.1634 ] [ndcg@5: 0.0597 ndcg@10: 0.0722 ndcg@20: 0.0861 ] 
2024-11-04 16:27:10,105 - Epoch 117 Validation set [recall@5: 0.0788 recall@10: 0.1157 recall@20: 0.1644 ] [ndcg@5: 0.0601 ndcg@10: 0.0730 ndcg@20: 0.0867 ] 
2024-11-04 16:27:16,992 - Epoch 120 Validation set [recall@5: 0.0780 recall@10: 0.1157 recall@20: 0.1641 ] [ndcg@5: 0.0598 ndcg@10: 0.0731 ndcg@20: 0.0868 ] 
2024-11-04 16:27:23,750 - Epoch 123 Validation set [recall@5: 0.0789 recall@10: 0.1161 recall@20: 0.1649 ] [ndcg@5: 0.0603 ndcg@10: 0.0733 ndcg@20: 0.0871 ] 
2024-11-04 16:27:30,413 - Epoch 126 Validation set [recall@5: 0.0794 recall@10: 0.1153 recall@20: 0.1653 ] [ndcg@5: 0.0605 ndcg@10: 0.0732 ndcg@20: 0.0873 ] 
2024-11-04 16:27:37,242 - Epoch 129 Validation set [recall@5: 0.0793 recall@10: 0.1166 recall@20: 0.1650 ] [ndcg@5: 0.0606 ndcg@10: 0.0738 ndcg@20: 0.0875 ] 
2024-11-04 16:27:43,925 - Epoch 132 Validation set [recall@5: 0.0802 recall@10: 0.1177 recall@20: 0.1662 ] [ndcg@5: 0.0610 ndcg@10: 0.0742 ndcg@20: 0.0878 ] 
2024-11-04 16:27:50,653 - Epoch 135 Validation set [recall@5: 0.0802 recall@10: 0.1178 recall@20: 0.1660 ] [ndcg@5: 0.0612 ndcg@10: 0.0744 ndcg@20: 0.0880 ] 
2024-11-04 16:27:57,420 - Epoch 138 Validation set [recall@5: 0.0812 recall@10: 0.1188 recall@20: 0.1660 ] [ndcg@5: 0.0619 ndcg@10: 0.0750 ndcg@20: 0.0883 ] 
2024-11-04 16:28:04,288 - Epoch 141 Validation set [recall@5: 0.0826 recall@10: 0.1190 recall@20: 0.1671 ] [ndcg@5: 0.0626 ndcg@10: 0.0754 ndcg@20: 0.0889 ] 
2024-11-04 16:28:10,844 - Epoch 144 Validation set [recall@5: 0.0826 recall@10: 0.1194 recall@20: 0.1672 ] [ndcg@5: 0.0626 ndcg@10: 0.0754 ndcg@20: 0.0889 ] 
2024-11-04 16:28:17,544 - Epoch 147 Validation set [recall@5: 0.0830 recall@10: 0.1191 recall@20: 0.1676 ] [ndcg@5: 0.0629 ndcg@10: 0.0755 ndcg@20: 0.0892 ] 
2024-11-04 16:28:24,110 - Epoch 150 Validation set [recall@5: 0.0829 recall@10: 0.1195 recall@20: 0.1661 ] [ndcg@5: 0.0632 ndcg@10: 0.0760 ndcg@20: 0.0892 ] 
2024-11-04 16:28:30,915 - Epoch 153 Validation set [recall@5: 0.0838 recall@10: 0.1195 recall@20: 0.1684 ] [ndcg@5: 0.0634 ndcg@10: 0.0760 ndcg@20: 0.0897 ] 
2024-11-04 16:28:37,481 - Epoch 156 Validation set [recall@5: 0.0838 recall@10: 0.1192 recall@20: 0.1675 ] [ndcg@5: 0.0635 ndcg@10: 0.0759 ndcg@20: 0.0896 ] 
2024-11-04 16:28:44,145 - Epoch 159 Validation set [recall@5: 0.0844 recall@10: 0.1196 recall@20: 0.1673 ] [ndcg@5: 0.0640 ndcg@10: 0.0763 ndcg@20: 0.0898 ] 
2024-11-04 16:28:50,775 - Epoch 162 Validation set [recall@5: 0.0847 recall@10: 0.1200 recall@20: 0.1681 ] [ndcg@5: 0.0643 ndcg@10: 0.0767 ndcg@20: 0.0902 ] 
2024-11-04 16:28:57,477 - Epoch 165 Validation set [recall@5: 0.0839 recall@10: 0.1203 recall@20: 0.1686 ] [ndcg@5: 0.0641 ndcg@10: 0.0769 ndcg@20: 0.0905 ] 
2024-11-04 16:29:04,181 - Epoch 168 Validation set [recall@5: 0.0845 recall@10: 0.1203 recall@20: 0.1687 ] [ndcg@5: 0.0644 ndcg@10: 0.0769 ndcg@20: 0.0906 ] 
2024-11-04 16:29:10,796 - Epoch 171 Validation set [recall@5: 0.0843 recall@10: 0.1205 recall@20: 0.1686 ] [ndcg@5: 0.0644 ndcg@10: 0.0770 ndcg@20: 0.0905 ] 
2024-11-04 16:29:17,482 - Epoch 174 Validation set [recall@5: 0.0843 recall@10: 0.1206 recall@20: 0.1694 ] [ndcg@5: 0.0643 ndcg@10: 0.0770 ndcg@20: 0.0907 ] 
2024-11-04 16:29:24,185 - Epoch 177 Validation set [recall@5: 0.0843 recall@10: 0.1203 recall@20: 0.1688 ] [ndcg@5: 0.0643 ndcg@10: 0.0770 ndcg@20: 0.0906 ] 
2024-11-04 16:29:30,920 - Epoch 180 Validation set [recall@5: 0.0848 recall@10: 0.1212 recall@20: 0.1704 ] [ndcg@5: 0.0644 ndcg@10: 0.0772 ndcg@20: 0.0910 ] 
2024-11-04 16:29:37,441 - Epoch 183 Validation set [recall@5: 0.0851 recall@10: 0.1213 recall@20: 0.1696 ] [ndcg@5: 0.0643 ndcg@10: 0.0770 ndcg@20: 0.0905 ] 
2024-11-04 16:29:44,178 - Epoch 186 Validation set [recall@5: 0.0855 recall@10: 0.1226 recall@20: 0.1687 ] [ndcg@5: 0.0643 ndcg@10: 0.0773 ndcg@20: 0.0903 ] 
2024-11-04 16:29:50,985 - Epoch 189 Validation set [recall@5: 0.0850 recall@10: 0.1230 recall@20: 0.1685 ] [ndcg@5: 0.0644 ndcg@10: 0.0778 ndcg@20: 0.0906 ] 
2024-11-04 16:29:57,801 - Epoch 192 Validation set [recall@5: 0.0851 recall@10: 0.1230 recall@20: 0.1694 ] [ndcg@5: 0.0646 ndcg@10: 0.0779 ndcg@20: 0.0910 ] 
2024-11-04 16:30:04,462 - Epoch 195 Validation set [recall@5: 0.0849 recall@10: 0.1232 recall@20: 0.1702 ] [ndcg@5: 0.0647 ndcg@10: 0.0781 ndcg@20: 0.0913 ] 
2024-11-04 16:30:05,500 - [recall@5: 0.0848 recall@10: 0.1212 recall@20: 0.1704 ] [ndcg@5: 0.0644 ndcg@10: 0.0772 ndcg@20: 0.0910 ] 
2024-11-04 16:30:06,589 - [recall@5: 0.0887 recall@10: 0.1255 recall@20: 0.1733 ] [ndcg@5: 0.0679 ndcg@10: 0.0807 ndcg@20: 0.0941 ] 
2024-11-04 16:30:06,591 - Best Epoch 180. Final test result: {'recall': array([0.08869861, 0.12551361, 0.17325794]), 'ndcg': array([0.0678561 , 0.08070195, 0.09410221])}.
