2024-11-03 00:14:25,022 - {'optimizer': {'name': 'adam', 'lr': 0.001, 'weight_decay': 0}, 'train': {'epoch': 3000, 'batch_size': 4096, 'save_model': False, 'loss': 'pairwise', 'test_step': 3, 'reproducible': True, 'seed': 2024, 'patience': 5}, 'test': {'metrics': ['recall', 'ndcg'], 'k': [5, 10, 20], 'batch_size': 1024}, 'data': {'type': 'general_cf', 'name': 'movies', 'user_num': 16994, 'item_num': 9370}, 'model': {'name': 'gccf_plus', 'keep_rate': 0.8, 'embedding_size': 32, 'layer_num': 2, 'reg_weight': 1e-06, 'kd_weight': 0.01, 'kd_temperature': 0.5, 'steam': {'easyrec-roberta-large': {'layer_num': 3, 'reg_weight': 1e-06, 'kd_weight': 0.001, 'kd_temperature': 0.1}}}}
2024-11-03 00:14:25,543 - Hyper Parameters: {'name': 'gccf_plus', 'keep_rate': 0.8, 'embedding_size': 32, 'layer_num': 2, 'reg_weight': 1e-06, 'kd_weight': 0.01, 'kd_temperature': 0.5, 'steam': {'easyrec-roberta-large': {'layer_num': 3, 'reg_weight': 1e-06, 'kd_weight': 0.001, 'kd_temperature': 0.1}}}
2024-11-03 00:14:29,058 - Epoch   0 Validation set [recall@5: 0.0215 recall@10: 0.0331 recall@20: 0.0474 ] [ndcg@5: 0.0161 ndcg@10: 0.0202 ndcg@20: 0.0242 ] 
2024-11-03 00:14:36,127 - Epoch   3 Validation set [recall@5: 0.0406 recall@10: 0.0571 recall@20: 0.0864 ] [ndcg@5: 0.0318 ndcg@10: 0.0377 ndcg@20: 0.0458 ] 
2024-11-03 00:14:43,100 - Epoch   6 Validation set [recall@5: 0.0457 recall@10: 0.0677 recall@20: 0.0986 ] [ndcg@5: 0.0355 ndcg@10: 0.0432 ndcg@20: 0.0517 ] 
2024-11-03 00:14:50,095 - Epoch   9 Validation set [recall@5: 0.0478 recall@10: 0.0700 recall@20: 0.1009 ] [ndcg@5: 0.0361 ndcg@10: 0.0439 ndcg@20: 0.0526 ] 
2024-11-03 00:14:57,385 - Epoch  12 Validation set [recall@5: 0.0475 recall@10: 0.0713 recall@20: 0.1025 ] [ndcg@5: 0.0358 ndcg@10: 0.0442 ndcg@20: 0.0531 ] 
2024-11-03 00:15:04,341 - Epoch  15 Validation set [recall@5: 0.0470 recall@10: 0.0716 recall@20: 0.1067 ] [ndcg@5: 0.0359 ndcg@10: 0.0445 ndcg@20: 0.0544 ] 
2024-11-03 00:15:11,350 - Epoch  18 Validation set [recall@5: 0.0471 recall@10: 0.0738 recall@20: 0.1095 ] [ndcg@5: 0.0357 ndcg@10: 0.0451 ndcg@20: 0.0550 ] 
2024-11-03 00:15:18,297 - Epoch  21 Validation set [recall@5: 0.0469 recall@10: 0.0739 recall@20: 0.1125 ] [ndcg@5: 0.0357 ndcg@10: 0.0452 ndcg@20: 0.0560 ] 
2024-11-03 00:15:25,341 - Epoch  24 Validation set [recall@5: 0.0471 recall@10: 0.0740 recall@20: 0.1153 ] [ndcg@5: 0.0358 ndcg@10: 0.0452 ndcg@20: 0.0567 ] 
2024-11-03 00:15:32,298 - Epoch  27 Validation set [recall@5: 0.0475 recall@10: 0.0748 recall@20: 0.1163 ] [ndcg@5: 0.0358 ndcg@10: 0.0454 ndcg@20: 0.0569 ] 
2024-11-03 00:15:39,448 - Epoch  30 Validation set [recall@5: 0.0474 recall@10: 0.0772 recall@20: 0.1174 ] [ndcg@5: 0.0360 ndcg@10: 0.0465 ndcg@20: 0.0577 ] 
2024-11-03 00:15:46,431 - Epoch  33 Validation set [recall@5: 0.0485 recall@10: 0.0776 recall@20: 0.1181 ] [ndcg@5: 0.0363 ndcg@10: 0.0465 ndcg@20: 0.0578 ] 
2024-11-03 00:15:53,389 - Epoch  36 Validation set [recall@5: 0.0485 recall@10: 0.0787 recall@20: 0.1194 ] [ndcg@5: 0.0363 ndcg@10: 0.0470 ndcg@20: 0.0583 ] 
2024-11-03 00:16:00,578 - Epoch  39 Validation set [recall@5: 0.0490 recall@10: 0.0789 recall@20: 0.1209 ] [ndcg@5: 0.0368 ndcg@10: 0.0473 ndcg@20: 0.0591 ] 
2024-11-03 00:16:07,633 - Epoch  42 Validation set [recall@5: 0.0500 recall@10: 0.0799 recall@20: 0.1235 ] [ndcg@5: 0.0376 ndcg@10: 0.0481 ndcg@20: 0.0603 ] 
2024-11-03 00:16:14,573 - Epoch  45 Validation set [recall@5: 0.0511 recall@10: 0.0813 recall@20: 0.1245 ] [ndcg@5: 0.0383 ndcg@10: 0.0488 ndcg@20: 0.0609 ] 
2024-11-03 00:16:21,611 - Epoch  48 Validation set [recall@5: 0.0509 recall@10: 0.0820 recall@20: 0.1255 ] [ndcg@5: 0.0382 ndcg@10: 0.0491 ndcg@20: 0.0613 ] 
2024-11-03 00:16:28,554 - Epoch  51 Validation set [recall@5: 0.0517 recall@10: 0.0820 recall@20: 0.1283 ] [ndcg@5: 0.0387 ndcg@10: 0.0494 ndcg@20: 0.0623 ] 
2024-11-03 00:16:35,659 - Epoch  54 Validation set [recall@5: 0.0516 recall@10: 0.0843 recall@20: 0.1284 ] [ndcg@5: 0.0390 ndcg@10: 0.0504 ndcg@20: 0.0628 ] 
2024-11-03 00:16:42,664 - Epoch  57 Validation set [recall@5: 0.0527 recall@10: 0.0856 recall@20: 0.1288 ] [ndcg@5: 0.0397 ndcg@10: 0.0512 ndcg@20: 0.0633 ] 
2024-11-03 00:16:49,628 - Epoch  60 Validation set [recall@5: 0.0525 recall@10: 0.0853 recall@20: 0.1296 ] [ndcg@5: 0.0398 ndcg@10: 0.0512 ndcg@20: 0.0636 ] 
2024-11-03 00:16:56,669 - Epoch  63 Validation set [recall@5: 0.0536 recall@10: 0.0859 recall@20: 0.1304 ] [ndcg@5: 0.0401 ndcg@10: 0.0513 ndcg@20: 0.0638 ] 
2024-11-03 00:17:03,921 - Epoch  66 Validation set [recall@5: 0.0547 recall@10: 0.0867 recall@20: 0.1315 ] [ndcg@5: 0.0408 ndcg@10: 0.0520 ndcg@20: 0.0645 ] 
2024-11-03 00:17:10,882 - Epoch  69 Validation set [recall@5: 0.0551 recall@10: 0.0870 recall@20: 0.1323 ] [ndcg@5: 0.0411 ndcg@10: 0.0523 ndcg@20: 0.0649 ] 
2024-11-03 00:17:18,259 - Epoch  72 Validation set [recall@5: 0.0555 recall@10: 0.0889 recall@20: 0.1338 ] [ndcg@5: 0.0413 ndcg@10: 0.0530 ndcg@20: 0.0655 ] 
2024-11-03 00:17:25,391 - Epoch  75 Validation set [recall@5: 0.0563 recall@10: 0.0890 recall@20: 0.1345 ] [ndcg@5: 0.0418 ndcg@10: 0.0534 ndcg@20: 0.0661 ] 
2024-11-03 00:17:32,503 - Epoch  78 Validation set [recall@5: 0.0561 recall@10: 0.0904 recall@20: 0.1357 ] [ndcg@5: 0.0421 ndcg@10: 0.0541 ndcg@20: 0.0668 ] 
2024-11-03 00:17:39,850 - Epoch  81 Validation set [recall@5: 0.0572 recall@10: 0.0901 recall@20: 0.1364 ] [ndcg@5: 0.0425 ndcg@10: 0.0541 ndcg@20: 0.0671 ] 
2024-11-03 00:17:46,928 - Epoch  84 Validation set [recall@5: 0.0581 recall@10: 0.0911 recall@20: 0.1366 ] [ndcg@5: 0.0432 ndcg@10: 0.0548 ndcg@20: 0.0675 ] 
2024-11-03 00:17:54,329 - Epoch  87 Validation set [recall@5: 0.0587 recall@10: 0.0911 recall@20: 0.1367 ] [ndcg@5: 0.0435 ndcg@10: 0.0549 ndcg@20: 0.0677 ] 
2024-11-03 00:18:01,591 - Epoch  90 Validation set [recall@5: 0.0588 recall@10: 0.0914 recall@20: 0.1363 ] [ndcg@5: 0.0435 ndcg@10: 0.0549 ndcg@20: 0.0675 ] 
2024-11-03 00:18:08,689 - Epoch  93 Validation set [recall@5: 0.0585 recall@10: 0.0922 recall@20: 0.1373 ] [ndcg@5: 0.0436 ndcg@10: 0.0554 ndcg@20: 0.0681 ] 
2024-11-03 00:18:16,009 - Epoch  96 Validation set [recall@5: 0.0591 recall@10: 0.0933 recall@20: 0.1382 ] [ndcg@5: 0.0439 ndcg@10: 0.0559 ndcg@20: 0.0685 ] 
2024-11-03 00:18:23,350 - Epoch  99 Validation set [recall@5: 0.0593 recall@10: 0.0937 recall@20: 0.1390 ] [ndcg@5: 0.0441 ndcg@10: 0.0561 ndcg@20: 0.0688 ] 
2024-11-03 00:18:30,484 - Epoch 102 Validation set [recall@5: 0.0607 recall@10: 0.0943 recall@20: 0.1393 ] [ndcg@5: 0.0454 ndcg@10: 0.0571 ndcg@20: 0.0698 ] 
2024-11-03 00:18:37,808 - Epoch 105 Validation set [recall@5: 0.0612 recall@10: 0.0949 recall@20: 0.1395 ] [ndcg@5: 0.0456 ndcg@10: 0.0573 ndcg@20: 0.0699 ] 
2024-11-03 00:18:44,902 - Epoch 108 Validation set [recall@5: 0.0609 recall@10: 0.0961 recall@20: 0.1412 ] [ndcg@5: 0.0454 ndcg@10: 0.0577 ndcg@20: 0.0704 ] 
2024-11-03 00:18:52,255 - Epoch 111 Validation set [recall@5: 0.0616 recall@10: 0.0966 recall@20: 0.1420 ] [ndcg@5: 0.0459 ndcg@10: 0.0580 ndcg@20: 0.0708 ] 
2024-11-03 00:18:59,328 - Epoch 114 Validation set [recall@5: 0.0619 recall@10: 0.0969 recall@20: 0.1423 ] [ndcg@5: 0.0463 ndcg@10: 0.0585 ndcg@20: 0.0713 ] 
2024-11-03 00:19:06,413 - Epoch 117 Validation set [recall@5: 0.0618 recall@10: 0.0972 recall@20: 0.1436 ] [ndcg@5: 0.0461 ndcg@10: 0.0586 ndcg@20: 0.0715 ] 
2024-11-03 00:19:13,392 - Epoch 120 Validation set [recall@5: 0.0623 recall@10: 0.0995 recall@20: 0.1434 ] [ndcg@5: 0.0466 ndcg@10: 0.0596 ndcg@20: 0.0719 ] 
2024-11-03 00:19:20,693 - Epoch 123 Validation set [recall@5: 0.0626 recall@10: 0.0992 recall@20: 0.1440 ] [ndcg@5: 0.0470 ndcg@10: 0.0598 ndcg@20: 0.0724 ] 
2024-11-03 00:19:27,910 - Epoch 126 Validation set [recall@5: 0.0626 recall@10: 0.0993 recall@20: 0.1457 ] [ndcg@5: 0.0469 ndcg@10: 0.0597 ndcg@20: 0.0727 ] 
2024-11-03 00:19:35,164 - Epoch 129 Validation set [recall@5: 0.0633 recall@10: 0.0992 recall@20: 0.1463 ] [ndcg@5: 0.0472 ndcg@10: 0.0599 ndcg@20: 0.0730 ] 
2024-11-03 00:19:42,498 - Epoch 132 Validation set [recall@5: 0.0633 recall@10: 0.0997 recall@20: 0.1457 ] [ndcg@5: 0.0472 ndcg@10: 0.0600 ndcg@20: 0.0729 ] 
2024-11-03 00:19:49,538 - Epoch 135 Validation set [recall@5: 0.0643 recall@10: 0.0999 recall@20: 0.1463 ] [ndcg@5: 0.0478 ndcg@10: 0.0602 ndcg@20: 0.0732 ] 
2024-11-03 00:19:57,121 - Epoch 138 Validation set [recall@5: 0.0647 recall@10: 0.0996 recall@20: 0.1467 ] [ndcg@5: 0.0480 ndcg@10: 0.0602 ndcg@20: 0.0735 ] 
2024-11-03 00:20:04,213 - Epoch 141 Validation set [recall@5: 0.0652 recall@10: 0.1003 recall@20: 0.1468 ] [ndcg@5: 0.0486 ndcg@10: 0.0609 ndcg@20: 0.0740 ] 
2024-11-03 00:20:11,626 - Epoch 144 Validation set [recall@5: 0.0642 recall@10: 0.1008 recall@20: 0.1473 ] [ndcg@5: 0.0483 ndcg@10: 0.0611 ndcg@20: 0.0742 ] 
2024-11-03 00:20:18,720 - Epoch 147 Validation set [recall@5: 0.0651 recall@10: 0.1006 recall@20: 0.1476 ] [ndcg@5: 0.0490 ndcg@10: 0.0615 ndcg@20: 0.0748 ] 
2024-11-03 00:20:25,661 - Epoch 150 Validation set [recall@5: 0.0655 recall@10: 0.1000 recall@20: 0.1487 ] [ndcg@5: 0.0491 ndcg@10: 0.0612 ndcg@20: 0.0749 ] 
2024-11-03 00:20:32,672 - Epoch 153 Validation set [recall@5: 0.0658 recall@10: 0.1013 recall@20: 0.1483 ] [ndcg@5: 0.0493 ndcg@10: 0.0618 ndcg@20: 0.0750 ] 
2024-11-03 00:20:40,070 - Epoch 156 Validation set [recall@5: 0.0667 recall@10: 0.1019 recall@20: 0.1490 ] [ndcg@5: 0.0497 ndcg@10: 0.0622 ndcg@20: 0.0754 ] 
2024-11-03 00:20:47,082 - Epoch 159 Validation set [recall@5: 0.0667 recall@10: 0.1024 recall@20: 0.1473 ] [ndcg@5: 0.0501 ndcg@10: 0.0626 ndcg@20: 0.0754 ] 
2024-11-03 00:20:54,155 - Epoch 162 Validation set [recall@5: 0.0670 recall@10: 0.1024 recall@20: 0.1490 ] [ndcg@5: 0.0500 ndcg@10: 0.0624 ndcg@20: 0.0755 ] 
2024-11-03 00:21:01,167 - Epoch 165 Validation set [recall@5: 0.0678 recall@10: 0.1022 recall@20: 0.1495 ] [ndcg@5: 0.0507 ndcg@10: 0.0629 ndcg@20: 0.0762 ] 
2024-11-03 00:21:08,352 - Epoch 168 Validation set [recall@5: 0.0682 recall@10: 0.1025 recall@20: 0.1500 ] [ndcg@5: 0.0511 ndcg@10: 0.0632 ndcg@20: 0.0766 ] 
2024-11-03 00:21:15,649 - Epoch 171 Validation set [recall@5: 0.0681 recall@10: 0.1030 recall@20: 0.1506 ] [ndcg@5: 0.0512 ndcg@10: 0.0635 ndcg@20: 0.0770 ] 
2024-11-03 00:21:22,760 - Epoch 174 Validation set [recall@5: 0.0687 recall@10: 0.1035 recall@20: 0.1498 ] [ndcg@5: 0.0518 ndcg@10: 0.0640 ndcg@20: 0.0771 ] 
2024-11-03 00:21:29,770 - Epoch 177 Validation set [recall@5: 0.0685 recall@10: 0.1028 recall@20: 0.1511 ] [ndcg@5: 0.0517 ndcg@10: 0.0638 ndcg@20: 0.0774 ] 
2024-11-03 00:21:36,830 - Epoch 180 Validation set [recall@5: 0.0692 recall@10: 0.1031 recall@20: 0.1517 ] [ndcg@5: 0.0520 ndcg@10: 0.0640 ndcg@20: 0.0777 ] 
2024-11-03 00:21:43,866 - Epoch 183 Validation set [recall@5: 0.0699 recall@10: 0.1027 recall@20: 0.1513 ] [ndcg@5: 0.0521 ndcg@10: 0.0637 ndcg@20: 0.0774 ] 
2024-11-03 00:21:50,843 - Epoch 186 Validation set [recall@5: 0.0686 recall@10: 0.1038 recall@20: 0.1515 ] [ndcg@5: 0.0516 ndcg@10: 0.0640 ndcg@20: 0.0774 ] 
2024-11-03 00:21:57,890 - Epoch 189 Validation set [recall@5: 0.0696 recall@10: 0.1056 recall@20: 0.1514 ] [ndcg@5: 0.0520 ndcg@10: 0.0646 ndcg@20: 0.0774 ] 
2024-11-03 00:22:05,029 - Epoch 192 Validation set [recall@5: 0.0693 recall@10: 0.1058 recall@20: 0.1515 ] [ndcg@5: 0.0523 ndcg@10: 0.0651 ndcg@20: 0.0779 ] 
2024-11-03 00:22:11,993 - Epoch 195 Validation set [recall@5: 0.0697 recall@10: 0.1055 recall@20: 0.1525 ] [ndcg@5: 0.0520 ndcg@10: 0.0646 ndcg@20: 0.0777 ] 
2024-11-03 00:22:18,989 - Epoch 198 Validation set [recall@5: 0.0700 recall@10: 0.1061 recall@20: 0.1531 ] [ndcg@5: 0.0520 ndcg@10: 0.0647 ndcg@20: 0.0778 ] 
2024-11-03 00:22:26,037 - Epoch 201 Validation set [recall@5: 0.0700 recall@10: 0.1058 recall@20: 0.1530 ] [ndcg@5: 0.0525 ndcg@10: 0.0650 ndcg@20: 0.0782 ] 
2024-11-03 00:22:33,107 - Epoch 204 Validation set [recall@5: 0.0701 recall@10: 0.1048 recall@20: 0.1534 ] [ndcg@5: 0.0525 ndcg@10: 0.0647 ndcg@20: 0.0783 ] 
2024-11-03 00:22:40,137 - Epoch 207 Validation set [recall@5: 0.0702 recall@10: 0.1054 recall@20: 0.1545 ] [ndcg@5: 0.0525 ndcg@10: 0.0649 ndcg@20: 0.0786 ] 
2024-11-03 00:22:47,110 - Epoch 210 Validation set [recall@5: 0.0704 recall@10: 0.1053 recall@20: 0.1542 ] [ndcg@5: 0.0530 ndcg@10: 0.0653 ndcg@20: 0.0790 ] 
2024-11-03 00:22:54,149 - Epoch 213 Validation set [recall@5: 0.0714 recall@10: 0.1060 recall@20: 0.1549 ] [ndcg@5: 0.0532 ndcg@10: 0.0654 ndcg@20: 0.0790 ] 
2024-11-03 00:23:01,221 - Epoch 216 Validation set [recall@5: 0.0706 recall@10: 0.1061 recall@20: 0.1549 ] [ndcg@5: 0.0530 ndcg@10: 0.0655 ndcg@20: 0.0792 ] 
2024-11-03 00:23:08,302 - Epoch 219 Validation set [recall@5: 0.0712 recall@10: 0.1072 recall@20: 0.1557 ] [ndcg@5: 0.0536 ndcg@10: 0.0663 ndcg@20: 0.0798 ] 
2024-11-03 00:23:15,341 - Epoch 222 Validation set [recall@5: 0.0716 recall@10: 0.1072 recall@20: 0.1540 ] [ndcg@5: 0.0540 ndcg@10: 0.0666 ndcg@20: 0.0798 ] 
2024-11-03 00:23:22,329 - Epoch 225 Validation set [recall@5: 0.0714 recall@10: 0.1063 recall@20: 0.1545 ] [ndcg@5: 0.0540 ndcg@10: 0.0664 ndcg@20: 0.0800 ] 
2024-11-03 00:23:29,365 - Epoch 228 Validation set [recall@5: 0.0720 recall@10: 0.1067 recall@20: 0.1551 ] [ndcg@5: 0.0545 ndcg@10: 0.0668 ndcg@20: 0.0804 ] 
2024-11-03 00:23:36,459 - Epoch 231 Validation set [recall@5: 0.0719 recall@10: 0.1068 recall@20: 0.1559 ] [ndcg@5: 0.0544 ndcg@10: 0.0668 ndcg@20: 0.0805 ] 
2024-11-03 00:23:43,518 - Epoch 234 Validation set [recall@5: 0.0715 recall@10: 0.1077 recall@20: 0.1561 ] [ndcg@5: 0.0543 ndcg@10: 0.0671 ndcg@20: 0.0807 ] 
2024-11-03 00:23:50,567 - Epoch 237 Validation set [recall@5: 0.0717 recall@10: 0.1082 recall@20: 0.1555 ] [ndcg@5: 0.0540 ndcg@10: 0.0669 ndcg@20: 0.0801 ] 
2024-11-03 00:23:57,516 - Epoch 240 Validation set [recall@5: 0.0720 recall@10: 0.1086 recall@20: 0.1558 ] [ndcg@5: 0.0542 ndcg@10: 0.0670 ndcg@20: 0.0803 ] 
2024-11-03 00:24:04,586 - Epoch 243 Validation set [recall@5: 0.0722 recall@10: 0.1088 recall@20: 0.1557 ] [ndcg@5: 0.0538 ndcg@10: 0.0667 ndcg@20: 0.0799 ] 
2024-11-03 00:24:11,894 - Epoch 246 Validation set [recall@5: 0.0730 recall@10: 0.1096 recall@20: 0.1560 ] [ndcg@5: 0.0543 ndcg@10: 0.0673 ndcg@20: 0.0803 ] 
2024-11-03 00:24:18,988 - Epoch 249 Validation set [recall@5: 0.0732 recall@10: 0.1097 recall@20: 0.1566 ] [ndcg@5: 0.0544 ndcg@10: 0.0672 ndcg@20: 0.0804 ] 
2024-11-03 00:24:26,259 - Epoch 252 Validation set [recall@5: 0.0725 recall@10: 0.1083 recall@20: 0.1563 ] [ndcg@5: 0.0540 ndcg@10: 0.0667 ndcg@20: 0.0802 ] 
2024-11-03 00:24:33,253 - Epoch 255 Validation set [recall@5: 0.0723 recall@10: 0.1098 recall@20: 0.1577 ] [ndcg@5: 0.0542 ndcg@10: 0.0673 ndcg@20: 0.0807 ] 
2024-11-03 00:24:40,649 - Epoch 258 Validation set [recall@5: 0.0728 recall@10: 0.1103 recall@20: 0.1574 ] [ndcg@5: 0.0546 ndcg@10: 0.0678 ndcg@20: 0.0810 ] 
2024-11-03 00:24:47,610 - Epoch 261 Validation set [recall@5: 0.0735 recall@10: 0.1105 recall@20: 0.1563 ] [ndcg@5: 0.0549 ndcg@10: 0.0679 ndcg@20: 0.0808 ] 
2024-11-03 00:24:54,663 - Epoch 264 Validation set [recall@5: 0.0729 recall@10: 0.1106 recall@20: 0.1581 ] [ndcg@5: 0.0546 ndcg@10: 0.0678 ndcg@20: 0.0812 ] 
2024-11-03 00:25:01,739 - Epoch 267 Validation set [recall@5: 0.0726 recall@10: 0.1107 recall@20: 0.1591 ] [ndcg@5: 0.0545 ndcg@10: 0.0679 ndcg@20: 0.0815 ] 
2024-11-03 00:25:08,761 - Epoch 270 Validation set [recall@5: 0.0728 recall@10: 0.1104 recall@20: 0.1585 ] [ndcg@5: 0.0547 ndcg@10: 0.0679 ndcg@20: 0.0815 ] 
2024-11-03 00:25:16,071 - Epoch 273 Validation set [recall@5: 0.0727 recall@10: 0.1110 recall@20: 0.1584 ] [ndcg@5: 0.0549 ndcg@10: 0.0685 ndcg@20: 0.0818 ] 
2024-11-03 00:25:23,274 - Epoch 276 Validation set [recall@5: 0.0720 recall@10: 0.1110 recall@20: 0.1582 ] [ndcg@5: 0.0545 ndcg@10: 0.0683 ndcg@20: 0.0816 ] 
2024-11-03 00:25:30,284 - Epoch 279 Validation set [recall@5: 0.0728 recall@10: 0.1110 recall@20: 0.1592 ] [ndcg@5: 0.0554 ndcg@10: 0.0688 ndcg@20: 0.0824 ] 
2024-11-03 00:25:37,661 - Epoch 282 Validation set [recall@5: 0.0730 recall@10: 0.1113 recall@20: 0.1600 ] [ndcg@5: 0.0552 ndcg@10: 0.0687 ndcg@20: 0.0823 ] 
2024-11-03 00:25:44,636 - Epoch 285 Validation set [recall@5: 0.0732 recall@10: 0.1112 recall@20: 0.1605 ] [ndcg@5: 0.0549 ndcg@10: 0.0683 ndcg@20: 0.0822 ] 
2024-11-03 00:25:51,661 - Epoch 288 Validation set [recall@5: 0.0732 recall@10: 0.1117 recall@20: 0.1592 ] [ndcg@5: 0.0550 ndcg@10: 0.0684 ndcg@20: 0.0819 ] 
2024-11-03 00:25:58,716 - Epoch 291 Validation set [recall@5: 0.0731 recall@10: 0.1119 recall@20: 0.1596 ] [ndcg@5: 0.0549 ndcg@10: 0.0686 ndcg@20: 0.0820 ] 
2024-11-03 00:26:05,682 - Epoch 294 Validation set [recall@5: 0.0736 recall@10: 0.1118 recall@20: 0.1600 ] [ndcg@5: 0.0552 ndcg@10: 0.0687 ndcg@20: 0.0822 ] 
2024-11-03 00:26:12,744 - Epoch 297 Validation set [recall@5: 0.0728 recall@10: 0.1111 recall@20: 0.1596 ] [ndcg@5: 0.0549 ndcg@10: 0.0684 ndcg@20: 0.0821 ] 
2024-11-03 00:26:19,689 - Epoch 300 Validation set [recall@5: 0.0723 recall@10: 0.1120 recall@20: 0.1591 ] [ndcg@5: 0.0549 ndcg@10: 0.0689 ndcg@20: 0.0822 ] 
2024-11-03 00:26:20,704 - [recall@5: 0.0732 recall@10: 0.1112 recall@20: 0.1605 ] [ndcg@5: 0.0549 ndcg@10: 0.0683 ndcg@20: 0.0822 ] 
2024-11-03 00:26:21,705 - [recall@5: 0.0731 recall@10: 0.1083 recall@20: 0.1586 ] [ndcg@5: 0.0556 ndcg@10: 0.0678 ndcg@20: 0.0818 ] 
2024-11-03 00:26:21,706 - Best Epoch 285. Final test result: {'recall': array([0.07305447, 0.10833324, 0.15855294]), 'ndcg': array([0.05556085, 0.06779711, 0.08176324])}.
