2024-11-02 22:51:05,548 - {'optimizer': {'name': 'adam', 'lr': 0.001, 'weight_decay': 0}, 'train': {'epoch': 3000, 'batch_size': 4096, 'save_model': False, 'loss': 'pairwise', 'test_step': 3, 'reproducible': True, 'seed': 2024, 'patience': 5}, 'test': {'metrics': ['recall', 'ndcg'], 'k': [5, 10, 20], 'batch_size': 1024}, 'data': {'type': 'general_cf', 'name': 'movies', 'user_num': 16994, 'item_num': 9370}, 'model': {'name': 'gccf', 'keep_rate': 0.8, 'embedding_size': 32, 'layer_num': 3, 'reg_weight': 1e-06, 'steam': {'layer_num': 2, 'reg_weight': 1e-06}}}
2024-11-02 22:51:06,062 - Hyper Parameters: {'name': 'gccf', 'keep_rate': 0.8, 'embedding_size': 32, 'layer_num': 3, 'reg_weight': 1e-06, 'steam': {'layer_num': 2, 'reg_weight': 1e-06}}
2024-11-02 22:51:08,937 - Epoch   0 Validation set [recall@5: 0.0305 recall@10: 0.0408 recall@20: 0.0589 ] [ndcg@5: 0.0250 ndcg@10: 0.0286 ndcg@20: 0.0336 ] 
2024-11-02 22:51:13,128 - Epoch   3 Validation set [recall@5: 0.0204 recall@10: 0.0323 recall@20: 0.0527 ] [ndcg@5: 0.0163 ndcg@10: 0.0204 ndcg@20: 0.0261 ] 
2024-11-02 22:51:17,156 - Epoch   6 Validation set [recall@5: 0.0224 recall@10: 0.0355 recall@20: 0.0584 ] [ndcg@5: 0.0185 ndcg@10: 0.0230 ndcg@20: 0.0293 ] 
2024-11-02 22:51:21,581 - Epoch   9 Validation set [recall@5: 0.0249 recall@10: 0.0403 recall@20: 0.0662 ] [ndcg@5: 0.0203 ndcg@10: 0.0256 ndcg@20: 0.0328 ] 
2024-11-02 22:51:26,481 - Epoch  12 Validation set [recall@5: 0.0286 recall@10: 0.0444 recall@20: 0.0746 ] [ndcg@5: 0.0229 ndcg@10: 0.0283 ndcg@20: 0.0367 ] 
2024-11-02 22:51:30,683 - Epoch  15 Validation set [recall@5: 0.0302 recall@10: 0.0495 recall@20: 0.0806 ] [ndcg@5: 0.0244 ndcg@10: 0.0310 ndcg@20: 0.0397 ] 
2024-11-02 22:51:35,174 - Epoch  18 Validation set [recall@5: 0.0323 recall@10: 0.0527 recall@20: 0.0862 ] [ndcg@5: 0.0260 ndcg@10: 0.0331 ndcg@20: 0.0424 ] 
2024-11-02 22:51:39,275 - Epoch  21 Validation set [recall@5: 0.0348 recall@10: 0.0548 recall@20: 0.0890 ] [ndcg@5: 0.0282 ndcg@10: 0.0351 ndcg@20: 0.0447 ] 
2024-11-02 22:51:43,687 - Epoch  24 Validation set [recall@5: 0.0369 recall@10: 0.0594 recall@20: 0.0938 ] [ndcg@5: 0.0297 ndcg@10: 0.0375 ndcg@20: 0.0471 ] 
2024-11-02 22:51:47,928 - Epoch  27 Validation set [recall@5: 0.0381 recall@10: 0.0628 recall@20: 0.0984 ] [ndcg@5: 0.0306 ndcg@10: 0.0392 ndcg@20: 0.0492 ] 
2024-11-02 22:51:52,240 - Epoch  30 Validation set [recall@5: 0.0402 recall@10: 0.0662 recall@20: 0.1032 ] [ndcg@5: 0.0321 ndcg@10: 0.0411 ndcg@20: 0.0514 ] 
2024-11-02 22:51:56,771 - Epoch  33 Validation set [recall@5: 0.0431 recall@10: 0.0692 recall@20: 0.1056 ] [ndcg@5: 0.0337 ndcg@10: 0.0428 ndcg@20: 0.0530 ] 
2024-11-02 22:52:01,017 - Epoch  36 Validation set [recall@5: 0.0442 recall@10: 0.0711 recall@20: 0.1089 ] [ndcg@5: 0.0351 ndcg@10: 0.0444 ndcg@20: 0.0550 ] 
2024-11-02 22:52:05,392 - Epoch  39 Validation set [recall@5: 0.0457 recall@10: 0.0741 recall@20: 0.1116 ] [ndcg@5: 0.0360 ndcg@10: 0.0457 ndcg@20: 0.0563 ] 
2024-11-02 22:52:09,597 - Epoch  42 Validation set [recall@5: 0.0470 recall@10: 0.0767 recall@20: 0.1149 ] [ndcg@5: 0.0370 ndcg@10: 0.0473 ndcg@20: 0.0580 ] 
2024-11-02 22:52:13,931 - Epoch  45 Validation set [recall@5: 0.0477 recall@10: 0.0783 recall@20: 0.1174 ] [ndcg@5: 0.0377 ndcg@10: 0.0483 ndcg@20: 0.0593 ] 
2024-11-02 22:52:18,635 - Epoch  48 Validation set [recall@5: 0.0494 recall@10: 0.0798 recall@20: 0.1190 ] [ndcg@5: 0.0391 ndcg@10: 0.0496 ndcg@20: 0.0606 ] 
2024-11-02 22:52:23,001 - Epoch  51 Validation set [recall@5: 0.0508 recall@10: 0.0809 recall@20: 0.1208 ] [ndcg@5: 0.0399 ndcg@10: 0.0505 ndcg@20: 0.0617 ] 
2024-11-02 22:52:27,366 - Epoch  54 Validation set [recall@5: 0.0513 recall@10: 0.0818 recall@20: 0.1238 ] [ndcg@5: 0.0405 ndcg@10: 0.0512 ndcg@20: 0.0629 ] 
2024-11-02 22:52:31,808 - Epoch  57 Validation set [recall@5: 0.0525 recall@10: 0.0843 recall@20: 0.1251 ] [ndcg@5: 0.0413 ndcg@10: 0.0524 ndcg@20: 0.0638 ] 
2024-11-02 22:52:35,983 - Epoch  60 Validation set [recall@5: 0.0535 recall@10: 0.0855 recall@20: 0.1267 ] [ndcg@5: 0.0420 ndcg@10: 0.0531 ndcg@20: 0.0646 ] 
2024-11-02 22:52:40,710 - Epoch  63 Validation set [recall@5: 0.0539 recall@10: 0.0857 recall@20: 0.1275 ] [ndcg@5: 0.0423 ndcg@10: 0.0534 ndcg@20: 0.0651 ] 
2024-11-02 22:52:45,422 - Epoch  66 Validation set [recall@5: 0.0549 recall@10: 0.0874 recall@20: 0.1301 ] [ndcg@5: 0.0427 ndcg@10: 0.0541 ndcg@20: 0.0660 ] 
2024-11-02 22:52:49,898 - Epoch  69 Validation set [recall@5: 0.0558 recall@10: 0.0887 recall@20: 0.1297 ] [ndcg@5: 0.0436 ndcg@10: 0.0550 ndcg@20: 0.0665 ] 
2024-11-02 22:52:54,509 - Epoch  72 Validation set [recall@5: 0.0567 recall@10: 0.0892 recall@20: 0.1319 ] [ndcg@5: 0.0442 ndcg@10: 0.0556 ndcg@20: 0.0675 ] 
2024-11-02 22:52:58,878 - Epoch  75 Validation set [recall@5: 0.0579 recall@10: 0.0893 recall@20: 0.1331 ] [ndcg@5: 0.0450 ndcg@10: 0.0559 ndcg@20: 0.0682 ] 
2024-11-02 22:53:03,377 - Epoch  78 Validation set [recall@5: 0.0573 recall@10: 0.0902 recall@20: 0.1344 ] [ndcg@5: 0.0448 ndcg@10: 0.0563 ndcg@20: 0.0686 ] 
2024-11-02 22:53:07,796 - Epoch  81 Validation set [recall@5: 0.0588 recall@10: 0.0907 recall@20: 0.1347 ] [ndcg@5: 0.0454 ndcg@10: 0.0566 ndcg@20: 0.0689 ] 
2024-11-02 22:53:12,135 - Epoch  84 Validation set [recall@5: 0.0598 recall@10: 0.0913 recall@20: 0.1365 ] [ndcg@5: 0.0462 ndcg@10: 0.0572 ndcg@20: 0.0697 ] 
2024-11-02 22:53:16,510 - Epoch  87 Validation set [recall@5: 0.0602 recall@10: 0.0920 recall@20: 0.1368 ] [ndcg@5: 0.0462 ndcg@10: 0.0573 ndcg@20: 0.0698 ] 
2024-11-02 22:53:21,148 - Epoch  90 Validation set [recall@5: 0.0604 recall@10: 0.0921 recall@20: 0.1383 ] [ndcg@5: 0.0464 ndcg@10: 0.0575 ndcg@20: 0.0704 ] 
2024-11-02 22:53:25,651 - Epoch  93 Validation set [recall@5: 0.0605 recall@10: 0.0931 recall@20: 0.1389 ] [ndcg@5: 0.0465 ndcg@10: 0.0579 ndcg@20: 0.0706 ] 
2024-11-02 22:53:29,955 - Epoch  96 Validation set [recall@5: 0.0611 recall@10: 0.0934 recall@20: 0.1396 ] [ndcg@5: 0.0471 ndcg@10: 0.0583 ndcg@20: 0.0711 ] 
2024-11-02 22:53:34,122 - Epoch  99 Validation set [recall@5: 0.0622 recall@10: 0.0947 recall@20: 0.1406 ] [ndcg@5: 0.0476 ndcg@10: 0.0590 ndcg@20: 0.0717 ] 
2024-11-02 22:53:38,657 - Epoch 102 Validation set [recall@5: 0.0626 recall@10: 0.0957 recall@20: 0.1423 ] [ndcg@5: 0.0480 ndcg@10: 0.0595 ndcg@20: 0.0724 ] 
2024-11-02 22:53:43,351 - Epoch 105 Validation set [recall@5: 0.0630 recall@10: 0.0962 recall@20: 0.1424 ] [ndcg@5: 0.0486 ndcg@10: 0.0600 ndcg@20: 0.0729 ] 
2024-11-02 22:53:47,949 - Epoch 108 Validation set [recall@5: 0.0627 recall@10: 0.0958 recall@20: 0.1440 ] [ndcg@5: 0.0486 ndcg@10: 0.0601 ndcg@20: 0.0734 ] 
2024-11-02 22:53:52,447 - Epoch 111 Validation set [recall@5: 0.0633 recall@10: 0.0969 recall@20: 0.1440 ] [ndcg@5: 0.0489 ndcg@10: 0.0606 ndcg@20: 0.0737 ] 
2024-11-02 22:53:56,744 - Epoch 114 Validation set [recall@5: 0.0645 recall@10: 0.0975 recall@20: 0.1445 ] [ndcg@5: 0.0496 ndcg@10: 0.0611 ndcg@20: 0.0742 ] 
2024-11-02 22:54:00,984 - Epoch 117 Validation set [recall@5: 0.0644 recall@10: 0.0981 recall@20: 0.1449 ] [ndcg@5: 0.0498 ndcg@10: 0.0616 ndcg@20: 0.0746 ] 
2024-11-02 22:54:05,371 - Epoch 120 Validation set [recall@5: 0.0658 recall@10: 0.0991 recall@20: 0.1455 ] [ndcg@5: 0.0503 ndcg@10: 0.0619 ndcg@20: 0.0748 ] 
2024-11-02 22:54:09,523 - Epoch 123 Validation set [recall@5: 0.0664 recall@10: 0.0989 recall@20: 0.1461 ] [ndcg@5: 0.0507 ndcg@10: 0.0621 ndcg@20: 0.0752 ] 
2024-11-02 22:54:14,004 - Epoch 126 Validation set [recall@5: 0.0659 recall@10: 0.0991 recall@20: 0.1478 ] [ndcg@5: 0.0506 ndcg@10: 0.0621 ndcg@20: 0.0756 ] 
2024-11-02 22:54:18,274 - Epoch 129 Validation set [recall@5: 0.0669 recall@10: 0.0991 recall@20: 0.1458 ] [ndcg@5: 0.0512 ndcg@10: 0.0624 ndcg@20: 0.0754 ] 
2024-11-02 22:54:22,675 - Epoch 132 Validation set [recall@5: 0.0667 recall@10: 0.0994 recall@20: 0.1461 ] [ndcg@5: 0.0512 ndcg@10: 0.0626 ndcg@20: 0.0756 ] 
2024-11-02 22:54:27,189 - Epoch 135 Validation set [recall@5: 0.0666 recall@10: 0.1005 recall@20: 0.1463 ] [ndcg@5: 0.0515 ndcg@10: 0.0633 ndcg@20: 0.0760 ] 
2024-11-02 22:54:31,431 - Epoch 138 Validation set [recall@5: 0.0670 recall@10: 0.1005 recall@20: 0.1465 ] [ndcg@5: 0.0514 ndcg@10: 0.0631 ndcg@20: 0.0759 ] 
2024-11-02 22:54:35,747 - Epoch 141 Validation set [recall@5: 0.0682 recall@10: 0.1004 recall@20: 0.1476 ] [ndcg@5: 0.0523 ndcg@10: 0.0635 ndcg@20: 0.0766 ] 
2024-11-02 22:54:36,744 - [recall@5: 0.0659 recall@10: 0.0991 recall@20: 0.1478 ] [ndcg@5: 0.0506 ndcg@10: 0.0621 ndcg@20: 0.0756 ] 
2024-11-02 22:54:37,785 - [recall@5: 0.0692 recall@10: 0.0991 recall@20: 0.1438 ] [ndcg@5: 0.0530 ndcg@10: 0.0637 ndcg@20: 0.0762 ] 
2024-11-02 22:54:37,786 - Best Epoch 126. Final test result: {'recall': array([0.06915984, 0.09905967, 0.14381532]), 'ndcg': array([0.05300355, 0.06366338, 0.07615895])}.
