2024-11-03 00:48:30,824 - {'optimizer': {'name': 'adam', 'lr': 0.001, 'weight_decay': 0}, 'train': {'epoch': 3000, 'batch_size': 4096, 'save_model': False, 'loss': 'pairwise', 'test_step': 3, 'reproducible': True, 'seed': 2024, 'patience': 5}, 'test': {'metrics': ['recall', 'ndcg'], 'k': [5, 10, 20], 'batch_size': 1024}, 'data': {'type': 'general_cf', 'name': 'movies', 'user_num': 16994, 'item_num': 9370}, 'model': {'name': 'lightgcn_plus', 'keep_rate': 0.8, 'embedding_size': 32, 'layer_num': 3, 'reg_weight': 1e-08, 'kd_weight': 0.001, 'kd_temperature': 0.1, 'steam': {'easyrec-roberta-large': {'layer_num': 3, 'reg_weight': 1e-08, 'kd_weight': 0.01, 'kd_temperature': 0.5}}}}
2024-11-03 00:48:31,357 - Hyper Parameters: {'name': 'lightgcn_plus', 'keep_rate': 0.8, 'embedding_size': 32, 'layer_num': 3, 'reg_weight': 1e-08, 'kd_weight': 0.001, 'kd_temperature': 0.1, 'steam': {'easyrec-roberta-large': {'layer_num': 3, 'reg_weight': 1e-08, 'kd_weight': 0.01, 'kd_temperature': 0.5}}}
2024-11-03 00:48:34,684 - Epoch   0 Validation set [recall@5: 0.0428 recall@10: 0.0625 recall@20: 0.0905 ] [ndcg@5: 0.0326 ndcg@10: 0.0395 ndcg@20: 0.0473 ] 
2024-11-03 00:48:40,915 - Epoch   3 Validation set [recall@5: 0.0308 recall@10: 0.0482 recall@20: 0.0742 ] [ndcg@5: 0.0240 ndcg@10: 0.0302 ndcg@20: 0.0373 ] 
2024-11-03 00:48:47,180 - Epoch   6 Validation set [recall@5: 0.0338 recall@10: 0.0530 recall@20: 0.0832 ] [ndcg@5: 0.0265 ndcg@10: 0.0332 ndcg@20: 0.0416 ] 
2024-11-03 00:48:53,350 - Epoch   9 Validation set [recall@5: 0.0370 recall@10: 0.0589 recall@20: 0.0927 ] [ndcg@5: 0.0287 ndcg@10: 0.0364 ndcg@20: 0.0459 ] 
2024-11-03 00:48:59,628 - Epoch  12 Validation set [recall@5: 0.0396 recall@10: 0.0632 recall@20: 0.0992 ] [ndcg@5: 0.0307 ndcg@10: 0.0390 ndcg@20: 0.0491 ] 
2024-11-03 00:49:05,681 - Epoch  15 Validation set [recall@5: 0.0419 recall@10: 0.0672 recall@20: 0.1055 ] [ndcg@5: 0.0323 ndcg@10: 0.0412 ndcg@20: 0.0518 ] 
2024-11-03 00:49:11,850 - Epoch  18 Validation set [recall@5: 0.0430 recall@10: 0.0695 recall@20: 0.1091 ] [ndcg@5: 0.0333 ndcg@10: 0.0427 ndcg@20: 0.0537 ] 
2024-11-03 00:49:17,885 - Epoch  21 Validation set [recall@5: 0.0458 recall@10: 0.0726 recall@20: 0.1111 ] [ndcg@5: 0.0352 ndcg@10: 0.0447 ndcg@20: 0.0555 ] 
2024-11-03 00:49:24,169 - Epoch  24 Validation set [recall@5: 0.0482 recall@10: 0.0761 recall@20: 0.1137 ] [ndcg@5: 0.0367 ndcg@10: 0.0466 ndcg@20: 0.0570 ] 
2024-11-03 00:49:30,566 - Epoch  27 Validation set [recall@5: 0.0502 recall@10: 0.0782 recall@20: 0.1178 ] [ndcg@5: 0.0381 ndcg@10: 0.0480 ndcg@20: 0.0590 ] 
2024-11-03 00:49:36,813 - Epoch  30 Validation set [recall@5: 0.0516 recall@10: 0.0803 recall@20: 0.1211 ] [ndcg@5: 0.0393 ndcg@10: 0.0495 ndcg@20: 0.0608 ] 
2024-11-03 00:49:43,105 - Epoch  33 Validation set [recall@5: 0.0535 recall@10: 0.0820 recall@20: 0.1247 ] [ndcg@5: 0.0405 ndcg@10: 0.0505 ndcg@20: 0.0624 ] 
2024-11-03 00:49:49,398 - Epoch  36 Validation set [recall@5: 0.0551 recall@10: 0.0860 recall@20: 0.1284 ] [ndcg@5: 0.0419 ndcg@10: 0.0527 ndcg@20: 0.0644 ] 
2024-11-03 00:49:55,659 - Epoch  39 Validation set [recall@5: 0.0558 recall@10: 0.0877 recall@20: 0.1312 ] [ndcg@5: 0.0429 ndcg@10: 0.0540 ndcg@20: 0.0661 ] 
2024-11-03 00:50:01,981 - Epoch  42 Validation set [recall@5: 0.0574 recall@10: 0.0905 recall@20: 0.1328 ] [ndcg@5: 0.0439 ndcg@10: 0.0555 ndcg@20: 0.0673 ] 
2024-11-03 00:50:08,155 - Epoch  45 Validation set [recall@5: 0.0596 recall@10: 0.0912 recall@20: 0.1343 ] [ndcg@5: 0.0454 ndcg@10: 0.0565 ndcg@20: 0.0686 ] 
2024-11-03 00:50:14,341 - Epoch  48 Validation set [recall@5: 0.0614 recall@10: 0.0927 recall@20: 0.1375 ] [ndcg@5: 0.0465 ndcg@10: 0.0576 ndcg@20: 0.0701 ] 
2024-11-03 00:50:20,692 - Epoch  51 Validation set [recall@5: 0.0620 recall@10: 0.0946 recall@20: 0.1388 ] [ndcg@5: 0.0470 ndcg@10: 0.0585 ndcg@20: 0.0708 ] 
2024-11-03 00:50:26,984 - Epoch  54 Validation set [recall@5: 0.0625 recall@10: 0.0955 recall@20: 0.1408 ] [ndcg@5: 0.0476 ndcg@10: 0.0594 ndcg@20: 0.0721 ] 
2024-11-03 00:50:33,261 - Epoch  57 Validation set [recall@5: 0.0636 recall@10: 0.0966 recall@20: 0.1426 ] [ndcg@5: 0.0487 ndcg@10: 0.0604 ndcg@20: 0.0732 ] 
2024-11-03 00:50:39,463 - Epoch  60 Validation set [recall@5: 0.0659 recall@10: 0.0984 recall@20: 0.1433 ] [ndcg@5: 0.0500 ndcg@10: 0.0615 ndcg@20: 0.0740 ] 
2024-11-03 00:50:45,761 - Epoch  63 Validation set [recall@5: 0.0670 recall@10: 0.0991 recall@20: 0.1448 ] [ndcg@5: 0.0510 ndcg@10: 0.0623 ndcg@20: 0.0751 ] 
2024-11-03 00:50:52,080 - Epoch  66 Validation set [recall@5: 0.0679 recall@10: 0.1011 recall@20: 0.1456 ] [ndcg@5: 0.0517 ndcg@10: 0.0634 ndcg@20: 0.0759 ] 
2024-11-03 00:50:58,200 - Epoch  69 Validation set [recall@5: 0.0684 recall@10: 0.1016 recall@20: 0.1474 ] [ndcg@5: 0.0521 ndcg@10: 0.0639 ndcg@20: 0.0767 ] 
2024-11-03 00:51:04,381 - Epoch  72 Validation set [recall@5: 0.0678 recall@10: 0.1029 recall@20: 0.1479 ] [ndcg@5: 0.0520 ndcg@10: 0.0644 ndcg@20: 0.0770 ] 
2024-11-03 00:51:10,814 - Epoch  75 Validation set [recall@5: 0.0695 recall@10: 0.1046 recall@20: 0.1490 ] [ndcg@5: 0.0532 ndcg@10: 0.0656 ndcg@20: 0.0780 ] 
2024-11-03 00:51:18,181 - Epoch  78 Validation set [recall@5: 0.0703 recall@10: 0.1055 recall@20: 0.1495 ] [ndcg@5: 0.0539 ndcg@10: 0.0663 ndcg@20: 0.0786 ] 
2024-11-03 00:51:26,441 - Epoch  81 Validation set [recall@5: 0.0710 recall@10: 0.1065 recall@20: 0.1507 ] [ndcg@5: 0.0543 ndcg@10: 0.0669 ndcg@20: 0.0793 ] 
2024-11-03 00:51:32,958 - Epoch  84 Validation set [recall@5: 0.0721 recall@10: 0.1075 recall@20: 0.1515 ] [ndcg@5: 0.0550 ndcg@10: 0.0674 ndcg@20: 0.0797 ] 
2024-11-03 00:51:39,469 - Epoch  87 Validation set [recall@5: 0.0725 recall@10: 0.1078 recall@20: 0.1520 ] [ndcg@5: 0.0556 ndcg@10: 0.0681 ndcg@20: 0.0804 ] 
2024-11-03 00:51:45,615 - Epoch  90 Validation set [recall@5: 0.0723 recall@10: 0.1094 recall@20: 0.1530 ] [ndcg@5: 0.0556 ndcg@10: 0.0687 ndcg@20: 0.0809 ] 
2024-11-03 00:51:51,932 - Epoch  93 Validation set [recall@5: 0.0727 recall@10: 0.1095 recall@20: 0.1549 ] [ndcg@5: 0.0566 ndcg@10: 0.0695 ndcg@20: 0.0822 ] 
2024-11-03 00:51:58,098 - Epoch  96 Validation set [recall@5: 0.0741 recall@10: 0.1107 recall@20: 0.1550 ] [ndcg@5: 0.0574 ndcg@10: 0.0702 ndcg@20: 0.0826 ] 
2024-11-03 00:52:04,222 - Epoch  99 Validation set [recall@5: 0.0737 recall@10: 0.1119 recall@20: 0.1558 ] [ndcg@5: 0.0576 ndcg@10: 0.0710 ndcg@20: 0.0833 ] 
2024-11-03 00:52:10,397 - Epoch 102 Validation set [recall@5: 0.0744 recall@10: 0.1122 recall@20: 0.1574 ] [ndcg@5: 0.0579 ndcg@10: 0.0712 ndcg@20: 0.0839 ] 
2024-11-03 00:52:16,695 - Epoch 105 Validation set [recall@5: 0.0743 recall@10: 0.1137 recall@20: 0.1571 ] [ndcg@5: 0.0580 ndcg@10: 0.0718 ndcg@20: 0.0840 ] 
2024-11-03 00:52:22,795 - Epoch 108 Validation set [recall@5: 0.0750 recall@10: 0.1135 recall@20: 0.1579 ] [ndcg@5: 0.0584 ndcg@10: 0.0720 ndcg@20: 0.0844 ] 
2024-11-03 00:52:28,960 - Epoch 111 Validation set [recall@5: 0.0756 recall@10: 0.1148 recall@20: 0.1583 ] [ndcg@5: 0.0587 ndcg@10: 0.0726 ndcg@20: 0.0848 ] 
2024-11-03 00:52:35,225 - Epoch 114 Validation set [recall@5: 0.0762 recall@10: 0.1159 recall@20: 0.1601 ] [ndcg@5: 0.0596 ndcg@10: 0.0737 ndcg@20: 0.0860 ] 
2024-11-03 00:52:41,423 - Epoch 117 Validation set [recall@5: 0.0772 recall@10: 0.1160 recall@20: 0.1606 ] [ndcg@5: 0.0605 ndcg@10: 0.0742 ndcg@20: 0.0868 ] 
2024-11-03 00:52:47,616 - Epoch 120 Validation set [recall@5: 0.0778 recall@10: 0.1163 recall@20: 0.1616 ] [ndcg@5: 0.0610 ndcg@10: 0.0745 ndcg@20: 0.0872 ] 
2024-11-03 00:52:53,677 - Epoch 123 Validation set [recall@5: 0.0779 recall@10: 0.1164 recall@20: 0.1626 ] [ndcg@5: 0.0609 ndcg@10: 0.0744 ndcg@20: 0.0874 ] 
2024-11-03 00:52:59,814 - Epoch 126 Validation set [recall@5: 0.0787 recall@10: 0.1185 recall@20: 0.1626 ] [ndcg@5: 0.0613 ndcg@10: 0.0753 ndcg@20: 0.0877 ] 
2024-11-03 00:53:06,145 - Epoch 129 Validation set [recall@5: 0.0792 recall@10: 0.1182 recall@20: 0.1630 ] [ndcg@5: 0.0616 ndcg@10: 0.0753 ndcg@20: 0.0878 ] 
2024-11-03 00:53:12,318 - Epoch 132 Validation set [recall@5: 0.0796 recall@10: 0.1185 recall@20: 0.1640 ] [ndcg@5: 0.0618 ndcg@10: 0.0754 ndcg@20: 0.0882 ] 
2024-11-03 00:53:18,514 - Epoch 135 Validation set [recall@5: 0.0809 recall@10: 0.1187 recall@20: 0.1651 ] [ndcg@5: 0.0626 ndcg@10: 0.0759 ndcg@20: 0.0889 ] 
2024-11-03 00:53:24,832 - Epoch 138 Validation set [recall@5: 0.0815 recall@10: 0.1190 recall@20: 0.1647 ] [ndcg@5: 0.0629 ndcg@10: 0.0761 ndcg@20: 0.0889 ] 
2024-11-03 00:53:31,082 - Epoch 141 Validation set [recall@5: 0.0827 recall@10: 0.1192 recall@20: 0.1668 ] [ndcg@5: 0.0641 ndcg@10: 0.0768 ndcg@20: 0.0902 ] 
2024-11-03 00:53:37,435 - Epoch 144 Validation set [recall@5: 0.0832 recall@10: 0.1198 recall@20: 0.1674 ] [ndcg@5: 0.0645 ndcg@10: 0.0773 ndcg@20: 0.0907 ] 
2024-11-03 00:53:43,675 - Epoch 147 Validation set [recall@5: 0.0832 recall@10: 0.1196 recall@20: 0.1683 ] [ndcg@5: 0.0646 ndcg@10: 0.0774 ndcg@20: 0.0911 ] 
2024-11-03 00:53:49,886 - Epoch 150 Validation set [recall@5: 0.0836 recall@10: 0.1205 recall@20: 0.1682 ] [ndcg@5: 0.0648 ndcg@10: 0.0777 ndcg@20: 0.0910 ] 
2024-11-03 00:53:55,907 - Epoch 153 Validation set [recall@5: 0.0829 recall@10: 0.1214 recall@20: 0.1685 ] [ndcg@5: 0.0647 ndcg@10: 0.0782 ndcg@20: 0.0914 ] 
2024-11-03 00:54:02,110 - Epoch 156 Validation set [recall@5: 0.0848 recall@10: 0.1219 recall@20: 0.1678 ] [ndcg@5: 0.0655 ndcg@10: 0.0784 ndcg@20: 0.0913 ] 
2024-11-03 00:54:08,287 - Epoch 159 Validation set [recall@5: 0.0849 recall@10: 0.1218 recall@20: 0.1677 ] [ndcg@5: 0.0657 ndcg@10: 0.0785 ndcg@20: 0.0913 ] 
2024-11-03 00:54:14,461 - Epoch 162 Validation set [recall@5: 0.0850 recall@10: 0.1222 recall@20: 0.1681 ] [ndcg@5: 0.0657 ndcg@10: 0.0787 ndcg@20: 0.0916 ] 
2024-11-03 00:54:20,685 - Epoch 165 Validation set [recall@5: 0.0855 recall@10: 0.1217 recall@20: 0.1688 ] [ndcg@5: 0.0658 ndcg@10: 0.0785 ndcg@20: 0.0916 ] 
2024-11-03 00:54:26,754 - Epoch 168 Validation set [recall@5: 0.0855 recall@10: 0.1213 recall@20: 0.1685 ] [ndcg@5: 0.0662 ndcg@10: 0.0788 ndcg@20: 0.0920 ] 
2024-11-03 00:54:32,901 - Epoch 171 Validation set [recall@5: 0.0846 recall@10: 0.1210 recall@20: 0.1704 ] [ndcg@5: 0.0658 ndcg@10: 0.0786 ndcg@20: 0.0923 ] 
2024-11-03 00:54:39,010 - Epoch 174 Validation set [recall@5: 0.0843 recall@10: 0.1213 recall@20: 0.1701 ] [ndcg@5: 0.0656 ndcg@10: 0.0786 ndcg@20: 0.0922 ] 
2024-11-03 00:54:45,129 - Epoch 177 Validation set [recall@5: 0.0854 recall@10: 0.1213 recall@20: 0.1700 ] [ndcg@5: 0.0661 ndcg@10: 0.0787 ndcg@20: 0.0923 ] 
2024-11-03 00:54:51,165 - Epoch 180 Validation set [recall@5: 0.0854 recall@10: 0.1222 recall@20: 0.1697 ] [ndcg@5: 0.0660 ndcg@10: 0.0789 ndcg@20: 0.0922 ] 
2024-11-03 00:54:57,472 - Epoch 183 Validation set [recall@5: 0.0859 recall@10: 0.1213 recall@20: 0.1695 ] [ndcg@5: 0.0661 ndcg@10: 0.0785 ndcg@20: 0.0920 ] 
2024-11-03 00:55:03,606 - Epoch 186 Validation set [recall@5: 0.0855 recall@10: 0.1221 recall@20: 0.1700 ] [ndcg@5: 0.0663 ndcg@10: 0.0791 ndcg@20: 0.0924 ] 
2024-11-03 00:55:04,660 - [recall@5: 0.0846 recall@10: 0.1210 recall@20: 0.1704 ] [ndcg@5: 0.0658 ndcg@10: 0.0786 ndcg@20: 0.0923 ] 
2024-11-03 00:55:05,777 - [recall@5: 0.0858 recall@10: 0.1203 recall@20: 0.1701 ] [ndcg@5: 0.0670 ndcg@10: 0.0790 ndcg@20: 0.0929 ] 
2024-11-03 00:55:05,778 - Best Epoch 171. Final test result: {'recall': array([0.08575265, 0.12034863, 0.17010074]), 'ndcg': array([0.06697067, 0.07902537, 0.09286123])}.
