2024-11-02 23:45:31,249 - {'optimizer': {'name': 'adam', 'lr': 0.001, 'weight_decay': 0}, 'train': {'epoch': 3000, 'batch_size': 4096, 'save_model': False, 'loss': 'pairwise', 'test_step': 3, 'reproducible': True, 'seed': 2024, 'patience': 5}, 'test': {'metrics': ['recall', 'ndcg'], 'k': [5, 10, 20], 'batch_size': 1024}, 'data': {'type': 'general_cf', 'name': 'movies', 'user_num': 16994, 'item_num': 9370}, 'model': {'name': 'gccf_plus', 'keep_rate': 0.8, 'embedding_size': 32, 'layer_num': 2, 'reg_weight': 1e-06, 'kd_weight': 0.01, 'kd_temperature': 0.5, 'steam': {'easyrec-roberta-large': {'layer_num': 3, 'reg_weight': 1e-06, 'kd_weight': 0.001, 'kd_temperature': 0.1}}}}
2024-11-02 23:45:31,812 - Hyper Parameters: {'name': 'gccf_plus', 'keep_rate': 0.8, 'embedding_size': 32, 'layer_num': 2, 'reg_weight': 1e-06, 'kd_weight': 0.01, 'kd_temperature': 0.5, 'steam': {'easyrec-roberta-large': {'layer_num': 3, 'reg_weight': 1e-06, 'kd_weight': 0.001, 'kd_temperature': 0.1}}}
2024-11-02 23:45:35,311 - Epoch   0 Validation set [recall@5: 0.0023 recall@10: 0.0040 recall@20: 0.0066 ] [ndcg@5: 0.0016 ndcg@10: 0.0022 ndcg@20: 0.0029 ] 
2024-11-02 23:45:42,012 - Epoch   3 Validation set [recall@5: 0.0094 recall@10: 0.0148 recall@20: 0.0220 ] [ndcg@5: 0.0072 ndcg@10: 0.0092 ndcg@20: 0.0112 ] 
2024-11-02 23:45:48,671 - Epoch   6 Validation set [recall@5: 0.0201 recall@10: 0.0296 recall@20: 0.0444 ] [ndcg@5: 0.0162 ndcg@10: 0.0196 ndcg@20: 0.0237 ] 
2024-11-02 23:45:55,364 - Epoch   9 Validation set [recall@5: 0.0376 recall@10: 0.0535 recall@20: 0.0732 ] [ndcg@5: 0.0318 ndcg@10: 0.0373 ndcg@20: 0.0428 ] 
2024-11-02 23:46:02,058 - Epoch  12 Validation set [recall@5: 0.0433 recall@10: 0.0614 recall@20: 0.0859 ] [ndcg@5: 0.0341 ndcg@10: 0.0405 ndcg@20: 0.0474 ] 
2024-11-02 23:46:08,679 - Epoch  15 Validation set [recall@5: 0.0444 recall@10: 0.0650 recall@20: 0.0884 ] [ndcg@5: 0.0337 ndcg@10: 0.0410 ndcg@20: 0.0476 ] 
2024-11-02 23:46:15,379 - Epoch  18 Validation set [recall@5: 0.0456 recall@10: 0.0659 recall@20: 0.0910 ] [ndcg@5: 0.0340 ndcg@10: 0.0412 ndcg@20: 0.0483 ] 
2024-11-02 23:46:22,049 - Epoch  21 Validation set [recall@5: 0.0464 recall@10: 0.0681 recall@20: 0.0954 ] [ndcg@5: 0.0349 ndcg@10: 0.0426 ndcg@20: 0.0501 ] 
2024-11-02 23:46:28,757 - Epoch  24 Validation set [recall@5: 0.0464 recall@10: 0.0680 recall@20: 0.0981 ] [ndcg@5: 0.0355 ndcg@10: 0.0431 ndcg@20: 0.0515 ] 
2024-11-02 23:46:35,428 - Epoch  27 Validation set [recall@5: 0.0455 recall@10: 0.0699 recall@20: 0.1008 ] [ndcg@5: 0.0350 ndcg@10: 0.0435 ndcg@20: 0.0521 ] 
2024-11-02 23:46:42,130 - Epoch  30 Validation set [recall@5: 0.0458 recall@10: 0.0701 recall@20: 0.1031 ] [ndcg@5: 0.0353 ndcg@10: 0.0439 ndcg@20: 0.0531 ] 
2024-11-02 23:46:48,804 - Epoch  33 Validation set [recall@5: 0.0482 recall@10: 0.0706 recall@20: 0.1046 ] [ndcg@5: 0.0365 ndcg@10: 0.0443 ndcg@20: 0.0538 ] 
2024-11-02 23:46:55,432 - Epoch  36 Validation set [recall@5: 0.0479 recall@10: 0.0718 recall@20: 0.1063 ] [ndcg@5: 0.0364 ndcg@10: 0.0448 ndcg@20: 0.0544 ] 
2024-11-02 23:47:02,166 - Epoch  39 Validation set [recall@5: 0.0482 recall@10: 0.0732 recall@20: 0.1094 ] [ndcg@5: 0.0366 ndcg@10: 0.0454 ndcg@20: 0.0554 ] 
2024-11-02 23:47:08,888 - Epoch  42 Validation set [recall@5: 0.0485 recall@10: 0.0734 recall@20: 0.1119 ] [ndcg@5: 0.0371 ndcg@10: 0.0459 ndcg@20: 0.0566 ] 
2024-11-02 23:47:15,508 - Epoch  45 Validation set [recall@5: 0.0496 recall@10: 0.0755 recall@20: 0.1135 ] [ndcg@5: 0.0376 ndcg@10: 0.0467 ndcg@20: 0.0573 ] 
2024-11-02 23:47:22,195 - Epoch  48 Validation set [recall@5: 0.0504 recall@10: 0.0768 recall@20: 0.1151 ] [ndcg@5: 0.0384 ndcg@10: 0.0476 ndcg@20: 0.0583 ] 
2024-11-02 23:47:28,808 - Epoch  51 Validation set [recall@5: 0.0519 recall@10: 0.0784 recall@20: 0.1167 ] [ndcg@5: 0.0393 ndcg@10: 0.0485 ndcg@20: 0.0592 ] 
2024-11-02 23:47:35,683 - Epoch  54 Validation set [recall@5: 0.0522 recall@10: 0.0798 recall@20: 0.1171 ] [ndcg@5: 0.0397 ndcg@10: 0.0493 ndcg@20: 0.0597 ] 
2024-11-02 23:47:42,410 - Epoch  57 Validation set [recall@5: 0.0524 recall@10: 0.0795 recall@20: 0.1173 ] [ndcg@5: 0.0400 ndcg@10: 0.0495 ndcg@20: 0.0601 ] 
2024-11-02 23:47:49,011 - Epoch  60 Validation set [recall@5: 0.0531 recall@10: 0.0808 recall@20: 0.1192 ] [ndcg@5: 0.0402 ndcg@10: 0.0499 ndcg@20: 0.0606 ] 
2024-11-02 23:47:55,706 - Epoch  63 Validation set [recall@5: 0.0540 recall@10: 0.0810 recall@20: 0.1188 ] [ndcg@5: 0.0406 ndcg@10: 0.0500 ndcg@20: 0.0606 ] 
2024-11-02 23:48:02,371 - Epoch  66 Validation set [recall@5: 0.0544 recall@10: 0.0814 recall@20: 0.1202 ] [ndcg@5: 0.0410 ndcg@10: 0.0504 ndcg@20: 0.0612 ] 
2024-11-02 23:48:08,985 - Epoch  69 Validation set [recall@5: 0.0550 recall@10: 0.0823 recall@20: 0.1213 ] [ndcg@5: 0.0414 ndcg@10: 0.0509 ndcg@20: 0.0617 ] 
2024-11-02 23:48:15,662 - Epoch  72 Validation set [recall@5: 0.0541 recall@10: 0.0833 recall@20: 0.1219 ] [ndcg@5: 0.0414 ndcg@10: 0.0517 ndcg@20: 0.0624 ] 
2024-11-02 23:48:22,293 - Epoch  75 Validation set [recall@5: 0.0556 recall@10: 0.0837 recall@20: 0.1227 ] [ndcg@5: 0.0421 ndcg@10: 0.0520 ndcg@20: 0.0628 ] 
2024-11-02 23:48:28,970 - Epoch  78 Validation set [recall@5: 0.0554 recall@10: 0.0843 recall@20: 0.1244 ] [ndcg@5: 0.0423 ndcg@10: 0.0524 ndcg@20: 0.0635 ] 
2024-11-02 23:48:35,794 - Epoch  81 Validation set [recall@5: 0.0556 recall@10: 0.0855 recall@20: 0.1258 ] [ndcg@5: 0.0423 ndcg@10: 0.0528 ndcg@20: 0.0640 ] 
2024-11-02 23:48:42,518 - Epoch  84 Validation set [recall@5: 0.0556 recall@10: 0.0853 recall@20: 0.1262 ] [ndcg@5: 0.0425 ndcg@10: 0.0530 ndcg@20: 0.0643 ] 
2024-11-02 23:48:49,195 - Epoch  87 Validation set [recall@5: 0.0564 recall@10: 0.0852 recall@20: 0.1260 ] [ndcg@5: 0.0431 ndcg@10: 0.0532 ndcg@20: 0.0645 ] 
2024-11-02 23:48:55,832 - Epoch  90 Validation set [recall@5: 0.0566 recall@10: 0.0854 recall@20: 0.1264 ] [ndcg@5: 0.0432 ndcg@10: 0.0534 ndcg@20: 0.0647 ] 
2024-11-02 23:49:02,523 - Epoch  93 Validation set [recall@5: 0.0570 recall@10: 0.0867 recall@20: 0.1268 ] [ndcg@5: 0.0434 ndcg@10: 0.0538 ndcg@20: 0.0648 ] 
2024-11-02 23:49:09,169 - Epoch  96 Validation set [recall@5: 0.0570 recall@10: 0.0868 recall@20: 0.1271 ] [ndcg@5: 0.0434 ndcg@10: 0.0539 ndcg@20: 0.0650 ] 
2024-11-02 23:49:15,854 - Epoch  99 Validation set [recall@5: 0.0567 recall@10: 0.0873 recall@20: 0.1279 ] [ndcg@5: 0.0436 ndcg@10: 0.0543 ndcg@20: 0.0655 ] 
2024-11-02 23:49:22,630 - Epoch 102 Validation set [recall@5: 0.0574 recall@10: 0.0891 recall@20: 0.1284 ] [ndcg@5: 0.0440 ndcg@10: 0.0550 ndcg@20: 0.0659 ] 
2024-11-02 23:49:29,805 - Epoch 105 Validation set [recall@5: 0.0580 recall@10: 0.0885 recall@20: 0.1297 ] [ndcg@5: 0.0444 ndcg@10: 0.0551 ndcg@20: 0.0665 ] 
2024-11-02 23:49:36,539 - Epoch 108 Validation set [recall@5: 0.0577 recall@10: 0.0893 recall@20: 0.1293 ] [ndcg@5: 0.0444 ndcg@10: 0.0554 ndcg@20: 0.0665 ] 
2024-11-02 23:49:43,225 - Epoch 111 Validation set [recall@5: 0.0578 recall@10: 0.0901 recall@20: 0.1300 ] [ndcg@5: 0.0446 ndcg@10: 0.0558 ndcg@20: 0.0668 ] 
2024-11-02 23:49:49,823 - Epoch 114 Validation set [recall@5: 0.0587 recall@10: 0.0895 recall@20: 0.1305 ] [ndcg@5: 0.0451 ndcg@10: 0.0558 ndcg@20: 0.0672 ] 
2024-11-02 23:49:56,504 - Epoch 117 Validation set [recall@5: 0.0587 recall@10: 0.0907 recall@20: 0.1309 ] [ndcg@5: 0.0451 ndcg@10: 0.0561 ndcg@20: 0.0674 ] 
2024-11-02 23:50:03,152 - Epoch 120 Validation set [recall@5: 0.0592 recall@10: 0.0912 recall@20: 0.1315 ] [ndcg@5: 0.0453 ndcg@10: 0.0563 ndcg@20: 0.0676 ] 
2024-11-02 23:50:09,841 - Epoch 123 Validation set [recall@5: 0.0600 recall@10: 0.0928 recall@20: 0.1316 ] [ndcg@5: 0.0457 ndcg@10: 0.0569 ndcg@20: 0.0678 ] 
2024-11-02 23:50:16,480 - Epoch 126 Validation set [recall@5: 0.0596 recall@10: 0.0929 recall@20: 0.1322 ] [ndcg@5: 0.0455 ndcg@10: 0.0570 ndcg@20: 0.0680 ] 
2024-11-02 23:50:23,182 - Epoch 129 Validation set [recall@5: 0.0601 recall@10: 0.0936 recall@20: 0.1325 ] [ndcg@5: 0.0457 ndcg@10: 0.0571 ndcg@20: 0.0680 ] 
2024-11-02 23:50:29,870 - Epoch 132 Validation set [recall@5: 0.0596 recall@10: 0.0926 recall@20: 0.1334 ] [ndcg@5: 0.0455 ndcg@10: 0.0569 ndcg@20: 0.0683 ] 
2024-11-02 23:50:36,769 - Epoch 135 Validation set [recall@5: 0.0602 recall@10: 0.0921 recall@20: 0.1335 ] [ndcg@5: 0.0457 ndcg@10: 0.0568 ndcg@20: 0.0683 ] 
2024-11-02 23:50:43,452 - Epoch 138 Validation set [recall@5: 0.0602 recall@10: 0.0918 recall@20: 0.1345 ] [ndcg@5: 0.0460 ndcg@10: 0.0569 ndcg@20: 0.0689 ] 
2024-11-02 23:50:50,051 - Epoch 141 Validation set [recall@5: 0.0610 recall@10: 0.0918 recall@20: 0.1353 ] [ndcg@5: 0.0465 ndcg@10: 0.0571 ndcg@20: 0.0693 ] 
2024-11-02 23:50:56,740 - Epoch 144 Validation set [recall@5: 0.0608 recall@10: 0.0920 recall@20: 0.1351 ] [ndcg@5: 0.0464 ndcg@10: 0.0572 ndcg@20: 0.0692 ] 
2024-11-02 23:51:03,410 - Epoch 147 Validation set [recall@5: 0.0605 recall@10: 0.0928 recall@20: 0.1351 ] [ndcg@5: 0.0463 ndcg@10: 0.0575 ndcg@20: 0.0693 ] 
2024-11-02 23:51:10,002 - Epoch 150 Validation set [recall@5: 0.0605 recall@10: 0.0929 recall@20: 0.1370 ] [ndcg@5: 0.0463 ndcg@10: 0.0575 ndcg@20: 0.0698 ] 
2024-11-02 23:51:16,675 - Epoch 153 Validation set [recall@5: 0.0605 recall@10: 0.0937 recall@20: 0.1368 ] [ndcg@5: 0.0463 ndcg@10: 0.0577 ndcg@20: 0.0697 ] 
2024-11-02 23:51:23,355 - Epoch 156 Validation set [recall@5: 0.0609 recall@10: 0.0939 recall@20: 0.1373 ] [ndcg@5: 0.0463 ndcg@10: 0.0577 ndcg@20: 0.0698 ] 
2024-11-02 23:51:29,968 - Epoch 159 Validation set [recall@5: 0.0614 recall@10: 0.0935 recall@20: 0.1375 ] [ndcg@5: 0.0467 ndcg@10: 0.0578 ndcg@20: 0.0701 ] 
2024-11-02 23:51:36,628 - Epoch 162 Validation set [recall@5: 0.0619 recall@10: 0.0931 recall@20: 0.1379 ] [ndcg@5: 0.0471 ndcg@10: 0.0578 ndcg@20: 0.0704 ] 
2024-11-02 23:51:43,233 - Epoch 165 Validation set [recall@5: 0.0621 recall@10: 0.0931 recall@20: 0.1378 ] [ndcg@5: 0.0472 ndcg@10: 0.0579 ndcg@20: 0.0704 ] 
2024-11-02 23:51:49,910 - Epoch 168 Validation set [recall@5: 0.0623 recall@10: 0.0945 recall@20: 0.1386 ] [ndcg@5: 0.0476 ndcg@10: 0.0587 ndcg@20: 0.0710 ] 
2024-11-02 23:51:56,547 - Epoch 171 Validation set [recall@5: 0.0628 recall@10: 0.0944 recall@20: 0.1392 ] [ndcg@5: 0.0476 ndcg@10: 0.0586 ndcg@20: 0.0711 ] 
2024-11-02 23:52:03,372 - Epoch 174 Validation set [recall@5: 0.0626 recall@10: 0.0951 recall@20: 0.1395 ] [ndcg@5: 0.0475 ndcg@10: 0.0588 ndcg@20: 0.0711 ] 
2024-11-02 23:52:10,170 - Epoch 177 Validation set [recall@5: 0.0629 recall@10: 0.0950 recall@20: 0.1402 ] [ndcg@5: 0.0477 ndcg@10: 0.0589 ndcg@20: 0.0715 ] 
2024-11-02 23:52:16,782 - Epoch 180 Validation set [recall@5: 0.0627 recall@10: 0.0950 recall@20: 0.1405 ] [ndcg@5: 0.0479 ndcg@10: 0.0591 ndcg@20: 0.0718 ] 
2024-11-02 23:52:23,462 - Epoch 183 Validation set [recall@5: 0.0631 recall@10: 0.0955 recall@20: 0.1407 ] [ndcg@5: 0.0479 ndcg@10: 0.0591 ndcg@20: 0.0717 ] 
2024-11-02 23:52:30,078 - Epoch 186 Validation set [recall@5: 0.0625 recall@10: 0.0962 recall@20: 0.1396 ] [ndcg@5: 0.0478 ndcg@10: 0.0595 ndcg@20: 0.0716 ] 
2024-11-02 23:52:36,752 - Epoch 189 Validation set [recall@5: 0.0639 recall@10: 0.0969 recall@20: 0.1401 ] [ndcg@5: 0.0485 ndcg@10: 0.0599 ndcg@20: 0.0720 ] 
2024-11-02 23:52:43,428 - Epoch 192 Validation set [recall@5: 0.0638 recall@10: 0.0971 recall@20: 0.1412 ] [ndcg@5: 0.0484 ndcg@10: 0.0601 ndcg@20: 0.0724 ] 
2024-11-02 23:52:50,043 - Epoch 195 Validation set [recall@5: 0.0641 recall@10: 0.0960 recall@20: 0.1417 ] [ndcg@5: 0.0486 ndcg@10: 0.0598 ndcg@20: 0.0726 ] 
2024-11-02 23:52:56,718 - Epoch 198 Validation set [recall@5: 0.0645 recall@10: 0.0958 recall@20: 0.1407 ] [ndcg@5: 0.0490 ndcg@10: 0.0599 ndcg@20: 0.0725 ] 
2024-11-02 23:53:03,452 - Epoch 201 Validation set [recall@5: 0.0645 recall@10: 0.0964 recall@20: 0.1426 ] [ndcg@5: 0.0490 ndcg@10: 0.0600 ndcg@20: 0.0729 ] 
2024-11-02 23:53:10,188 - Epoch 204 Validation set [recall@5: 0.0639 recall@10: 0.0968 recall@20: 0.1426 ] [ndcg@5: 0.0487 ndcg@10: 0.0601 ndcg@20: 0.0729 ] 
2024-11-02 23:53:16,974 - Epoch 207 Validation set [recall@5: 0.0648 recall@10: 0.0961 recall@20: 0.1424 ] [ndcg@5: 0.0491 ndcg@10: 0.0600 ndcg@20: 0.0730 ] 
2024-11-02 23:53:23,720 - Epoch 210 Validation set [recall@5: 0.0646 recall@10: 0.0972 recall@20: 0.1435 ] [ndcg@5: 0.0491 ndcg@10: 0.0604 ndcg@20: 0.0734 ] 
2024-11-02 23:53:30,489 - Epoch 213 Validation set [recall@5: 0.0648 recall@10: 0.0971 recall@20: 0.1437 ] [ndcg@5: 0.0490 ndcg@10: 0.0603 ndcg@20: 0.0733 ] 
2024-11-02 23:53:37,034 - Epoch 216 Validation set [recall@5: 0.0643 recall@10: 0.0982 recall@20: 0.1435 ] [ndcg@5: 0.0486 ndcg@10: 0.0604 ndcg@20: 0.0731 ] 
2024-11-02 23:53:43,598 - Epoch 219 Validation set [recall@5: 0.0650 recall@10: 0.0995 recall@20: 0.1431 ] [ndcg@5: 0.0490 ndcg@10: 0.0610 ndcg@20: 0.0731 ] 
2024-11-02 23:53:50,157 - Epoch 222 Validation set [recall@5: 0.0639 recall@10: 0.0992 recall@20: 0.1434 ] [ndcg@5: 0.0487 ndcg@10: 0.0610 ndcg@20: 0.0734 ] 
2024-11-02 23:53:56,652 - Epoch 225 Validation set [recall@5: 0.0654 recall@10: 0.0988 recall@20: 0.1437 ] [ndcg@5: 0.0493 ndcg@10: 0.0610 ndcg@20: 0.0736 ] 
2024-11-02 23:54:03,247 - Epoch 228 Validation set [recall@5: 0.0654 recall@10: 0.1002 recall@20: 0.1446 ] [ndcg@5: 0.0495 ndcg@10: 0.0616 ndcg@20: 0.0740 ] 
2024-11-02 23:54:09,859 - Epoch 231 Validation set [recall@5: 0.0655 recall@10: 0.1000 recall@20: 0.1449 ] [ndcg@5: 0.0494 ndcg@10: 0.0614 ndcg@20: 0.0740 ] 
2024-11-02 23:54:16,707 - Epoch 234 Validation set [recall@5: 0.0655 recall@10: 0.0989 recall@20: 0.1460 ] [ndcg@5: 0.0497 ndcg@10: 0.0614 ndcg@20: 0.0746 ] 
2024-11-02 23:54:23,285 - Epoch 237 Validation set [recall@5: 0.0663 recall@10: 0.0996 recall@20: 0.1453 ] [ndcg@5: 0.0500 ndcg@10: 0.0617 ndcg@20: 0.0745 ] 
2024-11-02 23:54:29,793 - Epoch 240 Validation set [recall@5: 0.0657 recall@10: 0.1010 recall@20: 0.1451 ] [ndcg@5: 0.0500 ndcg@10: 0.0622 ndcg@20: 0.0746 ] 
2024-11-02 23:54:36,342 - Epoch 243 Validation set [recall@5: 0.0659 recall@10: 0.1006 recall@20: 0.1444 ] [ndcg@5: 0.0499 ndcg@10: 0.0620 ndcg@20: 0.0743 ] 
2024-11-02 23:54:42,902 - Epoch 246 Validation set [recall@5: 0.0653 recall@10: 0.1012 recall@20: 0.1456 ] [ndcg@5: 0.0499 ndcg@10: 0.0624 ndcg@20: 0.0748 ] 
2024-11-02 23:54:49,410 - Epoch 249 Validation set [recall@5: 0.0653 recall@10: 0.1007 recall@20: 0.1459 ] [ndcg@5: 0.0497 ndcg@10: 0.0621 ndcg@20: 0.0747 ] 
2024-11-02 23:54:50,350 - [recall@5: 0.0655 recall@10: 0.0989 recall@20: 0.1460 ] [ndcg@5: 0.0497 ndcg@10: 0.0614 ndcg@20: 0.0746 ] 
2024-11-02 23:54:51,351 - [recall@5: 0.0675 recall@10: 0.0996 recall@20: 0.1430 ] [ndcg@5: 0.0508 ndcg@10: 0.0619 ndcg@20: 0.0741 ] 
2024-11-02 23:54:51,353 - Best Epoch 234. Final test result: {'recall': array([0.06754798, 0.09958228, 0.14303043]), 'ndcg': array([0.05076409, 0.06190929, 0.07410786])}.
