2024-11-02 23:05:27,868 - {'optimizer': {'name': 'adam', 'lr': 0.001, 'weight_decay': 0}, 'train': {'epoch': 3000, 'batch_size': 4096, 'save_model': False, 'loss': 'pairwise', 'test_step': 3, 'reproducible': True, 'seed': 2024, 'patience': 5}, 'test': {'metrics': ['recall', 'ndcg'], 'k': [5, 10, 20], 'batch_size': 1024}, 'data': {'type': 'general_cf', 'name': 'movies', 'user_num': 16994, 'item_num': 9370}, 'model': {'name': 'gccf_plus', 'keep_rate': 0.8, 'embedding_size': 32, 'layer_num': 2, 'reg_weight': 1e-06, 'kd_weight': 0.01, 'kd_temperature': 0.5, 'steam': {'easyrec-roberta-large': {'layer_num': 3, 'reg_weight': 1e-06, 'kd_weight': 0.001, 'kd_temperature': 0.1}}}}
2024-11-02 23:05:28,453 - Hyper Parameters: {'name': 'gccf_plus', 'keep_rate': 0.8, 'embedding_size': 32, 'layer_num': 2, 'reg_weight': 1e-06, 'kd_weight': 0.01, 'kd_temperature': 0.5, 'steam': {'easyrec-roberta-large': {'layer_num': 3, 'reg_weight': 1e-06, 'kd_weight': 0.001, 'kd_temperature': 0.1}}}
2024-11-02 23:05:32,272 - Epoch   0 Validation set [recall@5: 0.0292 recall@10: 0.0454 recall@20: 0.0698 ] [ndcg@5: 0.0214 ndcg@10: 0.0271 ndcg@20: 0.0339 ] 
2024-11-02 23:05:39,453 - Epoch   3 Validation set [recall@5: 0.0453 recall@10: 0.0673 recall@20: 0.0962 ] [ndcg@5: 0.0360 ndcg@10: 0.0437 ndcg@20: 0.0518 ] 
2024-11-02 23:05:46,701 - Epoch   6 Validation set [recall@5: 0.0506 recall@10: 0.0717 recall@20: 0.1028 ] [ndcg@5: 0.0386 ndcg@10: 0.0459 ndcg@20: 0.0547 ] 
2024-11-02 23:05:53,891 - Epoch   9 Validation set [recall@5: 0.0486 recall@10: 0.0716 recall@20: 0.1064 ] [ndcg@5: 0.0367 ndcg@10: 0.0448 ndcg@20: 0.0547 ] 
2024-11-02 23:06:01,078 - Epoch  12 Validation set [recall@5: 0.0476 recall@10: 0.0748 recall@20: 0.1102 ] [ndcg@5: 0.0366 ndcg@10: 0.0462 ndcg@20: 0.0561 ] 
2024-11-02 23:06:08,200 - Epoch  15 Validation set [recall@5: 0.0503 recall@10: 0.0750 recall@20: 0.1126 ] [ndcg@5: 0.0375 ndcg@10: 0.0462 ndcg@20: 0.0568 ] 
2024-11-02 23:06:15,390 - Epoch  18 Validation set [recall@5: 0.0502 recall@10: 0.0765 recall@20: 0.1147 ] [ndcg@5: 0.0374 ndcg@10: 0.0467 ndcg@20: 0.0573 ] 
2024-11-02 23:06:22,509 - Epoch  21 Validation set [recall@5: 0.0505 recall@10: 0.0776 recall@20: 0.1163 ] [ndcg@5: 0.0375 ndcg@10: 0.0471 ndcg@20: 0.0579 ] 
2024-11-02 23:06:29,784 - Epoch  24 Validation set [recall@5: 0.0513 recall@10: 0.0781 recall@20: 0.1179 ] [ndcg@5: 0.0381 ndcg@10: 0.0477 ndcg@20: 0.0587 ] 
2024-11-02 23:06:36,943 - Epoch  27 Validation set [recall@5: 0.0522 recall@10: 0.0798 recall@20: 0.1199 ] [ndcg@5: 0.0389 ndcg@10: 0.0486 ndcg@20: 0.0598 ] 
2024-11-02 23:06:49,349 - Epoch  30 Validation set [recall@5: 0.0523 recall@10: 0.0800 recall@20: 0.1206 ] [ndcg@5: 0.0390 ndcg@10: 0.0487 ndcg@20: 0.0600 ] 
2024-11-02 23:06:56,519 - Epoch  33 Validation set [recall@5: 0.0525 recall@10: 0.0814 recall@20: 0.1218 ] [ndcg@5: 0.0388 ndcg@10: 0.0491 ndcg@20: 0.0604 ] 
2024-11-02 23:07:03,212 - Epoch  36 Validation set [recall@5: 0.0529 recall@10: 0.0819 recall@20: 0.1237 ] [ndcg@5: 0.0391 ndcg@10: 0.0493 ndcg@20: 0.0610 ] 
2024-11-02 23:07:09,993 - Epoch  39 Validation set [recall@5: 0.0537 recall@10: 0.0839 recall@20: 0.1239 ] [ndcg@5: 0.0396 ndcg@10: 0.0501 ndcg@20: 0.0613 ] 
2024-11-02 23:07:17,076 - Epoch  42 Validation set [recall@5: 0.0550 recall@10: 0.0833 recall@20: 0.1252 ] [ndcg@5: 0.0403 ndcg@10: 0.0502 ndcg@20: 0.0619 ] 
2024-11-02 23:07:24,660 - Epoch  45 Validation set [recall@5: 0.0555 recall@10: 0.0834 recall@20: 0.1256 ] [ndcg@5: 0.0406 ndcg@10: 0.0503 ndcg@20: 0.0622 ] 
2024-11-02 23:07:31,889 - Epoch  48 Validation set [recall@5: 0.0547 recall@10: 0.0852 recall@20: 0.1270 ] [ndcg@5: 0.0405 ndcg@10: 0.0512 ndcg@20: 0.0629 ] 
2024-11-02 23:07:39,041 - Epoch  51 Validation set [recall@5: 0.0552 recall@10: 0.0859 recall@20: 0.1273 ] [ndcg@5: 0.0407 ndcg@10: 0.0516 ndcg@20: 0.0632 ] 
2024-11-02 23:07:46,226 - Epoch  54 Validation set [recall@5: 0.0558 recall@10: 0.0862 recall@20: 0.1277 ] [ndcg@5: 0.0415 ndcg@10: 0.0521 ndcg@20: 0.0638 ] 
2024-11-02 23:07:53,392 - Epoch  57 Validation set [recall@5: 0.0562 recall@10: 0.0866 recall@20: 0.1274 ] [ndcg@5: 0.0416 ndcg@10: 0.0523 ndcg@20: 0.0638 ] 
2024-11-02 23:08:00,589 - Epoch  60 Validation set [recall@5: 0.0561 recall@10: 0.0875 recall@20: 0.1298 ] [ndcg@5: 0.0416 ndcg@10: 0.0526 ndcg@20: 0.0644 ] 
2024-11-02 23:08:07,850 - Epoch  63 Validation set [recall@5: 0.0564 recall@10: 0.0875 recall@20: 0.1311 ] [ndcg@5: 0.0421 ndcg@10: 0.0530 ndcg@20: 0.0653 ] 
2024-11-02 23:08:15,011 - Epoch  66 Validation set [recall@5: 0.0566 recall@10: 0.0889 recall@20: 0.1325 ] [ndcg@5: 0.0422 ndcg@10: 0.0536 ndcg@20: 0.0658 ] 
2024-11-02 23:08:22,180 - Epoch  69 Validation set [recall@5: 0.0575 recall@10: 0.0887 recall@20: 0.1330 ] [ndcg@5: 0.0428 ndcg@10: 0.0537 ndcg@20: 0.0661 ] 
2024-11-02 23:08:29,369 - Epoch  72 Validation set [recall@5: 0.0572 recall@10: 0.0896 recall@20: 0.1346 ] [ndcg@5: 0.0425 ndcg@10: 0.0539 ndcg@20: 0.0664 ] 
2024-11-02 23:08:36,525 - Epoch  75 Validation set [recall@5: 0.0570 recall@10: 0.0909 recall@20: 0.1362 ] [ndcg@5: 0.0426 ndcg@10: 0.0545 ndcg@20: 0.0671 ] 
2024-11-02 23:08:43,738 - Epoch  78 Validation set [recall@5: 0.0573 recall@10: 0.0914 recall@20: 0.1365 ] [ndcg@5: 0.0427 ndcg@10: 0.0547 ndcg@20: 0.0672 ] 
2024-11-02 23:08:50,922 - Epoch  81 Validation set [recall@5: 0.0572 recall@10: 0.0919 recall@20: 0.1380 ] [ndcg@5: 0.0428 ndcg@10: 0.0550 ndcg@20: 0.0678 ] 
2024-11-02 23:08:58,041 - Epoch  84 Validation set [recall@5: 0.0571 recall@10: 0.0918 recall@20: 0.1380 ] [ndcg@5: 0.0429 ndcg@10: 0.0552 ndcg@20: 0.0680 ] 
2024-11-02 23:09:05,218 - Epoch  87 Validation set [recall@5: 0.0582 recall@10: 0.0925 recall@20: 0.1391 ] [ndcg@5: 0.0435 ndcg@10: 0.0554 ndcg@20: 0.0684 ] 
2024-11-02 23:09:12,340 - Epoch  90 Validation set [recall@5: 0.0585 recall@10: 0.0923 recall@20: 0.1395 ] [ndcg@5: 0.0438 ndcg@10: 0.0556 ndcg@20: 0.0687 ] 
2024-11-02 23:09:19,550 - Epoch  93 Validation set [recall@5: 0.0586 recall@10: 0.0923 recall@20: 0.1394 ] [ndcg@5: 0.0438 ndcg@10: 0.0558 ndcg@20: 0.0689 ] 
2024-11-02 23:09:26,604 - Epoch  96 Validation set [recall@5: 0.0587 recall@10: 0.0931 recall@20: 0.1409 ] [ndcg@5: 0.0441 ndcg@10: 0.0562 ndcg@20: 0.0695 ] 
2024-11-02 23:09:33,820 - Epoch  99 Validation set [recall@5: 0.0597 recall@10: 0.0935 recall@20: 0.1404 ] [ndcg@5: 0.0446 ndcg@10: 0.0564 ndcg@20: 0.0695 ] 
2024-11-02 23:09:40,988 - Epoch 102 Validation set [recall@5: 0.0598 recall@10: 0.0949 recall@20: 0.1416 ] [ndcg@5: 0.0450 ndcg@10: 0.0572 ndcg@20: 0.0702 ] 
2024-11-02 23:09:48,141 - Epoch 105 Validation set [recall@5: 0.0604 recall@10: 0.0951 recall@20: 0.1408 ] [ndcg@5: 0.0454 ndcg@10: 0.0576 ndcg@20: 0.0704 ] 
2024-11-02 23:09:55,418 - Epoch 108 Validation set [recall@5: 0.0600 recall@10: 0.0948 recall@20: 0.1420 ] [ndcg@5: 0.0451 ndcg@10: 0.0573 ndcg@20: 0.0706 ] 
2024-11-02 23:10:02,550 - Epoch 111 Validation set [recall@5: 0.0594 recall@10: 0.0963 recall@20: 0.1419 ] [ndcg@5: 0.0452 ndcg@10: 0.0581 ndcg@20: 0.0708 ] 
2024-11-02 23:10:09,611 - Epoch 114 Validation set [recall@5: 0.0604 recall@10: 0.0968 recall@20: 0.1427 ] [ndcg@5: 0.0455 ndcg@10: 0.0582 ndcg@20: 0.0711 ] 
2024-11-02 23:10:16,736 - Epoch 117 Validation set [recall@5: 0.0599 recall@10: 0.0975 recall@20: 0.1434 ] [ndcg@5: 0.0455 ndcg@10: 0.0586 ndcg@20: 0.0715 ] 
2024-11-02 23:10:23,909 - Epoch 120 Validation set [recall@5: 0.0602 recall@10: 0.0985 recall@20: 0.1437 ] [ndcg@5: 0.0457 ndcg@10: 0.0590 ndcg@20: 0.0717 ] 
2024-11-02 23:10:31,525 - Epoch 123 Validation set [recall@5: 0.0616 recall@10: 0.0989 recall@20: 0.1435 ] [ndcg@5: 0.0464 ndcg@10: 0.0594 ndcg@20: 0.0720 ] 
2024-11-02 23:10:38,695 - Epoch 126 Validation set [recall@5: 0.0620 recall@10: 0.0992 recall@20: 0.1425 ] [ndcg@5: 0.0464 ndcg@10: 0.0594 ndcg@20: 0.0716 ] 
2024-11-02 23:10:45,751 - Epoch 129 Validation set [recall@5: 0.0624 recall@10: 0.0991 recall@20: 0.1440 ] [ndcg@5: 0.0470 ndcg@10: 0.0598 ndcg@20: 0.0725 ] 
2024-11-02 23:10:52,851 - Epoch 132 Validation set [recall@5: 0.0625 recall@10: 0.0994 recall@20: 0.1448 ] [ndcg@5: 0.0470 ndcg@10: 0.0599 ndcg@20: 0.0727 ] 
2024-11-02 23:10:59,713 - Epoch 135 Validation set [recall@5: 0.0631 recall@10: 0.1007 recall@20: 0.1443 ] [ndcg@5: 0.0477 ndcg@10: 0.0608 ndcg@20: 0.0731 ] 
2024-11-02 23:11:06,805 - Epoch 138 Validation set [recall@5: 0.0631 recall@10: 0.0993 recall@20: 0.1458 ] [ndcg@5: 0.0474 ndcg@10: 0.0600 ndcg@20: 0.0731 ] 
2024-11-02 23:11:13,876 - Epoch 141 Validation set [recall@5: 0.0645 recall@10: 0.1005 recall@20: 0.1454 ] [ndcg@5: 0.0482 ndcg@10: 0.0607 ndcg@20: 0.0734 ] 
2024-11-02 23:11:20,957 - Epoch 144 Validation set [recall@5: 0.0646 recall@10: 0.1007 recall@20: 0.1460 ] [ndcg@5: 0.0483 ndcg@10: 0.0609 ndcg@20: 0.0736 ] 
2024-11-02 23:11:27,982 - Epoch 147 Validation set [recall@5: 0.0651 recall@10: 0.1008 recall@20: 0.1463 ] [ndcg@5: 0.0484 ndcg@10: 0.0609 ndcg@20: 0.0737 ] 
2024-11-02 23:11:34,890 - Epoch 150 Validation set [recall@5: 0.0661 recall@10: 0.1010 recall@20: 0.1464 ] [ndcg@5: 0.0491 ndcg@10: 0.0612 ndcg@20: 0.0740 ] 
2024-11-02 23:11:42,213 - Epoch 153 Validation set [recall@5: 0.0652 recall@10: 0.1013 recall@20: 0.1475 ] [ndcg@5: 0.0490 ndcg@10: 0.0616 ndcg@20: 0.0746 ] 
2024-11-02 23:11:49,592 - Epoch 156 Validation set [recall@5: 0.0650 recall@10: 0.1020 recall@20: 0.1475 ] [ndcg@5: 0.0487 ndcg@10: 0.0616 ndcg@20: 0.0745 ] 
2024-11-02 23:11:56,512 - Epoch 159 Validation set [recall@5: 0.0655 recall@10: 0.1018 recall@20: 0.1482 ] [ndcg@5: 0.0491 ndcg@10: 0.0617 ndcg@20: 0.0748 ] 
2024-11-02 23:12:03,479 - Epoch 162 Validation set [recall@5: 0.0658 recall@10: 0.1023 recall@20: 0.1479 ] [ndcg@5: 0.0493 ndcg@10: 0.0620 ndcg@20: 0.0749 ] 
2024-11-02 23:12:10,687 - Epoch 165 Validation set [recall@5: 0.0660 recall@10: 0.1027 recall@20: 0.1485 ] [ndcg@5: 0.0493 ndcg@10: 0.0621 ndcg@20: 0.0750 ] 
2024-11-02 23:12:17,743 - Epoch 168 Validation set [recall@5: 0.0659 recall@10: 0.1026 recall@20: 0.1492 ] [ndcg@5: 0.0494 ndcg@10: 0.0623 ndcg@20: 0.0755 ] 
2024-11-02 23:12:24,744 - Epoch 171 Validation set [recall@5: 0.0665 recall@10: 0.1028 recall@20: 0.1483 ] [ndcg@5: 0.0497 ndcg@10: 0.0624 ndcg@20: 0.0753 ] 
2024-11-02 23:12:31,761 - Epoch 174 Validation set [recall@5: 0.0663 recall@10: 0.1031 recall@20: 0.1495 ] [ndcg@5: 0.0495 ndcg@10: 0.0624 ndcg@20: 0.0755 ] 
2024-11-02 23:12:38,741 - Epoch 177 Validation set [recall@5: 0.0667 recall@10: 0.1034 recall@20: 0.1505 ] [ndcg@5: 0.0494 ndcg@10: 0.0622 ndcg@20: 0.0755 ] 
2024-11-02 23:12:45,684 - Epoch 180 Validation set [recall@5: 0.0662 recall@10: 0.1035 recall@20: 0.1509 ] [ndcg@5: 0.0495 ndcg@10: 0.0626 ndcg@20: 0.0759 ] 
2024-11-02 23:12:52,959 - Epoch 183 Validation set [recall@5: 0.0667 recall@10: 0.1030 recall@20: 0.1506 ] [ndcg@5: 0.0496 ndcg@10: 0.0623 ndcg@20: 0.0758 ] 
2024-11-02 23:13:00,263 - Epoch 186 Validation set [recall@5: 0.0669 recall@10: 0.1037 recall@20: 0.1498 ] [ndcg@5: 0.0499 ndcg@10: 0.0628 ndcg@20: 0.0759 ] 
2024-11-02 23:13:07,350 - Epoch 189 Validation set [recall@5: 0.0677 recall@10: 0.1042 recall@20: 0.1504 ] [ndcg@5: 0.0507 ndcg@10: 0.0635 ndcg@20: 0.0765 ] 
2024-11-02 23:13:14,303 - Epoch 192 Validation set [recall@5: 0.0681 recall@10: 0.1043 recall@20: 0.1506 ] [ndcg@5: 0.0510 ndcg@10: 0.0637 ndcg@20: 0.0768 ] 
2024-11-02 23:13:21,281 - Epoch 195 Validation set [recall@5: 0.0684 recall@10: 0.1056 recall@20: 0.1516 ] [ndcg@5: 0.0510 ndcg@10: 0.0639 ndcg@20: 0.0769 ] 
2024-11-02 23:13:28,277 - Epoch 198 Validation set [recall@5: 0.0687 recall@10: 0.1051 recall@20: 0.1531 ] [ndcg@5: 0.0510 ndcg@10: 0.0637 ndcg@20: 0.0772 ] 
2024-11-02 23:13:35,405 - Epoch 201 Validation set [recall@5: 0.0689 recall@10: 0.1045 recall@20: 0.1531 ] [ndcg@5: 0.0514 ndcg@10: 0.0638 ndcg@20: 0.0775 ] 
2024-11-02 23:13:42,361 - Epoch 204 Validation set [recall@5: 0.0689 recall@10: 0.1045 recall@20: 0.1522 ] [ndcg@5: 0.0513 ndcg@10: 0.0637 ndcg@20: 0.0772 ] 
2024-11-02 23:13:49,343 - Epoch 207 Validation set [recall@5: 0.0690 recall@10: 0.1056 recall@20: 0.1518 ] [ndcg@5: 0.0514 ndcg@10: 0.0642 ndcg@20: 0.0773 ] 
2024-11-02 23:13:56,511 - Epoch 210 Validation set [recall@5: 0.0685 recall@10: 0.1052 recall@20: 0.1520 ] [ndcg@5: 0.0517 ndcg@10: 0.0646 ndcg@20: 0.0778 ] 
2024-11-02 23:14:03,534 - Epoch 213 Validation set [recall@5: 0.0691 recall@10: 0.1061 recall@20: 0.1530 ] [ndcg@5: 0.0518 ndcg@10: 0.0647 ndcg@20: 0.0779 ] 
2024-11-02 23:14:04,555 - [recall@5: 0.0687 recall@10: 0.1051 recall@20: 0.1531 ] [ndcg@5: 0.0510 ndcg@10: 0.0637 ndcg@20: 0.0772 ] 
2024-11-02 23:14:05,611 - [recall@5: 0.0684 recall@10: 0.1057 recall@20: 0.1546 ] [ndcg@5: 0.0514 ndcg@10: 0.0645 ndcg@20: 0.0780 ] 
2024-11-02 23:14:05,612 - Best Epoch 198. Final test result: {'recall': array([0.06840281, 0.10565533, 0.15460468]), 'ndcg': array([0.05144694, 0.06447656, 0.07804442])}.
