2024-11-05 09:37:46,502 - {'optimizer': {'name': 'adam', 'lr': 0.001, 'weight_decay': 0}, 'train': {'epoch': 3000, 'batch_size': 4096, 'save_model': False, 'loss': 'pairwise', 'test_step': 3, 'reproducible': True, 'seed': 2024, 'patience': 5}, 'test': {'metrics': ['recall', 'ndcg'], 'k': [5, 10, 20], 'batch_size': 1024}, 'data': {'type': 'general_cf', 'name': 'movies', 'user_num': 16994, 'item_num': 9370}, 'model': {'name': 'gccf_plus', 'keep_rate': 0.8, 'embedding_size': 32, 'layer_num': 2, 'reg_weight': 1e-06, 'kd_weight': 0.01, 'kd_temperature': 0.5, 'steam': {'easyrec-roberta-large': {'layer_num': 3, 'reg_weight': 1e-06, 'kd_weight': 0.001, 'kd_temperature': 0.1}}}}
2024-11-05 09:37:47,385 - Hyper Parameters: {'name': 'gccf_plus', 'keep_rate': 0.8, 'embedding_size': 32, 'layer_num': 2, 'reg_weight': 1e-06, 'kd_weight': 0.01, 'kd_temperature': 0.5, 'steam': {'easyrec-roberta-large': {'layer_num': 3, 'reg_weight': 1e-06, 'kd_weight': 0.001, 'kd_temperature': 0.1}}}
2024-11-05 09:37:50,904 - Epoch   0 Validation set [recall@5: 0.0305 recall@10: 0.0476 recall@20: 0.0716 ] [ndcg@5: 0.0229 ndcg@10: 0.0290 ndcg@20: 0.0357 ] 
2024-11-05 09:37:57,874 - Epoch   3 Validation set [recall@5: 0.0471 recall@10: 0.0671 recall@20: 0.1011 ] [ndcg@5: 0.0372 ndcg@10: 0.0442 ndcg@20: 0.0537 ] 
2024-11-05 09:38:04,860 - Epoch   6 Validation set [recall@5: 0.0512 recall@10: 0.0725 recall@20: 0.1075 ] [ndcg@5: 0.0394 ndcg@10: 0.0469 ndcg@20: 0.0567 ] 
2024-11-05 09:38:11,929 - Epoch   9 Validation set [recall@5: 0.0501 recall@10: 0.0736 recall@20: 0.1093 ] [ndcg@5: 0.0382 ndcg@10: 0.0464 ndcg@20: 0.0564 ] 
2024-11-05 09:38:18,987 - Epoch  12 Validation set [recall@5: 0.0494 recall@10: 0.0758 recall@20: 0.1121 ] [ndcg@5: 0.0376 ndcg@10: 0.0469 ndcg@20: 0.0570 ] 
2024-11-05 09:38:25,983 - Epoch  15 Validation set [recall@5: 0.0495 recall@10: 0.0770 recall@20: 0.1133 ] [ndcg@5: 0.0376 ndcg@10: 0.0474 ndcg@20: 0.0575 ] 
2024-11-05 09:38:33,075 - Epoch  18 Validation set [recall@5: 0.0496 recall@10: 0.0769 recall@20: 0.1156 ] [ndcg@5: 0.0378 ndcg@10: 0.0474 ndcg@20: 0.0582 ] 
2024-11-05 09:38:40,170 - Epoch  21 Validation set [recall@5: 0.0489 recall@10: 0.0779 recall@20: 0.1173 ] [ndcg@5: 0.0375 ndcg@10: 0.0477 ndcg@20: 0.0586 ] 
2024-11-05 09:38:47,219 - Epoch  24 Validation set [recall@5: 0.0490 recall@10: 0.0795 recall@20: 0.1194 ] [ndcg@5: 0.0378 ndcg@10: 0.0486 ndcg@20: 0.0596 ] 
2024-11-05 09:38:54,373 - Epoch  27 Validation set [recall@5: 0.0509 recall@10: 0.0809 recall@20: 0.1212 ] [ndcg@5: 0.0387 ndcg@10: 0.0492 ndcg@20: 0.0604 ] 
2024-11-05 09:39:01,510 - Epoch  30 Validation set [recall@5: 0.0511 recall@10: 0.0806 recall@20: 0.1215 ] [ndcg@5: 0.0389 ndcg@10: 0.0493 ndcg@20: 0.0608 ] 
2024-11-05 09:39:08,751 - Epoch  33 Validation set [recall@5: 0.0525 recall@10: 0.0827 recall@20: 0.1224 ] [ndcg@5: 0.0395 ndcg@10: 0.0501 ndcg@20: 0.0612 ] 
2024-11-05 09:39:16,499 - Epoch  36 Validation set [recall@5: 0.0532 recall@10: 0.0828 recall@20: 0.1240 ] [ndcg@5: 0.0398 ndcg@10: 0.0502 ndcg@20: 0.0617 ] 
2024-11-05 09:39:24,189 - Epoch  39 Validation set [recall@5: 0.0533 recall@10: 0.0830 recall@20: 0.1254 ] [ndcg@5: 0.0400 ndcg@10: 0.0504 ndcg@20: 0.0623 ] 
2024-11-05 09:39:31,532 - Epoch  42 Validation set [recall@5: 0.0528 recall@10: 0.0838 recall@20: 0.1256 ] [ndcg@5: 0.0399 ndcg@10: 0.0508 ndcg@20: 0.0625 ] 
2024-11-05 09:39:38,837 - Epoch  45 Validation set [recall@5: 0.0539 recall@10: 0.0835 recall@20: 0.1272 ] [ndcg@5: 0.0406 ndcg@10: 0.0510 ndcg@20: 0.0633 ] 
2024-11-05 09:39:46,171 - Epoch  48 Validation set [recall@5: 0.0554 recall@10: 0.0842 recall@20: 0.1282 ] [ndcg@5: 0.0412 ndcg@10: 0.0513 ndcg@20: 0.0636 ] 
2024-11-05 09:39:53,485 - Epoch  51 Validation set [recall@5: 0.0552 recall@10: 0.0853 recall@20: 0.1294 ] [ndcg@5: 0.0410 ndcg@10: 0.0516 ndcg@20: 0.0639 ] 
2024-11-05 09:40:00,955 - Epoch  54 Validation set [recall@5: 0.0564 recall@10: 0.0860 recall@20: 0.1299 ] [ndcg@5: 0.0420 ndcg@10: 0.0524 ndcg@20: 0.0647 ] 
2024-11-05 09:40:08,283 - Epoch  57 Validation set [recall@5: 0.0571 recall@10: 0.0858 recall@20: 0.1300 ] [ndcg@5: 0.0422 ndcg@10: 0.0523 ndcg@20: 0.0647 ] 
2024-11-05 09:40:15,765 - Epoch  60 Validation set [recall@5: 0.0572 recall@10: 0.0866 recall@20: 0.1321 ] [ndcg@5: 0.0419 ndcg@10: 0.0522 ndcg@20: 0.0649 ] 
2024-11-05 09:40:23,088 - Epoch  63 Validation set [recall@5: 0.0571 recall@10: 0.0872 recall@20: 0.1326 ] [ndcg@5: 0.0419 ndcg@10: 0.0525 ndcg@20: 0.0652 ] 
2024-11-05 09:40:30,775 - Epoch  66 Validation set [recall@5: 0.0569 recall@10: 0.0869 recall@20: 0.1354 ] [ndcg@5: 0.0421 ndcg@10: 0.0527 ndcg@20: 0.0662 ] 
2024-11-05 09:40:38,290 - Epoch  69 Validation set [recall@5: 0.0565 recall@10: 0.0887 recall@20: 0.1350 ] [ndcg@5: 0.0422 ndcg@10: 0.0534 ndcg@20: 0.0663 ] 
2024-11-05 09:40:45,853 - Epoch  72 Validation set [recall@5: 0.0568 recall@10: 0.0893 recall@20: 0.1361 ] [ndcg@5: 0.0422 ndcg@10: 0.0536 ndcg@20: 0.0666 ] 
2024-11-05 09:40:53,429 - Epoch  75 Validation set [recall@5: 0.0581 recall@10: 0.0895 recall@20: 0.1376 ] [ndcg@5: 0.0430 ndcg@10: 0.0540 ndcg@20: 0.0674 ] 
2024-11-05 09:41:01,363 - Epoch  78 Validation set [recall@5: 0.0585 recall@10: 0.0900 recall@20: 0.1371 ] [ndcg@5: 0.0435 ndcg@10: 0.0545 ndcg@20: 0.0676 ] 
2024-11-05 09:41:09,005 - Epoch  81 Validation set [recall@5: 0.0585 recall@10: 0.0901 recall@20: 0.1381 ] [ndcg@5: 0.0434 ndcg@10: 0.0545 ndcg@20: 0.0678 ] 
2024-11-05 09:41:16,579 - Epoch  84 Validation set [recall@5: 0.0590 recall@10: 0.0900 recall@20: 0.1386 ] [ndcg@5: 0.0436 ndcg@10: 0.0545 ndcg@20: 0.0680 ] 
2024-11-05 09:41:24,468 - Epoch  87 Validation set [recall@5: 0.0588 recall@10: 0.0908 recall@20: 0.1397 ] [ndcg@5: 0.0437 ndcg@10: 0.0549 ndcg@20: 0.0685 ] 
2024-11-05 09:41:32,029 - Epoch  90 Validation set [recall@5: 0.0595 recall@10: 0.0908 recall@20: 0.1400 ] [ndcg@5: 0.0438 ndcg@10: 0.0548 ndcg@20: 0.0684 ] 
2024-11-05 09:41:39,610 - Epoch  93 Validation set [recall@5: 0.0597 recall@10: 0.0912 recall@20: 0.1397 ] [ndcg@5: 0.0438 ndcg@10: 0.0550 ndcg@20: 0.0685 ] 
2024-11-05 09:41:47,210 - Epoch  96 Validation set [recall@5: 0.0590 recall@10: 0.0929 recall@20: 0.1408 ] [ndcg@5: 0.0438 ndcg@10: 0.0557 ndcg@20: 0.0690 ] 
2024-11-05 09:41:54,909 - Epoch  99 Validation set [recall@5: 0.0586 recall@10: 0.0935 recall@20: 0.1405 ] [ndcg@5: 0.0438 ndcg@10: 0.0561 ndcg@20: 0.0691 ] 
2024-11-05 09:42:02,447 - Epoch 102 Validation set [recall@5: 0.0584 recall@10: 0.0939 recall@20: 0.1412 ] [ndcg@5: 0.0439 ndcg@10: 0.0564 ndcg@20: 0.0696 ] 
2024-11-05 09:42:09,891 - Epoch 105 Validation set [recall@5: 0.0596 recall@10: 0.0941 recall@20: 0.1422 ] [ndcg@5: 0.0446 ndcg@10: 0.0568 ndcg@20: 0.0702 ] 
2024-11-05 09:42:17,647 - Epoch 108 Validation set [recall@5: 0.0597 recall@10: 0.0949 recall@20: 0.1433 ] [ndcg@5: 0.0446 ndcg@10: 0.0570 ndcg@20: 0.0704 ] 
2024-11-05 09:42:25,319 - Epoch 111 Validation set [recall@5: 0.0597 recall@10: 0.0957 recall@20: 0.1427 ] [ndcg@5: 0.0448 ndcg@10: 0.0574 ndcg@20: 0.0705 ] 
2024-11-05 09:42:32,716 - Epoch 114 Validation set [recall@5: 0.0602 recall@10: 0.0960 recall@20: 0.1432 ] [ndcg@5: 0.0450 ndcg@10: 0.0576 ndcg@20: 0.0708 ] 
2024-11-05 09:42:40,288 - Epoch 117 Validation set [recall@5: 0.0602 recall@10: 0.0966 recall@20: 0.1442 ] [ndcg@5: 0.0453 ndcg@10: 0.0580 ndcg@20: 0.0713 ] 
2024-11-05 09:42:47,679 - Epoch 120 Validation set [recall@5: 0.0604 recall@10: 0.0959 recall@20: 0.1452 ] [ndcg@5: 0.0453 ndcg@10: 0.0578 ndcg@20: 0.0716 ] 
2024-11-05 09:42:55,076 - Epoch 123 Validation set [recall@5: 0.0614 recall@10: 0.0977 recall@20: 0.1450 ] [ndcg@5: 0.0457 ndcg@10: 0.0584 ndcg@20: 0.0716 ] 
2024-11-05 09:43:02,573 - Epoch 126 Validation set [recall@5: 0.0612 recall@10: 0.0980 recall@20: 0.1466 ] [ndcg@5: 0.0456 ndcg@10: 0.0585 ndcg@20: 0.0720 ] 
2024-11-05 09:43:09,970 - Epoch 129 Validation set [recall@5: 0.0613 recall@10: 0.0981 recall@20: 0.1466 ] [ndcg@5: 0.0457 ndcg@10: 0.0587 ndcg@20: 0.0722 ] 
2024-11-05 09:43:17,254 - Epoch 132 Validation set [recall@5: 0.0611 recall@10: 0.0988 recall@20: 0.1473 ] [ndcg@5: 0.0457 ndcg@10: 0.0588 ndcg@20: 0.0724 ] 
2024-11-05 09:43:24,685 - Epoch 135 Validation set [recall@5: 0.0609 recall@10: 0.0993 recall@20: 0.1472 ] [ndcg@5: 0.0457 ndcg@10: 0.0592 ndcg@20: 0.0725 ] 
2024-11-05 09:43:32,054 - Epoch 138 Validation set [recall@5: 0.0615 recall@10: 0.0999 recall@20: 0.1480 ] [ndcg@5: 0.0461 ndcg@10: 0.0595 ndcg@20: 0.0729 ] 
2024-11-05 09:43:39,486 - Epoch 141 Validation set [recall@5: 0.0623 recall@10: 0.1007 recall@20: 0.1474 ] [ndcg@5: 0.0463 ndcg@10: 0.0598 ndcg@20: 0.0728 ] 
2024-11-05 09:43:47,144 - Epoch 144 Validation set [recall@5: 0.0625 recall@10: 0.1003 recall@20: 0.1484 ] [ndcg@5: 0.0466 ndcg@10: 0.0598 ndcg@20: 0.0732 ] 
2024-11-05 09:43:54,584 - Epoch 147 Validation set [recall@5: 0.0625 recall@10: 0.1021 recall@20: 0.1485 ] [ndcg@5: 0.0467 ndcg@10: 0.0605 ndcg@20: 0.0735 ] 
2024-11-05 09:44:02,088 - Epoch 150 Validation set [recall@5: 0.0627 recall@10: 0.1018 recall@20: 0.1487 ] [ndcg@5: 0.0471 ndcg@10: 0.0608 ndcg@20: 0.0739 ] 
2024-11-05 09:44:09,705 - Epoch 153 Validation set [recall@5: 0.0631 recall@10: 0.1019 recall@20: 0.1493 ] [ndcg@5: 0.0474 ndcg@10: 0.0609 ndcg@20: 0.0742 ] 
2024-11-05 09:44:17,124 - Epoch 156 Validation set [recall@5: 0.0633 recall@10: 0.1021 recall@20: 0.1497 ] [ndcg@5: 0.0474 ndcg@10: 0.0610 ndcg@20: 0.0743 ] 
2024-11-05 09:44:24,539 - Epoch 159 Validation set [recall@5: 0.0639 recall@10: 0.1029 recall@20: 0.1498 ] [ndcg@5: 0.0478 ndcg@10: 0.0614 ndcg@20: 0.0745 ] 
2024-11-05 09:44:32,027 - Epoch 162 Validation set [recall@5: 0.0645 recall@10: 0.1024 recall@20: 0.1504 ] [ndcg@5: 0.0481 ndcg@10: 0.0613 ndcg@20: 0.0748 ] 
2024-11-05 09:44:39,496 - Epoch 165 Validation set [recall@5: 0.0653 recall@10: 0.1025 recall@20: 0.1507 ] [ndcg@5: 0.0485 ndcg@10: 0.0615 ndcg@20: 0.0750 ] 
2024-11-05 09:44:47,157 - Epoch 168 Validation set [recall@5: 0.0662 recall@10: 0.1027 recall@20: 0.1511 ] [ndcg@5: 0.0490 ndcg@10: 0.0617 ndcg@20: 0.0754 ] 
2024-11-05 09:44:54,661 - Epoch 171 Validation set [recall@5: 0.0657 recall@10: 0.1037 recall@20: 0.1503 ] [ndcg@5: 0.0487 ndcg@10: 0.0620 ndcg@20: 0.0751 ] 
2024-11-05 09:45:01,920 - Epoch 174 Validation set [recall@5: 0.0656 recall@10: 0.1033 recall@20: 0.1508 ] [ndcg@5: 0.0486 ndcg@10: 0.0619 ndcg@20: 0.0752 ] 
2024-11-05 09:45:09,440 - Epoch 177 Validation set [recall@5: 0.0653 recall@10: 0.1041 recall@20: 0.1523 ] [ndcg@5: 0.0488 ndcg@10: 0.0624 ndcg@20: 0.0759 ] 
2024-11-05 09:45:16,994 - Epoch 180 Validation set [recall@5: 0.0656 recall@10: 0.1052 recall@20: 0.1519 ] [ndcg@5: 0.0490 ndcg@10: 0.0629 ndcg@20: 0.0760 ] 
2024-11-05 09:45:24,341 - Epoch 183 Validation set [recall@5: 0.0652 recall@10: 0.1052 recall@20: 0.1517 ] [ndcg@5: 0.0488 ndcg@10: 0.0628 ndcg@20: 0.0758 ] 
2024-11-05 09:45:31,825 - Epoch 186 Validation set [recall@5: 0.0658 recall@10: 0.1055 recall@20: 0.1519 ] [ndcg@5: 0.0492 ndcg@10: 0.0631 ndcg@20: 0.0761 ] 
2024-11-05 09:45:39,338 - Epoch 189 Validation set [recall@5: 0.0665 recall@10: 0.1059 recall@20: 0.1522 ] [ndcg@5: 0.0498 ndcg@10: 0.0636 ndcg@20: 0.0765 ] 
2024-11-05 09:45:47,427 - Epoch 192 Validation set [recall@5: 0.0666 recall@10: 0.1060 recall@20: 0.1535 ] [ndcg@5: 0.0500 ndcg@10: 0.0639 ndcg@20: 0.0771 ] 
2024-11-05 09:45:55,351 - Epoch 195 Validation set [recall@5: 0.0668 recall@10: 0.1069 recall@20: 0.1551 ] [ndcg@5: 0.0500 ndcg@10: 0.0641 ndcg@20: 0.0775 ] 
2024-11-05 09:46:02,771 - Epoch 198 Validation set [recall@5: 0.0667 recall@10: 0.1068 recall@20: 0.1533 ] [ndcg@5: 0.0501 ndcg@10: 0.0642 ndcg@20: 0.0772 ] 
2024-11-05 09:46:10,247 - Epoch 201 Validation set [recall@5: 0.0661 recall@10: 0.1069 recall@20: 0.1541 ] [ndcg@5: 0.0500 ndcg@10: 0.0644 ndcg@20: 0.0776 ] 
2024-11-05 09:46:17,576 - Epoch 204 Validation set [recall@5: 0.0660 recall@10: 0.1065 recall@20: 0.1543 ] [ndcg@5: 0.0498 ndcg@10: 0.0642 ndcg@20: 0.0775 ] 
2024-11-05 09:46:24,999 - Epoch 207 Validation set [recall@5: 0.0668 recall@10: 0.1074 recall@20: 0.1544 ] [ndcg@5: 0.0503 ndcg@10: 0.0645 ndcg@20: 0.0776 ] 
2024-11-05 09:46:32,290 - Epoch 210 Validation set [recall@5: 0.0671 recall@10: 0.1075 recall@20: 0.1541 ] [ndcg@5: 0.0504 ndcg@10: 0.0647 ndcg@20: 0.0776 ] 
2024-11-05 09:46:33,294 - [recall@5: 0.0668 recall@10: 0.1069 recall@20: 0.1551 ] [ndcg@5: 0.0500 ndcg@10: 0.0641 ndcg@20: 0.0775 ] 
2024-11-05 09:46:34,408 - [recall@5: 0.0681 recall@10: 0.1048 recall@20: 0.1531 ] [ndcg@5: 0.0514 ndcg@10: 0.0642 ndcg@20: 0.0777 ] 
2024-11-05 09:46:34,409 - Best Epoch 195. Final test result: {'recall': array([0.0681215 , 0.10481488, 0.15314149]), 'ndcg': array([0.05143082, 0.0641893 , 0.07767847])}.
