2024-11-02 23:22:21,086 - {'optimizer': {'name': 'adam', 'lr': 0.001, 'weight_decay': 0}, 'train': {'epoch': 3000, 'batch_size': 4096, 'save_model': False, 'loss': 'pairwise', 'test_step': 3, 'reproducible': True, 'seed': 2024, 'patience': 5}, 'test': {'metrics': ['recall', 'ndcg'], 'k': [5, 10, 20], 'batch_size': 1024}, 'data': {'type': 'general_cf', 'name': 'movies', 'user_num': 16994, 'item_num': 9370}, 'model': {'name': 'gccf_plus', 'keep_rate': 0.8, 'embedding_size': 32, 'layer_num': 2, 'reg_weight': 1e-06, 'kd_weight': 0.01, 'kd_temperature': 0.5, 'steam': {'easyrec-roberta-large': {'layer_num': 3, 'reg_weight': 1e-06, 'kd_weight': 0.001, 'kd_temperature': 0.1}}}}
2024-11-02 23:22:21,670 - Hyper Parameters: {'name': 'gccf_plus', 'keep_rate': 0.8, 'embedding_size': 32, 'layer_num': 2, 'reg_weight': 1e-06, 'kd_weight': 0.01, 'kd_temperature': 0.5, 'steam': {'easyrec-roberta-large': {'layer_num': 3, 'reg_weight': 1e-06, 'kd_weight': 0.001, 'kd_temperature': 0.1}}}
2024-11-02 23:22:25,269 - Epoch   0 Validation set [recall@5: 0.0197 recall@10: 0.0292 recall@20: 0.0459 ] [ndcg@5: 0.0156 ndcg@10: 0.0189 ndcg@20: 0.0236 ] 
2024-11-02 23:22:32,209 - Epoch   3 Validation set [recall@5: 0.0315 recall@10: 0.0484 recall@20: 0.0741 ] [ndcg@5: 0.0239 ndcg@10: 0.0299 ndcg@20: 0.0370 ] 
2024-11-02 23:22:39,038 - Epoch   6 Validation set [recall@5: 0.0368 recall@10: 0.0546 recall@20: 0.0829 ] [ndcg@5: 0.0272 ndcg@10: 0.0335 ndcg@20: 0.0414 ] 
2024-11-02 23:22:46,180 - Epoch   9 Validation set [recall@5: 0.0377 recall@10: 0.0603 recall@20: 0.0881 ] [ndcg@5: 0.0283 ndcg@10: 0.0361 ndcg@20: 0.0439 ] 
2024-11-02 23:22:53,155 - Epoch  12 Validation set [recall@5: 0.0389 recall@10: 0.0609 recall@20: 0.0930 ] [ndcg@5: 0.0292 ndcg@10: 0.0370 ndcg@20: 0.0460 ] 
2024-11-02 23:22:59,983 - Epoch  15 Validation set [recall@5: 0.0395 recall@10: 0.0625 recall@20: 0.0966 ] [ndcg@5: 0.0295 ndcg@10: 0.0375 ndcg@20: 0.0471 ] 
2024-11-02 23:23:06,953 - Epoch  18 Validation set [recall@5: 0.0400 recall@10: 0.0631 recall@20: 0.0979 ] [ndcg@5: 0.0300 ndcg@10: 0.0381 ndcg@20: 0.0478 ] 
2024-11-02 23:23:13,858 - Epoch  21 Validation set [recall@5: 0.0412 recall@10: 0.0640 recall@20: 0.0984 ] [ndcg@5: 0.0306 ndcg@10: 0.0386 ndcg@20: 0.0482 ] 
2024-11-02 23:23:20,751 - Epoch  24 Validation set [recall@5: 0.0427 recall@10: 0.0652 recall@20: 0.0994 ] [ndcg@5: 0.0314 ndcg@10: 0.0394 ndcg@20: 0.0489 ] 
2024-11-02 23:23:28,074 - Epoch  27 Validation set [recall@5: 0.0436 recall@10: 0.0662 recall@20: 0.1005 ] [ndcg@5: 0.0318 ndcg@10: 0.0398 ndcg@20: 0.0494 ] 
2024-11-02 23:23:35,135 - Epoch  30 Validation set [recall@5: 0.0432 recall@10: 0.0672 recall@20: 0.1018 ] [ndcg@5: 0.0323 ndcg@10: 0.0408 ndcg@20: 0.0504 ] 
2024-11-02 23:23:42,010 - Epoch  33 Validation set [recall@5: 0.0444 recall@10: 0.0672 recall@20: 0.1036 ] [ndcg@5: 0.0332 ndcg@10: 0.0412 ndcg@20: 0.0514 ] 
2024-11-02 23:23:49,137 - Epoch  36 Validation set [recall@5: 0.0440 recall@10: 0.0682 recall@20: 0.1053 ] [ndcg@5: 0.0330 ndcg@10: 0.0415 ndcg@20: 0.0519 ] 
2024-11-02 23:23:56,404 - Epoch  39 Validation set [recall@5: 0.0445 recall@10: 0.0693 recall@20: 0.1060 ] [ndcg@5: 0.0335 ndcg@10: 0.0421 ndcg@20: 0.0524 ] 
2024-11-02 23:24:03,214 - Epoch  42 Validation set [recall@5: 0.0445 recall@10: 0.0703 recall@20: 0.1081 ] [ndcg@5: 0.0338 ndcg@10: 0.0428 ndcg@20: 0.0533 ] 
2024-11-02 23:24:10,286 - Epoch  45 Validation set [recall@5: 0.0448 recall@10: 0.0711 recall@20: 0.1088 ] [ndcg@5: 0.0340 ndcg@10: 0.0431 ndcg@20: 0.0536 ] 
2024-11-02 23:24:17,588 - Epoch  48 Validation set [recall@5: 0.0457 recall@10: 0.0715 recall@20: 0.1091 ] [ndcg@5: 0.0343 ndcg@10: 0.0434 ndcg@20: 0.0539 ] 
2024-11-02 23:24:24,679 - Epoch  51 Validation set [recall@5: 0.0457 recall@10: 0.0731 recall@20: 0.1108 ] [ndcg@5: 0.0345 ndcg@10: 0.0441 ndcg@20: 0.0547 ] 
2024-11-02 23:24:31,776 - Epoch  54 Validation set [recall@5: 0.0466 recall@10: 0.0741 recall@20: 0.1112 ] [ndcg@5: 0.0351 ndcg@10: 0.0446 ndcg@20: 0.0550 ] 
2024-11-02 23:24:38,911 - Epoch  57 Validation set [recall@5: 0.0463 recall@10: 0.0751 recall@20: 0.1115 ] [ndcg@5: 0.0350 ndcg@10: 0.0450 ndcg@20: 0.0553 ] 
2024-11-02 23:24:46,069 - Epoch  60 Validation set [recall@5: 0.0469 recall@10: 0.0750 recall@20: 0.1140 ] [ndcg@5: 0.0352 ndcg@10: 0.0451 ndcg@20: 0.0560 ] 
2024-11-02 23:24:53,144 - Epoch  63 Validation set [recall@5: 0.0481 recall@10: 0.0764 recall@20: 0.1143 ] [ndcg@5: 0.0359 ndcg@10: 0.0458 ndcg@20: 0.0564 ] 
2024-11-02 23:25:00,330 - Epoch  66 Validation set [recall@5: 0.0487 recall@10: 0.0777 recall@20: 0.1152 ] [ndcg@5: 0.0362 ndcg@10: 0.0463 ndcg@20: 0.0568 ] 
2024-11-02 23:25:07,422 - Epoch  69 Validation set [recall@5: 0.0495 recall@10: 0.0773 recall@20: 0.1169 ] [ndcg@5: 0.0369 ndcg@10: 0.0466 ndcg@20: 0.0576 ] 
2024-11-02 23:25:14,519 - Epoch  72 Validation set [recall@5: 0.0496 recall@10: 0.0773 recall@20: 0.1184 ] [ndcg@5: 0.0374 ndcg@10: 0.0470 ndcg@20: 0.0584 ] 
2024-11-02 23:25:21,504 - Epoch  75 Validation set [recall@5: 0.0501 recall@10: 0.0781 recall@20: 0.1199 ] [ndcg@5: 0.0374 ndcg@10: 0.0472 ndcg@20: 0.0587 ] 
2024-11-02 23:25:28,632 - Epoch  78 Validation set [recall@5: 0.0493 recall@10: 0.0785 recall@20: 0.1204 ] [ndcg@5: 0.0372 ndcg@10: 0.0474 ndcg@20: 0.0589 ] 
2024-11-02 23:25:35,701 - Epoch  81 Validation set [recall@5: 0.0499 recall@10: 0.0787 recall@20: 0.1211 ] [ndcg@5: 0.0378 ndcg@10: 0.0479 ndcg@20: 0.0596 ] 
2024-11-02 23:25:42,895 - Epoch  84 Validation set [recall@5: 0.0502 recall@10: 0.0795 recall@20: 0.1213 ] [ndcg@5: 0.0379 ndcg@10: 0.0482 ndcg@20: 0.0598 ] 
2024-11-02 23:25:50,032 - Epoch  87 Validation set [recall@5: 0.0502 recall@10: 0.0799 recall@20: 0.1224 ] [ndcg@5: 0.0379 ndcg@10: 0.0484 ndcg@20: 0.0601 ] 
2024-11-02 23:25:57,205 - Epoch  90 Validation set [recall@5: 0.0513 recall@10: 0.0806 recall@20: 0.1225 ] [ndcg@5: 0.0385 ndcg@10: 0.0487 ndcg@20: 0.0604 ] 
2024-11-02 23:26:04,277 - Epoch  93 Validation set [recall@5: 0.0524 recall@10: 0.0811 recall@20: 0.1237 ] [ndcg@5: 0.0391 ndcg@10: 0.0491 ndcg@20: 0.0610 ] 
2024-11-02 23:26:11,410 - Epoch  96 Validation set [recall@5: 0.0521 recall@10: 0.0809 recall@20: 0.1255 ] [ndcg@5: 0.0392 ndcg@10: 0.0492 ndcg@20: 0.0616 ] 
2024-11-02 23:26:18,548 - Epoch  99 Validation set [recall@5: 0.0528 recall@10: 0.0818 recall@20: 0.1250 ] [ndcg@5: 0.0398 ndcg@10: 0.0499 ndcg@20: 0.0619 ] 
2024-11-02 23:26:25,631 - Epoch 102 Validation set [recall@5: 0.0536 recall@10: 0.0830 recall@20: 0.1257 ] [ndcg@5: 0.0404 ndcg@10: 0.0506 ndcg@20: 0.0625 ] 
2024-11-02 23:26:32,489 - Epoch 105 Validation set [recall@5: 0.0548 recall@10: 0.0846 recall@20: 0.1265 ] [ndcg@5: 0.0410 ndcg@10: 0.0514 ndcg@20: 0.0631 ] 
2024-11-02 23:26:39,330 - Epoch 108 Validation set [recall@5: 0.0535 recall@10: 0.0850 recall@20: 0.1266 ] [ndcg@5: 0.0404 ndcg@10: 0.0514 ndcg@20: 0.0630 ] 
2024-11-02 23:26:46,098 - Epoch 111 Validation set [recall@5: 0.0540 recall@10: 0.0856 recall@20: 0.1267 ] [ndcg@5: 0.0408 ndcg@10: 0.0518 ndcg@20: 0.0633 ] 
2024-11-02 23:26:52,833 - Epoch 114 Validation set [recall@5: 0.0545 recall@10: 0.0865 recall@20: 0.1279 ] [ndcg@5: 0.0414 ndcg@10: 0.0524 ndcg@20: 0.0640 ] 
2024-11-02 23:26:59,661 - Epoch 117 Validation set [recall@5: 0.0556 recall@10: 0.0877 recall@20: 0.1286 ] [ndcg@5: 0.0419 ndcg@10: 0.0530 ndcg@20: 0.0644 ] 
2024-11-02 23:27:06,398 - Epoch 120 Validation set [recall@5: 0.0563 recall@10: 0.0871 recall@20: 0.1297 ] [ndcg@5: 0.0422 ndcg@10: 0.0529 ndcg@20: 0.0648 ] 
2024-11-02 23:27:13,216 - Epoch 123 Validation set [recall@5: 0.0566 recall@10: 0.0879 recall@20: 0.1305 ] [ndcg@5: 0.0426 ndcg@10: 0.0535 ndcg@20: 0.0653 ] 
2024-11-02 23:27:19,900 - Epoch 126 Validation set [recall@5: 0.0572 recall@10: 0.0871 recall@20: 0.1299 ] [ndcg@5: 0.0429 ndcg@10: 0.0533 ndcg@20: 0.0653 ] 
2024-11-02 23:27:26,731 - Epoch 129 Validation set [recall@5: 0.0573 recall@10: 0.0887 recall@20: 0.1308 ] [ndcg@5: 0.0428 ndcg@10: 0.0537 ndcg@20: 0.0654 ] 
2024-11-02 23:27:33,535 - Epoch 132 Validation set [recall@5: 0.0569 recall@10: 0.0880 recall@20: 0.1315 ] [ndcg@5: 0.0429 ndcg@10: 0.0538 ndcg@20: 0.0659 ] 
2024-11-02 23:27:40,241 - Epoch 135 Validation set [recall@5: 0.0569 recall@10: 0.0889 recall@20: 0.1320 ] [ndcg@5: 0.0428 ndcg@10: 0.0540 ndcg@20: 0.0661 ] 
2024-11-02 23:27:47,032 - Epoch 138 Validation set [recall@5: 0.0573 recall@10: 0.0889 recall@20: 0.1323 ] [ndcg@5: 0.0432 ndcg@10: 0.0543 ndcg@20: 0.0664 ] 
2024-11-02 23:27:53,717 - Epoch 141 Validation set [recall@5: 0.0588 recall@10: 0.0892 recall@20: 0.1333 ] [ndcg@5: 0.0440 ndcg@10: 0.0547 ndcg@20: 0.0670 ] 
2024-11-02 23:28:00,486 - Epoch 144 Validation set [recall@5: 0.0587 recall@10: 0.0898 recall@20: 0.1328 ] [ndcg@5: 0.0440 ndcg@10: 0.0549 ndcg@20: 0.0670 ] 
2024-11-02 23:28:07,316 - Epoch 147 Validation set [recall@5: 0.0602 recall@10: 0.0913 recall@20: 0.1348 ] [ndcg@5: 0.0447 ndcg@10: 0.0555 ndcg@20: 0.0676 ] 
2024-11-02 23:28:14,014 - Epoch 150 Validation set [recall@5: 0.0603 recall@10: 0.0904 recall@20: 0.1358 ] [ndcg@5: 0.0450 ndcg@10: 0.0554 ndcg@20: 0.0681 ] 
2024-11-02 23:28:20,825 - Epoch 153 Validation set [recall@5: 0.0594 recall@10: 0.0913 recall@20: 0.1355 ] [ndcg@5: 0.0448 ndcg@10: 0.0560 ndcg@20: 0.0683 ] 
2024-11-02 23:28:27,584 - Epoch 156 Validation set [recall@5: 0.0604 recall@10: 0.0912 recall@20: 0.1361 ] [ndcg@5: 0.0455 ndcg@10: 0.0563 ndcg@20: 0.0687 ] 
2024-11-02 23:28:34,289 - Epoch 159 Validation set [recall@5: 0.0607 recall@10: 0.0914 recall@20: 0.1363 ] [ndcg@5: 0.0455 ndcg@10: 0.0561 ndcg@20: 0.0686 ] 
2024-11-02 23:28:41,083 - Epoch 162 Validation set [recall@5: 0.0610 recall@10: 0.0926 recall@20: 0.1367 ] [ndcg@5: 0.0459 ndcg@10: 0.0569 ndcg@20: 0.0692 ] 
2024-11-02 23:28:47,723 - Epoch 165 Validation set [recall@5: 0.0610 recall@10: 0.0927 recall@20: 0.1386 ] [ndcg@5: 0.0461 ndcg@10: 0.0572 ndcg@20: 0.0699 ] 
2024-11-02 23:28:54,571 - Epoch 168 Validation set [recall@5: 0.0612 recall@10: 0.0941 recall@20: 0.1387 ] [ndcg@5: 0.0461 ndcg@10: 0.0577 ndcg@20: 0.0700 ] 
2024-11-02 23:29:01,282 - Epoch 171 Validation set [recall@5: 0.0618 recall@10: 0.0937 recall@20: 0.1382 ] [ndcg@5: 0.0465 ndcg@10: 0.0577 ndcg@20: 0.0701 ] 
2024-11-02 23:29:08,147 - Epoch 174 Validation set [recall@5: 0.0627 recall@10: 0.0942 recall@20: 0.1379 ] [ndcg@5: 0.0469 ndcg@10: 0.0580 ndcg@20: 0.0702 ] 
2024-11-02 23:29:14,887 - Epoch 177 Validation set [recall@5: 0.0617 recall@10: 0.0949 recall@20: 0.1388 ] [ndcg@5: 0.0469 ndcg@10: 0.0586 ndcg@20: 0.0708 ] 
2024-11-02 23:29:21,692 - Epoch 180 Validation set [recall@5: 0.0622 recall@10: 0.0946 recall@20: 0.1407 ] [ndcg@5: 0.0468 ndcg@10: 0.0582 ndcg@20: 0.0710 ] 
2024-11-02 23:29:28,500 - Epoch 183 Validation set [recall@5: 0.0627 recall@10: 0.0948 recall@20: 0.1399 ] [ndcg@5: 0.0470 ndcg@10: 0.0583 ndcg@20: 0.0708 ] 
2024-11-02 23:29:35,237 - Epoch 186 Validation set [recall@5: 0.0624 recall@10: 0.0958 recall@20: 0.1413 ] [ndcg@5: 0.0472 ndcg@10: 0.0589 ndcg@20: 0.0715 ] 
2024-11-02 23:29:42,073 - Epoch 189 Validation set [recall@5: 0.0624 recall@10: 0.0956 recall@20: 0.1416 ] [ndcg@5: 0.0471 ndcg@10: 0.0589 ndcg@20: 0.0716 ] 
2024-11-02 23:29:48,861 - Epoch 192 Validation set [recall@5: 0.0635 recall@10: 0.0955 recall@20: 0.1431 ] [ndcg@5: 0.0480 ndcg@10: 0.0594 ndcg@20: 0.0726 ] 
2024-11-02 23:29:55,574 - Epoch 195 Validation set [recall@5: 0.0643 recall@10: 0.0970 recall@20: 0.1434 ] [ndcg@5: 0.0484 ndcg@10: 0.0599 ndcg@20: 0.0727 ] 
2024-11-02 23:30:02,356 - Epoch 198 Validation set [recall@5: 0.0637 recall@10: 0.0968 recall@20: 0.1437 ] [ndcg@5: 0.0481 ndcg@10: 0.0598 ndcg@20: 0.0728 ] 
2024-11-02 23:30:09,206 - Epoch 201 Validation set [recall@5: 0.0646 recall@10: 0.0975 recall@20: 0.1444 ] [ndcg@5: 0.0485 ndcg@10: 0.0601 ndcg@20: 0.0731 ] 
2024-11-02 23:30:15,836 - Epoch 204 Validation set [recall@5: 0.0647 recall@10: 0.0973 recall@20: 0.1451 ] [ndcg@5: 0.0482 ndcg@10: 0.0598 ndcg@20: 0.0730 ] 
2024-11-02 23:30:22,600 - Epoch 207 Validation set [recall@5: 0.0650 recall@10: 0.0983 recall@20: 0.1455 ] [ndcg@5: 0.0484 ndcg@10: 0.0601 ndcg@20: 0.0732 ] 
2024-11-02 23:30:29,340 - Epoch 210 Validation set [recall@5: 0.0644 recall@10: 0.0979 recall@20: 0.1456 ] [ndcg@5: 0.0487 ndcg@10: 0.0605 ndcg@20: 0.0738 ] 
2024-11-02 23:30:36,150 - Epoch 213 Validation set [recall@5: 0.0644 recall@10: 0.0987 recall@20: 0.1473 ] [ndcg@5: 0.0487 ndcg@10: 0.0608 ndcg@20: 0.0742 ] 
2024-11-02 23:30:42,911 - Epoch 216 Validation set [recall@5: 0.0653 recall@10: 0.0994 recall@20: 0.1469 ] [ndcg@5: 0.0490 ndcg@10: 0.0611 ndcg@20: 0.0742 ] 
2024-11-02 23:30:49,725 - Epoch 219 Validation set [recall@5: 0.0656 recall@10: 0.0993 recall@20: 0.1461 ] [ndcg@5: 0.0496 ndcg@10: 0.0615 ndcg@20: 0.0745 ] 
2024-11-02 23:30:56,592 - Epoch 222 Validation set [recall@5: 0.0667 recall@10: 0.1002 recall@20: 0.1475 ] [ndcg@5: 0.0499 ndcg@10: 0.0617 ndcg@20: 0.0748 ] 
2024-11-02 23:31:03,283 - Epoch 225 Validation set [recall@5: 0.0671 recall@10: 0.1006 recall@20: 0.1477 ] [ndcg@5: 0.0500 ndcg@10: 0.0618 ndcg@20: 0.0749 ] 
2024-11-02 23:31:10,098 - Epoch 228 Validation set [recall@5: 0.0669 recall@10: 0.1009 recall@20: 0.1473 ] [ndcg@5: 0.0503 ndcg@10: 0.0623 ndcg@20: 0.0752 ] 
2024-11-02 23:31:17,059 - Epoch 231 Validation set [recall@5: 0.0663 recall@10: 0.1026 recall@20: 0.1486 ] [ndcg@5: 0.0496 ndcg@10: 0.0623 ndcg@20: 0.0750 ] 
2024-11-02 23:31:24,200 - Epoch 234 Validation set [recall@5: 0.0653 recall@10: 0.1025 recall@20: 0.1491 ] [ndcg@5: 0.0494 ndcg@10: 0.0624 ndcg@20: 0.0753 ] 
2024-11-02 23:31:31,002 - Epoch 237 Validation set [recall@5: 0.0656 recall@10: 0.1020 recall@20: 0.1482 ] [ndcg@5: 0.0494 ndcg@10: 0.0622 ndcg@20: 0.0750 ] 
2024-11-02 23:31:37,794 - Epoch 240 Validation set [recall@5: 0.0659 recall@10: 0.1031 recall@20: 0.1496 ] [ndcg@5: 0.0496 ndcg@10: 0.0626 ndcg@20: 0.0755 ] 
2024-11-02 23:31:44,658 - Epoch 243 Validation set [recall@5: 0.0655 recall@10: 0.1016 recall@20: 0.1493 ] [ndcg@5: 0.0495 ndcg@10: 0.0622 ndcg@20: 0.0754 ] 
2024-11-02 23:31:51,417 - Epoch 246 Validation set [recall@5: 0.0658 recall@10: 0.1027 recall@20: 0.1484 ] [ndcg@5: 0.0497 ndcg@10: 0.0627 ndcg@20: 0.0754 ] 
2024-11-02 23:31:58,394 - Epoch 249 Validation set [recall@5: 0.0665 recall@10: 0.1027 recall@20: 0.1492 ] [ndcg@5: 0.0500 ndcg@10: 0.0627 ndcg@20: 0.0756 ] 
2024-11-02 23:32:05,367 - Epoch 252 Validation set [recall@5: 0.0669 recall@10: 0.1029 recall@20: 0.1487 ] [ndcg@5: 0.0505 ndcg@10: 0.0631 ndcg@20: 0.0759 ] 
2024-11-02 23:32:12,760 - Epoch 255 Validation set [recall@5: 0.0666 recall@10: 0.1033 recall@20: 0.1480 ] [ndcg@5: 0.0502 ndcg@10: 0.0631 ndcg@20: 0.0756 ] 
2024-11-02 23:32:13,875 - [recall@5: 0.0659 recall@10: 0.1031 recall@20: 0.1496 ] [ndcg@5: 0.0496 ndcg@10: 0.0626 ndcg@20: 0.0755 ] 
2024-11-02 23:32:15,173 - [recall@5: 0.0662 recall@10: 0.1035 recall@20: 0.1504 ] [ndcg@5: 0.0503 ndcg@10: 0.0633 ndcg@20: 0.0764 ] 
2024-11-02 23:32:15,174 - Best Epoch 240. Final test result: {'recall': array([0.06619599, 0.10345789, 0.15044857]), 'ndcg': array([0.05030538, 0.06328174, 0.0764426 ])}.
